#
# There is insufficient memory for the Java Runtime Environment to continue.
# Native memory allocation (mmap) failed to map 27262976 bytes for Failed to commit area from 0x0000000088000000 to 0x0000000089a00000 of length 27262976.
# Possible reasons:
#   The system is out of physical RAM or swap space
#   The process is running with CompressedOops enabled, and the Java Heap may be blocking the growth of the native heap
# Possible solutions:
#   Reduce memory load on the system
#   Increase physical memory or swap space
#   Check if swap backing store is full
#   Decrease Java heap size (-Xmx/-Xms)
#   Decrease number of Java threads
#   Decrease Java thread stack sizes (-Xss)
#   Set larger code cache with -XX:ReservedCodeCacheSize=
#   JVM is running with Unscaled Compressed Oops mode in which the Java heap is
#     placed in the first 4GB address space. The Java Heap base address is the
#     maximum limit for the native heap growth. Please use -XX:HeapBaseMinAddress
#     to set the Java Heap base and to place the Java Heap above 4GB virtual address.
# This output file may be truncated or incomplete.
#
#  Out of Memory Error (./src/hotspot/os/windows/os_windows.cpp:3301), pid=6516, tid=7024
#
# JRE version: OpenJDK Runtime Environment (11.0.11+9) (build 11.0.11+9-b60-7590822)
# Java VM: OpenJDK 64-Bit Server VM (11.0.11+9-b60-7590822, mixed mode, tiered, compressed oops, g1 gc, windows-amd64)
# No core dump will be written. Minidumps are not enabled by default on client versions of Windows
#

---------------  S U M M A R Y ------------

Command Line: --add-opens=java.base/java.util=ALL-UNNAMED --add-opens=java.base/java.lang=ALL-UNNAMED --add-opens=java.base/java.lang.invoke=ALL-UNNAMED --add-opens=java.base/java.util=ALL-UNNAMED --add-opens=java.prefs/java.util.prefs=ALL-UNNAMED --add-opens=java.prefs/java.util.prefs=ALL-UNNAMED --add-opens=java.base/java.nio.charset=ALL-UNNAMED --add-opens=java.base/java.net=ALL-UNNAMED --add-opens=java.base/java.util.concurrent.atomic=ALL-UNNAMED -Xmx2048m -Dfile.encoding=UTF-8 -Duser.country=RU -Duser.language=ru -Duser.variant org.gradle.launcher.daemon.bootstrap.GradleDaemon 7.2

Host: Intel(R) Core(TM) i3-4330 CPU @ 3.50GHz, 4 cores, 7G,  Windows 10 , 64 bit Build 17763 (10.0.17763.1339)
Time: Thu Feb 10 20:23:19 2022 Aaiaeaaao (ceia) elapsed time: 3.404422 seconds (0d 0h 0m 3s)

---------------  T H R E A D  ---------------

Current thread (0x0000027bcb7b1800):  VMThread "VM Thread" [stack: 0x000000e37ca00000,0x000000e37cb00000] [id=7024]

Stack: [0x000000e37ca00000,0x000000e37cb00000]
[error occurred during error reporting (printing stack bounds), id 0xc0000005, EXCEPTION_ACCESS_VIOLATION (0xc0000005) at pc=0x0000027bb56c0f2d]

Native frames: (J=compiled Java code, j=interpreted, Vv=VM code, C=native code)
V  [jvm.dll+0x5f214a]
V  [jvm.dll+0x726fb5]
V  [jvm.dll+0x7285cd]
V  [jvm.dll+0x728be5]
V  [jvm.dll+0x728b9b]
V  [jvm.dll+0x5f14e8]
V  [jvm.dll+0x5f1c78]
C  [ntdll.dll+0xa479f]
C  [ntdll.dll+0x4bef]
C  [ntdll.dll+0xa350e]
C  0x0000027bb56c0f2d

VM_Operation (0x000000e37def91f0): G1CollectForAllocation, mode: safepoint, requested by thread 0x0000027bce57b000


---------------  P R O C E S S  ---------------

Threads class SMR info:
_java_thread_list=0x0000027bce761750, length=25, elements={
0x0000027bb1bcf800, 0x0000027bcb7d7800, 0x0000027bcb7d9000, 0x0000027bcb7c3800,
0x0000027bcc0f4800, 0x0000027bcc0f5800, 0x0000027bcc0fd800, 0x0000027bcc145800,
0x0000027bcc14f800, 0x0000027bcc29d800, 0x0000027bcc4b4800, 0x0000027bce576000,
0x0000027bce579000, 0x0000027bce576800, 0x0000027bce577800, 0x0000027bce578800,
0x0000027bce57a000, 0x0000027bce57b000, 0x0000027bce575000, 0x0000027bce57b800,
0x0000027bce250800, 0x0000027bce257000, 0x0000027bce254000, 0x0000027bce251800,
0x0000027bce255000
}

Java Threads: ( => current thread )
  0x0000027bb1bcf800 JavaThread "main" [_thread_blocked, id=5968, stack(0x000000e37c400000,0x000000e37c500000)]
  0x0000027bcb7d7800 JavaThread "Reference Handler" daemon [_thread_blocked, id=7516, stack(0x000000e37cb00000,0x000000e37cc00000)]
  0x0000027bcb7d9000 JavaThread "Finalizer" daemon [_thread_blocked, id=7900, stack(0x000000e37cc00000,0x000000e37cd00000)]
  0x0000027bcb7c3800 JavaThread "Signal Dispatcher" daemon [_thread_blocked, id=7320, stack(0x000000e37cd00000,0x000000e37ce00000)]
  0x0000027bcc0f4800 JavaThread "Attach Listener" daemon [_thread_blocked, id=1372, stack(0x000000e37ce00000,0x000000e37cf00000)]
  0x0000027bcc0f5800 JavaThread "Service Thread" daemon [_thread_blocked, id=7688, stack(0x000000e37cf00000,0x000000e37d000000)]
  0x0000027bcc0fd800 JavaThread "C2 CompilerThread0" daemon [_thread_blocked, id=2484, stack(0x000000e37d000000,0x000000e37d100000)]
  0x0000027bcc145800 JavaThread "C1 CompilerThread0" daemon [_thread_blocked, id=6472, stack(0x000000e37d100000,0x000000e37d200000)]
  0x0000027bcc14f800 JavaThread "Sweeper thread" daemon [_thread_blocked, id=5156, stack(0x000000e37d200000,0x000000e37d300000)]
  0x0000027bcc29d800 JavaThread "Common-Cleaner" daemon [_thread_blocked, id=2576, stack(0x000000e37d300000,0x000000e37d400000)]
  0x0000027bcc4b4800 JavaThread "C2 CompilerThread1" daemon [_thread_blocked, id=2136, stack(0x000000e37d500000,0x000000e37d600000)]
  0x0000027bce576000 JavaThread "Daemon health stats" [_thread_blocked, id=7960, stack(0x000000e37d800000,0x000000e37d900000)]
  0x0000027bce579000 JavaThread "Incoming local TCP Connector on port 55161" [_thread_in_native, id=2660, stack(0x000000e37d900000,0x000000e37da00000)]
  0x0000027bce576800 JavaThread "Daemon periodic checks" [_thread_blocked, id=5368, stack(0x000000e37da00000,0x000000e37db00000)]
  0x0000027bce577800 JavaThread "Daemon" [_thread_blocked, id=7872, stack(0x000000e37db00000,0x000000e37dc00000)]
  0x0000027bce578800 JavaThread "Handler for socket connection from /127.0.0.1:55161 to /127.0.0.1:55162" [_thread_in_native, id=5280, stack(0x000000e37dc00000,0x000000e37dd00000)]
  0x0000027bce57a000 JavaThread "Cancel handler" [_thread_blocked, id=556, stack(0x000000e37dd00000,0x000000e37de00000)]
  0x0000027bce57b000 JavaThread "Daemon worker" [_thread_blocked, id=6196, stack(0x000000e37de00000,0x000000e37df00000)]
  0x0000027bce575000 JavaThread "Asynchronous log dispatcher for DefaultDaemonConnection: socket connection from /127.0.0.1:55161 to /127.0.0.1:55162" [_thread_blocked, id=5608, stack(0x000000e37df00000,0x000000e37e000000)]
  0x0000027bce57b800 JavaThread "Stdin handler" [_thread_blocked, id=3068, stack(0x000000e37e000000,0x000000e37e100000)]
  0x0000027bce250800 JavaThread "Daemon client event forwarder" [_thread_blocked, id=8100, stack(0x000000e37e100000,0x000000e37e200000)]
  0x0000027bce257000 JavaThread "Cache worker for journal cache (C:\Users\world-PC\.gradle\caches\journal-1)" [_thread_blocked, id=1760, stack(0x000000e37e300000,0x000000e37e400000)]
  0x0000027bce254000 JavaThread "File lock request listener" [_thread_in_native, id=5240, stack(0x000000e37e400000,0x000000e37e500000)]
  0x0000027bce251800 JavaThread "Cache worker for file hash cache (C:\Users\world-PC\.gradle\caches\7.2\fileHashes)" [_thread_blocked, id=2016, stack(0x000000e37e500000,0x000000e37e600000)]
  0x0000027bce255000 JavaThread "Cache worker for file hash cache (C:\Users\world-PC\AndroidStudioProjects\ProjectMVP\.gradle\7.2\fileHashes)" [_thread_blocked, id=7808, stack(0x000000e37e600000,0x000000e37e700000)]

Other Threads:
=>0x0000027bcb7b1800 VMThread "VM Thread" [stack: 0x000000e37ca00000,0x000000e37cb00000] [id=7024]
  0x0000027bcc2aa800 WatcherThread [stack: 0x000000e37d400000,0x000000e37d500000] [id=5064]
  0x0000027bb1be8800 GCTaskThread "GC Thread#0" [stack: 0x000000e37c500000,0x000000e37c600000] [id=5476]
  0x0000027bcc715800 GCTaskThread "GC Thread#1" [stack: 0x000000e37d600000,0x000000e37d700000] [id=3688]
  0x0000027bcc39a000 GCTaskThread "GC Thread#2" [stack: 0x000000e37d700000,0x000000e37d800000] [id=7192]
  0x0000027bce85a000 GCTaskThread "GC Thread#3" [stack: 0x000000e37e200000,0x000000e37e300000] [id=5488]
  0x0000027bb1c1b800 ConcurrentGCThread "G1 Main Marker" [stack: 0x000000e37c600000,0x000000e37c700000] [id=1528]
  0x0000027bb1c1e800 ConcurrentGCThread "G1 Conc#0" [stack: 0x000000e37c700000,0x000000e37c800000] [id=1112]
  0x0000027bb1c9e800 ConcurrentGCThread "G1 Refine#0" [stack: 0x000000e37c800000,0x000000e37c900000] [id=6348]
  0x0000027bcb600800 ConcurrentGCThread "G1 Young RemSet Sampling" [stack: 0x000000e37c900000,0x000000e37ca00000] [id=6792]

Threads with active compile tasks:
C2 CompilerThread0   3408 2156       4       java.net.URLClassLoader$1::run (5 bytes)
C2 CompilerThread1   3408 2157   !   4       java.net.URLClassLoader$1::run (63 bytes)

VM state:at safepoint (normal execution)

VM Mutex/Monitor currently owned by a thread:  ([mutex/lock_event])
[0x0000027bb1bcbc00] Threads_lock - owner thread: 0x0000027bcb7b1800
[0x0000027bb1bcb270] Heap_lock - owner thread: 0x0000027bce57b000

Heap address: 0x0000000080000000, size: 2048 MB, Compressed Oops mode: 32-bit
Narrow klass base: 0x0000000000000000, Narrow klass shift: 3
Compressed class space size: 1073741824 Address: 0x0000000100000000

Heap:
 garbage-first heap   total 157696K, used 19228K [0x0000000080000000, 0x0000000100000000)
  region size 1024K, 3 young (3072K), 3 survivors (3072K)
 Metaspace       used 25632K, capacity 26279K, committed 26620K, reserved 1073152K
  class space    used 3323K, capacity 3548K, committed 3660K, reserved 1048576K
Heap Regions: E=young(eden), S=young(survivor), O=old, HS=humongous(starts), HC=humongous(continues), CS=collection set, F=free, A=archive, TAMS=top-at-mark-start (previous, next)
|   0|0x0000000080000000, 0x0000000080100000, 0x0000000080100000|100%| O|  |TAMS 0x0000000080100000, 0x0000000080000000| Untracked 
|   1|0x0000000080100000, 0x0000000080200000, 0x0000000080200000|100%| O|  |TAMS 0x0000000080200000, 0x0000000080100000| Untracked 
|   2|0x0000000080200000, 0x0000000080300000, 0x0000000080300000|100%| O|  |TAMS 0x0000000080300000, 0x0000000080200000| Untracked 
|   3|0x0000000080300000, 0x0000000080400000, 0x0000000080400000|100%|HS|  |TAMS 0x0000000080400000, 0x0000000080300000| Complete 
|   4|0x0000000080400000, 0x0000000080500000, 0x0000000080500000|100%|HC|  |TAMS 0x0000000080500000, 0x0000000080400000| Complete 
|   5|0x0000000080500000, 0x0000000080600000, 0x0000000080600000|100%|HC|  |TAMS 0x0000000080600000, 0x0000000080500000| Complete 
|   6|0x0000000080600000, 0x0000000080700000, 0x0000000080700000|100%| O|  |TAMS 0x0000000080700000, 0x0000000080600000| Untracked 
|   7|0x0000000080700000, 0x0000000080800000, 0x0000000080800000|100%| O|  |TAMS 0x0000000080800000, 0x0000000080700000| Untracked 
|   8|0x0000000080800000, 0x0000000080900000, 0x0000000080900000|100%| O|  |TAMS 0x0000000080900000, 0x0000000080800000| Untracked 
|   9|0x0000000080900000, 0x0000000080a00000, 0x0000000080a00000|100%| O|  |TAMS 0x0000000080a00000, 0x0000000080900000| Untracked 
|  10|0x0000000080a00000, 0x0000000080b00000, 0x0000000080b00000|100%| O|  |TAMS 0x0000000080b00000, 0x0000000080a00000| Untracked 
|  11|0x0000000080b00000, 0x0000000080c00000, 0x0000000080c00000|100%| O|  |TAMS 0x0000000080c00000, 0x0000000080b00000| Untracked 
|  12|0x0000000080c00000, 0x0000000080d00000, 0x0000000080d00000|100%| O|  |TAMS 0x0000000080d00000, 0x0000000080c00000| Untracked 
|  13|0x0000000080d00000, 0x0000000080e00000, 0x0000000080e00000|100%| O|  |TAMS 0x0000000080e00000, 0x0000000080d00000| Untracked 
|  14|0x0000000080e00000, 0x0000000080f00000, 0x0000000080f00000|100%| O|  |TAMS 0x0000000080f00000, 0x0000000080e00000| Untracked 
|  15|0x0000000080f00000, 0x0000000081000000, 0x0000000081000000|100%| O|  |TAMS 0x0000000081000000, 0x0000000080f00000| Untracked 
|  16|0x0000000081000000, 0x0000000081032a00, 0x0000000081100000| 19%| O|  |TAMS 0x0000000081032a00, 0x0000000081000000| Untracked 
|  17|0x0000000081100000, 0x0000000081100000, 0x0000000081200000|  0%| F|  |TAMS 0x0000000081100000, 0x0000000081100000| Untracked 
|  18|0x0000000081200000, 0x0000000081200000, 0x0000000081300000|  0%| F|  |TAMS 0x0000000081200000, 0x0000000081200000| Untracked 
|  19|0x0000000081300000, 0x0000000081300000, 0x0000000081400000|  0%| F|  |TAMS 0x0000000081300000, 0x0000000081300000| Untracked 
|  20|0x0000000081400000, 0x0000000081400000, 0x0000000081500000|  0%| F|  |TAMS 0x0000000081400000, 0x0000000081400000| Untracked 
|  21|0x0000000081500000, 0x0000000081500000, 0x0000000081600000|  0%| F|  |TAMS 0x0000000081500000, 0x0000000081500000| Untracked 
|  22|0x0000000081600000, 0x0000000081600000, 0x0000000081700000|  0%| F|  |TAMS 0x0000000081600000, 0x0000000081600000| Untracked 
|  23|0x0000000081700000, 0x0000000081700000, 0x0000000081800000|  0%| F|  |TAMS 0x0000000081700000, 0x0000000081700000| Untracked 
|  24|0x0000000081800000, 0x0000000081800000, 0x0000000081900000|  0%| F|  |TAMS 0x0000000081800000, 0x0000000081800000| Untracked 
|  25|0x0000000081900000, 0x0000000081900000, 0x0000000081a00000|  0%| F|  |TAMS 0x0000000081900000, 0x0000000081900000| Untracked 
|  26|0x0000000081a00000, 0x0000000081a00000, 0x0000000081b00000|  0%| F|  |TAMS 0x0000000081a00000, 0x0000000081a00000| Untracked 
|  27|0x0000000081b00000, 0x0000000081b00000, 0x0000000081c00000|  0%| F|  |TAMS 0x0000000081b00000, 0x0000000081b00000| Untracked 
|  28|0x0000000081c00000, 0x0000000081c00000, 0x0000000081d00000|  0%| F|  |TAMS 0x0000000081c00000, 0x0000000081c00000| Untracked 
|  29|0x0000000081d00000, 0x0000000081d00000, 0x0000000081e00000|  0%| F|  |TAMS 0x0000000081d00000, 0x0000000081d00000| Untracked 
|  30|0x0000000081e00000, 0x0000000081e00000, 0x0000000081f00000|  0%| F|  |TAMS 0x0000000081e00000, 0x0000000081e00000| Untracked 
|  31|0x0000000081f00000, 0x0000000081f00000, 0x0000000082000000|  0%| F|  |TAMS 0x0000000081f00000, 0x0000000081f00000| Untracked 
|  32|0x0000000082000000, 0x0000000082000000, 0x0000000082100000|  0%| F|  |TAMS 0x0000000082000000, 0x0000000082000000| Untracked 
|  33|0x0000000082100000, 0x0000000082100000, 0x0000000082200000|  0%| F|  |TAMS 0x0000000082100000, 0x0000000082100000| Untracked 
|  34|0x0000000082200000, 0x0000000082200000, 0x0000000082300000|  0%| F|  |TAMS 0x0000000082200000, 0x0000000082200000| Untracked 
|  35|0x0000000082300000, 0x0000000082300000, 0x0000000082400000|  0%| F|  |TAMS 0x0000000082300000, 0x0000000082300000| Untracked 
|  36|0x0000000082400000, 0x0000000082400000, 0x0000000082500000|  0%| F|  |TAMS 0x0000000082400000, 0x0000000082400000| Untracked 
|  37|0x0000000082500000, 0x0000000082500000, 0x0000000082600000|  0%| F|  |TAMS 0x0000000082500000, 0x0000000082500000| Untracked 
|  38|0x0000000082600000, 0x0000000082600000, 0x0000000082700000|  0%| F|  |TAMS 0x0000000082600000, 0x0000000082600000| Untracked 
|  39|0x0000000082700000, 0x0000000082700000, 0x0000000082800000|  0%| F|  |TAMS 0x0000000082700000, 0x0000000082700000| Untracked 
|  40|0x0000000082800000, 0x0000000082800000, 0x0000000082900000|  0%| F|  |TAMS 0x0000000082800000, 0x0000000082800000| Untracked 
|  41|0x0000000082900000, 0x0000000082900000, 0x0000000082a00000|  0%| F|  |TAMS 0x0000000082900000, 0x0000000082900000| Untracked 
|  42|0x0000000082a00000, 0x0000000082a00000, 0x0000000082b00000|  0%| F|  |TAMS 0x0000000082a00000, 0x0000000082a00000| Untracked 
|  43|0x0000000082b00000, 0x0000000082b00000, 0x0000000082c00000|  0%| F|  |TAMS 0x0000000082b00000, 0x0000000082b00000| Untracked 
|  44|0x0000000082c00000, 0x0000000082c00000, 0x0000000082d00000|  0%| F|  |TAMS 0x0000000082c00000, 0x0000000082c00000| Untracked 
|  45|0x0000000082d00000, 0x0000000082d00000, 0x0000000082e00000|  0%| F|  |TAMS 0x0000000082d00000, 0x0000000082d00000| Untracked 
|  46|0x0000000082e00000, 0x0000000082e00000, 0x0000000082f00000|  0%| F|  |TAMS 0x0000000082e00000, 0x0000000082e00000| Untracked 
|  47|0x0000000082f00000, 0x0000000082f00000, 0x0000000083000000|  0%| F|  |TAMS 0x0000000082f00000, 0x0000000082f00000| Untracked 
|  48|0x0000000083000000, 0x0000000083000000, 0x0000000083100000|  0%| F|  |TAMS 0x0000000083000000, 0x0000000083000000| Untracked 
|  49|0x0000000083100000, 0x0000000083100000, 0x0000000083200000|  0%| F|  |TAMS 0x0000000083100000, 0x0000000083100000| Untracked 
|  50|0x0000000083200000, 0x0000000083200000, 0x0000000083300000|  0%| F|  |TAMS 0x0000000083200000, 0x0000000083200000| Untracked 
|  51|0x0000000083300000, 0x0000000083300000, 0x0000000083400000|  0%| F|  |TAMS 0x0000000083300000, 0x0000000083300000| Untracked 
|  52|0x0000000083400000, 0x0000000083400000, 0x0000000083500000|  0%| F|  |TAMS 0x0000000083400000, 0x0000000083400000| Untracked 
|  53|0x0000000083500000, 0x0000000083500000, 0x0000000083600000|  0%| F|  |TAMS 0x0000000083500000, 0x0000000083500000| Untracked 
|  54|0x0000000083600000, 0x0000000083600000, 0x0000000083700000|  0%| F|  |TAMS 0x0000000083600000, 0x0000000083600000| Untracked 
|  55|0x0000000083700000, 0x0000000083700000, 0x0000000083800000|  0%| F|  |TAMS 0x0000000083700000, 0x0000000083700000| Untracked 
|  56|0x0000000083800000, 0x0000000083800000, 0x0000000083900000|  0%| F|  |TAMS 0x0000000083800000, 0x0000000083800000| Untracked 
|  57|0x0000000083900000, 0x0000000083900000, 0x0000000083a00000|  0%| F|  |TAMS 0x0000000083900000, 0x0000000083900000| Untracked 
|  58|0x0000000083a00000, 0x0000000083a00000, 0x0000000083b00000|  0%| F|  |TAMS 0x0000000083a00000, 0x0000000083a00000| Untracked 
|  59|0x0000000083b00000, 0x0000000083b00000, 0x0000000083c00000|  0%| F|  |TAMS 0x0000000083b00000, 0x0000000083b00000| Untracked 
|  60|0x0000000083c00000, 0x0000000083c00000, 0x0000000083d00000|  0%| F|  |TAMS 0x0000000083c00000, 0x0000000083c00000| Untracked 
|  61|0x0000000083d00000, 0x0000000083d00000, 0x0000000083e00000|  0%| F|  |TAMS 0x0000000083d00000, 0x0000000083d00000| Untracked 
|  62|0x0000000083e00000, 0x0000000083e00000, 0x0000000083f00000|  0%| F|  |TAMS 0x0000000083e00000, 0x0000000083e00000| Untracked 
|  63|0x0000000083f00000, 0x0000000083f00000, 0x0000000084000000|  0%| F|  |TAMS 0x0000000083f00000, 0x0000000083f00000| Untracked 
|  64|0x0000000084000000, 0x0000000084000000, 0x0000000084100000|  0%| F|  |TAMS 0x0000000084000000, 0x0000000084000000| Untracked 
|  65|0x0000000084100000, 0x0000000084100000, 0x0000000084200000|  0%| F|  |TAMS 0x0000000084100000, 0x0000000084100000| Untracked 
|  66|0x0000000084200000, 0x0000000084200000, 0x0000000084300000|  0%| F|  |TAMS 0x0000000084200000, 0x0000000084200000| Untracked 
|  67|0x0000000084300000, 0x0000000084300000, 0x0000000084400000|  0%| F|  |TAMS 0x0000000084300000, 0x0000000084300000| Untracked 
|  68|0x0000000084400000, 0x0000000084400000, 0x0000000084500000|  0%| F|  |TAMS 0x0000000084400000, 0x0000000084400000| Untracked 
|  69|0x0000000084500000, 0x0000000084500000, 0x0000000084600000|  0%| F|  |TAMS 0x0000000084500000, 0x0000000084500000| Untracked 
|  70|0x0000000084600000, 0x0000000084600000, 0x0000000084700000|  0%| F|  |TAMS 0x0000000084600000, 0x0000000084600000| Untracked 
|  71|0x0000000084700000, 0x0000000084700000, 0x0000000084800000|  0%| F|  |TAMS 0x0000000084700000, 0x0000000084700000| Untracked 
|  72|0x0000000084800000, 0x0000000084800000, 0x0000000084900000|  0%| F|  |TAMS 0x0000000084800000, 0x0000000084800000| Untracked 
|  73|0x0000000084900000, 0x0000000084900000, 0x0000000084a00000|  0%| F|  |TAMS 0x0000000084900000, 0x0000000084900000| Untracked 
|  74|0x0000000084a00000, 0x0000000084a00000, 0x0000000084b00000|  0%| F|  |TAMS 0x0000000084a00000, 0x0000000084a00000| Untracked 
|  75|0x0000000084b00000, 0x0000000084b00000, 0x0000000084c00000|  0%| F|  |TAMS 0x0000000084b00000, 0x0000000084b00000| Untracked 
|  76|0x0000000084c00000, 0x0000000084c00000, 0x0000000084d00000|  0%| F|  |TAMS 0x0000000084c00000, 0x0000000084c00000| Untracked 
|  77|0x0000000084d00000, 0x0000000084d94960, 0x0000000084e00000| 58%| S|CS|TAMS 0x0000000084d00000, 0x0000000084d00000| Complete 
|  78|0x0000000084e00000, 0x0000000084f00000, 0x0000000084f00000|100%| S|CS|TAMS 0x0000000084e00000, 0x0000000084e00000| Complete 
|  79|0x0000000084f00000, 0x0000000085000000, 0x0000000085000000|100%| S|CS|TAMS 0x0000000084f00000, 0x0000000084f00000| Complete 
|  80|0x0000000085000000, 0x0000000085000000, 0x0000000085100000|  0%| F|  |TAMS 0x0000000085000000, 0x0000000085000000| Untracked 
|  81|0x0000000085100000, 0x0000000085100000, 0x0000000085200000|  0%| F|  |TAMS 0x0000000085100000, 0x0000000085100000| Untracked 
|  82|0x0000000085200000, 0x0000000085200000, 0x0000000085300000|  0%| F|  |TAMS 0x0000000085200000, 0x0000000085200000| Untracked 
|  83|0x0000000085300000, 0x0000000085300000, 0x0000000085400000|  0%| F|  |TAMS 0x0000000085300000, 0x0000000085300000| Untracked 
|  84|0x0000000085400000, 0x0000000085400000, 0x0000000085500000|  0%| F|  |TAMS 0x0000000085400000, 0x0000000085400000| Untracked 
|  85|0x0000000085500000, 0x0000000085500000, 0x0000000085600000|  0%| F|  |TAMS 0x0000000085500000, 0x0000000085500000| Untracked 
|  86|0x0000000085600000, 0x0000000085600000, 0x0000000085700000|  0%| F|  |TAMS 0x0000000085600000, 0x0000000085600000| Untracked 
|  87|0x0000000085700000, 0x0000000085700000, 0x0000000085800000|  0%| F|  |TAMS 0x0000000085700000, 0x0000000085700000| Untracked 
|  88|0x0000000085800000, 0x0000000085800000, 0x0000000085900000|  0%| F|  |TAMS 0x0000000085800000, 0x0000000085800000| Untracked 
|  89|0x0000000085900000, 0x0000000085900000, 0x0000000085a00000|  0%| F|  |TAMS 0x0000000085900000, 0x0000000085900000| Untracked 
|  90|0x0000000085a00000, 0x0000000085a00000, 0x0000000085b00000|  0%| F|  |TAMS 0x0000000085a00000, 0x0000000085a00000| Untracked 
|  91|0x0000000085b00000, 0x0000000085b00000, 0x0000000085c00000|  0%| F|  |TAMS 0x0000000085b00000, 0x0000000085b00000| Untracked 
|  92|0x0000000085c00000, 0x0000000085c00000, 0x0000000085d00000|  0%| F|  |TAMS 0x0000000085c00000, 0x0000000085c00000| Untracked 
|  93|0x0000000085d00000, 0x0000000085d00000, 0x0000000085e00000|  0%| F|  |TAMS 0x0000000085d00000, 0x0000000085d00000| Untracked 
|  94|0x0000000085e00000, 0x0000000085e00000, 0x0000000085f00000|  0%| F|  |TAMS 0x0000000085e00000, 0x0000000085e00000| Untracked 
|  95|0x0000000085f00000, 0x0000000085f00000, 0x0000000086000000|  0%| F|  |TAMS 0x0000000085f00000, 0x0000000085f00000| Untracked 
|  96|0x0000000086000000, 0x0000000086000000, 0x0000000086100000|  0%| F|  |TAMS 0x0000000086000000, 0x0000000086000000| Untracked 
|  97|0x0000000086100000, 0x0000000086100000, 0x0000000086200000|  0%| F|  |TAMS 0x0000000086100000, 0x0000000086100000| Untracked 
|  98|0x0000000086200000, 0x0000000086200000, 0x0000000086300000|  0%| F|  |TAMS 0x0000000086200000, 0x0000000086200000| Untracked 
|  99|0x0000000086300000, 0x0000000086300000, 0x0000000086400000|  0%| F|  |TAMS 0x0000000086300000, 0x0000000086300000| Untracked 
| 100|0x0000000086400000, 0x0000000086400000, 0x0000000086500000|  0%| F|  |TAMS 0x0000000086400000, 0x0000000086400000| Untracked 
| 101|0x0000000086500000, 0x0000000086500000, 0x0000000086600000|  0%| F|  |TAMS 0x0000000086500000, 0x0000000086500000| Untracked 
| 102|0x0000000086600000, 0x0000000086600000, 0x0000000086700000|  0%| F|  |TAMS 0x0000000086600000, 0x0000000086600000| Untracked 
| 103|0x0000000086700000, 0x0000000086700000, 0x0000000086800000|  0%| F|  |TAMS 0x0000000086700000, 0x0000000086700000| Untracked 
| 104|0x0000000086800000, 0x0000000086800000, 0x0000000086900000|  0%| F|  |TAMS 0x0000000086800000, 0x0000000086800000| Untracked 
| 105|0x0000000086900000, 0x0000000086900000, 0x0000000086a00000|  0%| F|  |TAMS 0x0000000086900000, 0x0000000086900000| Untracked 
| 106|0x0000000086a00000, 0x0000000086a00000, 0x0000000086b00000|  0%| F|  |TAMS 0x0000000086a00000, 0x0000000086a00000| Untracked 
| 107|0x0000000086b00000, 0x0000000086b00000, 0x0000000086c00000|  0%| F|  |TAMS 0x0000000086b00000, 0x0000000086b00000| Untracked 
| 108|0x0000000086c00000, 0x0000000086c00000, 0x0000000086d00000|  0%| F|  |TAMS 0x0000000086c00000, 0x0000000086c00000| Untracked 
| 109|0x0000000086d00000, 0x0000000086d00000, 0x0000000086e00000|  0%| F|  |TAMS 0x0000000086d00000, 0x0000000086d00000| Untracked 
| 110|0x0000000086e00000, 0x0000000086e00000, 0x0000000086f00000|  0%| F|  |TAMS 0x0000000086e00000, 0x0000000086e00000| Untracked 
| 111|0x0000000086f00000, 0x0000000086f00000, 0x0000000087000000|  0%| F|  |TAMS 0x0000000086f00000, 0x0000000086f00000| Untracked 
| 112|0x0000000087000000, 0x0000000087000000, 0x0000000087100000|  0%| F|  |TAMS 0x0000000087000000, 0x0000000087000000| Untracked 
| 113|0x0000000087100000, 0x0000000087100000, 0x0000000087200000|  0%| F|  |TAMS 0x0000000087100000, 0x0000000087100000| Untracked 
| 114|0x0000000087200000, 0x0000000087200000, 0x0000000087300000|  0%| F|  |TAMS 0x0000000087200000, 0x0000000087200000| Untracked 
| 115|0x0000000087300000, 0x0000000087300000, 0x0000000087400000|  0%| F|  |TAMS 0x0000000087300000, 0x0000000087300000| Untracked 
| 116|0x0000000087400000, 0x0000000087400000, 0x0000000087500000|  0%| F|  |TAMS 0x0000000087400000, 0x0000000087400000| Untracked 
| 117|0x0000000087500000, 0x0000000087500000, 0x0000000087600000|  0%| F|  |TAMS 0x0000000087500000, 0x0000000087500000| Untracked 
| 118|0x0000000087600000, 0x0000000087600000, 0x0000000087700000|  0%| F|  |TAMS 0x0000000087600000, 0x0000000087600000| Untracked 
| 119|0x0000000087700000, 0x0000000087700000, 0x0000000087800000|  0%| F|  |TAMS 0x0000000087700000, 0x0000000087700000| Untracked 
| 120|0x0000000087800000, 0x0000000087800000, 0x0000000087900000|  0%| F|  |TAMS 0x0000000087800000, 0x0000000087800000| Untracked 
| 121|0x0000000087900000, 0x0000000087900000, 0x0000000087a00000|  0%| F|  |TAMS 0x0000000087900000, 0x0000000087900000| Untracked 
| 122|0x0000000087a00000, 0x0000000087a00000, 0x0000000087b00000|  0%| F|  |TAMS 0x0000000087a00000, 0x0000000087a00000| Untracked 
| 123|0x0000000087b00000, 0x0000000087b00000, 0x0000000087c00000|  0%| F|  |TAMS 0x0000000087b00000, 0x0000000087b00000| Untracked 
| 124|0x0000000087c00000, 0x0000000087c00000, 0x0000000087d00000|  0%| F|  |TAMS 0x0000000087c00000, 0x0000000087c00000| Untracked 
| 125|0x0000000087d00000, 0x0000000087d00000, 0x0000000087e00000|  0%| F|  |TAMS 0x0000000087d00000, 0x0000000087d00000| Untracked 
| 126|0x0000000087e00000, 0x0000000087e00000, 0x0000000087f00000|  0%| F|  |TAMS 0x0000000087e00000, 0x0000000087e00000| Untracked 
| 127|0x0000000087f00000, 0x0000000087f00000, 0x0000000088000000|  0%| F|  |TAMS 0x0000000087f00000, 0x0000000087f00000| Untracked 

Card table byte_map: [0x0000027bc4ac0000,0x0000027bc4ec0000] _byte_map_base: 0x0000027bc46c0000

Marking Bits (Prev, Next): (CMBitMap*) 0x0000027bb1c12bb0, (CMBitMap*) 0x0000027bb1c12b78
 Prev Bits: [0x0000027bc72c0000, 0x0000027bc92c0000)
 Next Bits: [0x0000027bc52c0000, 0x0000027bc72c0000)

Polling page: 0x0000027bb13a0000

Metaspace:

Usage:
  Non-class:     22.20 MB capacity,    21.79 MB ( 98%) used,   374.00 KB (  2%) free+waste,    47.81 KB ( <1%) overhead. 
      Class:      3.46 MB capacity,     3.25 MB ( 94%) used,   200.99 KB (  6%) free+waste,    24.00 KB ( <1%) overhead. 
       Both:     25.66 MB capacity,    25.03 MB ( 98%) used,   574.99 KB (  2%) free+waste,    71.81 KB ( <1%) overhead. 

Virtual space:
  Non-class space:       24.00 MB reserved,      22.42 MB ( 93%) committed 
      Class space:        1.00 GB reserved,       3.57 MB ( <1%) committed 
             Both:        1.02 GB reserved,      26.00 MB (  2%) committed 

Chunk freelists:
   Non-Class:  37.00 KB
       Class:  4.00 KB
        Both:  41.00 KB

MaxMetaspaceSize: 17179869184.00 GB
CompressedClassSpaceSize: 1.00 GB

CodeHeap 'non-profiled nmethods': size=120064Kb used=1078Kb max_used=1078Kb free=118985Kb
 bounds [0x0000027bbd180000, 0x0000027bbd3f0000, 0x0000027bc46c0000]
CodeHeap 'profiled nmethods': size=120000Kb used=4754Kb max_used=4754Kb free=115246Kb
 bounds [0x0000027bb5c50000, 0x0000027bb6100000, 0x0000027bbd180000]
CodeHeap 'non-nmethods': size=5696Kb used=1153Kb max_used=1182Kb free=4542Kb
 bounds [0x0000027bb56c0000, 0x0000027bb5930000, 0x0000027bb5c50000]
 total_blobs=2725 nmethods=2227 adapters=409
 compilation: enabled
              stopped_count=0, restarted_count=0
 full_count=0

Compilation events (20 events):
Event: 3.353 Thread 0x0000027bcc145800 2230       3       org.objectweb.asm.SymbolTable::addConstantUtf8Reference (101 bytes)
Event: 3.354 Thread 0x0000027bcc145800 nmethod 2230 0x0000027bb60ed210 code [0x0000027bb60ed440, 0x0000027bb60edab8]
Event: 3.354 Thread 0x0000027bcc145800 2229       3       org.objectweb.asm.Frame::merge (322 bytes)
Event: 3.355 Thread 0x0000027bcc145800 nmethod 2229 0x0000027bb60ede10 code [0x0000027bb60ee040, 0x0000027bb60ee968]
Event: 3.355 Thread 0x0000027bcc145800 2231       3       org.objectweb.asm.Frame::getAbstractTypeFromDescriptor (415 bytes)
Event: 3.356 Thread 0x0000027bcc145800 nmethod 2231 0x0000027bb60eeb90 code [0x0000027bb60eef20, 0x0000027bb60f09b8]
Event: 3.357 Thread 0x0000027bcc145800 2232       3       org.objectweb.asm.Handler::getExceptionTableLength (21 bytes)
Event: 3.357 Thread 0x0000027bcc145800 nmethod 2232 0x0000027bb60f1290 code [0x0000027bb60f1440, 0x0000027bb60f15d8]
Event: 3.357 Thread 0x0000027bcc145800 2233       3       jdk.internal.loader.ClassLoaders::platformClassLoader (4 bytes)
Event: 3.357 Thread 0x0000027bcc145800 nmethod 2233 0x0000027bb60f1710 code [0x0000027bb60f18c0, 0x0000027bb60f19b8]
Event: 3.376 Thread 0x0000027bcc145800 2234       3       jdk.internal.reflect.Reflection::filter (217 bytes)
Event: 3.377 Thread 0x0000027bcc145800 nmethod 2234 0x0000027bb60f1a10 code [0x0000027bb60f1c60, 0x0000027bb60f27e8]
Event: 3.377 Thread 0x0000027bcc145800 2235       3       java.lang.Class::forName (15 bytes)
Event: 3.378 Thread 0x0000027bcc145800 nmethod 2235 0x0000027bb60f2c90 code [0x0000027bb60f2e60, 0x0000027bb60f3078]
Event: 3.380 Thread 0x0000027bcc145800 2236       3       jdk.internal.loader.AbstractClassLoaderValue::<init> (5 bytes)
Event: 3.380 Thread 0x0000027bcc145800 nmethod 2236 0x0000027bb60f3190 code [0x0000027bb60f3340, 0x0000027bb60f3498]
Event: 3.392 Thread 0x0000027bcc145800 2237       3       jdk.internal.misc.VM::isSystemDomainLoader (17 bytes)
Event: 3.393 Thread 0x0000027bcc145800 nmethod 2237 0x0000027bb60f3590 code [0x0000027bb60f37e0, 0x0000027bb60f4158]
Event: 3.393 Thread 0x0000027bcc145800 2238       3       java.lang.ClassLoader::getBuiltinPlatformClassLoader (4 bytes)
Event: 3.393 Thread 0x0000027bcc145800 nmethod 2238 0x0000027bb60f4490 code [0x0000027bb60f4640, 0x0000027bb60f4778]

GC Heap History (11 events):
Event: 0.639 GC heap before
{Heap before GC invocations=0 (full 0):
 garbage-first heap   total 131072K, used 19456K [0x0000000080000000, 0x0000000100000000)
  region size 1024K, 14 young (14336K), 0 survivors (0K)
 Metaspace       used 6746K, capacity 6933K, committed 7168K, reserved 1056768K
  class space    used 584K, capacity 650K, committed 768K, reserved 1048576K
}
Event: 0.643 GC heap after
{Heap after GC invocations=1 (full 0):
 garbage-first heap   total 131072K, used 7671K [0x0000000080000000, 0x0000000100000000)
  region size 1024K, 2 young (2048K), 2 survivors (2048K)
 Metaspace       used 6746K, capacity 6933K, committed 7168K, reserved 1056768K
  class space    used 584K, capacity 650K, committed 768K, reserved 1048576K
}
Event: 0.945 GC heap before
{Heap before GC invocations=1 (full 0):
 garbage-first heap   total 131072K, used 19959K [0x0000000080000000, 0x0000000100000000)
  region size 1024K, 14 young (14336K), 2 survivors (2048K)
 Metaspace       used 10267K, capacity 10561K, committed 10624K, reserved 1058816K
  class space    used 1073K, capacity 1139K, committed 1152K, reserved 1048576K
}
Event: 0.950 GC heap after
{Heap after GC invocations=2 (full 0):
 garbage-first heap   total 131072K, used 9635K [0x0000000080000000, 0x0000000100000000)
  region size 1024K, 2 young (2048K), 2 survivors (2048K)
 Metaspace       used 10267K, capacity 10561K, committed 10624K, reserved 1058816K
  class space    used 1073K, capacity 1139K, committed 1152K, reserved 1048576K
}
Event: 1.486 GC heap before
{Heap before GC invocations=2 (full 0):
 garbage-first heap   total 131072K, used 39331K [0x0000000080000000, 0x0000000100000000)
  region size 1024K, 31 young (31744K), 2 survivors (2048K)
 Metaspace       used 11233K, capacity 11452K, committed 11520K, reserved 1058816K
  class space    used 1176K, capacity 1244K, committed 1280K, reserved 1048576K
}
Event: 1.489 GC heap after
{Heap after GC invocations=3 (full 0):
 garbage-first heap   total 131072K, used 12362K [0x0000000080000000, 0x0000000100000000)
  region size 1024K, 4 young (4096K), 4 survivors (4096K)
 Metaspace       used 11233K, capacity 11452K, committed 11520K, reserved 1058816K
  class space    used 1176K, capacity 1244K, committed 1280K, reserved 1048576K
}
Event: 2.547 GC heap before
{Heap before GC invocations=3 (full 0):
 garbage-first heap   total 131072K, used 56394K [0x0000000080000000, 0x0000000100000000)
  region size 1024K, 47 young (48128K), 4 survivors (4096K)
 Metaspace       used 18097K, capacity 18566K, committed 18688K, reserved 1064960K
  class space    used 2142K, capacity 2270K, committed 2304K, reserved 1048576K
}
Event: 2.555 GC heap after
{Heap after GC invocations=4 (full 0):
 garbage-first heap   total 131072K, used 16449K [0x0000000080000000, 0x0000000100000000)
  region size 1024K, 6 young (6144K), 6 survivors (6144K)
 Metaspace       used 18097K, capacity 18566K, committed 18688K, reserved 1064960K
  class space    used 2142K, capacity 2270K, committed 2304K, reserved 1048576K
}
Event: 2.770 GC heap before
{Heap before GC invocations=4 (full 0):
 garbage-first heap   total 131072K, used 37953K [0x0000000080000000, 0x0000000100000000)
  region size 1024K, 28 young (28672K), 6 survivors (6144K)
 Metaspace       used 20713K, capacity 21190K, committed 21296K, reserved 1069056K
  class space    used 2530K, capacity 2676K, committed 2688K, reserved 1048576K
}
Event: 2.777 GC heap after
{Heap after GC invocations=5 (full 0):
 garbage-first heap   total 131072K, used 17567K [0x0000000080000000, 0x0000000100000000)
  region size 1024K, 1 young (1024K), 1 survivors (1024K)
 Metaspace       used 20713K, capacity 21190K, committed 21296K, reserved 1069056K
  class space    used 2530K, capacity 2676K, committed 2688K, reserved 1048576K
}
Event: 3.398 GC heap before
{Heap before GC invocations=6 (full 0):
 garbage-first heap   total 131072K, used 65695K [0x0000000080000000, 0x0000000100000000)
  region size 1024K, 48 young (49152K), 1 survivors (1024K)
 Metaspace       used 25632K, capacity 26279K, committed 26620K, reserved 1073152K
  class space    used 3323K, capacity 3548K, committed 3660K, reserved 1048576K
}

Deoptimization events (20 events):
Event: 2.790 Thread 0x0000027bce57b000 Uncommon trap: trap_request=0xffffffc6 fr.pc=0x0000027bbd1f5cc0 relative=0x0000000000000100
Event: 2.790 Thread 0x0000027bce57b000 Uncommon trap: reason=bimorphic_or_optimized_type_check action=maybe_recompile pc=0x0000027bbd1f5cc0 method=java.util.AbstractList$Itr.next()Ljava/lang/Object; @ 14 c2
Event: 2.790 Thread 0x0000027bce57b000 DEOPT PACKING pc=0x0000027bbd1f5cc0 sp=0x000000e37defa950
Event: 2.790 Thread 0x0000027bce57b000 DEOPT UNPACKING pc=0x0000027bb56e662f sp=0x000000e37defa8e8 mode 2
Event: 2.791 Thread 0x0000027bce57b000 Uncommon trap: trap_request=0xffffff4d fr.pc=0x0000027bbd1f12f8 relative=0x00000000000005b8
Event: 2.791 Thread 0x0000027bce57b000 Uncommon trap: reason=unstable_if action=reinterpret pc=0x0000027bbd1f12f8 method=java.io.File.getName()Ljava/lang/String; @ 16 c2
Event: 2.791 Thread 0x0000027bce57b000 DEOPT PACKING pc=0x0000027bbd1f12f8 sp=0x000000e37defb320
Event: 2.791 Thread 0x0000027bce57b000 DEOPT UNPACKING pc=0x0000027bb56e662f sp=0x000000e37defb2f0 mode 2
Event: 2.791 Thread 0x0000027bce57b000 Uncommon trap: trap_request=0xffffff4d fr.pc=0x0000027bbd1f0610 relative=0x0000000000000450
Event: 2.791 Thread 0x0000027bce57b000 Uncommon trap: reason=unstable_if action=reinterpret pc=0x0000027bbd1f0610 method=java.lang.String.substring(I)Ljava/lang/String; @ 34 c2
Event: 2.791 Thread 0x0000027bce57b000 DEOPT PACKING pc=0x0000027bbd1f0610 sp=0x000000e37defb2a0
Event: 2.791 Thread 0x0000027bce57b000 DEOPT UNPACKING pc=0x0000027bb56e662f sp=0x000000e37defb278 mode 2
Event: 2.936 Thread 0x0000027bce57b000 Uncommon trap: trap_request=0xffffff4d fr.pc=0x0000027bbd269b30 relative=0x00000000000003b0
Event: 2.936 Thread 0x0000027bce57b000 Uncommon trap: reason=unstable_if action=reinterpret pc=0x0000027bbd269b30 method=jdk.internal.org.objectweb.asm.Type.getArgumentsAndReturnSizes(Ljava/lang/String;)I @ 88 c2
Event: 2.936 Thread 0x0000027bce57b000 DEOPT PACKING pc=0x0000027bbd269b30 sp=0x000000e37def9830
Event: 2.936 Thread 0x0000027bce57b000 DEOPT UNPACKING pc=0x0000027bb56e662f sp=0x000000e37def97b8 mode 2
Event: 3.139 Thread 0x0000027bce57b000 Uncommon trap: trap_request=0xffffff4d fr.pc=0x0000027bbd23127c relative=0x000000000000023c
Event: 3.139 Thread 0x0000027bce57b000 Uncommon trap: reason=unstable_if action=reinterpret pc=0x0000027bbd23127c method=java.util.concurrent.ConcurrentHashMap.get(Ljava/lang/Object;)Ljava/lang/Object; @ 76 c2
Event: 3.139 Thread 0x0000027bce57b000 DEOPT PACKING pc=0x0000027bbd23127c sp=0x000000e37def9990
Event: 3.139 Thread 0x0000027bce57b000 DEOPT UNPACKING pc=0x0000027bb56e662f sp=0x000000e37def98f8 mode 2

Classes redefined (0 events):
No events

Internal exceptions (20 events):
Event: 2.381 Thread 0x0000027bce578800 Exception <a 'java/lang/NoSuchMethodError'{0x0000000085b7d9f8}: <clinit>> (0x0000000085b7d9f8) thrown at [./src/hotspot/share/prims/jni.cpp, line 1362]
Event: 2.459 Thread 0x0000027bce57b000 Exception <a 'java/lang/NoSuchMethodError'{0x000000008586c168}: 'void java.lang.invoke.DirectMethodHandle$Holder.invokeVirtual(java.lang.Object, java.lang.Object, java.lang.Object, java.lang.Object)'> (0x000000008586c168) thrown at [./src/hotspot/share/interpreter/linkResolver.cpp, line 773]
Event: 2.460 Thread 0x0000027bce57b000 Exception <a 'java/lang/NoSuchMethodError'{0x000000008587b650}: 'void java.lang.invoke.DelegatingMethodHandle$Holder.reinvoke_L(java.lang.Object, java.lang.Object, java.lang.Object, java.lang.Object)'> (0x000000008587b650) thrown at [./src/hotspot/share/interpreter/linkResolver.cpp, line 773]
Event: 2.467 Thread 0x0000027bce57b000 Exception <a 'java/lang/NoSuchMethodError'{0x00000000858ac5c0}: 'long java.lang.invoke.DirectMethodHandle$Holder.invokeInterface(java.lang.Object, java.lang.Object)'> (0x00000000858ac5c0) thrown at [./src/hotspot/share/interpreter/linkResolver.cpp, line 773]
Event: 2.471 Thread 0x0000027bce57b000 Exception <a 'java/lang/NoSuchMethodError'{0x00000000858cfb88}: 'void java.lang.invoke.DelegatingMethodHandle$Holder.reinvoke_L(java.lang.Object, java.lang.Object, java.lang.Object, java.lang.Object, java.lang.Object, java.lang.Object, java.lang.Object)'> (0x00000000858cfb88) thrown at [./src/hotspot/share/interpreter/linkResolver.cpp, line 773]
Event: 2.712 Thread 0x0000027bce57b000 Exception <a 'java/lang/NoSuchMethodError'{0x0000000086e56c68}: 'void java.lang.invoke.DirectMethodHandle$Holder.invokeStaticInit(java.lang.Object)'> (0x0000000086e56c68) thrown at [./src/hotspot/share/interpreter/linkResolver.cpp, line 773]
Event: 2.751 Thread 0x0000027bce57b000 Exception <a 'java/lang/NoSuchMethodError'{0x0000000086c783d0}: 'java.lang.Object java.lang.invoke.DirectMethodHandle$Holder.invokeStatic(java.lang.Object, java.lang.Object, java.lang.Object, int)'> (0x0000000086c783d0) thrown at [./src/hotspot/share/interpreter/linkResolver.cpp, line 773]
Event: 2.752 Thread 0x0000027bce57b000 Exception <a 'java/lang/NoSuchMethodError'{0x0000000086c7c840}: 'java.lang.Object java.lang.invoke.DirectMethodHandle$Holder.invokeSpecial(java.lang.Object, java.lang.Object, java.lang.Object, java.lang.Object, int)'> (0x0000000086c7c840) thrown at [./src/hotspot/share/interpreter/linkResolver.cpp, line 773]
Event: 2.752 Thread 0x0000027bce57b000 Exception <a 'java/lang/NoSuchMethodError'{0x0000000086c804d0}: 'java.lang.Object java.lang.invoke.Invokers$Holder.linkToTargetMethod(java.lang.Object, java.lang.Object, int, java.lang.Object)'> (0x0000000086c804d0) thrown at [./src/hotspot/share/interpreter/linkResolver.cpp, line 773]
Event: 2.845 Thread 0x0000027bce57b000 Exception <a 'java/lang/NoSuchMethodError'{0x0000000087c61d40}: 'int java.lang.invoke.DirectMethodHandle$Holder.invokeSpecialIFC(java.lang.Object, java.lang.Object, java.lang.Object, java.lang.Object)'> (0x0000000087c61d40) thrown at [./src/hotspot/share/interpreter/linkResolver.cpp, line 773]
Event: 2.852 Thread 0x0000027bce57b000 Exception <a 'java/lang/NoSuchMethodError'{0x0000000087c6fcf8}: 'java.lang.Object java.lang.invoke.DirectMethodHandle$Holder.invokeInterface(java.lang.Object, java.lang.Object, java.lang.Object)'> (0x0000000087c6fcf8) thrown at [./src/hotspot/share/interpreter/linkResolver.cpp, line 773]
Event: 2.853 Thread 0x0000027bce57b000 Exception <a 'java/lang/IncompatibleClassChangeError'{0x0000000087c731d0}: Found class java.lang.Object, but interface was expected> (0x0000000087c731d0) thrown at [./src/hotspot/share/interpreter/linkResolver.cpp, line 839]
Event: 2.894 Thread 0x0000027bce57b000 Exception <a 'java/lang/NoSuchMethodError'{0x0000000087a65628}: 'void java.lang.invoke.DirectMethodHandle$Holder.invokeStatic(java.lang.Object, java.lang.Object, java.lang.Object, java.lang.Object, java.lang.Object)'> (0x0000000087a65628) thrown at [./src/hotspot/share/interpreter/linkResolver.cpp, line 773]
Event: 2.991 Thread 0x0000027bce57b000 Exception <a 'java/lang/NoSuchMethodError'{0x000000008739e008}: 'java.lang.Object java.lang.invoke.DirectMethodHandle$Holder.invokeSpecial(java.lang.Object, java.lang.Object, java.lang.Object, java.lang.Object, java.lang.Object, java.lang.Object, java.lang.Object, java.lang.Object, java.lang.Object)'> (0x000000008739e008) thrown at [./src/hotspot/share/interpreter/linkResolver.cpp, line 773]
Event: 3.074 Thread 0x0000027bce57b000 Exception <a 'java/lang/NoSuchMethodError'{0x000000008682f8b8}: 'java.lang.Object java.lang.invoke.DirectMethodHandle$Holder.invokeVirtual(java.lang.Object, java.lang.Object, java.lang.Object, java.lang.Object)'> (0x000000008682f8b8) thrown at [./src/hotspot/share/interpreter/linkResolver.cpp, line 773]
Event: 3.174 Thread 0x0000027bce57b000 Exception <a 'java/lang/NoSuchMethodError'{0x00000000862db938}: 'void java.lang.invoke.DirectMethodHandle$Holder.invokeSpecial(java.lang.Object, java.lang.Object, java.lang.Object, java.lang.Object, java.lang.Object, java.lang.Object)'> (0x00000000862db938) thrown at [./src/hotspot/share/interpreter/linkResolver.cpp, line 773]
Event: 3.185 Thread 0x0000027bce57b000 Exception <a 'java/lang/NoSuchMethodError'{0x000000008614acc0}: 'void java.lang.invoke.DirectMethodHandle$Holder.invokeSpecial(java.lang.Object, java.lang.Object, java.lang.Object, java.lang.Object, java.lang.Object, java.lang.Object, java.lang.Object)'> (0x000000008614acc0) thrown at [./src/hotspot/share/interpreter/linkResolver.cpp, line 773]
Event: 3.186 Thread 0x0000027bce57b000 Exception <a 'java/lang/NoSuchMethodError'{0x00000000861531b0}: 'java.lang.Object java.lang.invoke.Invokers$Holder.linkToTargetMethod(java.lang.Object, java.lang.Object, java.lang.Object, java.lang.Object, java.lang.Object, java.lang.Object)'> (0x00000000861531b0) thrown at [./src/hotspot/share/interpreter/linkResolver.cpp, line 773]
Event: 3.261 Thread 0x0000027bce57b000 Exception <a 'java/lang/NoSuchMethodError'{0x00000000858b1820}: 'int java.lang.invoke.DirectMethodHandle$Holder.invokeStaticInit(java.lang.Object, java.lang.Object, java.lang.Object)'> (0x00000000858b1820) thrown at [./src/hotspot/share/interpreter/linkResolver.cpp, line 773]
Event: 3.344 Thread 0x0000027bce57b000 Exception <a 'java/lang/NoSuchMethodError'{0x00000000853e1a30}: 'void java.lang.invoke.DirectMethodHandle$Holder.invokeStaticInit(java.lang.Object, java.lang.Object)'> (0x00000000853e1a30) thrown at [./src/hotspot/share/interpreter/linkResolver.cpp, line 773]

Events (20 events):
Event: 3.394 loading class org/gradle/api/internal/tasks/CachingTaskDependencyResolveContext done
Event: 3.395 loading class org/gradle/api/internal/tasks/AbstractTaskDependencyResolveContext
Event: 3.395 loading class org/gradle/api/internal/tasks/AbstractTaskDependencyResolveContext done
Event: 3.395 loading class org/gradle/api/internal/tasks/TaskDependencyResolveContext
Event: 3.395 loading class org/gradle/api/internal/tasks/TaskDependencyResolveContext done
Event: 3.395 loading class org/gradle/internal/graph/DirectedGraph
Event: 3.395 loading class org/gradle/internal/graph/DirectedGraph done
Event: 3.396 loading class org/gradle/api/internal/tasks/TaskDependencyResolveException
Event: 3.396 loading class org/gradle/api/internal/tasks/TaskDependencyResolveException done
Event: 3.396 loading class org/gradle/internal/graph/CachingDirectedGraphWalker
Event: 3.396 loading class org/gradle/internal/graph/CachingDirectedGraphWalker done
Event: 3.396 loading class org/gradle/internal/graph/DirectedGraphWithEdgeValues
Event: 3.396 loading class org/gradle/internal/graph/DirectedGraphWithEdgeValues done
Event: 3.397 loading class org/gradle/api/internal/tasks/CachingTaskDependencyResolveContext$TaskGraphImpl
Event: 3.397 loading class org/gradle/api/internal/tasks/CachingTaskDependencyResolveContext$TaskGraphImpl done
Event: 3.397 loading class org/gradle/internal/graph/CachingDirectedGraphWalker$GraphWithEmptyEdges
Event: 3.397 loading class org/gradle/internal/graph/CachingDirectedGraphWalker$GraphWithEmptyEdges done
Event: 3.398 loading class org/gradle/execution/plan/DefaultExecutionPlan
Event: 3.398 loading class org/gradle/execution/plan/DefaultExecutionPlan done
Event: 3.398 Executing VM operation: G1CollectForAllocation


Dynamic libraries:
0x00007ff7b7050000 - 0x00007ff7b705a000 	C:\Program Files\Android\Android Studio\jre\bin\java.exe
0x00007ffad2b50000 - 0x00007ffad2d3d000 	C:\Windows\SYSTEM32\ntdll.dll
0x00007ffad2050000 - 0x00007ffad2103000 	C:\Windows\System32\KERNEL32.DLL
0x00007ffacf6d0000 - 0x00007ffacf965000 	C:\Windows\System32\KERNELBASE.dll
0x00007ffacf970000 - 0x00007ffacfa6a000 	C:\Windows\System32\ucrtbase.dll
0x00007ffabfe20000 - 0x00007ffabfe37000 	C:\Program Files\Android\Android Studio\jre\bin\VCRUNTIME140.dll
0x00007ffac3d50000 - 0x00007ffac3d69000 	C:\Program Files\Android\Android Studio\jre\bin\jli.dll
0x00007ffad2750000 - 0x00007ffad28e7000 	C:\Windows\System32\USER32.dll
0x00007ffabb4b0000 - 0x00007ffabb729000 	C:\Windows\WinSxS\amd64_microsoft.windows.common-controls_6595b64144ccf1df_6.0.17763.1339_none_de7015e4534c7114\COMCTL32.dll
0x00007ffacec60000 - 0x00007ffacec80000 	C:\Windows\System32\win32u.dll
0x00007ffacffb0000 - 0x00007ffad004e000 	C:\Windows\System32\msvcrt.dll
0x00007ffad23e0000 - 0x00007ffad2409000 	C:\Windows\System32\GDI32.dll
0x00007ffad2410000 - 0x00007ffad273c000 	C:\Windows\System32\combase.dll
0x00007ffacfa70000 - 0x00007ffacfc0b000 	C:\Windows\System32\gdi32full.dll
0x00007ffad21d0000 - 0x00007ffad22f2000 	C:\Windows\System32\RPCRT4.dll
0x00007ffacf630000 - 0x00007ffacf6d0000 	C:\Windows\System32\msvcp_win.dll
0x00007ffacfcc0000 - 0x00007ffacfd3e000 	C:\Windows\System32\bcryptPrimitives.dll
0x00007ffad1850000 - 0x00007ffad187e000 	C:\Windows\System32\IMM32.DLL
0x00007ffabce70000 - 0x00007ffabcf0d000 	C:\Program Files\Android\Android Studio\jre\bin\msvcp140.dll
0x00007ffa91f50000 - 0x00007ffa92a25000 	C:\Program Files\Android\Android Studio\jre\bin\server\jvm.dll
0x00007ffad1b20000 - 0x00007ffad1bc3000 	C:\Windows\System32\ADVAPI32.dll
0x00007ffad2900000 - 0x00007ffad299e000 	C:\Windows\System32\sechost.dll
0x00007ffacfda0000 - 0x00007ffacfda8000 	C:\Windows\System32\PSAPI.DLL
0x00007ffacb810000 - 0x00007ffacb834000 	C:\Windows\SYSTEM32\WINMM.dll
0x00007ffac9e30000 - 0x00007ffac9e3a000 	C:\Windows\SYSTEM32\VERSION.dll
0x00007ffacb7e0000 - 0x00007ffacb80d000 	C:\Windows\SYSTEM32\winmmbase.dll
0x00007ffacec80000 - 0x00007ffacecca000 	C:\Windows\System32\cfgmgr32.dll
0x00007ffac3610000 - 0x00007ffac3619000 	C:\Windows\SYSTEM32\WSOCK32.dll
0x00007ffad01b0000 - 0x00007ffad021d000 	C:\Windows\System32\ws2_32.DLL
0x00007ffaceb80000 - 0x00007ffaceb91000 	C:\Windows\System32\kernel.appcore.dll
0x00007ffabaeb0000 - 0x00007ffabaec1000 	C:\Program Files\Android\Android Studio\jre\bin\verify.dll
0x00007ffabe7f0000 - 0x00007ffabe9dd000 	C:\Windows\SYSTEM32\DBGHELP.DLL
0x00007ffac1fe0000 - 0x00007ffac200a000 	C:\Windows\SYSTEM32\dbgcore.DLL
0x00007ffab79c0000 - 0x00007ffab79e9000 	C:\Program Files\Android\Android Studio\jre\bin\java.dll
0x00007ffac3db0000 - 0x00007ffac3dbb000 	C:\Program Files\Android\Android Studio\jre\bin\jimage.dll
0x00007ffaba3c0000 - 0x00007ffaba3d8000 	C:\Program Files\Android\Android Studio\jre\bin\zip.dll
0x00007ffad0220000 - 0x00007ffad1718000 	C:\Windows\System32\SHELL32.dll
0x00007ffad1880000 - 0x00007ffad1929000 	C:\Windows\System32\shcore.dll
0x00007ffacecd0000 - 0x00007ffacf424000 	C:\Windows\System32\windows.storage.dll
0x00007ffacec00000 - 0x00007ffacec24000 	C:\Windows\System32\profapi.dll
0x00007ffaceba0000 - 0x00007ffacebfd000 	C:\Windows\System32\powrprof.dll
0x00007ffad2380000 - 0x00007ffad23d2000 	C:\Windows\System32\shlwapi.dll
0x00007ffacf610000 - 0x00007ffacf627000 	C:\Windows\System32\cryptsp.dll
0x00007ffab5b90000 - 0x00007ffab5baa000 	C:\Program Files\Android\Android Studio\jre\bin\net.dll
0x00007ffac5c60000 - 0x00007ffac5d52000 	C:\Windows\SYSTEM32\WINHTTP.dll
0x00007fface3c0000 - 0x00007fface427000 	C:\Windows\system32\mswsock.dll
0x00007ffab5920000 - 0x00007ffab5934000 	C:\Program Files\Android\Android Studio\jre\bin\nio.dll
0x00007ffa95280000 - 0x00007ffa952a7000 	C:\Users\world-PC\.gradle\native\e1d6ef7f7dcc3fd88c89a11ec53ec762bb8ba0a96d01ffa2cd45eb1d1d8dd5c5\windows-amd64\native-platform.dll
0x00007ffa94b60000 - 0x00007ffa94ca4000 	C:\Users\world-PC\.gradle\native\5664cfc778a61ccfe75a443a1ab52a65af34e5dc3c78e0209fed803814484fcb\windows-amd64\native-platform-file-events.dll
0x00007ffaba4f0000 - 0x00007ffaba4fa000 	C:\Program Files\Android\Android Studio\jre\bin\management.dll
0x00007ffab9aa0000 - 0x00007ffab9aad000 	C:\Program Files\Android\Android Studio\jre\bin\management_ext.dll
0x00007ffacdf40000 - 0x00007ffacdf73000 	C:\Windows\system32\rsaenh.dll
0x00007ffacec30000 - 0x00007ffacec56000 	C:\Windows\System32\bcrypt.dll
0x00007ffacea90000 - 0x00007ffaceab8000 	C:\Windows\SYSTEM32\USERENV.dll
0x00007fface590000 - 0x00007fface59c000 	C:\Windows\SYSTEM32\CRYPTBASE.dll
0x00007fface0e0000 - 0x00007fface11d000 	C:\Windows\SYSTEM32\IPHLPAPI.DLL
0x00007ffad28f0000 - 0x00007ffad28f8000 	C:\Windows\System32\NSI.dll
0x00007ffac9200000 - 0x00007ffac9216000 	C:\Windows\SYSTEM32\dhcpcsvc6.DLL
0x00007ffac91c0000 - 0x00007ffac91dc000 	C:\Windows\SYSTEM32\dhcpcsvc.DLL
0x00007fface120000 - 0x00007fface1e7000 	C:\Windows\SYSTEM32\DNSAPI.dll

dbghelp: loaded successfully - version: 4.0.5 - missing functions: none
symbol engine: initialized successfully - sym options: 0x614 - pdb path: .;C:\Program Files\Android\Android Studio\jre\bin;C:\Windows\SYSTEM32;C:\Windows\WinSxS\amd64_microsoft.windows.common-controls_6595b64144ccf1df_6.0.17763.1339_none_de7015e4534c7114;C:\Program Files\Android\Android Studio\jre\bin\server;C:\Users\world-PC\.gradle\native\e1d6ef7f7dcc3fd88c89a11ec53ec762bb8ba0a96d01ffa2cd45eb1d1d8dd5c5\windows-amd64;C:\Users\world-PC\.gradle\native\5664cfc778a61ccfe75a443a1ab52a65af34e5dc3c78e0209fed803814484fcb\windows-amd64

VM Arguments:
jvm_args: --add-opens=java.base/java.util=ALL-UNNAMED --add-opens=java.base/java.lang=ALL-UNNAMED --add-opens=java.base/java.lang.invoke=ALL-UNNAMED --add-opens=java.base/java.util=ALL-UNNAMED --add-opens=java.prefs/java.util.prefs=ALL-UNNAMED --add-opens=java.prefs/java.util.prefs=ALL-UNNAMED --add-opens=java.base/java.nio.charset=ALL-UNNAMED --add-opens=java.base/java.net=ALL-UNNAMED --add-opens=java.base/java.util.concurrent.atomic=ALL-UNNAMED -Xmx2048m -Dfile.encoding=UTF-8 -Duser.country=RU -Duser.language=ru -Duser.variant 
java_command: org.gradle.launcher.daemon.bootstrap.GradleDaemon 7.2
java_class_path (initial): C:\Users\world-PC\.gradle\wrapper\dists\gradle-7.2-bin\2dnblmf4td7x66yl1d74lt32g\gradle-7.2\lib\gradle-launcher-7.2.jar
Launcher Type: SUN_STANDARD

[Global flags]
     intx CICompilerCount                          = 3                                         {product} {ergonomic}
     uint ConcGCThreads                            = 1                                         {product} {ergonomic}
     uint G1ConcRefinementThreads                  = 4                                         {product} {ergonomic}
   size_t G1HeapRegionSize                         = 1048576                                   {product} {ergonomic}
    uintx GCDrainStackTargetSize                   = 64                                        {product} {ergonomic}
   size_t InitialHeapSize                          = 134217728                                 {product} {ergonomic}
   size_t MarkStackSize                            = 4194304                                   {product} {ergonomic}
   size_t MaxHeapSize                              = 2147483648                                {product} {command line}
   size_t MaxNewSize                               = 1287651328                                {product} {ergonomic}
   size_t MinHeapDeltaBytes                        = 1048576                                   {product} {ergonomic}
    uintx NonNMethodCodeHeapSize                   = 5830732                                {pd product} {ergonomic}
    uintx NonProfiledCodeHeapSize                  = 122913754                              {pd product} {ergonomic}
    uintx ProfiledCodeHeapSize                     = 122913754                              {pd product} {ergonomic}
    uintx ReservedCodeCacheSize                    = 251658240                              {pd product} {ergonomic}
     bool SegmentedCodeCache                       = true                                      {product} {ergonomic}
     bool UseCompressedClassPointers               = true                                 {lp64_product} {ergonomic}
     bool UseCompressedOops                        = true                                 {lp64_product} {ergonomic}
     bool UseG1GC                                  = true                                      {product} {ergonomic}
     bool UseLargePagesIndividualAllocation        = false                                  {pd product} {ergonomic}

Logging:
Log output configuration:
 #0: stdout all=warning uptime,level,tags
 #1: stderr all=off uptime,level,tags

Environment Variables:
PATH=C:\Program Files (x86)\Common Files\Oracle\Java\javapath;C:\ProgramData\Oracle\Java\javapath;C:\Program Files (x86)\Intel\iCLS Client\;C:\Program Files\Intel\iCLS Client\;C:\Windows\system32;C:\Windows;C:\Windows\System32\Wbem;C:\Windows\System32\WindowsPowerShell\v1.0\;C:\Program Files (x86)\Intel\Intel(R) Management Engine Components\DAL;C:\Program Files\Intel\Intel(R) Management Engine Components\DAL;C:\Program Files (x86)\Intel\Intel(R) Management Engine Components\IPT;C:\Program Files\Intel\Intel(R) Management Engine Components\IPT;C:\Program Files\nodejs\;C:\Program Files\7-Zip;C:\Program Files (x86)\NVIDIA Corporation\PhysX\Common;C:\Program Files\Git\cmd;C:\Users\world-PC\AppData\Local\Microsoft\WindowsApps;;C:\Users\world-PC\AppData\Local\Programs\Microsoft VS Code\bin;C:\Users\world-PC\AppData\Roaming\npm
USERNAME=world-PC
OS=Windows_NT
PROCESSOR_IDENTIFIER=Intel64 Family 6 Model 60 Stepping 3, GenuineIntel



---------------  S Y S T E M  ---------------

OS: Windows 10 , 64 bit Build 17763 (10.0.17763.1339)
OS uptime: 0 days 9:31 hours

CPU:total 4 (initial active 4) (2 cores per cpu, 2 threads per core) family 6 model 60 stepping 3 microcode 0x24, cmov, cx8, fxsr, mmx, sse, sse2, sse3, ssse3, sse4.1, sse4.2, popcnt, avx, avx2, aes, clmul, erms, lzcnt, ht, tsc, tscinvbit, bmi1, bmi2, fma

Memory: 4k page, system-wide physical 8129M (479M free)
TotalPageFile size 10177M (AvailPageFile size 29M)
current process WorkingSet (physical memory assigned to process): 191M, peak: 191M
current process commit charge ("private bytes"): 279M, peak: 305M

vm_info: OpenJDK 64-Bit Server VM (11.0.11+9-b60-7590822) for windows-amd64 JRE (11.0.11+9-b60-7590822), built on Jul 29 2021 21:43:44 by "builder" with MS VC++ 14.0 (VS2015)

END.
