#
# There is insufficient memory for the Java Runtime Environment to continue.
# Native memory allocation (mmap) failed to map 32505856 bytes for Failed to commit area from 0x0000000089a00000 to 0x000000008b900000 of length 32505856.
# Possible reasons:
#   The system is out of physical RAM or swap space
#   The process is running with CompressedOops enabled, and the Java Heap may be blocking the growth of the native heap
# Possible solutions:
#   Reduce memory load on the system
#   Increase physical memory or swap space
#   Check if swap backing store is full
#   Decrease Java heap size (-Xmx/-Xms)
#   Decrease number of Java threads
#   Decrease Java thread stack sizes (-Xss)
#   Set larger code cache with -XX:ReservedCodeCacheSize=
#   JVM is running with Unscaled Compressed Oops mode in which the Java heap is
#     placed in the first 4GB address space. The Java Heap base address is the
#     maximum limit for the native heap growth. Please use -XX:HeapBaseMinAddress
#     to set the Java Heap base and to place the Java Heap above 4GB virtual address.
# This output file may be truncated or incomplete.
#
#  Out of Memory Error (./src/hotspot/os/windows/os_windows.cpp:3301), pid=7884, tid=7976
#
# JRE version: OpenJDK Runtime Environment (11.0.11+9) (build 11.0.11+9-b60-7590822)
# Java VM: OpenJDK 64-Bit Server VM (11.0.11+9-b60-7590822, mixed mode, tiered, compressed oops, g1 gc, windows-amd64)
# No core dump will be written. Minidumps are not enabled by default on client versions of Windows
#

---------------  S U M M A R Y ------------

Command Line: --add-opens=java.base/java.util=ALL-UNNAMED --add-opens=java.base/java.lang=ALL-UNNAMED --add-opens=java.base/java.lang.invoke=ALL-UNNAMED --add-opens=java.base/java.util=ALL-UNNAMED --add-opens=java.prefs/java.util.prefs=ALL-UNNAMED --add-opens=java.prefs/java.util.prefs=ALL-UNNAMED --add-opens=java.base/java.nio.charset=ALL-UNNAMED --add-opens=java.base/java.net=ALL-UNNAMED --add-opens=java.base/java.util.concurrent.atomic=ALL-UNNAMED -Xmx2048m -Dfile.encoding=UTF-8 -Duser.country=RU -Duser.language=ru -Duser.variant org.gradle.launcher.daemon.bootstrap.GradleDaemon 7.2

Host: Intel(R) Core(TM) i3-4330 CPU @ 3.50GHz, 4 cores, 7G,  Windows 10 , 64 bit Build 17763 (10.0.17763.1339)
Time: Thu Feb 10 20:12:32 2022 Aaiaeaaao (ceia) elapsed time: 13.633921 seconds (0d 0h 0m 13s)

---------------  T H R E A D  ---------------

Current thread (0x000001fcf98ae000):  VMThread "VM Thread" [stack: 0x000000c067600000,0x000000c067700000] [id=7976]

Stack: [0x000000c067600000,0x000000c067700000]
[error occurred during error reporting (printing stack bounds), id 0xc0000005, EXCEPTION_ACCESS_VIOLATION (0xc0000005) at pc=0x000001fc80000f2d]

Native frames: (J=compiled Java code, j=interpreted, Vv=VM code, C=native code)
V  [jvm.dll+0x5f214a]
V  [jvm.dll+0x726fb5]
V  [jvm.dll+0x7285cd]
V  [jvm.dll+0x728be5]
V  [jvm.dll+0x728b9b]
V  [jvm.dll+0x5f14e8]
V  [jvm.dll+0x5f1c78]
C  [ntdll.dll+0xa479f]
C  [ntdll.dll+0x4bef]
C  [ntdll.dll+0xa350e]
C  0x000001fc80000f2d

VM_Operation (0x000000c068af3350): G1CollectForAllocation, mode: safepoint, requested by thread 0x000001fcfca37800


---------------  P R O C E S S  ---------------

Threads class SMR info:
_java_thread_list=0x000001fc8fb67950, length=79, elements={
0x000001fcecd7d000, 0x000001fcf98b2800, 0x000001fcf98b4000, 0x000001fcf98d4000,
0x000001fcf98d5800, 0x000001fcf98d7000, 0x000001fcf98da000, 0x000001fcf98dd000,
0x000001fcfa298800, 0x000001fcfa37a800, 0x000001fcfd909800, 0x000001fcfcc3b800,
0x000001fcfc6e7000, 0x000001fcfbaad800, 0x000001fcfd572000, 0x000001fcfc4c0000,
0x000001fcfca37800, 0x000001fcfcf87000, 0x000001fcfcc24800, 0x000001fcfc19f800,
0x000001fcfc1a0000, 0x000001fcfc19e800, 0x000001fcfc19d800, 0x000001fcfdf77000,
0x000001fcfdf75000, 0x000001fcfdf7a000, 0x000001fcfdf76000, 0x000001fcfdf77800,
0x000001fcfdf79000, 0x000001fcfdf74800, 0x000001fcfda77800, 0x000001fcfda7d000,
0x000001fcfda79000, 0x000001fcfda83800, 0x000001fcfda82000, 0x000001fcfda7f800,
0x000001fcfda84800, 0x000001fcfda85000, 0x000001fcfda80800, 0x000001fcfda81000,
0x000001fcfda86000, 0x000001fcfda83000, 0x000001fc8f40d800, 0x000001fc8f40f000,
0x000001fc8f40e000, 0x000001fc8f40c800, 0x000001fc8f409800, 0x000001fc8f40a000,
0x000001fc8f410000, 0x000001fc8f410800, 0x000001fc8f40b800, 0x000001fc8f40b000,
0x000001fc8f411800, 0x000001fc8f412800, 0x000001fc8f413000, 0x000001fc8f414000,
0x000001fc8f414800, 0x000001fc8f418000, 0x000001fc8f417000, 0x000001fc8f415800,
0x000001fc8f416800, 0x000001fc8f267800, 0x000001fc8f265000, 0x000001fc8f268000,
0x000001fc8f269000, 0x000001fc8f26a000, 0x000001fc8f265800, 0x000001fc8f264000,
0x000001fc8f26a800, 0x000001fc8f26b800, 0x000001fc8f26c800, 0x000001fc8f266800,
0x000001fc8f272000, 0x000001fc8f26f800, 0x000001fc8f270800, 0x000001fc8f26d000,
0x000001fc8f26e000, 0x000001fc8f271000, 0x000001fcfdf78800
}

Java Threads: ( => current thread )
  0x000001fcecd7d000 JavaThread "main" [_thread_blocked, id=7952, stack(0x000000c067000000,0x000000c067100000)]
  0x000001fcf98b2800 JavaThread "Reference Handler" daemon [_thread_blocked, id=7980, stack(0x000000c067700000,0x000000c067800000)]
  0x000001fcf98b4000 JavaThread "Finalizer" daemon [_thread_blocked, id=7984, stack(0x000000c067800000,0x000000c067900000)]
  0x000001fcf98d4000 JavaThread "Signal Dispatcher" daemon [_thread_blocked, id=7988, stack(0x000000c067900000,0x000000c067a00000)]
  0x000001fcf98d5800 JavaThread "Attach Listener" daemon [_thread_blocked, id=7992, stack(0x000000c067a00000,0x000000c067b00000)]
  0x000001fcf98d7000 JavaThread "Service Thread" daemon [_thread_blocked, id=7996, stack(0x000000c067b00000,0x000000c067c00000)]
  0x000001fcf98da000 JavaThread "C2 CompilerThread0" daemon [_thread_blocked, id=8000, stack(0x000000c067c00000,0x000000c067d00000)]
  0x000001fcf98dd000 JavaThread "C1 CompilerThread0" daemon [_thread_blocked, id=8004, stack(0x000000c067d00000,0x000000c067e00000)]
  0x000001fcfa298800 JavaThread "Sweeper thread" daemon [_thread_blocked, id=8008, stack(0x000000c067e00000,0x000000c067f00000)]
  0x000001fcfa37a800 JavaThread "Common-Cleaner" daemon [_thread_blocked, id=8012, stack(0x000000c067f00000,0x000000c068000000)]
  0x000001fcfd909800 JavaThread "Daemon health stats" [_thread_blocked, id=8036, stack(0x000000c068400000,0x000000c068500000)]
  0x000001fcfcc3b800 JavaThread "Incoming local TCP Connector on port 54668" [_thread_in_native, id=8040, stack(0x000000c068500000,0x000000c068600000)]
  0x000001fcfc6e7000 JavaThread "Daemon periodic checks" [_thread_blocked, id=8044, stack(0x000000c068600000,0x000000c068700000)]
  0x000001fcfbaad800 JavaThread "Daemon" [_thread_blocked, id=8048, stack(0x000000c068700000,0x000000c068800000)]
  0x000001fcfd572000 JavaThread "Handler for socket connection from /127.0.0.1:54668 to /127.0.0.1:54669" [_thread_in_native, id=8052, stack(0x000000c068800000,0x000000c068900000)]
  0x000001fcfc4c0000 JavaThread "Cancel handler" [_thread_blocked, id=8056, stack(0x000000c068900000,0x000000c068a00000)]
  0x000001fcfca37800 JavaThread "Daemon worker" [_thread_blocked, id=8064, stack(0x000000c068a00000,0x000000c068b00000)]
  0x000001fcfcf87000 JavaThread "Asynchronous log dispatcher for DefaultDaemonConnection: socket connection from /127.0.0.1:54668 to /127.0.0.1:54669" [_thread_blocked, id=8080, stack(0x000000c068b00000,0x000000c068c00000)]
  0x000001fcfcc24800 JavaThread "Stdin handler" [_thread_blocked, id=8084, stack(0x000000c068c00000,0x000000c068d00000)]
  0x000001fcfc19f800 JavaThread "Daemon client event forwarder" [_thread_blocked, id=8088, stack(0x000000c068d00000,0x000000c068e00000)]
  0x000001fcfc1a0000 JavaThread "Cache worker for journal cache (C:\Users\world-PC\.gradle\caches\journal-1)" [_thread_blocked, id=8096, stack(0x000000c068f00000,0x000000c069000000)]
  0x000001fcfc19e800 JavaThread "File lock request listener" [_thread_in_native, id=8100, stack(0x000000c069000000,0x000000c069100000)]
  0x000001fcfc19d800 JavaThread "Cache worker for file hash cache (C:\Users\world-PC\.gradle\caches\7.2\fileHashes)" [_thread_blocked, id=8104, stack(0x000000c069100000,0x000000c069200000)]
  0x000001fcfdf77000 JavaThread "Cache worker for file hash cache (C:\Users\world-PC\AndroidStudioProjects\ProjectMVP\.gradle\7.2\fileHashes)" [_thread_blocked, id=8108, stack(0x000000c068100000,0x000000c068200000)]
  0x000001fcfdf75000 JavaThread "File watcher server" daemon [_thread_in_native, id=8116, stack(0x000000c069300000,0x000000c069400000)]
  0x000001fcfdf7a000 JavaThread "File watcher consumer" daemon [_thread_blocked, id=8120, stack(0x000000c069400000,0x000000c069500000)]
  0x000001fcfdf76000 JavaThread "Cache worker for checksums cache (C:\Users\world-PC\AndroidStudioProjects\ProjectMVP\.gradle\checksums)" [_thread_blocked, id=8124, stack(0x000000c069500000,0x000000c069600000)]
  0x000001fcfdf77800 JavaThread "Cache worker for cache directory md-supplier (C:\Users\world-PC\.gradle\caches\7.2\md-supplier)" [_thread_blocked, id=8128, stack(0x000000c069600000,0x000000c069700000)]
  0x000001fcfdf79000 JavaThread "Cache worker for cache directory md-rule (C:\Users\world-PC\.gradle\caches\7.2\md-rule)" [_thread_blocked, id=8132, stack(0x000000c069700000,0x000000c069800000)]
  0x000001fcfdf74800 JavaThread "Cache worker for execution history cache (C:\Users\world-PC\.gradle\caches\7.2\executionHistory)" [_thread_blocked, id=8136, stack(0x000000c069800000,0x000000c069900000)]
  0x000001fcfda77800 JavaThread "jar transforms" [_thread_blocked, id=8140, stack(0x000000c069900000,0x000000c069a00000)]
  0x000001fcfda7d000 JavaThread "Cache worker for file content cache (C:\Users\world-PC\.gradle\caches\7.2\fileContent)" [_thread_blocked, id=8144, stack(0x000000c069a00000,0x000000c069b00000)]
  0x000001fcfda79000 JavaThread "jar transforms Thread 2" [_thread_blocked, id=8152, stack(0x000000c069b00000,0x000000c069c00000)]
  0x000001fcfda83800 JavaThread "Cache worker for dependencies-accessors (C:\Users\world-PC\AndroidStudioProjects\ProjectMVP\.gradle\7.2\dependencies-accessors)" [_thread_blocked, id=8156, stack(0x000000c069c00000,0x000000c069d00000)]
  0x000001fcfda82000 JavaThread "jar transforms Thread 3" [_thread_blocked, id=8160, stack(0x000000c069d00000,0x000000c069e00000)]
  0x000001fcfda7f800 JavaThread "Cache worker for Build Output Cleanup Cache (C:\Users\world-PC\AndroidStudioProjects\ProjectMVP\.gradle\buildOutputCleanup)" [_thread_blocked, id=8164, stack(0x000000c069e00000,0x000000c069f00000)]
  0x000001fcfda84800 JavaThread "Unconstrained build operations" [_thread_blocked, id=8168, stack(0x000000c069f00000,0x000000c06a000000)]
  0x000001fcfda85000 JavaThread "Unconstrained build operations Thread 2" [_thread_blocked, id=8172, stack(0x000000c06a000000,0x000000c06a100000)]
  0x000001fcfda80800 JavaThread "Unconstrained build operations Thread 3" [_thread_blocked, id=8176, stack(0x000000c06a100000,0x000000c06a200000)]
  0x000001fcfda81000 JavaThread "Unconstrained build operations Thread 4" [_thread_blocked, id=8180, stack(0x000000c06a200000,0x000000c06a300000)]
  0x000001fcfda86000 JavaThread "Unconstrained build operations Thread 5" [_thread_blocked, id=8184, stack(0x000000c06a300000,0x000000c06a400000)]
  0x000001fcfda83000 JavaThread "Unconstrained build operations Thread 6" [_thread_blocked, id=8188, stack(0x000000c06a400000,0x000000c06a500000)]
  0x000001fc8f40d800 JavaThread "Unconstrained build operations Thread 7" [_thread_blocked, id=7036, stack(0x000000c06a500000,0x000000c06a600000)]
  0x000001fc8f40f000 JavaThread "Unconstrained build operations Thread 8" [_thread_blocked, id=4892, stack(0x000000c06a600000,0x000000c06a700000)]
  0x000001fc8f40e000 JavaThread "Unconstrained build operations Thread 9" [_thread_blocked, id=4880, stack(0x000000c06a700000,0x000000c06a800000)]
  0x000001fc8f40c800 JavaThread "Unconstrained build operations Thread 10" [_thread_blocked, id=4884, stack(0x000000c06a800000,0x000000c06a900000)]
  0x000001fc8f409800 JavaThread "Unconstrained build operations Thread 11" [_thread_blocked, id=4888, stack(0x000000c06a900000,0x000000c06aa00000)]
  0x000001fc8f40a000 JavaThread "Unconstrained build operations Thread 12" [_thread_blocked, id=4896, stack(0x000000c06aa00000,0x000000c06ab00000)]
  0x000001fc8f410000 JavaThread "Unconstrained build operations Thread 13" [_thread_blocked, id=6472, stack(0x000000c06ab00000,0x000000c06ac00000)]
  0x000001fc8f410800 JavaThread "Unconstrained build operations Thread 14" [_thread_blocked, id=6884, stack(0x000000c06ac00000,0x000000c06ad00000)]
  0x000001fc8f40b800 JavaThread "Unconstrained build operations Thread 15" [_thread_blocked, id=6456, stack(0x000000c06ad00000,0x000000c06ae00000)]
  0x000001fc8f40b000 JavaThread "Unconstrained build operations Thread 16" [_thread_blocked, id=616, stack(0x000000c06ae00000,0x000000c06af00000)]
  0x000001fc8f411800 JavaThread "Unconstrained build operations Thread 17" [_thread_blocked, id=7688, stack(0x000000c06af00000,0x000000c06b000000)]
  0x000001fc8f412800 JavaThread "Unconstrained build operations Thread 18" [_thread_blocked, id=7712, stack(0x000000c06b000000,0x000000c06b100000)]
  0x000001fc8f413000 JavaThread "Unconstrained build operations Thread 19" [_thread_blocked, id=7724, stack(0x000000c06b100000,0x000000c06b200000)]
  0x000001fc8f414000 JavaThread "Unconstrained build operations Thread 20" [_thread_blocked, id=7736, stack(0x000000c06b200000,0x000000c06b300000)]
  0x000001fc8f414800 JavaThread "Unconstrained build operations Thread 21" [_thread_blocked, id=7728, stack(0x000000c06b300000,0x000000c06b400000)]
  0x000001fc8f418000 JavaThread "Unconstrained build operations Thread 22" [_thread_blocked, id=7732, stack(0x000000c06b400000,0x000000c06b500000)]
  0x000001fc8f417000 JavaThread "Unconstrained build operations Thread 23" [_thread_blocked, id=5272, stack(0x000000c06b500000,0x000000c06b600000)]
  0x000001fc8f415800 JavaThread "Unconstrained build operations Thread 24" [_thread_blocked, id=2188, stack(0x000000c06b600000,0x000000c06b700000)]
  0x000001fc8f416800 JavaThread "Unconstrained build operations Thread 25" [_thread_blocked, id=1824, stack(0x000000c06b700000,0x000000c06b800000)]
  0x000001fc8f267800 JavaThread "Unconstrained build operations Thread 26" [_thread_blocked, id=2212, stack(0x000000c06b800000,0x000000c06b900000)]
  0x000001fc8f265000 JavaThread "Unconstrained build operations Thread 27" [_thread_blocked, id=7784, stack(0x000000c06b900000,0x000000c06ba00000)]
  0x000001fc8f268000 JavaThread "Unconstrained build operations Thread 28" [_thread_blocked, id=7772, stack(0x000000c06ba00000,0x000000c06bb00000)]
  0x000001fc8f269000 JavaThread "Unconstrained build operations Thread 29" [_thread_blocked, id=224, stack(0x000000c06bb00000,0x000000c06bc00000)]
  0x000001fc8f26a000 JavaThread "Unconstrained build operations Thread 30" [_thread_blocked, id=4240, stack(0x000000c06bc00000,0x000000c06bd00000)]
  0x000001fc8f265800 JavaThread "Unconstrained build operations Thread 31" [_thread_blocked, id=7804, stack(0x000000c06bd00000,0x000000c06be00000)]
  0x000001fc8f264000 JavaThread "Unconstrained build operations Thread 32" [_thread_blocked, id=4444, stack(0x000000c06be00000,0x000000c06bf00000)]
  0x000001fc8f26a800 JavaThread "Unconstrained build operations Thread 33" [_thread_blocked, id=4424, stack(0x000000c06bf00000,0x000000c06c000000)]
  0x000001fc8f26b800 JavaThread "Unconstrained build operations Thread 34" [_thread_blocked, id=7812, stack(0x000000c06c000000,0x000000c06c100000)]
  0x000001fc8f26c800 JavaThread "Unconstrained build operations Thread 35" [_thread_blocked, id=7816, stack(0x000000c06c100000,0x000000c06c200000)]
  0x000001fc8f266800 JavaThread "Unconstrained build operations Thread 36" [_thread_blocked, id=160, stack(0x000000c06c200000,0x000000c06c300000)]
  0x000001fc8f272000 JavaThread "Unconstrained build operations Thread 37" [_thread_blocked, id=1300, stack(0x000000c06c300000,0x000000c06c400000)]
  0x000001fc8f26f800 JavaThread "Unconstrained build operations Thread 38" [_thread_blocked, id=7836, stack(0x000000c06c400000,0x000000c06c500000)]
  0x000001fc8f270800 JavaThread "Unconstrained build operations Thread 39" [_thread_blocked, id=7824, stack(0x000000c06c500000,0x000000c06c600000)]
  0x000001fc8f26d000 JavaThread "Unconstrained build operations Thread 40" [_thread_blocked, id=7832, stack(0x000000c06c600000,0x000000c06c700000)]
  0x000001fc8f26e000 JavaThread "jar transforms Thread 4" [_thread_blocked, id=7752, stack(0x000000c06c700000,0x000000c06c800000)]
  0x000001fc8f271000 JavaThread "Memory manager" [_thread_blocked, id=7744, stack(0x000000c06c800000,0x000000c06c900000)]
  0x000001fcfdf78800 JavaThread "C2 CompilerThread1" daemon [_thread_blocked, id=7864, stack(0x000000c069200000,0x000000c069300000)]

Other Threads:
=>0x000001fcf98ae000 VMThread "VM Thread" [stack: 0x000000c067600000,0x000000c067700000] [id=7976]
  0x000001fcfa384000 WatcherThread [stack: 0x000000c068000000,0x000000c068100000] [id=8016]
  0x000001fcecd95800 GCTaskThread "GC Thread#0" [stack: 0x000000c067100000,0x000000c067200000] [id=7956]
  0x000001fcfae3f800 GCTaskThread "GC Thread#1" [stack: 0x000000c068200000,0x000000c068300000] [id=8024]
  0x000001fcfa7f3000 GCTaskThread "GC Thread#2" [stack: 0x000000c068300000,0x000000c068400000] [id=8028]
  0x000001fcfc1b1000 GCTaskThread "GC Thread#3" [stack: 0x000000c068e00000,0x000000c068f00000] [id=8092]
  0x000001fcecdc8800 ConcurrentGCThread "G1 Main Marker" [stack: 0x000000c067200000,0x000000c067300000] [id=7960]
  0x000001fcecdcb000 ConcurrentGCThread "G1 Conc#0" [stack: 0x000000c067300000,0x000000c067400000] [id=7964]
  0x000001fcf9700800 ConcurrentGCThread "G1 Refine#0" [stack: 0x000000c067400000,0x000000c067500000] [id=7968]
  0x000001fcf9701000 ConcurrentGCThread "G1 Young RemSet Sampling" [stack: 0x000000c067500000,0x000000c067600000] [id=7972]

Threads with active compile tasks:
C2 CompilerThread0  13642 6460       4       jdk.internal.reflect.ClassFileAssembler::emitShort (24 bytes)
C2 CompilerThread1  13642 6386 %     4       org.gradle.internal.instantiation.generator.AbstractClassGenerator::inspectType @ 107 (560 bytes)

VM state:at safepoint (normal execution)

VM Mutex/Monitor currently owned by a thread:  ([mutex/lock_event])
[0x000001fcecd7c640] Threads_lock - owner thread: 0x000001fcf98ae000
[0x000001fcecd7c250] Heap_lock - owner thread: 0x000001fcfca37800

Heap address: 0x0000000080000000, size: 2048 MB, Compressed Oops mode: 32-bit
Narrow klass base: 0x0000000000000000, Narrow klass shift: 3
Compressed class space size: 1073741824 Address: 0x0000000100000000

Heap:
 garbage-first heap   total 189440K, used 52264K [0x0000000080000000, 0x0000000100000000)
  region size 1024K, 7 young (7168K), 7 survivors (7168K)
 Metaspace       used 64947K, capacity 66415K, committed 66468K, reserved 1107968K
  class space    used 8191K, capacity 8754K, committed 8780K, reserved 1048576K
Heap Regions: E=young(eden), S=young(survivor), O=old, HS=humongous(starts), HC=humongous(continues), CS=collection set, F=free, A=archive, TAMS=top-at-mark-start (previous, next)
|   0|0x0000000080000000, 0x0000000080100000, 0x0000000080100000|100%| O|  |TAMS 0x0000000080100000, 0x0000000080100000| Untracked 
|   1|0x0000000080100000, 0x0000000080200000, 0x0000000080200000|100%| O|  |TAMS 0x0000000080200000, 0x0000000080200000| Untracked 
|   2|0x0000000080200000, 0x0000000080300000, 0x0000000080300000|100%| O|  |TAMS 0x0000000080300000, 0x0000000080300000| Untracked 
|   3|0x0000000080300000, 0x0000000080400000, 0x0000000080400000|100%|HS|  |TAMS 0x0000000080400000, 0x0000000080400000| Complete 
|   4|0x0000000080400000, 0x0000000080500000, 0x0000000080500000|100%|HC|  |TAMS 0x0000000080500000, 0x0000000080500000| Complete 
|   5|0x0000000080500000, 0x0000000080600000, 0x0000000080600000|100%|HC|  |TAMS 0x0000000080600000, 0x0000000080600000| Complete 
|   6|0x0000000080600000, 0x0000000080700000, 0x0000000080700000|100%| O|  |TAMS 0x0000000080700000, 0x0000000080700000| Untracked 
|   7|0x0000000080700000, 0x0000000080800000, 0x0000000080800000|100%| O|  |TAMS 0x0000000080800000, 0x0000000080800000| Untracked 
|   8|0x0000000080800000, 0x0000000080900000, 0x0000000080900000|100%| O|  |TAMS 0x0000000080900000, 0x0000000080900000| Untracked 
|   9|0x0000000080900000, 0x0000000080a00000, 0x0000000080a00000|100%| O|  |TAMS 0x0000000080a00000, 0x0000000080a00000| Untracked 
|  10|0x0000000080a00000, 0x0000000080b00000, 0x0000000080b00000|100%| O|  |TAMS 0x0000000080b00000, 0x0000000080b00000| Untracked 
|  11|0x0000000080b00000, 0x0000000080c00000, 0x0000000080c00000|100%| O|  |TAMS 0x0000000080c00000, 0x0000000080c00000| Untracked 
|  12|0x0000000080c00000, 0x0000000080d00000, 0x0000000080d00000|100%| O|  |TAMS 0x0000000080d00000, 0x0000000080d00000| Untracked 
|  13|0x0000000080d00000, 0x0000000080e00000, 0x0000000080e00000|100%| O|  |TAMS 0x0000000080e00000, 0x0000000080e00000| Untracked 
|  14|0x0000000080e00000, 0x0000000080f00000, 0x0000000080f00000|100%| O|  |TAMS 0x0000000080f00000, 0x0000000080f00000| Untracked 
|  15|0x0000000080f00000, 0x0000000081000000, 0x0000000081000000|100%| O|  |TAMS 0x0000000081000000, 0x0000000081000000| Untracked 
|  16|0x0000000081000000, 0x0000000081100000, 0x0000000081100000|100%|HS|  |TAMS 0x0000000081100000, 0x0000000081100000| Complete 
|  17|0x0000000081100000, 0x0000000081200000, 0x0000000081200000|100%| O|  |TAMS 0x0000000081200000, 0x0000000081200000| Untracked 
|  18|0x0000000081200000, 0x0000000081300000, 0x0000000081300000|100%| O|  |TAMS 0x0000000081300000, 0x0000000081300000| Untracked 
|  19|0x0000000081300000, 0x0000000081400000, 0x0000000081400000|100%| O|  |TAMS 0x0000000081400000, 0x0000000081400000| Untracked 
|  20|0x0000000081400000, 0x0000000081500000, 0x0000000081500000|100%| O|  |TAMS 0x0000000081500000, 0x0000000081500000| Untracked 
|  21|0x0000000081500000, 0x0000000081600000, 0x0000000081600000|100%| O|  |TAMS 0x0000000081600000, 0x0000000081600000| Untracked 
|  22|0x0000000081600000, 0x0000000081700000, 0x0000000081700000|100%| O|  |TAMS 0x0000000081700000, 0x0000000081700000| Untracked 
|  23|0x0000000081700000, 0x0000000081800000, 0x0000000081800000|100%| O|  |TAMS 0x0000000081800000, 0x0000000081800000| Untracked 
|  24|0x0000000081800000, 0x0000000081900000, 0x0000000081900000|100%|HS|  |TAMS 0x0000000081900000, 0x0000000081900000| Complete 
|  25|0x0000000081900000, 0x0000000081a00000, 0x0000000081a00000|100%|HS|  |TAMS 0x0000000081a00000, 0x0000000081a00000| Complete 
|  26|0x0000000081a00000, 0x0000000081b00000, 0x0000000081b00000|100%|HS|  |TAMS 0x0000000081b00000, 0x0000000081b00000| Complete 
|  27|0x0000000081b00000, 0x0000000081c00000, 0x0000000081c00000|100%|HC|  |TAMS 0x0000000081c00000, 0x0000000081c00000| Complete 
|  28|0x0000000081c00000, 0x0000000081d00000, 0x0000000081d00000|100%| O|  |TAMS 0x0000000081d00000, 0x0000000081d00000| Untracked 
|  29|0x0000000081d00000, 0x0000000081e00000, 0x0000000081e00000|100%| O|  |TAMS 0x0000000081e00000, 0x0000000081e00000| Untracked 
|  30|0x0000000081e00000, 0x0000000081f00000, 0x0000000081f00000|100%| O|  |TAMS 0x0000000081f00000, 0x0000000081f00000| Untracked 
|  31|0x0000000081f00000, 0x0000000082000000, 0x0000000082000000|100%| O|  |TAMS 0x0000000082000000, 0x0000000082000000| Untracked 
|  32|0x0000000082000000, 0x0000000082100000, 0x0000000082100000|100%| O|  |TAMS 0x0000000082100000, 0x0000000082100000| Untracked 
|  33|0x0000000082100000, 0x0000000082200000, 0x0000000082200000|100%| O|  |TAMS 0x0000000082200000, 0x0000000082200000| Untracked 
|  34|0x0000000082200000, 0x0000000082300000, 0x0000000082300000|100%| O|  |TAMS 0x0000000082300000, 0x0000000082300000| Untracked 
|  35|0x0000000082300000, 0x0000000082400000, 0x0000000082400000|100%| O|  |TAMS 0x0000000082400000, 0x0000000082400000| Untracked 
|  36|0x0000000082400000, 0x0000000082500000, 0x0000000082500000|100%| O|  |TAMS 0x0000000082500000, 0x0000000082500000| Untracked 
|  37|0x0000000082500000, 0x0000000082600000, 0x0000000082600000|100%| O|  |TAMS 0x0000000082600000, 0x0000000082600000| Untracked 
|  38|0x0000000082600000, 0x0000000082700000, 0x0000000082700000|100%| O|  |TAMS 0x0000000082700000, 0x0000000082700000| Untracked 
|  39|0x0000000082700000, 0x0000000082800000, 0x0000000082800000|100%| O|  |TAMS 0x0000000082800000, 0x0000000082800000| Untracked 
|  40|0x0000000082800000, 0x0000000082900000, 0x0000000082900000|100%| O|  |TAMS 0x0000000082900000, 0x0000000082900000| Untracked 
|  41|0x0000000082900000, 0x0000000082a00000, 0x0000000082a00000|100%| O|  |TAMS 0x0000000082a00000, 0x0000000082a00000| Untracked 
|  42|0x0000000082a00000, 0x0000000082b00000, 0x0000000082b00000|100%| O|  |TAMS 0x0000000082b00000, 0x0000000082b00000| Untracked 
|  43|0x0000000082b00000, 0x0000000082c00000, 0x0000000082c00000|100%| O|  |TAMS 0x0000000082c00000, 0x0000000082c00000| Untracked 
|  44|0x0000000082c00000, 0x0000000082c37200, 0x0000000082d00000| 21%| O|  |TAMS 0x0000000082c37200, 0x0000000082c37200| Untracked 
|  45|0x0000000082d00000, 0x0000000082d00000, 0x0000000082e00000|  0%| F|  |TAMS 0x0000000082d00000, 0x0000000082d00000| Untracked 
|  46|0x0000000082e00000, 0x0000000082e00000, 0x0000000082f00000|  0%| F|  |TAMS 0x0000000082e00000, 0x0000000082e00000| Untracked 
|  47|0x0000000082f00000, 0x0000000082f00000, 0x0000000083000000|  0%| F|  |TAMS 0x0000000082f00000, 0x0000000082f00000| Untracked 
|  48|0x0000000083000000, 0x0000000083000000, 0x0000000083100000|  0%| F|  |TAMS 0x0000000083000000, 0x0000000083000000| Untracked 
|  49|0x0000000083100000, 0x0000000083100000, 0x0000000083200000|  0%| F|  |TAMS 0x0000000083100000, 0x0000000083100000| Untracked 
|  50|0x0000000083200000, 0x0000000083200000, 0x0000000083300000|  0%| F|  |TAMS 0x0000000083200000, 0x0000000083200000| Untracked 
|  51|0x0000000083300000, 0x0000000083300000, 0x0000000083400000|  0%| F|  |TAMS 0x0000000083300000, 0x0000000083300000| Untracked 
|  52|0x0000000083400000, 0x0000000083400000, 0x0000000083500000|  0%| F|  |TAMS 0x0000000083400000, 0x0000000083400000| Untracked 
|  53|0x0000000083500000, 0x0000000083500000, 0x0000000083600000|  0%| F|  |TAMS 0x0000000083500000, 0x0000000083500000| Untracked 
|  54|0x0000000083600000, 0x0000000083600000, 0x0000000083700000|  0%| F|  |TAMS 0x0000000083600000, 0x0000000083600000| Untracked 
|  55|0x0000000083700000, 0x0000000083700000, 0x0000000083800000|  0%| F|  |TAMS 0x0000000083700000, 0x0000000083700000| Untracked 
|  56|0x0000000083800000, 0x0000000083800000, 0x0000000083900000|  0%| F|  |TAMS 0x0000000083800000, 0x0000000083800000| Untracked 
|  57|0x0000000083900000, 0x0000000083900000, 0x0000000083a00000|  0%| F|  |TAMS 0x0000000083900000, 0x0000000083900000| Untracked 
|  58|0x0000000083a00000, 0x0000000083a00000, 0x0000000083b00000|  0%| F|  |TAMS 0x0000000083a00000, 0x0000000083a00000| Untracked 
|  59|0x0000000083b00000, 0x0000000083b00000, 0x0000000083c00000|  0%| F|  |TAMS 0x0000000083b00000, 0x0000000083b00000| Untracked 
|  60|0x0000000083c00000, 0x0000000083c00000, 0x0000000083d00000|  0%| F|  |TAMS 0x0000000083c00000, 0x0000000083c00000| Untracked 
|  61|0x0000000083d00000, 0x0000000083d00000, 0x0000000083e00000|  0%| F|  |TAMS 0x0000000083d00000, 0x0000000083d00000| Untracked 
|  62|0x0000000083e00000, 0x0000000083e00000, 0x0000000083f00000|  0%| F|  |TAMS 0x0000000083e00000, 0x0000000083e00000| Untracked 
|  63|0x0000000083f00000, 0x0000000083f00000, 0x0000000084000000|  0%| F|  |TAMS 0x0000000083f00000, 0x0000000083f00000| Untracked 
|  64|0x0000000084000000, 0x0000000084000000, 0x0000000084100000|  0%| F|  |TAMS 0x0000000084000000, 0x0000000084000000| Untracked 
|  65|0x0000000084100000, 0x0000000084100000, 0x0000000084200000|  0%| F|  |TAMS 0x0000000084100000, 0x0000000084100000| Untracked 
|  66|0x0000000084200000, 0x0000000084200000, 0x0000000084300000|  0%| F|  |TAMS 0x0000000084200000, 0x0000000084200000| Untracked 
|  67|0x0000000084300000, 0x0000000084300000, 0x0000000084400000|  0%| F|  |TAMS 0x0000000084300000, 0x0000000084300000| Untracked 
|  68|0x0000000084400000, 0x0000000084400000, 0x0000000084500000|  0%| F|  |TAMS 0x0000000084400000, 0x0000000084400000| Untracked 
|  69|0x0000000084500000, 0x0000000084500000, 0x0000000084600000|  0%| F|  |TAMS 0x0000000084500000, 0x0000000084500000| Untracked 
|  70|0x0000000084600000, 0x0000000084600000, 0x0000000084700000|  0%| F|  |TAMS 0x0000000084600000, 0x0000000084600000| Untracked 
|  71|0x0000000084700000, 0x0000000084700000, 0x0000000084800000|  0%| F|  |TAMS 0x0000000084700000, 0x0000000084700000| Untracked 
|  72|0x0000000084800000, 0x0000000084800000, 0x0000000084900000|  0%| F|  |TAMS 0x0000000084800000, 0x0000000084800000| Untracked 
|  73|0x0000000084900000, 0x0000000084900000, 0x0000000084a00000|  0%| F|  |TAMS 0x0000000084900000, 0x0000000084900000| Untracked 
|  74|0x0000000084a00000, 0x0000000084a00000, 0x0000000084b00000|  0%| F|  |TAMS 0x0000000084a00000, 0x0000000084a00000| Untracked 
|  75|0x0000000084b00000, 0x0000000084b00000, 0x0000000084c00000|  0%| F|  |TAMS 0x0000000084b00000, 0x0000000084b00000| Untracked 
|  76|0x0000000084c00000, 0x0000000084c00000, 0x0000000084d00000|  0%| F|  |TAMS 0x0000000084c00000, 0x0000000084c00000| Untracked 
|  77|0x0000000084d00000, 0x0000000084d00000, 0x0000000084e00000|  0%| F|  |TAMS 0x0000000084d00000, 0x0000000084d00000| Untracked 
|  78|0x0000000084e00000, 0x0000000084e00000, 0x0000000084f00000|  0%| F|  |TAMS 0x0000000084e00000, 0x0000000084e00000| Untracked 
|  79|0x0000000084f00000, 0x0000000084f00000, 0x0000000085000000|  0%| F|  |TAMS 0x0000000084f00000, 0x0000000084f00000| Untracked 
|  80|0x0000000085000000, 0x0000000085000000, 0x0000000085100000|  0%| F|  |TAMS 0x0000000085000000, 0x0000000085000000| Untracked 
|  81|0x0000000085100000, 0x0000000085100000, 0x0000000085200000|  0%| F|  |TAMS 0x0000000085100000, 0x0000000085100000| Untracked 
|  82|0x0000000085200000, 0x0000000085200000, 0x0000000085300000|  0%| F|  |TAMS 0x0000000085200000, 0x0000000085200000| Untracked 
|  83|0x0000000085300000, 0x0000000085300000, 0x0000000085400000|  0%| F|  |TAMS 0x0000000085300000, 0x0000000085300000| Untracked 
|  84|0x0000000085400000, 0x0000000085400000, 0x0000000085500000|  0%| F|  |TAMS 0x0000000085400000, 0x0000000085400000| Untracked 
|  85|0x0000000085500000, 0x0000000085500000, 0x0000000085600000|  0%| F|  |TAMS 0x0000000085500000, 0x0000000085500000| Untracked 
|  86|0x0000000085600000, 0x0000000085600000, 0x0000000085700000|  0%| F|  |TAMS 0x0000000085600000, 0x0000000085600000| Untracked 
|  87|0x0000000085700000, 0x00000000857d31d0, 0x0000000085800000| 82%| S|CS|TAMS 0x0000000085700000, 0x0000000085700000| Complete 
|  88|0x0000000085800000, 0x0000000085900000, 0x0000000085900000|100%| S|CS|TAMS 0x0000000085800000, 0x0000000085800000| Complete 
|  89|0x0000000085900000, 0x0000000085a00000, 0x0000000085a00000|100%| S|CS|TAMS 0x0000000085900000, 0x0000000085900000| Complete 
|  90|0x0000000085a00000, 0x0000000085b00000, 0x0000000085b00000|100%| S|CS|TAMS 0x0000000085a00000, 0x0000000085a00000| Complete 
|  91|0x0000000085b00000, 0x0000000085c00000, 0x0000000085c00000|100%| S|CS|TAMS 0x0000000085b00000, 0x0000000085b00000| Complete 
|  92|0x0000000085c00000, 0x0000000085d00000, 0x0000000085d00000|100%| S|CS|TAMS 0x0000000085c00000, 0x0000000085c00000| Complete 
|  93|0x0000000085d00000, 0x0000000085e00000, 0x0000000085e00000|100%| S|CS|TAMS 0x0000000085d00000, 0x0000000085d00000| Complete 
|  94|0x0000000085e00000, 0x0000000085e00000, 0x0000000085f00000|  0%| F|  |TAMS 0x0000000085e00000, 0x0000000085e00000| Untracked 
|  95|0x0000000085f00000, 0x0000000085f00000, 0x0000000086000000|  0%| F|  |TAMS 0x0000000085f00000, 0x0000000085f00000| Untracked 
|  96|0x0000000086000000, 0x0000000086000000, 0x0000000086100000|  0%| F|  |TAMS 0x0000000086000000, 0x0000000086000000| Untracked 
|  97|0x0000000086100000, 0x0000000086100000, 0x0000000086200000|  0%| F|  |TAMS 0x0000000086100000, 0x0000000086100000| Untracked 
|  98|0x0000000086200000, 0x0000000086200000, 0x0000000086300000|  0%| F|  |TAMS 0x0000000086200000, 0x0000000086200000| Untracked 
|  99|0x0000000086300000, 0x0000000086300000, 0x0000000086400000|  0%| F|  |TAMS 0x0000000086300000, 0x0000000086300000| Untracked 
| 100|0x0000000086400000, 0x0000000086400000, 0x0000000086500000|  0%| F|  |TAMS 0x0000000086400000, 0x0000000086400000| Untracked 
| 101|0x0000000086500000, 0x0000000086500000, 0x0000000086600000|  0%| F|  |TAMS 0x0000000086500000, 0x0000000086500000| Untracked 
| 102|0x0000000086600000, 0x0000000086600000, 0x0000000086700000|  0%| F|  |TAMS 0x0000000086600000, 0x0000000086600000| Untracked 
| 103|0x0000000086700000, 0x0000000086700000, 0x0000000086800000|  0%| F|  |TAMS 0x0000000086700000, 0x0000000086700000| Untracked 
| 104|0x0000000086800000, 0x0000000086800000, 0x0000000086900000|  0%| F|  |TAMS 0x0000000086800000, 0x0000000086800000| Untracked 
| 105|0x0000000086900000, 0x0000000086900000, 0x0000000086a00000|  0%| F|  |TAMS 0x0000000086900000, 0x0000000086900000| Untracked 
| 106|0x0000000086a00000, 0x0000000086a00000, 0x0000000086b00000|  0%| F|  |TAMS 0x0000000086a00000, 0x0000000086a00000| Untracked 
| 107|0x0000000086b00000, 0x0000000086b00000, 0x0000000086c00000|  0%| F|  |TAMS 0x0000000086b00000, 0x0000000086b00000| Untracked 
| 108|0x0000000086c00000, 0x0000000086c00000, 0x0000000086d00000|  0%| F|  |TAMS 0x0000000086c00000, 0x0000000086c00000| Untracked 
| 109|0x0000000086d00000, 0x0000000086d00000, 0x0000000086e00000|  0%| F|  |TAMS 0x0000000086d00000, 0x0000000086d00000| Untracked 
| 110|0x0000000086e00000, 0x0000000086e00000, 0x0000000086f00000|  0%| F|  |TAMS 0x0000000086e00000, 0x0000000086e00000| Untracked 
| 111|0x0000000086f00000, 0x0000000086f00000, 0x0000000087000000|  0%| F|  |TAMS 0x0000000086f00000, 0x0000000086f00000| Untracked 
| 112|0x0000000087000000, 0x0000000087000000, 0x0000000087100000|  0%| F|  |TAMS 0x0000000087000000, 0x0000000087000000| Untracked 
| 113|0x0000000087100000, 0x0000000087100000, 0x0000000087200000|  0%| F|  |TAMS 0x0000000087100000, 0x0000000087100000| Untracked 
| 114|0x0000000087200000, 0x0000000087200000, 0x0000000087300000|  0%| F|  |TAMS 0x0000000087200000, 0x0000000087200000| Untracked 
| 115|0x0000000087300000, 0x0000000087300000, 0x0000000087400000|  0%| F|  |TAMS 0x0000000087300000, 0x0000000087300000| Untracked 
| 116|0x0000000087400000, 0x0000000087400000, 0x0000000087500000|  0%| F|  |TAMS 0x0000000087400000, 0x0000000087400000| Untracked 
| 117|0x0000000087500000, 0x0000000087500000, 0x0000000087600000|  0%| F|  |TAMS 0x0000000087500000, 0x0000000087500000| Untracked 
| 118|0x0000000087600000, 0x0000000087600000, 0x0000000087700000|  0%| F|  |TAMS 0x0000000087600000, 0x0000000087600000| Untracked 
| 119|0x0000000087700000, 0x0000000087700000, 0x0000000087800000|  0%| F|  |TAMS 0x0000000087700000, 0x0000000087700000| Untracked 
| 120|0x0000000087800000, 0x0000000087800000, 0x0000000087900000|  0%| F|  |TAMS 0x0000000087800000, 0x0000000087800000| Untracked 
| 121|0x0000000087900000, 0x0000000087900000, 0x0000000087a00000|  0%| F|  |TAMS 0x0000000087900000, 0x0000000087900000| Untracked 
| 122|0x0000000087a00000, 0x0000000087a00000, 0x0000000087b00000|  0%| F|  |TAMS 0x0000000087a00000, 0x0000000087a00000| Untracked 
| 123|0x0000000087b00000, 0x0000000087b00000, 0x0000000087c00000|  0%| F|  |TAMS 0x0000000087b00000, 0x0000000087b00000| Untracked 
| 124|0x0000000087c00000, 0x0000000087c00000, 0x0000000087d00000|  0%| F|  |TAMS 0x0000000087c00000, 0x0000000087c00000| Untracked 
| 125|0x0000000087d00000, 0x0000000087d00000, 0x0000000087e00000|  0%| F|  |TAMS 0x0000000087d00000, 0x0000000087d00000| Untracked 
| 126|0x0000000087e00000, 0x0000000087e00000, 0x0000000087f00000|  0%| F|  |TAMS 0x0000000087e00000, 0x0000000087e00000| Untracked 
| 127|0x0000000087f00000, 0x0000000087f00000, 0x0000000088000000|  0%| F|  |TAMS 0x0000000087f00000, 0x0000000087f00000| Untracked 
| 128|0x0000000088000000, 0x0000000088000000, 0x0000000088100000|  0%| F|  |TAMS 0x0000000088000000, 0x0000000088000000| Untracked 
| 129|0x0000000088100000, 0x0000000088100000, 0x0000000088200000|  0%| F|  |TAMS 0x0000000088100000, 0x0000000088100000| Untracked 
| 130|0x0000000088200000, 0x0000000088200000, 0x0000000088300000|  0%| F|  |TAMS 0x0000000088200000, 0x0000000088200000| Untracked 
| 131|0x0000000088300000, 0x0000000088300000, 0x0000000088400000|  0%| F|  |TAMS 0x0000000088300000, 0x0000000088300000| Untracked 
| 132|0x0000000088400000, 0x0000000088400000, 0x0000000088500000|  0%| F|  |TAMS 0x0000000088400000, 0x0000000088400000| Untracked 
| 133|0x0000000088500000, 0x0000000088500000, 0x0000000088600000|  0%| F|  |TAMS 0x0000000088500000, 0x0000000088500000| Untracked 
| 134|0x0000000088600000, 0x0000000088600000, 0x0000000088700000|  0%| F|  |TAMS 0x0000000088600000, 0x0000000088600000| Untracked 
| 135|0x0000000088700000, 0x0000000088700000, 0x0000000088800000|  0%| F|  |TAMS 0x0000000088700000, 0x0000000088700000| Untracked 
| 136|0x0000000088800000, 0x0000000088800000, 0x0000000088900000|  0%| F|  |TAMS 0x0000000088800000, 0x0000000088800000| Untracked 
| 137|0x0000000088900000, 0x0000000088900000, 0x0000000088a00000|  0%| F|  |TAMS 0x0000000088900000, 0x0000000088900000| Untracked 
| 138|0x0000000088a00000, 0x0000000088a00000, 0x0000000088b00000|  0%| F|  |TAMS 0x0000000088a00000, 0x0000000088a00000| Untracked 
| 139|0x0000000088b00000, 0x0000000088b00000, 0x0000000088c00000|  0%| F|  |TAMS 0x0000000088b00000, 0x0000000088b00000| Untracked 
| 140|0x0000000088c00000, 0x0000000088c00000, 0x0000000088d00000|  0%| F|  |TAMS 0x0000000088c00000, 0x0000000088c00000| Untracked 
| 141|0x0000000088d00000, 0x0000000088d00000, 0x0000000088e00000|  0%| F|  |TAMS 0x0000000088d00000, 0x0000000088d00000| Untracked 
| 142|0x0000000088e00000, 0x0000000088e00000, 0x0000000088f00000|  0%| F|  |TAMS 0x0000000088e00000, 0x0000000088e00000| Untracked 
| 143|0x0000000088f00000, 0x0000000088f00000, 0x0000000089000000|  0%| F|  |TAMS 0x0000000088f00000, 0x0000000088f00000| Untracked 
| 144|0x0000000089000000, 0x0000000089000000, 0x0000000089100000|  0%| F|  |TAMS 0x0000000089000000, 0x0000000089000000| Untracked 
| 145|0x0000000089100000, 0x0000000089100000, 0x0000000089200000|  0%| F|  |TAMS 0x0000000089100000, 0x0000000089100000| Untracked 
| 146|0x0000000089200000, 0x0000000089200000, 0x0000000089300000|  0%| F|  |TAMS 0x0000000089200000, 0x0000000089200000| Untracked 
| 147|0x0000000089300000, 0x0000000089300000, 0x0000000089400000|  0%| F|  |TAMS 0x0000000089300000, 0x0000000089300000| Untracked 
| 148|0x0000000089400000, 0x0000000089400000, 0x0000000089500000|  0%| F|  |TAMS 0x0000000089400000, 0x0000000089400000| Untracked 
| 149|0x0000000089500000, 0x0000000089500000, 0x0000000089600000|  0%| F|  |TAMS 0x0000000089500000, 0x0000000089500000| Untracked 
| 150|0x0000000089600000, 0x0000000089600000, 0x0000000089700000|  0%| F|  |TAMS 0x0000000089600000, 0x0000000089600000| Untracked 
| 151|0x0000000089700000, 0x0000000089700000, 0x0000000089800000|  0%| F|  |TAMS 0x0000000089700000, 0x0000000089700000| Untracked 
| 152|0x0000000089800000, 0x0000000089800000, 0x0000000089900000|  0%| F|  |TAMS 0x0000000089800000, 0x0000000089800000| Untracked 
| 153|0x0000000089900000, 0x0000000089900000, 0x0000000089a00000|  0%| F|  |TAMS 0x0000000089900000, 0x0000000089900000| Untracked 

Card table byte_map: [0x000001fcf2ab0000,0x000001fcf2eb0000] _byte_map_base: 0x000001fcf26b0000

Marking Bits (Prev, Next): (CMBitMap*) 0x000001fcecdbfd20, (CMBitMap*) 0x000001fcecdbfce8
 Prev Bits: [0x000001fcf52b0000, 0x000001fcf72b0000)
 Next Bits: [0x000001fcf32b0000, 0x000001fcf52b0000)

Polling page: 0x000001fcecb40000

Metaspace:

Usage:
  Non-class:     56.31 MB capacity,    55.43 MB ( 98%) used,   740.73 KB (  1%) free+waste,   164.50 KB ( <1%) overhead. 
      Class:      8.55 MB capacity,     8.00 MB ( 94%) used,   485.76 KB (  6%) free+waste,    76.69 KB ( <1%) overhead. 
       Both:     64.86 MB capacity,    63.43 MB ( 98%) used,     1.20 MB (  2%) free+waste,   241.19 KB ( <1%) overhead. 

Virtual space:
  Non-class space:       58.00 MB reserved,      56.34 MB ( 97%) committed 
      Class space:        1.00 GB reserved,       8.57 MB ( <1%) committed 
             Both:        1.06 GB reserved,      64.91 MB (  6%) committed 

Chunk freelists:
   Non-Class:  27.00 KB
       Class:  14.00 KB
        Both:  41.00 KB

MaxMetaspaceSize: 17179869184.00 GB
CompressedClassSpaceSize: 1.00 GB

CodeHeap 'non-profiled nmethods': size=120064Kb used=3761Kb max_used=3761Kb free=116302Kb
 bounds [0x000001fc87ac0000, 0x000001fc87e70000, 0x000001fc8f000000]
CodeHeap 'profiled nmethods': size=120000Kb used=13616Kb max_used=13616Kb free=106383Kb
 bounds [0x000001fc80590000, 0x000001fc812e0000, 0x000001fc87ac0000]
CodeHeap 'non-nmethods': size=5696Kb used=2264Kb max_used=2320Kb free=3432Kb
 bounds [0x000001fc80000000, 0x000001fc80270000, 0x000001fc80590000]
 total_blobs=7283 nmethods=6430 adapters=764
 compilation: enabled
              stopped_count=0, restarted_count=0
 full_count=0

Compilation events (20 events):
Event: 13.489 Thread 0x000001fcf98dd000 6453       1       org.gradle.api.internal.project.DefaultProjectStateRegistry$ProjectStateImpl::getProjectPath (5 bytes)
Event: 13.489 Thread 0x000001fcf98dd000 nmethod 6453 0x000001fc87e65e90 code [0x000001fc87e66040, 0x000001fc87e660f8]
Event: 13.490 Thread 0x000001fcf98dd000 6454       1       org.gradle.api.internal.project.DefaultProjectStateRegistry$ProjectStateImpl::getIdentityPath (5 bytes)
Event: 13.490 Thread 0x000001fcf98dd000 nmethod 6454 0x000001fc87e66190 code [0x000001fc87e66340, 0x000001fc87e663f8]
Event: 13.553 Thread 0x000001fcf98da000 nmethod 6409 0x000001fc87e66490 code [0x000001fc87e66840, 0x000001fc87e692b8]
Event: 13.553 Thread 0x000001fcf98da000 6441       4       java.lang.ThreadLocal$ThreadLocalMap::set (136 bytes)
Event: 13.568 Thread 0x000001fcf98da000 nmethod 6441 0x000001fc87e6a110 code [0x000001fc87e6a2e0, 0x000001fc87e6abf8]
Event: 13.568 Thread 0x000001fcf98da000 6444   !   4       java.util.concurrent.ConcurrentHashMap::replaceNode (437 bytes)
Event: 13.582 Thread 0x000001fcf98da000 nmethod 6444 0x000001fc87e6af90 code [0x000001fc87e6b140, 0x000001fc87e6ba88]
Event: 13.599 Thread 0x000001fcf98da000 6455       4       java.util.jar.JarFile::getManifest (5 bytes)
Event: 13.600 Thread 0x000001fcf98da000 nmethod 6455 0x000001fc87e6bf90 code [0x000001fc87e6c120, 0x000001fc87e6c1a8]
Event: 13.607 Thread 0x000001fcf98dd000 6456   !   3       sun.nio.cs.StreamDecoder::readBytes (289 bytes)
Event: 13.608 Thread 0x000001fcf98dd000 nmethod 6456 0x000001fc812d9910 code [0x000001fc812d9c20, 0x000001fc812dabc8]
Event: 13.608 Thread 0x000001fcf98dd000 6457       3       java.nio.HeapByteBuffer::compact (85 bytes)
Event: 13.608 Thread 0x000001fcf98dd000 nmethod 6457 0x000001fc812db410 code [0x000001fc812db620, 0x000001fc812dbc28]
Event: 13.608 Thread 0x000001fcf98dd000 6458       3       java.io.FilterInputStream::read (11 bytes)
Event: 13.608 Thread 0x000001fcf98dd000 nmethod 6458 0x000001fc812dbe10 code [0x000001fc812dbfc0, 0x000001fc812dc188]
Event: 13.618 Thread 0x000001fcf98da000 6459       4       jdk.internal.reflect.AccessorGenerator::sub (5 bytes)
Event: 13.618 Thread 0x000001fcf98da000 nmethod 6459 0x000001fc87e6c290 code [0x000001fc87e6c420, 0x000001fc87e6c478]
Event: 13.619 Thread 0x000001fcf98da000 6460       4       jdk.internal.reflect.ClassFileAssembler::emitShort (24 bytes)

GC Heap History (20 events):
Event: 1.210 GC heap after
{Heap after GC invocations=2 (full 0):
 garbage-first heap   total 131072K, used 9428K [0x0000000080000000, 0x0000000100000000)
  region size 1024K, 2 young (2048K), 2 survivors (2048K)
 Metaspace       used 10304K, capacity 10565K, committed 10624K, reserved 1058816K
  class space    used 1073K, capacity 1139K, committed 1152K, reserved 1048576K
}
Event: 1.950 GC heap before
{Heap before GC invocations=2 (full 0):
 garbage-first heap   total 131072K, used 37076K [0x0000000080000000, 0x0000000100000000)
  region size 1024K, 29 young (29696K), 2 survivors (2048K)
 Metaspace       used 11252K, capacity 11520K, committed 11776K, reserved 1060864K
  class space    used 1176K, capacity 1244K, committed 1280K, reserved 1048576K
}
Event: 1.954 GC heap after
{Heap after GC invocations=3 (full 0):
 garbage-first heap   total 131072K, used 12593K [0x0000000080000000, 0x0000000100000000)
  region size 1024K, 4 young (4096K), 4 survivors (4096K)
 Metaspace       used 11252K, capacity 11520K, committed 11776K, reserved 1060864K
  class space    used 1176K, capacity 1244K, committed 1280K, reserved 1048576K
}
Event: 2.920 GC heap before
{Heap before GC invocations=3 (full 0):
 garbage-first heap   total 131072K, used 52529K [0x0000000080000000, 0x0000000100000000)
  region size 1024K, 44 young (45056K), 4 survivors (4096K)
 Metaspace       used 17414K, capacity 17812K, committed 18048K, reserved 1064960K
  class space    used 2041K, capacity 2155K, committed 2176K, reserved 1048576K
}
Event: 2.926 GC heap after
{Heap after GC invocations=4 (full 0):
 garbage-first heap   total 131072K, used 16224K [0x0000000080000000, 0x0000000100000000)
  region size 1024K, 6 young (6144K), 6 survivors (6144K)
 Metaspace       used 17414K, capacity 17812K, committed 18048K, reserved 1064960K
  class space    used 2041K, capacity 2155K, committed 2176K, reserved 1048576K
}
Event: 3.307 GC heap before
{Heap before GC invocations=4 (full 0):
 garbage-first heap   total 131072K, used 42848K [0x0000000080000000, 0x0000000100000000)
  region size 1024K, 33 young (33792K), 6 survivors (6144K)
 Metaspace       used 20673K, capacity 21116K, committed 21296K, reserved 1069056K
  class space    used 2532K, capacity 2660K, committed 2688K, reserved 1048576K
}
Event: 3.315 GC heap after
{Heap after GC invocations=5 (full 0):
 garbage-first heap   total 131072K, used 17326K [0x0000000080000000, 0x0000000100000000)
  region size 1024K, 2 young (2048K), 2 survivors (2048K)
 Metaspace       used 20673K, capacity 21116K, committed 21296K, reserved 1069056K
  class space    used 2532K, capacity 2660K, committed 2688K, reserved 1048576K
}
Event: 4.312 GC heap before
{Heap before GC invocations=6 (full 0):
 garbage-first heap   total 131072K, used 64430K [0x0000000080000000, 0x0000000100000000)
  region size 1024K, 49 young (50176K), 2 survivors (2048K)
 Metaspace       used 25784K, capacity 26409K, committed 26544K, reserved 1073152K
  class space    used 3368K, capacity 3580K, committed 3584K, reserved 1048576K
}
Event: 4.318 GC heap after
{Heap after GC invocations=7 (full 0):
 garbage-first heap   total 131072K, used 19115K [0x0000000080000000, 0x0000000100000000)
  region size 1024K, 3 young (3072K), 3 survivors (3072K)
 Metaspace       used 25784K, capacity 26409K, committed 26544K, reserved 1073152K
  class space    used 3368K, capacity 3580K, committed 3584K, reserved 1048576K
}
Event: 5.342 GC heap before
{Heap before GC invocations=7 (full 0):
 garbage-first heap   total 131072K, used 78507K [0x0000000080000000, 0x0000000100000000)
  region size 1024K, 62 young (63488K), 3 survivors (3072K)
 Metaspace       used 34905K, capacity 35660K, committed 35708K, reserved 1081344K
  class space    used 4538K, capacity 4861K, committed 4864K, reserved 1048576K
}
Event: 5.357 GC heap after
{Heap after GC invocations=8 (full 0):
 garbage-first heap   total 131072K, used 22664K [0x0000000080000000, 0x0000000100000000)
  region size 1024K, 7 young (7168K), 7 survivors (7168K)
 Metaspace       used 34905K, capacity 35660K, committed 35708K, reserved 1081344K
  class space    used 4538K, capacity 4861K, committed 4864K, reserved 1048576K
}
Event: 6.339 GC heap before
{Heap before GC invocations=9 (full 0):
 garbage-first heap   total 131072K, used 88200K [0x0000000080000000, 0x0000000100000000)
  region size 1024K, 69 young (70656K), 7 survivors (7168K)
 Metaspace       used 39820K, capacity 40790K, committed 40904K, reserved 1085440K
  class space    used 5082K, capacity 5435K, committed 5452K, reserved 1048576K
}
Event: 6.354 GC heap after
{Heap after GC invocations=10 (full 0):
 garbage-first heap   total 157696K, used 28222K [0x0000000080000000, 0x0000000100000000)
  region size 1024K, 9 young (9216K), 9 survivors (9216K)
 Metaspace       used 39820K, capacity 40790K, committed 40904K, reserved 1085440K
  class space    used 5082K, capacity 5435K, committed 5452K, reserved 1048576K
}
Event: 7.377 GC heap before
{Heap before GC invocations=10 (full 0):
 garbage-first heap   total 157696K, used 102974K [0x0000000080000000, 0x0000000100000000)
  region size 1024K, 82 young (83968K), 9 survivors (9216K)
 Metaspace       used 46733K, capacity 47870K, committed 48200K, reserved 1091584K
  class space    used 6016K, capacity 6467K, committed 6604K, reserved 1048576K
}
Event: 7.390 GC heap after
{Heap after GC invocations=11 (full 0):
 garbage-first heap   total 157696K, used 30497K [0x0000000080000000, 0x0000000100000000)
  region size 1024K, 8 young (8192K), 8 survivors (8192K)
 Metaspace       used 46733K, capacity 47870K, committed 48200K, reserved 1091584K
  class space    used 6016K, capacity 6467K, committed 6604K, reserved 1048576K
}
Event: 8.874 GC heap before
{Heap before GC invocations=11 (full 0):
 garbage-first heap   total 157696K, used 120609K [0x0000000080000000, 0x0000000100000000)
  region size 1024K, 92 young (94208K), 8 survivors (8192K)
 Metaspace       used 53154K, capacity 54460K, committed 54600K, reserved 1097728K
  class space    used 6766K, capacity 7280K, committed 7372K, reserved 1048576K
}
Event: 8.892 GC heap after
{Heap after GC invocations=12 (full 0):
 garbage-first heap   total 157696K, used 45209K [0x0000000080000000, 0x0000000100000000)
  region size 1024K, 12 young (12288K), 12 survivors (12288K)
 Metaspace       used 53154K, capacity 54460K, committed 54600K, reserved 1097728K
  class space    used 6766K, capacity 7280K, committed 7372K, reserved 1048576K
}
Event: 9.591 GC heap before
{Heap before GC invocations=12 (full 0):
 garbage-first heap   total 157696K, used 81049K [0x0000000080000000, 0x0000000100000000)
  region size 1024K, 48 young (49152K), 12 survivors (12288K)
 Metaspace       used 58595K, capacity 59936K, committed 60068K, reserved 1101824K
  class space    used 7407K, capacity 7949K, committed 8012K, reserved 1048576K
}
Event: 9.616 GC heap after
{Heap after GC invocations=13 (full 0):
 garbage-first heap   total 157696K, used 47793K [0x0000000080000000, 0x0000000100000000)
  region size 1024K, 3 young (3072K), 3 survivors (3072K)
 Metaspace       used 58595K, capacity 59936K, committed 60068K, reserved 1101824K
  class space    used 7407K, capacity 7949K, committed 8012K, reserved 1048576K
}
Event: 13.621 GC heap before
{Heap before GC invocations=14 (full 0):
 garbage-first heap   total 157696K, used 106161K [0x0000000080000000, 0x0000000100000000)
  region size 1024K, 60 young (61440K), 3 survivors (3072K)
 Metaspace       used 64947K, capacity 66415K, committed 66468K, reserved 1107968K
  class space    used 8191K, capacity 8754K, committed 8780K, reserved 1048576K
}

Deoptimization events (20 events):
Event: 10.264 Thread 0x000001fcfca37800 DEOPT PACKING pc=0x000001fc811fdfa8 sp=0x000000c068af3700
Event: 10.264 Thread 0x000001fcfca37800 DEOPT UNPACKING pc=0x000001fc80026dde sp=0x000000c068af2bb8 mode 0
Event: 10.266 Thread 0x000001fcfca37800 DEOPT PACKING pc=0x000001fc811fdfa8 sp=0x000000c068af3700
Event: 10.266 Thread 0x000001fcfca37800 DEOPT UNPACKING pc=0x000001fc80026dde sp=0x000000c068af2bb8 mode 0
Event: 10.266 Thread 0x000001fcfca37800 DEOPT PACKING pc=0x000001fc811fdfa8 sp=0x000000c068af3700
Event: 10.266 Thread 0x000001fcfca37800 DEOPT UNPACKING pc=0x000001fc80026dde sp=0x000000c068af2bb8 mode 0
Event: 10.266 Thread 0x000001fcfca37800 DEOPT PACKING pc=0x000001fc811fdfa8 sp=0x000000c068af3700
Event: 10.266 Thread 0x000001fcfca37800 DEOPT UNPACKING pc=0x000001fc80026dde sp=0x000000c068af2bb8 mode 0
Event: 11.504 Thread 0x000001fcfca37800 DEOPT PACKING pc=0x000001fc8122ea9b sp=0x000000c068af70f0
Event: 11.504 Thread 0x000001fcfca37800 DEOPT UNPACKING pc=0x000001fc80026dde sp=0x000000c068af6560 mode 0
Event: 12.110 Thread 0x000001fcfca37800 DEOPT PACKING pc=0x000001fc8122ea9b sp=0x000000c068af63f0
Event: 12.110 Thread 0x000001fcfca37800 DEOPT UNPACKING pc=0x000001fc80026dde sp=0x000000c068af5860 mode 0
Event: 12.143 Thread 0x000001fcfca37800 Uncommon trap: trap_request=0xffffffdc fr.pc=0x000001fc87e42cec relative=0x00000000000002ac
Event: 12.143 Thread 0x000001fcfca37800 Uncommon trap: reason=class_check action=make_not_entrant pc=0x000001fc87e42cec method=java.util.ArrayList.toArray([Ljava/lang/Object;)[Ljava/lang/Object; @ 21 c2
Event: 12.143 Thread 0x000001fcfca37800 DEOPT PACKING pc=0x000001fc87e42cec sp=0x000000c068af68b0
Event: 12.143 Thread 0x000001fcfca37800 DEOPT UNPACKING pc=0x000001fc8002662f sp=0x000000c068af6880 mode 2
Event: 13.395 Thread 0x000001fcfca37800 Uncommon trap: trap_request=0xffffff4d fr.pc=0x000001fc87d4eb1c relative=0x000000000000033c
Event: 13.395 Thread 0x000001fcfca37800 Uncommon trap: reason=unstable_if action=reinterpret pc=0x000001fc87d4eb1c method=org.gradle.internal.reflect.PropertyAccessorType.of(Ljava/lang/reflect/Method;)Lorg/gradle/internal/reflect/PropertyAccessorType; @ 56 c2
Event: 13.395 Thread 0x000001fcfca37800 DEOPT PACKING pc=0x000001fc87d4eb1c sp=0x000000c068af71d0
Event: 13.395 Thread 0x000001fcfca37800 DEOPT UNPACKING pc=0x000001fc8002662f sp=0x000000c068af7190 mode 2

Classes redefined (0 events):
No events

Internal exceptions (20 events):
Event: 8.289 Thread 0x000001fcfc19f800 Exception <a 'java/lang/NoSuchMethodError'{0x00000000868af2c8}: <clinit>> (0x00000000868af2c8) thrown at [./src/hotspot/share/prims/jni.cpp, line 1362]
Event: 8.291 Thread 0x000001fcfc19f800 Exception <a 'java/lang/NoSuchMethodError'{0x00000000868b97f8}: <clinit>> (0x00000000868b97f8) thrown at [./src/hotspot/share/prims/jni.cpp, line 1362]
Event: 8.295 Thread 0x000001fcfc19f800 Exception <a 'java/lang/NoSuchMethodError'{0x00000000868cd140}: <clinit>> (0x00000000868cd140) thrown at [./src/hotspot/share/prims/jni.cpp, line 1362]
Event: 8.302 Thread 0x000001fcfca37800 Exception <a 'java/lang/ClassNotFoundException'{0x00000000868ee7c8}: build_ewdawyjovjlmq9di9fbyqji5bBeanInfo> (0x00000000868ee7c8) thrown at [./src/hotspot/share/classfile/systemDictionary.cpp, line 231]
Event: 8.302 Thread 0x000001fcfca37800 Exception <a 'java/lang/ClassNotFoundException'{0x00000000868f96c0}: build_ewdawyjovjlmq9di9fbyqji5bCustomizer> (0x00000000868f96c0) thrown at [./src/hotspot/share/classfile/systemDictionary.cpp, line 231]
Event: 8.335 Thread 0x000001fcfca37800 Exception <a 'java/lang/ClassNotFoundException'{0x000000008667ced8}: org/gradle/api/internal/plugins/DefaultObjectConfigurationActionBeanInfo> (0x000000008667ced8) thrown at [./src/hotspot/share/classfile/systemDictionary.cpp, line 231]
Event: 8.336 Thread 0x000001fcfca37800 Exception <a 'java/lang/ClassNotFoundException'{0x00000000866b1da0}: org/gradle/api/internal/plugins/DefaultObjectConfigurationActionCustomizer> (0x00000000866b1da0) thrown at [./src/hotspot/share/classfile/systemDictionary.cpp, line 231]
Event: 8.525 Thread 0x000001fcfca37800 Exception <a 'java/lang/NoSuchMethodError'{0x0000000085cf82c8}: 'java.lang.Object java.lang.invoke.DirectMethodHandle$Holder.invokeStatic(java.lang.Object, java.lang.Object, java.lang.Object, java.lang.Object, int)'> (0x0000000085cf82c8) thrown at [./src/hotspot/share/interpreter/linkResolver.cpp, line 773]
Event: 8.525 Thread 0x000001fcfca37800 Exception <a 'java/lang/NoSuchMethodError'{0x0000000085cfccc0}: 'java.lang.Object java.lang.invoke.DirectMethodHandle$Holder.invokeSpecial(java.lang.Object, java.lang.Object, java.lang.Object, java.lang.Object, java.lang.Object, int)'> (0x0000000085cfccc0) thrown at [./src/hotspot/share/interpreter/linkResolver.cpp, line 773]
Event: 8.525 Thread 0x000001fcfca37800 Exception <a 'java/lang/NoSuchMethodError'{0x0000000085b017e0}: 'java.lang.Object java.lang.invoke.Invokers$Holder.linkToTargetMethod(java.lang.Object, java.lang.Object, java.lang.Object, int, java.lang.Object)'> (0x0000000085b017e0) thrown at [./src/hotspot/share/interpreter/linkResolver.cpp, line 773]
Event: 8.786 Thread 0x000001fcfca37800 Exception <a 'java/lang/NoSuchMethodError'{0x00000000845dab08}: 'java.lang.Object java.lang.invoke.DirectMethodHandle$Holder.invokeSpecial(java.lang.Object, java.lang.Object, int, int, java.lang.Object, java.lang.Object, java.lang.Object)'> (0x00000000845dab08) thrown at [./src/hotspot/share/interpreter/linkResolver.cpp, line 773]
Event: 8.786 Thread 0x000001fcfca37800 Exception <a 'java/lang/NoSuchMethodError'{0x00000000845df088}: 'java.lang.Object java.lang.invoke.DelegatingMethodHandle$Holder.reinvoke_L(java.lang.Object, int, int, java.lang.Object, java.lang.Object, java.lang.Object)'> (0x00000000845df088) thrown at [./src/hotspot/share/interpreter/linkResolver.cpp, line 773]
Event: 9.029 Thread 0x000001fcfca37800 Exception <a 'java/lang/NoSuchMethodError'{0x00000000894059a0}: 'int java.lang.invoke.DirectMethodHandle$Holder.invokeInterface(java.lang.Object, java.lang.Object, java.lang.Object, java.lang.Object)'> (0x00000000894059a0) thrown at [./src/hotspot/share/interpreter/linkResolver.cpp, line 773]
Event: 9.452 Thread 0x000001fcfca37800 Exception <a 'java/lang/NoSuchMethodError'{0x0000000087e6a180}: 'void java.lang.invoke.DirectMethodHandle$Holder.invokeInterface(java.lang.Object, java.lang.Object, java.lang.Object, java.lang.Object)'> (0x0000000087e6a180) thrown at [./src/hotspot/share/interpreter/linkResolver.cpp, line 773]
Event: 9.637 Thread 0x000001fcfca37800 Exception <a 'java/lang/IncompatibleClassChangeError'{0x000000008990c7c8}: Found class java.lang.Object, but interface was expected> (0x000000008990c7c8) thrown at [./src/hotspot/share/interpreter/linkResolver.cpp, line 839]
Event: 9.759 Thread 0x000001fcfca37800 Implicit null exception at 0x000001fc87dc3a54 to 0x000001fc87dc3c38
Event: 9.759 Thread 0x000001fcfca37800 Implicit null exception at 0x000001fc87d72a7f to 0x000001fc87d746e4
Event: 9.914 Thread 0x000001fcfca37800 Implicit null exception at 0x000001fc87cee72d to 0x000001fc87cee9e4
Event: 10.143 Thread 0x000001fcfca37800 Implicit null exception at 0x000001fc87c362ac to 0x000001fc87c3645a
Event: 10.321 Thread 0x000001fcfca37800 Exception <a 'sun/nio/fs/WindowsException'{0x000000008838c898}> (0x000000008838c898) thrown at [./src/hotspot/share/prims/jni.cpp, line 615]

Events (20 events):
Event: 13.613 loading class com/google/gson/internal/UnsafeAllocator done
Event: 13.613 loading class com/google/gson/internal/UnsafeAllocator$1
Event: 13.613 loading class com/google/gson/internal/UnsafeAllocator$1 done
Event: 13.614 loading class com/google/gson/internal/UnsafeAllocator$2
Event: 13.614 loading class com/google/gson/internal/UnsafeAllocator$2 done
Event: 13.614 loading class com/google/gson/internal/UnsafeAllocator$3
Event: 13.614 loading class com/google/gson/internal/UnsafeAllocator$3 done
Event: 13.615 loading class com/google/gson/internal/UnsafeAllocator$4
Event: 13.615 loading class com/google/gson/internal/UnsafeAllocator$4 done
Event: 13.616 loading class com/google/gson/internal/ConstructorConstructor$8
Event: 13.616 loading class com/google/gson/internal/ConstructorConstructor$8 done
Event: 13.616 loading class com/android/tools/build/jetifier/core/rule/RewriteRule$JsonData
Event: 13.616 loading class com/android/tools/build/jetifier/core/rule/RewriteRule$JsonData done
Event: 13.618 loading class com/android/tools/build/jetifier/core/PackageMap$PackageRule$JsonData
Event: 13.618 loading class com/android/tools/build/jetifier/core/PackageMap$PackageRule$JsonData done
Event: 13.620 loading class com/android/tools/build/jetifier/core/pom/PomRewriteRule$JsonData
Event: 13.620 loading class com/android/tools/build/jetifier/core/pom/PomRewriteRule$JsonData done
Event: 13.621 loading class com/android/tools/build/jetifier/core/pom/PomDependency
Event: 13.621 loading class com/android/tools/build/jetifier/core/pom/PomDependency done
Event: 13.621 Executing VM operation: G1CollectForAllocation


Dynamic libraries:
0x00007ff7b7050000 - 0x00007ff7b705a000 	C:\Program Files\Android\Android Studio\jre\bin\java.exe
0x00007ffad2b50000 - 0x00007ffad2d3d000 	C:\Windows\SYSTEM32\ntdll.dll
0x00007ffad2050000 - 0x00007ffad2103000 	C:\Windows\System32\KERNEL32.DLL
0x00007ffacf6d0000 - 0x00007ffacf965000 	C:\Windows\System32\KERNELBASE.dll
0x00007ffab34b0000 - 0x00007ffab34c7000 	C:\Program Files\Android\Android Studio\jre\bin\VCRUNTIME140.dll
0x00007ffacf970000 - 0x00007ffacfa6a000 	C:\Windows\System32\ucrtbase.dll
0x00007ffab2e10000 - 0x00007ffab2e29000 	C:\Program Files\Android\Android Studio\jre\bin\jli.dll
0x00007ffad2750000 - 0x00007ffad28e7000 	C:\Windows\System32\USER32.dll
0x00007ffabb4b0000 - 0x00007ffabb729000 	C:\Windows\WinSxS\amd64_microsoft.windows.common-controls_6595b64144ccf1df_6.0.17763.1339_none_de7015e4534c7114\COMCTL32.dll
0x00007ffacec60000 - 0x00007ffacec80000 	C:\Windows\System32\win32u.dll
0x00007ffad23e0000 - 0x00007ffad2409000 	C:\Windows\System32\GDI32.dll
0x00007ffacfa70000 - 0x00007ffacfc0b000 	C:\Windows\System32\gdi32full.dll
0x00007ffacf630000 - 0x00007ffacf6d0000 	C:\Windows\System32\msvcp_win.dll
0x00007ffacffb0000 - 0x00007ffad004e000 	C:\Windows\System32\msvcrt.dll
0x00007ffad2410000 - 0x00007ffad273c000 	C:\Windows\System32\combase.dll
0x00007ffad21d0000 - 0x00007ffad22f2000 	C:\Windows\System32\RPCRT4.dll
0x00007ffacfcc0000 - 0x00007ffacfd3e000 	C:\Windows\System32\bcryptPrimitives.dll
0x00007ffad1850000 - 0x00007ffad187e000 	C:\Windows\System32\IMM32.DLL
0x00007ffa94ba0000 - 0x00007ffa94c3d000 	C:\Program Files\Android\Android Studio\jre\bin\msvcp140.dll
0x00007ffa91f50000 - 0x00007ffa92a25000 	C:\Program Files\Android\Android Studio\jre\bin\server\jvm.dll
0x00007ffad1b20000 - 0x00007ffad1bc3000 	C:\Windows\System32\ADVAPI32.dll
0x00007ffad2900000 - 0x00007ffad299e000 	C:\Windows\System32\sechost.dll
0x00007ffacfda0000 - 0x00007ffacfda8000 	C:\Windows\System32\PSAPI.DLL
0x00007ffac3610000 - 0x00007ffac3619000 	C:\Windows\SYSTEM32\WSOCK32.dll
0x00007ffacb810000 - 0x00007ffacb834000 	C:\Windows\SYSTEM32\WINMM.dll
0x00007ffac9e30000 - 0x00007ffac9e3a000 	C:\Windows\SYSTEM32\VERSION.dll
0x00007ffad01b0000 - 0x00007ffad021d000 	C:\Windows\System32\WS2_32.dll
0x00007ffacb7e0000 - 0x00007ffacb80d000 	C:\Windows\SYSTEM32\WINMMBASE.dll
0x00007ffacec80000 - 0x00007ffacecca000 	C:\Windows\System32\cfgmgr32.dll
0x00007ffaceb80000 - 0x00007ffaceb91000 	C:\Windows\System32\kernel.appcore.dll
0x00007ffabaeb0000 - 0x00007ffabaec1000 	C:\Program Files\Android\Android Studio\jre\bin\verify.dll
0x00007ffabe7f0000 - 0x00007ffabe9dd000 	C:\Windows\SYSTEM32\DBGHELP.DLL
0x00007ffac1fe0000 - 0x00007ffac200a000 	C:\Windows\SYSTEM32\dbgcore.DLL
0x00007ffab79c0000 - 0x00007ffab79e9000 	C:\Program Files\Android\Android Studio\jre\bin\java.dll
0x00007ffac3db0000 - 0x00007ffac3dbb000 	C:\Program Files\Android\Android Studio\jre\bin\jimage.dll
0x00007ffaba3c0000 - 0x00007ffaba3d8000 	C:\Program Files\Android\Android Studio\jre\bin\zip.dll
0x00007ffad0220000 - 0x00007ffad1718000 	C:\Windows\System32\SHELL32.dll
0x00007ffad1880000 - 0x00007ffad1929000 	C:\Windows\System32\shcore.dll
0x00007ffacecd0000 - 0x00007ffacf424000 	C:\Windows\System32\windows.storage.dll
0x00007ffacec00000 - 0x00007ffacec24000 	C:\Windows\System32\profapi.dll
0x00007ffaceba0000 - 0x00007ffacebfd000 	C:\Windows\System32\powrprof.dll
0x00007ffad2380000 - 0x00007ffad23d2000 	C:\Windows\System32\shlwapi.dll
0x00007ffacf610000 - 0x00007ffacf627000 	C:\Windows\System32\cryptsp.dll
0x00007ffab5b90000 - 0x00007ffab5baa000 	C:\Program Files\Android\Android Studio\jre\bin\net.dll
0x00007ffac5c60000 - 0x00007ffac5d52000 	C:\Windows\SYSTEM32\WINHTTP.dll
0x00007fface3c0000 - 0x00007fface427000 	C:\Windows\system32\mswsock.dll
0x00007ffab5920000 - 0x00007ffab5934000 	C:\Program Files\Android\Android Studio\jre\bin\nio.dll
0x00007ffa95280000 - 0x00007ffa952a7000 	C:\Users\world-PC\.gradle\native\e1d6ef7f7dcc3fd88c89a11ec53ec762bb8ba0a96d01ffa2cd45eb1d1d8dd5c5\windows-amd64\native-platform.dll
0x00007ffa90ab0000 - 0x00007ffa90bf4000 	C:\Users\world-PC\.gradle\native\5664cfc778a61ccfe75a443a1ab52a65af34e5dc3c78e0209fed803814484fcb\windows-amd64\native-platform-file-events.dll
0x00007ffaba4f0000 - 0x00007ffaba4fa000 	C:\Program Files\Android\Android Studio\jre\bin\management.dll
0x00007ffab9aa0000 - 0x00007ffab9aad000 	C:\Program Files\Android\Android Studio\jre\bin\management_ext.dll
0x00007ffacdf40000 - 0x00007ffacdf73000 	C:\Windows\system32\rsaenh.dll
0x00007ffacec30000 - 0x00007ffacec56000 	C:\Windows\System32\bcrypt.dll
0x00007ffacea90000 - 0x00007ffaceab8000 	C:\Windows\SYSTEM32\USERENV.dll
0x00007fface590000 - 0x00007fface59c000 	C:\Windows\SYSTEM32\CRYPTBASE.dll
0x00007fface0e0000 - 0x00007fface11d000 	C:\Windows\SYSTEM32\IPHLPAPI.DLL
0x00007ffad28f0000 - 0x00007ffad28f8000 	C:\Windows\System32\NSI.dll
0x00007ffac9200000 - 0x00007ffac9216000 	C:\Windows\SYSTEM32\dhcpcsvc6.DLL
0x00007ffac91c0000 - 0x00007ffac91dc000 	C:\Windows\SYSTEM32\dhcpcsvc.DLL
0x00007fface120000 - 0x00007fface1e7000 	C:\Windows\SYSTEM32\DNSAPI.dll

dbghelp: loaded successfully - version: 4.0.5 - missing functions: none
symbol engine: initialized successfully - sym options: 0x614 - pdb path: .;C:\Program Files\Android\Android Studio\jre\bin;C:\Windows\SYSTEM32;C:\Windows\WinSxS\amd64_microsoft.windows.common-controls_6595b64144ccf1df_6.0.17763.1339_none_de7015e4534c7114;C:\Program Files\Android\Android Studio\jre\bin\server;C:\Users\world-PC\.gradle\native\e1d6ef7f7dcc3fd88c89a11ec53ec762bb8ba0a96d01ffa2cd45eb1d1d8dd5c5\windows-amd64;C:\Users\world-PC\.gradle\native\5664cfc778a61ccfe75a443a1ab52a65af34e5dc3c78e0209fed803814484fcb\windows-amd64

VM Arguments:
jvm_args: --add-opens=java.base/java.util=ALL-UNNAMED --add-opens=java.base/java.lang=ALL-UNNAMED --add-opens=java.base/java.lang.invoke=ALL-UNNAMED --add-opens=java.base/java.util=ALL-UNNAMED --add-opens=java.prefs/java.util.prefs=ALL-UNNAMED --add-opens=java.prefs/java.util.prefs=ALL-UNNAMED --add-opens=java.base/java.nio.charset=ALL-UNNAMED --add-opens=java.base/java.net=ALL-UNNAMED --add-opens=java.base/java.util.concurrent.atomic=ALL-UNNAMED -Xmx2048m -Dfile.encoding=UTF-8 -Duser.country=RU -Duser.language=ru -Duser.variant 
java_command: org.gradle.launcher.daemon.bootstrap.GradleDaemon 7.2
java_class_path (initial): C:\Users\world-PC\.gradle\wrapper\dists\gradle-7.2-bin\2dnblmf4td7x66yl1d74lt32g\gradle-7.2\lib\gradle-launcher-7.2.jar
Launcher Type: SUN_STANDARD

[Global flags]
     intx CICompilerCount                          = 3                                         {product} {ergonomic}
     uint ConcGCThreads                            = 1                                         {product} {ergonomic}
     uint G1ConcRefinementThreads                  = 4                                         {product} {ergonomic}
   size_t G1HeapRegionSize                         = 1048576                                   {product} {ergonomic}
    uintx GCDrainStackTargetSize                   = 64                                        {product} {ergonomic}
   size_t InitialHeapSize                          = 134217728                                 {product} {ergonomic}
   size_t MarkStackSize                            = 4194304                                   {product} {ergonomic}
   size_t MaxHeapSize                              = 2147483648                                {product} {command line}
   size_t MaxNewSize                               = 1287651328                                {product} {ergonomic}
   size_t MinHeapDeltaBytes                        = 1048576                                   {product} {ergonomic}
    uintx NonNMethodCodeHeapSize                   = 5830732                                {pd product} {ergonomic}
    uintx NonProfiledCodeHeapSize                  = 122913754                              {pd product} {ergonomic}
    uintx ProfiledCodeHeapSize                     = 122913754                              {pd product} {ergonomic}
    uintx ReservedCodeCacheSize                    = 251658240                              {pd product} {ergonomic}
     bool SegmentedCodeCache                       = true                                      {product} {ergonomic}
     bool UseCompressedClassPointers               = true                                 {lp64_product} {ergonomic}
     bool UseCompressedOops                        = true                                 {lp64_product} {ergonomic}
     bool UseG1GC                                  = true                                      {product} {ergonomic}
     bool UseLargePagesIndividualAllocation        = false                                  {pd product} {ergonomic}

Logging:
Log output configuration:
 #0: stdout all=warning uptime,level,tags
 #1: stderr all=off uptime,level,tags

Environment Variables:
PATH=C:\Program Files (x86)\Common Files\Oracle\Java\javapath;C:\ProgramData\Oracle\Java\javapath;C:\Program Files (x86)\Intel\iCLS Client\;C:\Program Files\Intel\iCLS Client\;C:\Windows\system32;C:\Windows;C:\Windows\System32\Wbem;C:\Windows\System32\WindowsPowerShell\v1.0\;C:\Program Files (x86)\Intel\Intel(R) Management Engine Components\DAL;C:\Program Files\Intel\Intel(R) Management Engine Components\DAL;C:\Program Files (x86)\Intel\Intel(R) Management Engine Components\IPT;C:\Program Files\Intel\Intel(R) Management Engine Components\IPT;C:\Program Files\nodejs\;C:\Program Files\7-Zip;C:\Program Files (x86)\NVIDIA Corporation\PhysX\Common;C:\Program Files\Git\cmd;C:\Users\world-PC\AppData\Local\Microsoft\WindowsApps;;C:\Users\world-PC\AppData\Local\Programs\Microsoft VS Code\bin;C:\Users\world-PC\AppData\Roaming\npm
USERNAME=world-PC
OS=Windows_NT
PROCESSOR_IDENTIFIER=Intel64 Family 6 Model 60 Stepping 3, GenuineIntel



---------------  S Y S T E M  ---------------

OS: Windows 10 , 64 bit Build 17763 (10.0.17763.1339)
OS uptime: 0 days 9:20 hours

CPU:total 4 (initial active 4) (2 cores per cpu, 2 threads per core) family 6 model 60 stepping 3 microcode 0x24, cmov, cx8, fxsr, mmx, sse, sse2, sse3, ssse3, sse4.1, sse4.2, popcnt, avx, avx2, aes, clmul, erms, lzcnt, ht, tsc, tscinvbit, bmi1, bmi2, fma

Memory: 4k page, system-wide physical 8129M (416M free)
TotalPageFile size 10177M (AvailPageFile size 14M)
current process WorkingSet (physical memory assigned to process): 355M, peak: 355M
current process commit charge ("private bytes"): 389M, peak: 420M

vm_info: OpenJDK 64-Bit Server VM (11.0.11+9-b60-7590822) for windows-amd64 JRE (11.0.11+9-b60-7590822), built on Jul 29 2021 21:43:44 by "builder" with MS VC++ 14.0 (VS2015)

END.
