#
# There is insufficient memory for the Java Runtime Environment to continue.
# Native memory allocation (malloc) failed to allocate 1308976 bytes for Chunk::new
# Possible reasons:
#   The system is out of physical RAM or swap space
#   The process is running with CompressedOops enabled, and the Java Heap may be blocking the growth of the native heap
# Possible solutions:
#   Reduce memory load on the system
#   Increase physical memory or swap space
#   Check if swap backing store is full
#   Decrease Java heap size (-Xmx/-Xms)
#   Decrease number of Java threads
#   Decrease Java thread stack sizes (-Xss)
#   Set larger code cache with -XX:ReservedCodeCacheSize=
#   JVM is running with Unscaled Compressed Oops mode in which the Java heap is
#     placed in the first 4GB address space. The Java Heap base address is the
#     maximum limit for the native heap growth. Please use -XX:HeapBaseMinAddress
#     to set the Java Heap base and to place the Java Heap above 4GB virtual address.
# This output file may be truncated or incomplete.
#
#  Out of Memory Error (./src/hotspot/share/memory/arena.cpp:197), pid=8012, tid=7732
#
# JRE version: OpenJDK Runtime Environment (11.0.11+9) (build 11.0.11+9-b60-7590822)
# Java VM: OpenJDK 64-Bit Server VM (11.0.11+9-b60-7590822, mixed mode, tiered, compressed oops, g1 gc, windows-amd64)
# No core dump will be written. Minidumps are not enabled by default on client versions of Windows
#

---------------  S U M M A R Y ------------

Command Line: --add-opens=java.base/java.util=ALL-UNNAMED --add-opens=java.base/java.lang=ALL-UNNAMED --add-opens=java.base/java.lang.invoke=ALL-UNNAMED --add-opens=java.base/java.util=ALL-UNNAMED --add-opens=java.prefs/java.util.prefs=ALL-UNNAMED --add-opens=java.prefs/java.util.prefs=ALL-UNNAMED --add-opens=java.base/java.nio.charset=ALL-UNNAMED --add-opens=java.base/java.net=ALL-UNNAMED --add-opens=java.base/java.util.concurrent.atomic=ALL-UNNAMED -Xmx2048m -Dfile.encoding=UTF-8 -Duser.country=RU -Duser.language=ru -Duser.variant org.gradle.launcher.daemon.bootstrap.GradleDaemon 7.2

Host: Intel(R) Core(TM) i3-4330 CPU @ 3.50GHz, 4 cores, 7G,  Windows 10 , 64 bit Build 17763 (10.0.17763.1339)
Time: Thu Feb 10 20:12:56 2022 Aaiaeaaao (ceia) elapsed time: 3.682858 seconds (0d 0h 0m 3s)

---------------  T H R E A D  ---------------

Current thread (0x000001fe7facb800):  JavaThread "C2 CompilerThread1" daemon [_thread_in_native, id=7732, stack(0x000000616e500000,0x000000616e600000)]


Current CompileTask:
C2:   3682 2206   !   4       java.net.URLClassLoader$1::run (63 bytes)

Stack: [0x000000616e500000,0x000000616e600000]
Native frames: (J=compiled Java code, j=interpreted, Vv=VM code, C=native code)
V  [jvm.dll+0x5f214a]
V  [jvm.dll+0x726fb5]
V  [jvm.dll+0x7285cd]
V  [jvm.dll+0x728c83]
V  [jvm.dll+0x243278]
V  [jvm.dll+0xbc53c]
V  [jvm.dll+0xbca3c]
V  [jvm.dll+0x353e7d]
V  [jvm.dll+0x19875c]
V  [jvm.dll+0x1fc2ee]
V  [jvm.dll+0x1fb3d4]
V  [jvm.dll+0x183d6c]
V  [jvm.dll+0x209a57]
V  [jvm.dll+0x2082a1]
V  [jvm.dll+0x6ef58f]
V  [jvm.dll+0x6e80b5]
V  [jvm.dll+0x5f1036]
C  [ucrtbase.dll+0x21ffa]
C  [KERNEL32.DLL+0x17974]
C  [ntdll.dll+0x6a271]


---------------  P R O C E S S  ---------------

Threads class SMR info:
_java_thread_list=0x000001fe068c48e0, length=31, elements={
0x000001fe693dd000, 0x000001fe7eff3800, 0x000001fe7eff5000, 0x000001fe7f825000,
0x000001fe7f827000, 0x000001fe7f828000, 0x000001fe7f82b800, 0x000001fe7f883800,
0x000001fe7f88e000, 0x000001fe7f9ea000, 0x000001fe054ab800, 0x000001fe05cc2800,
0x000001fe05c63000, 0x000001fe059f9000, 0x000001fe0534a800, 0x000001fe06683800,
0x000001fe061ed000, 0x000001fe069de000, 0x000001fe07479800, 0x000001fe06039000,
0x000001fe06035000, 0x000001fe06037800, 0x000001fe06036000, 0x000001fe7facb800,
0x000001fe06034000, 0x000001fe06036800, 0x000001fe06033800, 0x000001fe06038000,
0x000001fe0603a000, 0x000001fe08ff3800, 0x000001fe08fef800
}

Java Threads: ( => current thread )
  0x000001fe693dd000 JavaThread "main" [_thread_blocked, id=8080, stack(0x000000616c400000,0x000000616c500000)]
  0x000001fe7eff3800 JavaThread "Reference Handler" daemon [_thread_blocked, id=8120, stack(0x000000616cb00000,0x000000616cc00000)]
  0x000001fe7eff5000 JavaThread "Finalizer" daemon [_thread_blocked, id=8124, stack(0x000000616cc00000,0x000000616cd00000)]
  0x000001fe7f825000 JavaThread "Signal Dispatcher" daemon [_thread_blocked, id=8128, stack(0x000000616cd00000,0x000000616ce00000)]
  0x000001fe7f827000 JavaThread "Attach Listener" daemon [_thread_blocked, id=8132, stack(0x000000616ce00000,0x000000616cf00000)]
  0x000001fe7f828000 JavaThread "Service Thread" daemon [_thread_blocked, id=8136, stack(0x000000616cf00000,0x000000616d000000)]
  0x000001fe7f82b800 JavaThread "C2 CompilerThread0" daemon [_thread_in_native, id=8140, stack(0x000000616d000000,0x000000616d100000)]
  0x000001fe7f883800 JavaThread "C1 CompilerThread0" daemon [_thread_blocked, id=8144, stack(0x000000616d100000,0x000000616d200000)]
  0x000001fe7f88e000 JavaThread "Sweeper thread" daemon [_thread_blocked, id=8152, stack(0x000000616d200000,0x000000616d300000)]
  0x000001fe7f9ea000 JavaThread "Common-Cleaner" daemon [_thread_blocked, id=8156, stack(0x000000616d300000,0x000000616d400000)]
  0x000001fe054ab800 JavaThread "Daemon health stats" [_thread_blocked, id=8176, stack(0x000000616d800000,0x000000616d900000)]
  0x000001fe05cc2800 JavaThread "Incoming local TCP Connector on port 54679" [_thread_in_native, id=8184, stack(0x000000616d900000,0x000000616da00000)]
  0x000001fe05c63000 JavaThread "Daemon" [_thread_blocked, id=8188, stack(0x000000616da00000,0x000000616db00000)]
  0x000001fe059f9000 JavaThread "Handler for socket connection from /127.0.0.1:54679 to /127.0.0.1:54680" [_thread_in_native, id=7036, stack(0x000000616db00000,0x000000616dc00000)]
  0x000001fe0534a800 JavaThread "Daemon periodic checks" [_thread_blocked, id=4892, stack(0x000000616dc00000,0x000000616dd00000)]
  0x000001fe06683800 JavaThread "Cancel handler" [_thread_blocked, id=4880, stack(0x000000616dd00000,0x000000616de00000)]
  0x000001fe061ed000 JavaThread "Daemon worker" [_thread_in_Java, id=4884, stack(0x000000616de00000,0x000000616df00000)]
  0x000001fe069de000 JavaThread "Asynchronous log dispatcher for DefaultDaemonConnection: socket connection from /127.0.0.1:54679 to /127.0.0.1:54680" [_thread_blocked, id=6472, stack(0x000000616df00000,0x000000616e000000)]
  0x000001fe07479800 JavaThread "Stdin handler" [_thread_blocked, id=6884, stack(0x000000616e000000,0x000000616e100000)]
  0x000001fe06039000 JavaThread "Daemon client event forwarder" [_thread_blocked, id=6456, stack(0x000000616e100000,0x000000616e200000)]
  0x000001fe06035000 JavaThread "Cache worker for journal cache (C:\Users\world-PC\.gradle\caches\journal-1)" [_thread_blocked, id=7688, stack(0x000000616d500000,0x000000616d600000)]
  0x000001fe06037800 JavaThread "File lock request listener" [_thread_in_native, id=7712, stack(0x000000616e300000,0x000000616e400000)]
  0x000001fe06036000 JavaThread "Cache worker for file hash cache (C:\Users\world-PC\.gradle\caches\7.2\fileHashes)" [_thread_blocked, id=7724, stack(0x000000616e400000,0x000000616e500000)]
=>0x000001fe7facb800 JavaThread "C2 CompilerThread1" daemon [_thread_in_native, id=7732, stack(0x000000616e500000,0x000000616e600000)]
  0x000001fe06034000 JavaThread "Cache worker for file hash cache (C:\Users\world-PC\AndroidStudioProjects\ProjectMVP\.gradle\7.2\fileHashes)" [_thread_blocked, id=5272, stack(0x000000616e600000,0x000000616e700000)]
  0x000001fe06036800 JavaThread "File watcher server" daemon [_thread_in_native, id=2188, stack(0x000000616e700000,0x000000616e800000)]
  0x000001fe06033800 JavaThread "File watcher consumer" daemon [_thread_blocked, id=1824, stack(0x000000616e800000,0x000000616e900000)]
  0x000001fe06038000 JavaThread "jar transforms" [_thread_blocked, id=2212, stack(0x000000616e900000,0x000000616ea00000)]
  0x000001fe0603a000 JavaThread "jar transforms Thread 2" [_thread_blocked, id=7784, stack(0x000000616ea00000,0x000000616eb00000)]
  0x000001fe08ff3800 JavaThread "jar transforms Thread 3" [_thread_blocked, id=7772, stack(0x000000616eb00000,0x000000616ec00000)]
  0x000001fe08fef800 JavaThread "jar transforms Thread 4" [_thread_blocked, id=224, stack(0x000000616ec00000,0x000000616ed00000)]

Other Threads:
  0x000001fe7efde000 VMThread "VM Thread" [stack: 0x000000616ca00000,0x000000616cb00000] [id=8116]
  0x000001fe7fa28000 WatcherThread [stack: 0x000000616d400000,0x000000616d500000] [id=8160]
  0x000001fe693f6000 GCTaskThread "GC Thread#0" [stack: 0x000000616c500000,0x000000616c600000] [id=8096]
  0x000001fe04b30000 GCTaskThread "GC Thread#1" [stack: 0x000000616d600000,0x000000616d700000] [id=8164]
  0x000001fe0416d800 GCTaskThread "GC Thread#2" [stack: 0x000000616d700000,0x000000616d800000] [id=8168]
  0x000001fe069df000 GCTaskThread "GC Thread#3" [stack: 0x000000616e200000,0x000000616e300000] [id=616]
  0x000001fe69429000 ConcurrentGCThread "G1 Main Marker" [stack: 0x000000616c600000,0x000000616c700000] [id=8100]
  0x000001fe6942b800 ConcurrentGCThread "G1 Conc#0" [stack: 0x000000616c700000,0x000000616c800000] [id=8104]
  0x000001fe7ee4d800 ConcurrentGCThread "G1 Refine#0" [stack: 0x000000616c800000,0x000000616c900000] [id=8108]
  0x000001fe7ee4e800 ConcurrentGCThread "G1 Young RemSet Sampling" [stack: 0x000000616c900000,0x000000616ca00000] [id=7864]

Threads with active compile tasks:
C2 CompilerThread0   3700 2205       4       java.net.URLClassLoader$1::run (5 bytes)
C2 CompilerThread1   3700 2206   !   4       java.net.URLClassLoader$1::run (63 bytes)

VM state:not at safepoint (normal execution)

VM Mutex/Monitor currently owned by a thread: None

Heap address: 0x0000000080000000, size: 2048 MB, Compressed Oops mode: 32-bit
Narrow klass base: 0x0000000000000000, Narrow klass shift: 3
Compressed class space size: 1073741824 Address: 0x0000000100000000

Heap:
 garbage-first heap   total 157696K, used 25924K [0x0000000080000000, 0x0000000100000000)
  region size 1024K, 6 young (6144K), 5 survivors (5120K)
 Metaspace       used 26659K, capacity 27365K, committed 27568K, reserved 1073152K
  class space    used 3488K, capacity 3716K, committed 3840K, reserved 1048576K
Heap Regions: E=young(eden), S=young(survivor), O=old, HS=humongous(starts), HC=humongous(continues), CS=collection set, F=free, A=archive, TAMS=top-at-mark-start (previous, next)
|   0|0x0000000080000000, 0x0000000080100000, 0x0000000080100000|100%| O|  |TAMS 0x0000000080100000, 0x0000000080000000| Untracked 
|   1|0x0000000080100000, 0x0000000080200000, 0x0000000080200000|100%| O|  |TAMS 0x0000000080200000, 0x0000000080100000| Untracked 
|   2|0x0000000080200000, 0x0000000080300000, 0x0000000080300000|100%| O|  |TAMS 0x0000000080300000, 0x0000000080200000| Untracked 
|   3|0x0000000080300000, 0x0000000080400000, 0x0000000080400000|100%|HS|  |TAMS 0x0000000080400000, 0x0000000080300000| Complete 
|   4|0x0000000080400000, 0x0000000080500000, 0x0000000080500000|100%|HC|  |TAMS 0x0000000080500000, 0x0000000080400000| Complete 
|   5|0x0000000080500000, 0x0000000080600000, 0x0000000080600000|100%|HC|  |TAMS 0x0000000080600000, 0x0000000080500000| Complete 
|   6|0x0000000080600000, 0x0000000080700000, 0x0000000080700000|100%| O|  |TAMS 0x0000000080700000, 0x0000000080600000| Untracked 
|   7|0x0000000080700000, 0x0000000080800000, 0x0000000080800000|100%| O|  |TAMS 0x0000000080800000, 0x0000000080700000| Untracked 
|   8|0x0000000080800000, 0x0000000080900000, 0x0000000080900000|100%| O|  |TAMS 0x0000000080900000, 0x0000000080800000| Untracked 
|   9|0x0000000080900000, 0x0000000080a00000, 0x0000000080a00000|100%| O|  |TAMS 0x0000000080a00000, 0x0000000080900000| Untracked 
|  10|0x0000000080a00000, 0x0000000080b00000, 0x0000000080b00000|100%| O|  |TAMS 0x0000000080b00000, 0x0000000080a00000| Untracked 
|  11|0x0000000080b00000, 0x0000000080c00000, 0x0000000080c00000|100%| O|  |TAMS 0x0000000080c00000, 0x0000000080b00000| Untracked 
|  12|0x0000000080c00000, 0x0000000080d00000, 0x0000000080d00000|100%| O|  |TAMS 0x0000000080d00000, 0x0000000080c00000| Untracked 
|  13|0x0000000080d00000, 0x0000000080e00000, 0x0000000080e00000|100%| O|  |TAMS 0x0000000080e00000, 0x0000000080d00000| Untracked 
|  14|0x0000000080e00000, 0x0000000080f00000, 0x0000000080f00000|100%| O|  |TAMS 0x0000000080f00000, 0x0000000080e00000| Untracked 
|  15|0x0000000080f00000, 0x0000000081000000, 0x0000000081000000|100%| O|  |TAMS 0x0000000081000000, 0x0000000080f00000| Untracked 
|  16|0x0000000081000000, 0x0000000081018600, 0x0000000081100000|  9%| O|  |TAMS 0x0000000081018600, 0x0000000081000000| Untracked 
|  17|0x0000000081100000, 0x0000000081200000, 0x0000000081200000|100%|HS|  |TAMS 0x0000000081100000, 0x0000000081100000| Complete 
|  18|0x0000000081200000, 0x0000000081300000, 0x0000000081300000|100%|HC|  |TAMS 0x0000000081200000, 0x0000000081200000| Complete 
|  19|0x0000000081300000, 0x0000000081400000, 0x0000000081400000|100%|HS|  |TAMS 0x0000000081300000, 0x0000000081300000| Complete 
|  20|0x0000000081400000, 0x0000000081500000, 0x0000000081500000|100%|HC|  |TAMS 0x0000000081400000, 0x0000000081400000| Complete 
|  21|0x0000000081500000, 0x0000000081600000, 0x0000000081600000|100%|HC|  |TAMS 0x0000000081500000, 0x0000000081500000| Complete 
|  22|0x0000000081600000, 0x0000000081600000, 0x0000000081700000|  0%| F|  |TAMS 0x0000000081600000, 0x0000000081600000| Untracked 
|  23|0x0000000081700000, 0x0000000081700000, 0x0000000081800000|  0%| F|  |TAMS 0x0000000081700000, 0x0000000081700000| Untracked 
|  24|0x0000000081800000, 0x0000000081800000, 0x0000000081900000|  0%| F|  |TAMS 0x0000000081800000, 0x0000000081800000| Untracked 
|  25|0x0000000081900000, 0x0000000081900000, 0x0000000081a00000|  0%| F|  |TAMS 0x0000000081900000, 0x0000000081900000| Untracked 
|  26|0x0000000081a00000, 0x0000000081a00000, 0x0000000081b00000|  0%| F|  |TAMS 0x0000000081a00000, 0x0000000081a00000| Untracked 
|  27|0x0000000081b00000, 0x0000000081b00000, 0x0000000081c00000|  0%| F|  |TAMS 0x0000000081b00000, 0x0000000081b00000| Untracked 
|  28|0x0000000081c00000, 0x0000000081c00000, 0x0000000081d00000|  0%| F|  |TAMS 0x0000000081c00000, 0x0000000081c00000| Untracked 
|  29|0x0000000081d00000, 0x0000000081d00000, 0x0000000081e00000|  0%| F|  |TAMS 0x0000000081d00000, 0x0000000081d00000| Untracked 
|  30|0x0000000081e00000, 0x0000000081e00000, 0x0000000081f00000|  0%| F|  |TAMS 0x0000000081e00000, 0x0000000081e00000| Untracked 
|  31|0x0000000081f00000, 0x0000000081f00000, 0x0000000082000000|  0%| F|  |TAMS 0x0000000081f00000, 0x0000000081f00000| Untracked 
|  32|0x0000000082000000, 0x0000000082000000, 0x0000000082100000|  0%| F|  |TAMS 0x0000000082000000, 0x0000000082000000| Untracked 
|  33|0x0000000082100000, 0x0000000082100000, 0x0000000082200000|  0%| F|  |TAMS 0x0000000082100000, 0x0000000082100000| Untracked 
|  34|0x0000000082200000, 0x0000000082200000, 0x0000000082300000|  0%| F|  |TAMS 0x0000000082200000, 0x0000000082200000| Untracked 
|  35|0x0000000082300000, 0x0000000082300000, 0x0000000082400000|  0%| F|  |TAMS 0x0000000082300000, 0x0000000082300000| Untracked 
|  36|0x0000000082400000, 0x0000000082400000, 0x0000000082500000|  0%| F|  |TAMS 0x0000000082400000, 0x0000000082400000| Untracked 
|  37|0x0000000082500000, 0x0000000082500000, 0x0000000082600000|  0%| F|  |TAMS 0x0000000082500000, 0x0000000082500000| Untracked 
|  38|0x0000000082600000, 0x0000000082600000, 0x0000000082700000|  0%| F|  |TAMS 0x0000000082600000, 0x0000000082600000| Untracked 
|  39|0x0000000082700000, 0x0000000082700000, 0x0000000082800000|  0%| F|  |TAMS 0x0000000082700000, 0x0000000082700000| Untracked 
|  40|0x0000000082800000, 0x0000000082800000, 0x0000000082900000|  0%| F|  |TAMS 0x0000000082800000, 0x0000000082800000| Untracked 
|  41|0x0000000082900000, 0x0000000082900000, 0x0000000082a00000|  0%| F|  |TAMS 0x0000000082900000, 0x0000000082900000| Untracked 
|  42|0x0000000082a00000, 0x0000000082a00000, 0x0000000082b00000|  0%| F|  |TAMS 0x0000000082a00000, 0x0000000082a00000| Untracked 
|  43|0x0000000082b00000, 0x0000000082b00000, 0x0000000082c00000|  0%| F|  |TAMS 0x0000000082b00000, 0x0000000082b00000| Untracked 
|  44|0x0000000082c00000, 0x0000000082c00000, 0x0000000082d00000|  0%| F|  |TAMS 0x0000000082c00000, 0x0000000082c00000| Untracked 
|  45|0x0000000082d00000, 0x0000000082d00000, 0x0000000082e00000|  0%| F|  |TAMS 0x0000000082d00000, 0x0000000082d00000| Untracked 
|  46|0x0000000082e00000, 0x0000000082e00000, 0x0000000082f00000|  0%| F|  |TAMS 0x0000000082e00000, 0x0000000082e00000| Untracked 
|  47|0x0000000082f00000, 0x0000000082f00000, 0x0000000083000000|  0%| F|  |TAMS 0x0000000082f00000, 0x0000000082f00000| Untracked 
|  48|0x0000000083000000, 0x0000000083000000, 0x0000000083100000|  0%| F|  |TAMS 0x0000000083000000, 0x0000000083000000| Untracked 
|  49|0x0000000083100000, 0x0000000083100000, 0x0000000083200000|  0%| F|  |TAMS 0x0000000083100000, 0x0000000083100000| Untracked 
|  50|0x0000000083200000, 0x0000000083200000, 0x0000000083300000|  0%| F|  |TAMS 0x0000000083200000, 0x0000000083200000| Untracked 
|  51|0x0000000083300000, 0x0000000083300000, 0x0000000083400000|  0%| F|  |TAMS 0x0000000083300000, 0x0000000083300000| Untracked 
|  52|0x0000000083400000, 0x0000000083400000, 0x0000000083500000|  0%| F|  |TAMS 0x0000000083400000, 0x0000000083400000| Untracked 
|  53|0x0000000083500000, 0x0000000083500000, 0x0000000083600000|  0%| F|  |TAMS 0x0000000083500000, 0x0000000083500000| Untracked 
|  54|0x0000000083600000, 0x0000000083600000, 0x0000000083700000|  0%| F|  |TAMS 0x0000000083600000, 0x0000000083600000| Untracked 
|  55|0x0000000083700000, 0x0000000083700000, 0x0000000083800000|  0%| F|  |TAMS 0x0000000083700000, 0x0000000083700000| Untracked 
|  56|0x0000000083800000, 0x0000000083800000, 0x0000000083900000|  0%| F|  |TAMS 0x0000000083800000, 0x0000000083800000| Untracked 
|  57|0x0000000083900000, 0x0000000083900000, 0x0000000083a00000|  0%| F|  |TAMS 0x0000000083900000, 0x0000000083900000| Untracked 
|  58|0x0000000083a00000, 0x0000000083a00000, 0x0000000083b00000|  0%| F|  |TAMS 0x0000000083a00000, 0x0000000083a00000| Untracked 
|  59|0x0000000083b00000, 0x0000000083b00000, 0x0000000083c00000|  0%| F|  |TAMS 0x0000000083b00000, 0x0000000083b00000| Untracked 
|  60|0x0000000083c00000, 0x0000000083c00000, 0x0000000083d00000|  0%| F|  |TAMS 0x0000000083c00000, 0x0000000083c00000| Untracked 
|  61|0x0000000083d00000, 0x0000000083d00000, 0x0000000083e00000|  0%| F|  |TAMS 0x0000000083d00000, 0x0000000083d00000| Untracked 
|  62|0x0000000083e00000, 0x0000000083e00000, 0x0000000083f00000|  0%| F|  |TAMS 0x0000000083e00000, 0x0000000083e00000| Untracked 
|  63|0x0000000083f00000, 0x0000000083f00000, 0x0000000084000000|  0%| F|  |TAMS 0x0000000083f00000, 0x0000000083f00000| Untracked 
|  64|0x0000000084000000, 0x0000000084000000, 0x0000000084100000|  0%| F|  |TAMS 0x0000000084000000, 0x0000000084000000| Untracked 
|  65|0x0000000084100000, 0x0000000084100000, 0x0000000084200000|  0%| F|  |TAMS 0x0000000084100000, 0x0000000084100000| Untracked 
|  66|0x0000000084200000, 0x0000000084200000, 0x0000000084300000|  0%| F|  |TAMS 0x0000000084200000, 0x0000000084200000| Untracked 
|  67|0x0000000084300000, 0x0000000084300000, 0x0000000084400000|  0%| F|  |TAMS 0x0000000084300000, 0x0000000084300000| Untracked 
|  68|0x0000000084400000, 0x0000000084400000, 0x0000000084500000|  0%| F|  |TAMS 0x0000000084400000, 0x0000000084400000| Untracked 
|  69|0x0000000084500000, 0x0000000084500000, 0x0000000084600000|  0%| F|  |TAMS 0x0000000084500000, 0x0000000084500000| Untracked 
|  70|0x0000000084600000, 0x0000000084600000, 0x0000000084700000|  0%| F|  |TAMS 0x0000000084600000, 0x0000000084600000| Untracked 
|  71|0x0000000084700000, 0x0000000084700000, 0x0000000084800000|  0%| F|  |TAMS 0x0000000084700000, 0x0000000084700000| Untracked 
|  72|0x0000000084800000, 0x0000000084800000, 0x0000000084900000|  0%| F|  |TAMS 0x0000000084800000, 0x0000000084800000| Untracked 
|  73|0x0000000084900000, 0x0000000084900000, 0x0000000084a00000|  0%| F|  |TAMS 0x0000000084900000, 0x0000000084900000| Untracked 
|  74|0x0000000084a00000, 0x0000000084a00000, 0x0000000084b00000|  0%| F|  |TAMS 0x0000000084a00000, 0x0000000084a00000| Untracked 
|  75|0x0000000084b00000, 0x0000000084b00000, 0x0000000084c00000|  0%| F|  |TAMS 0x0000000084b00000, 0x0000000084b00000| Untracked 
|  76|0x0000000084c00000, 0x0000000084c00000, 0x0000000084d00000|  0%| F|  |TAMS 0x0000000084c00000, 0x0000000084c00000| Untracked 
|  77|0x0000000084d00000, 0x0000000084d00000, 0x0000000084e00000|  0%| F|  |TAMS 0x0000000084d00000, 0x0000000084d00000| Untracked 
|  78|0x0000000084e00000, 0x0000000084e00000, 0x0000000084f00000|  0%| F|  |TAMS 0x0000000084e00000, 0x0000000084e00000| Untracked 
|  79|0x0000000084f00000, 0x0000000084f00000, 0x0000000085000000|  0%| F|  |TAMS 0x0000000084f00000, 0x0000000084f00000| Untracked 
|  80|0x0000000085000000, 0x0000000085000000, 0x0000000085100000|  0%| F|  |TAMS 0x0000000085000000, 0x0000000085000000| Untracked 
|  81|0x0000000085100000, 0x0000000085100000, 0x0000000085200000|  0%| F|  |TAMS 0x0000000085100000, 0x0000000085100000| Untracked 
|  82|0x0000000085200000, 0x0000000085200000, 0x0000000085300000|  0%| F|  |TAMS 0x0000000085200000, 0x0000000085200000| Untracked 
|  83|0x0000000085300000, 0x0000000085300000, 0x0000000085400000|  0%| F|  |TAMS 0x0000000085300000, 0x0000000085300000| Untracked 
|  84|0x0000000085400000, 0x0000000085400000, 0x0000000085500000|  0%| F|  |TAMS 0x0000000085400000, 0x0000000085400000| Untracked 
|  85|0x0000000085500000, 0x0000000085500000, 0x0000000085600000|  0%| F|  |TAMS 0x0000000085500000, 0x0000000085500000| Untracked 
|  86|0x0000000085600000, 0x0000000085600000, 0x0000000085700000|  0%| F|  |TAMS 0x0000000085600000, 0x0000000085600000| Untracked 
|  87|0x0000000085700000, 0x0000000085700000, 0x0000000085800000|  0%| F|  |TAMS 0x0000000085700000, 0x0000000085700000| Untracked 
|  88|0x0000000085800000, 0x0000000085800000, 0x0000000085900000|  0%| F|  |TAMS 0x0000000085800000, 0x0000000085800000| Untracked 
|  89|0x0000000085900000, 0x0000000085900000, 0x0000000085a00000|  0%| F|  |TAMS 0x0000000085900000, 0x0000000085900000| Untracked 
|  90|0x0000000085a00000, 0x0000000085a00000, 0x0000000085b00000|  0%| F|  |TAMS 0x0000000085a00000, 0x0000000085a00000| Untracked 
|  91|0x0000000085b00000, 0x0000000085b00000, 0x0000000085c00000|  0%| F|  |TAMS 0x0000000085b00000, 0x0000000085b00000| Untracked 
|  92|0x0000000085c00000, 0x0000000085c00000, 0x0000000085d00000|  0%| F|  |TAMS 0x0000000085c00000, 0x0000000085c00000| Untracked 
|  93|0x0000000085d00000, 0x0000000085d38b50, 0x0000000085e00000| 22%| S|CS|TAMS 0x0000000085d00000, 0x0000000085d00000| Complete 
|  94|0x0000000085e00000, 0x0000000085f00000, 0x0000000085f00000|100%| S|CS|TAMS 0x0000000085e00000, 0x0000000085e00000| Complete 
|  95|0x0000000085f00000, 0x0000000086000000, 0x0000000086000000|100%| S|CS|TAMS 0x0000000085f00000, 0x0000000085f00000| Complete 
|  96|0x0000000086000000, 0x0000000086100000, 0x0000000086100000|100%| S|CS|TAMS 0x0000000086000000, 0x0000000086000000| Complete 
|  97|0x0000000086100000, 0x0000000086200000, 0x0000000086200000|100%| S|CS|TAMS 0x0000000086100000, 0x0000000086100000| Complete 
|  98|0x0000000086200000, 0x0000000086200000, 0x0000000086300000|  0%| F|  |TAMS 0x0000000086200000, 0x0000000086200000| Untracked 
|  99|0x0000000086300000, 0x0000000086300000, 0x0000000086400000|  0%| F|  |TAMS 0x0000000086300000, 0x0000000086300000| Untracked 
| 100|0x0000000086400000, 0x0000000086400000, 0x0000000086500000|  0%| F|  |TAMS 0x0000000086400000, 0x0000000086400000| Untracked 
| 101|0x0000000086500000, 0x0000000086500000, 0x0000000086600000|  0%| F|  |TAMS 0x0000000086500000, 0x0000000086500000| Untracked 
| 102|0x0000000086600000, 0x0000000086600000, 0x0000000086700000|  0%| F|  |TAMS 0x0000000086600000, 0x0000000086600000| Untracked 
| 103|0x0000000086700000, 0x0000000086700000, 0x0000000086800000|  0%| F|  |TAMS 0x0000000086700000, 0x0000000086700000| Untracked 
| 104|0x0000000086800000, 0x0000000086800000, 0x0000000086900000|  0%| F|  |TAMS 0x0000000086800000, 0x0000000086800000| Untracked 
| 105|0x0000000086900000, 0x0000000086900000, 0x0000000086a00000|  0%| F|  |TAMS 0x0000000086900000, 0x0000000086900000| Untracked 
| 106|0x0000000086a00000, 0x0000000086a00000, 0x0000000086b00000|  0%| F|  |TAMS 0x0000000086a00000, 0x0000000086a00000| Untracked 
| 107|0x0000000086b00000, 0x0000000086b00000, 0x0000000086c00000|  0%| F|  |TAMS 0x0000000086b00000, 0x0000000086b00000| Untracked 
| 108|0x0000000086c00000, 0x0000000086c00000, 0x0000000086d00000|  0%| F|  |TAMS 0x0000000086c00000, 0x0000000086c00000| Untracked 
| 109|0x0000000086d00000, 0x0000000086d00000, 0x0000000086e00000|  0%| F|  |TAMS 0x0000000086d00000, 0x0000000086d00000| Untracked 
| 110|0x0000000086e00000, 0x0000000086e00000, 0x0000000086f00000|  0%| F|  |TAMS 0x0000000086e00000, 0x0000000086e00000| Untracked 
| 111|0x0000000086f00000, 0x0000000086f00000, 0x0000000087000000|  0%| F|  |TAMS 0x0000000086f00000, 0x0000000086f00000| Untracked 
| 112|0x0000000087000000, 0x0000000087000000, 0x0000000087100000|  0%| F|  |TAMS 0x0000000087000000, 0x0000000087000000| Untracked 
| 113|0x0000000087100000, 0x0000000087100000, 0x0000000087200000|  0%| F|  |TAMS 0x0000000087100000, 0x0000000087100000| Untracked 
| 114|0x0000000087200000, 0x0000000087200000, 0x0000000087300000|  0%| F|  |TAMS 0x0000000087200000, 0x0000000087200000| Untracked 
| 115|0x0000000087300000, 0x0000000087300000, 0x0000000087400000|  0%| F|  |TAMS 0x0000000087300000, 0x0000000087300000| Untracked 
| 116|0x0000000087400000, 0x0000000087400000, 0x0000000087500000|  0%| F|  |TAMS 0x0000000087400000, 0x0000000087400000| Untracked 
| 117|0x0000000087500000, 0x0000000087500000, 0x0000000087600000|  0%| F|  |TAMS 0x0000000087500000, 0x0000000087500000| Untracked 
| 118|0x0000000087600000, 0x0000000087600000, 0x0000000087700000|  0%| F|  |TAMS 0x0000000087600000, 0x0000000087600000| Untracked 
| 119|0x0000000087700000, 0x0000000087700000, 0x0000000087800000|  0%| F|  |TAMS 0x0000000087700000, 0x0000000087700000| Untracked 
| 120|0x0000000087800000, 0x0000000087800000, 0x0000000087900000|  0%| F|  |TAMS 0x0000000087800000, 0x0000000087800000| Untracked 
| 121|0x0000000087900000, 0x0000000087900000, 0x0000000087a00000|  0%| F|  |TAMS 0x0000000087900000, 0x0000000087900000| Untracked 
| 122|0x0000000087a00000, 0x0000000087a00000, 0x0000000087b00000|  0%| F|  |TAMS 0x0000000087a00000, 0x0000000087a00000| Untracked 
| 123|0x0000000087b00000, 0x0000000087b00000, 0x0000000087c00000|  0%| F|  |TAMS 0x0000000087b00000, 0x0000000087b00000| Untracked 
| 124|0x0000000087c00000, 0x0000000087c00000, 0x0000000087d00000|  0%| F|  |TAMS 0x0000000087c00000, 0x0000000087c00000| Untracked 
| 125|0x0000000087d00000, 0x0000000087d00000, 0x0000000087e00000|  0%| F|  |TAMS 0x0000000087d00000, 0x0000000087d00000| Untracked 
| 126|0x0000000087e00000, 0x0000000087e00000, 0x0000000087f00000|  0%| F|  |TAMS 0x0000000087e00000, 0x0000000087e00000| Untracked 
| 127|0x0000000087f00000, 0x0000000087f00000, 0x0000000088000000|  0%| F|  |TAMS 0x0000000087f00000, 0x0000000087f00000| Untracked 
| 128|0x0000000088000000, 0x0000000088000000, 0x0000000088100000|  0%| F|  |TAMS 0x0000000088000000, 0x0000000088000000| Untracked 
| 129|0x0000000088100000, 0x0000000088100000, 0x0000000088200000|  0%| F|  |TAMS 0x0000000088100000, 0x0000000088100000| Untracked 
| 130|0x0000000088200000, 0x0000000088200000, 0x0000000088300000|  0%| F|  |TAMS 0x0000000088200000, 0x0000000088200000| Untracked 
| 131|0x0000000088300000, 0x0000000088300000, 0x0000000088400000|  0%| F|  |TAMS 0x0000000088300000, 0x0000000088300000| Untracked 
| 132|0x0000000088400000, 0x0000000088400000, 0x0000000088500000|  0%| F|  |TAMS 0x0000000088400000, 0x0000000088400000| Untracked 
| 133|0x0000000088500000, 0x0000000088500000, 0x0000000088600000|  0%| F|  |TAMS 0x0000000088500000, 0x0000000088500000| Untracked 
| 134|0x0000000088600000, 0x0000000088600000, 0x0000000088700000|  0%| F|  |TAMS 0x0000000088600000, 0x0000000088600000| Untracked 
| 135|0x0000000088700000, 0x0000000088700000, 0x0000000088800000|  0%| F|  |TAMS 0x0000000088700000, 0x0000000088700000| Untracked 
| 136|0x0000000088800000, 0x0000000088800000, 0x0000000088900000|  0%| F|  |TAMS 0x0000000088800000, 0x0000000088800000| Untracked 
| 137|0x0000000088900000, 0x0000000088900000, 0x0000000088a00000|  0%| F|  |TAMS 0x0000000088900000, 0x0000000088900000| Untracked 
| 138|0x0000000088a00000, 0x0000000088a00000, 0x0000000088b00000|  0%| F|  |TAMS 0x0000000088a00000, 0x0000000088a00000| Untracked 
| 139|0x0000000088b00000, 0x0000000088b00000, 0x0000000088c00000|  0%| F|  |TAMS 0x0000000088b00000, 0x0000000088b00000| Untracked 
| 140|0x0000000088c00000, 0x0000000088c00000, 0x0000000088d00000|  0%| F|  |TAMS 0x0000000088c00000, 0x0000000088c00000| Untracked 
| 141|0x0000000088d00000, 0x0000000088d00000, 0x0000000088e00000|  0%| F|  |TAMS 0x0000000088d00000, 0x0000000088d00000| Untracked 
| 142|0x0000000088e00000, 0x0000000088e00000, 0x0000000088f00000|  0%| F|  |TAMS 0x0000000088e00000, 0x0000000088e00000| Untracked 
| 143|0x0000000088f00000, 0x0000000088f00000, 0x0000000089000000|  0%| F|  |TAMS 0x0000000088f00000, 0x0000000088f00000| Untracked 
| 144|0x0000000089000000, 0x0000000089000000, 0x0000000089100000|  0%| F|  |TAMS 0x0000000089000000, 0x0000000089000000| Untracked 
| 145|0x0000000089100000, 0x0000000089100000, 0x0000000089200000|  0%| F|  |TAMS 0x0000000089100000, 0x0000000089100000| Untracked 
| 146|0x0000000089200000, 0x0000000089200000, 0x0000000089300000|  0%| F|  |TAMS 0x0000000089200000, 0x0000000089200000| Untracked 
| 147|0x0000000089300000, 0x0000000089300000, 0x0000000089400000|  0%| F|  |TAMS 0x0000000089300000, 0x0000000089300000| Untracked 
| 148|0x0000000089400000, 0x0000000089400000, 0x0000000089500000|  0%| F|  |TAMS 0x0000000089400000, 0x0000000089400000| Untracked 
| 149|0x0000000089500000, 0x0000000089500000, 0x0000000089600000|  0%| F|  |TAMS 0x0000000089500000, 0x0000000089500000| Untracked 
| 150|0x0000000089600000, 0x0000000089600000, 0x0000000089700000|  0%| F|  |TAMS 0x0000000089600000, 0x0000000089600000| Untracked 
| 151|0x0000000089700000, 0x0000000089700000, 0x0000000089800000|  0%| F|  |TAMS 0x0000000089700000, 0x0000000089700000| Untracked 
| 152|0x0000000089800000, 0x0000000089800000, 0x0000000089900000|  0%| F|  |TAMS 0x0000000089800000, 0x0000000089800000| Untracked 
| 153|0x0000000089900000, 0x00000000899f7d68, 0x0000000089a00000| 96%| E|  |TAMS 0x0000000089900000, 0x0000000089900000| Complete 

Card table byte_map: [0x000001fe7c2d0000,0x000001fe7c6d0000] _byte_map_base: 0x000001fe7bed0000

Marking Bits (Prev, Next): (CMBitMap*) 0x000001fe694206e0, (CMBitMap*) 0x000001fe694206a8
 Prev Bits: [0x000001fe00000000, 0x000001fe02000000)
 Next Bits: [0x000001fe7cad0000, 0x000001fe7ead0000)

Polling page: 0x000001fe67220000

Metaspace:

Usage:
  Non-class:     23.09 MB capacity,    22.63 MB ( 98%) used,   421.30 KB (  2%) free+waste,    56.81 KB ( <1%) overhead. 
      Class:      3.63 MB capacity,     3.41 MB ( 94%) used,   199.08 KB (  5%) free+waste,    28.56 KB ( <1%) overhead. 
       Both:     26.72 MB capacity,    26.03 MB ( 97%) used,   620.38 KB (  2%) free+waste,    85.38 KB ( <1%) overhead. 

Virtual space:
  Non-class space:       24.00 MB reserved,      23.17 MB ( 97%) committed 
      Class space:        1.00 GB reserved,       3.75 MB ( <1%) committed 
             Both:        1.02 GB reserved,      26.92 MB (  3%) committed 

Chunk freelists:
   Non-Class:  15.00 KB
       Class:  0 bytes
        Both:  15.00 KB

MaxMetaspaceSize: 17179869184.00 GB
CompressedClassSpaceSize: 1.00 GB

CodeHeap 'non-profiled nmethods': size=120064Kb used=1075Kb max_used=1075Kb free=118988Kb
 bounds [0x000001fe74990000, 0x000001fe74c00000, 0x000001fe7bed0000]
CodeHeap 'profiled nmethods': size=120000Kb used=4981Kb max_used=4981Kb free=115018Kb
 bounds [0x000001fe6d460000, 0x000001fe6d940000, 0x000001fe74990000]
CodeHeap 'non-nmethods': size=5696Kb used=1159Kb max_used=1192Kb free=4536Kb
 bounds [0x000001fe6ced0000, 0x000001fe6d140000, 0x000001fe6d460000]
 total_blobs=2843 nmethods=2341 adapters=413
 compilation: enabled
              stopped_count=0, restarted_count=0
 full_count=0

Compilation events (20 events):
Event: 3.651 Thread 0x000001fe7f883800 2348       2       java.net.URLStreamHandler::sameFile (136 bytes)
Event: 3.651 Thread 0x000001fe7f883800 nmethod 2348 0x000001fe6d937c10 code [0x000001fe6d937e00, 0x000001fe6d9380a8]
Event: 3.651 Thread 0x000001fe7f883800 2349       2       java.net.URLStreamHandler::equals (45 bytes)
Event: 3.651 Thread 0x000001fe7f883800 nmethod 2349 0x000001fe6d938290 code [0x000001fe6d938460, 0x000001fe6d938618]
Event: 3.671 Thread 0x000001fe7f883800 2351       2       java.util.concurrent.locks.ReentrantLock::lockInterruptibly (9 bytes)
Event: 3.672 Thread 0x000001fe7f883800 nmethod 2351 0x000001fe6d938790 code [0x000001fe6d938980, 0x000001fe6d938bd8]
Event: 3.672 Thread 0x000001fe7f883800 2352   !   2       java.lang.ref.ReferenceQueue::remove (125 bytes)
Event: 3.672 Thread 0x000001fe7f883800 nmethod 2352 0x000001fe6d938d90 code [0x000001fe6d938fa0, 0x000001fe6d9395f8]
Event: 3.672 Thread 0x000001fe7f883800 2353   !   2       jdk.internal.ref.PhantomCleanable::isListEmpty (34 bytes)
Event: 3.673 Thread 0x000001fe7f883800 nmethod 2353 0x000001fe6d939910 code [0x000001fe6d939ac0, 0x000001fe6d939d78]
Event: 3.673 Thread 0x000001fe7f883800 2354       2       jdk.internal.misc.InnocuousThread::eraseThreadLocals (23 bytes)
Event: 3.673 Thread 0x000001fe7f883800 nmethod 2354 0x000001fe6d939e90 code [0x000001fe6d93a040, 0x000001fe6d93a218]
Event: 3.676 Thread 0x000001fe7f883800 2355       2       java.util.Arrays::sort (24 bytes)
Event: 3.676 Thread 0x000001fe7f883800 nmethod 2355 0x000001fe6d93a290 code [0x000001fe6d93a440, 0x000001fe6d93a568]
Event: 3.676 Thread 0x000001fe7f883800 2356       2       sun.security.provider.SHA::implCompress (13 bytes)
Event: 3.677 Thread 0x000001fe7f883800 nmethod 2356 0x000001fe6d93a610 code [0x000001fe6d93a7e0, 0x000001fe6d93a9e8]
Event: 3.677 Thread 0x000001fe7f883800 2357       2       sun.security.provider.SHA::implCompressCheck (15 bytes)
Event: 3.677 Thread 0x000001fe7f883800 nmethod 2357 0x000001fe6d93ab10 code [0x000001fe6d93ace0, 0x000001fe6d93aeb8]
Event: 3.680 Thread 0x000001fe7f883800 2358       2       jdk.internal.reflect.ClassFileAssembler::emitConstantPoolNameAndType (28 bytes)
Event: 3.681 Thread 0x000001fe7f883800 nmethod 2358 0x000001fe6d93af90 code [0x000001fe6d93b1a0, 0x000001fe6d93b4e8]

GC Heap History (12 events):
Event: 0.461 GC heap before
{Heap before GC invocations=0 (full 0):
 garbage-first heap   total 131072K, used 19456K [0x0000000080000000, 0x0000000100000000)
  region size 1024K, 14 young (14336K), 0 survivors (0K)
 Metaspace       used 6758K, capacity 6937K, committed 7168K, reserved 1056768K
  class space    used 584K, capacity 650K, committed 768K, reserved 1048576K
}
Event: 0.465 GC heap after
{Heap after GC invocations=1 (full 0):
 garbage-first heap   total 131072K, used 7653K [0x0000000080000000, 0x0000000100000000)
  region size 1024K, 2 young (2048K), 2 survivors (2048K)
 Metaspace       used 6758K, capacity 6937K, committed 7168K, reserved 1056768K
  class space    used 584K, capacity 650K, committed 768K, reserved 1048576K
}
Event: 0.747 GC heap before
{Heap before GC invocations=1 (full 0):
 garbage-first heap   total 131072K, used 18917K [0x0000000080000000, 0x0000000100000000)
  region size 1024K, 13 young (13312K), 2 survivors (2048K)
 Metaspace       used 10287K, capacity 10565K, committed 10624K, reserved 1058816K
  class space    used 1073K, capacity 1139K, committed 1152K, reserved 1048576K
}
Event: 0.751 GC heap after
{Heap after GC invocations=2 (full 0):
 garbage-first heap   total 131072K, used 9604K [0x0000000080000000, 0x0000000100000000)
  region size 1024K, 2 young (2048K), 2 survivors (2048K)
 Metaspace       used 10287K, capacity 10565K, committed 10624K, reserved 1058816K
  class space    used 1073K, capacity 1139K, committed 1152K, reserved 1048576K
}
Event: 1.197 GC heap before
{Heap before GC invocations=2 (full 0):
 garbage-first heap   total 131072K, used 38276K [0x0000000080000000, 0x0000000100000000)
  region size 1024K, 29 young (29696K), 2 survivors (2048K)
 Metaspace       used 11243K, capacity 11520K, committed 11776K, reserved 1060864K
  class space    used 1175K, capacity 1244K, committed 1280K, reserved 1048576K
}
Event: 1.200 GC heap after
{Heap after GC invocations=3 (full 0):
 garbage-first heap   total 131072K, used 12671K [0x0000000080000000, 0x0000000100000000)
  region size 1024K, 4 young (4096K), 4 survivors (4096K)
 Metaspace       used 11243K, capacity 11520K, committed 11776K, reserved 1060864K
  class space    used 1175K, capacity 1244K, committed 1280K, reserved 1048576K
}
Event: 2.299 GC heap before
{Heap before GC invocations=3 (full 0):
 garbage-first heap   total 131072K, used 52607K [0x0000000080000000, 0x0000000100000000)
  region size 1024K, 44 young (45056K), 4 survivors (4096K)
 Metaspace       used 17662K, capacity 18117K, committed 18432K, reserved 1064960K
  class space    used 2066K, capacity 2204K, committed 2304K, reserved 1048576K
}
Event: 2.306 GC heap after
{Heap after GC invocations=4 (full 0):
 garbage-first heap   total 131072K, used 15988K [0x0000000080000000, 0x0000000100000000)
  region size 1024K, 6 young (6144K), 6 survivors (6144K)
 Metaspace       used 17662K, capacity 18117K, committed 18432K, reserved 1064960K
  class space    used 2066K, capacity 2204K, committed 2304K, reserved 1048576K
}
Event: 2.682 GC heap before
{Heap before GC invocations=4 (full 0):
 garbage-first heap   total 131072K, used 42612K [0x0000000080000000, 0x0000000100000000)
  region size 1024K, 33 young (33792K), 6 survivors (6144K)
 Metaspace       used 20702K, capacity 21194K, committed 21296K, reserved 1069056K
  class space    used 2531K, capacity 2676K, committed 2688K, reserved 1048576K
}
Event: 2.691 GC heap after
{Heap after GC invocations=5 (full 0):
 garbage-first heap   total 157696K, used 17814K [0x0000000080000000, 0x0000000100000000)
  region size 1024K, 2 young (2048K), 2 survivors (2048K)
 Metaspace       used 20702K, capacity 21194K, committed 21296K, reserved 1069056K
  class space    used 2531K, capacity 2676K, committed 2688K, reserved 1048576K
}
Event: 3.664 GC heap before
{Heap before GC invocations=6 (full 0):
 garbage-first heap   total 157696K, used 75158K [0x0000000080000000, 0x0000000100000000)
  region size 1024K, 56 young (57344K), 2 survivors (2048K)
 Metaspace       used 26623K, capacity 27343K, committed 27440K, reserved 1073152K
  class space    used 3481K, capacity 3712K, committed 3712K, reserved 1048576K
}
Event: 3.670 GC heap after
{Heap after GC invocations=7 (full 0):
 garbage-first heap   total 157696K, used 22852K [0x0000000080000000, 0x0000000100000000)
  region size 1024K, 5 young (5120K), 5 survivors (5120K)
 Metaspace       used 26623K, capacity 27343K, committed 27440K, reserved 1073152K
  class space    used 3481K, capacity 3712K, committed 3712K, reserved 1048576K
}

Deoptimization events (20 events):
Event: 3.519 Thread 0x000001fe061ed000 Uncommon trap: trap_request=0xffffff4d fr.pc=0x000001fe749b0ee8 relative=0x0000000000000048
Event: 3.519 Thread 0x000001fe061ed000 Uncommon trap: reason=unstable_if action=reinterpret pc=0x000001fe749b0ee8 method=java.net.URI.match(CJJ)Z @ 19 c2
Event: 3.519 Thread 0x000001fe061ed000 DEOPT PACKING pc=0x000001fe749b0ee8 sp=0x000000616defb790
Event: 3.519 Thread 0x000001fe061ed000 DEOPT UNPACKING pc=0x000001fe6cef662f sp=0x000000616defb740 mode 2
Event: 3.651 Thread 0x000001fe061ed000 Uncommon trap: trap_request=0xffffffc6 fr.pc=0x000001fe74a83fec relative=0x0000000000003a4c
Event: 3.651 Thread 0x000001fe061ed000 Uncommon trap: reason=bimorphic_or_optimized_type_check action=maybe_recompile pc=0x000001fe74a83fec method=java.lang.ClassLoader.loadClass(Ljava/lang/String;Z)Ljava/lang/Class; @ 38 c2
Event: 3.651 Thread 0x000001fe061ed000 DEOPT PACKING pc=0x000001fe74a83fec sp=0x000000616defbaa0
Event: 3.651 Thread 0x000001fe061ed000 DEOPT UNPACKING pc=0x000001fe6cef662f sp=0x000000616defbaf0 mode 2
Event: 3.664 Thread 0x000001fe061ed000 Uncommon trap: trap_request=0xffffffc6 fr.pc=0x000001fe74a83fec relative=0x0000000000003a4c
Event: 3.664 Thread 0x000001fe061ed000 Uncommon trap: reason=bimorphic_or_optimized_type_check action=maybe_recompile pc=0x000001fe74a83fec method=java.lang.ClassLoader.loadClass(Ljava/lang/String;Z)Ljava/lang/Class; @ 38 c2
Event: 3.664 Thread 0x000001fe061ed000 DEOPT PACKING pc=0x000001fe74a83fec sp=0x000000616def8730
Event: 3.664 Thread 0x000001fe061ed000 DEOPT UNPACKING pc=0x000001fe6cef662f sp=0x000000616def8780 mode 2
Event: 3.673 Thread 0x000001fe061ed000 Uncommon trap: trap_request=0xffffffc6 fr.pc=0x000001fe74a83fec relative=0x0000000000003a4c
Event: 3.673 Thread 0x000001fe061ed000 Uncommon trap: reason=bimorphic_or_optimized_type_check action=maybe_recompile pc=0x000001fe74a83fec method=java.lang.ClassLoader.loadClass(Ljava/lang/String;Z)Ljava/lang/Class; @ 38 c2
Event: 3.673 Thread 0x000001fe061ed000 DEOPT PACKING pc=0x000001fe74a83fec sp=0x000000616def89c0
Event: 3.673 Thread 0x000001fe061ed000 DEOPT UNPACKING pc=0x000001fe6cef662f sp=0x000000616def8a10 mode 2
Event: 3.674 Thread 0x000001fe061ed000 Uncommon trap: trap_request=0xffffffc6 fr.pc=0x000001fe74a83fec relative=0x0000000000003a4c
Event: 3.674 Thread 0x000001fe061ed000 Uncommon trap: reason=bimorphic_or_optimized_type_check action=maybe_recompile pc=0x000001fe74a83fec method=java.lang.ClassLoader.loadClass(Ljava/lang/String;Z)Ljava/lang/Class; @ 38 c2
Event: 3.674 Thread 0x000001fe061ed000 DEOPT PACKING pc=0x000001fe74a83fec sp=0x000000616defa070
Event: 3.674 Thread 0x000001fe061ed000 DEOPT UNPACKING pc=0x000001fe6cef662f sp=0x000000616defa0c0 mode 2

Classes redefined (0 events):
No events

Internal exceptions (20 events):
Event: 2.661 Thread 0x000001fe061ed000 Exception <a 'java/lang/NoSuchMethodError'{0x000000008660b058}: 'java.lang.Object java.lang.invoke.DirectMethodHandle$Holder.invokeStatic(java.lang.Object, java.lang.Object, java.lang.Object, int)'> (0x000000008660b058) thrown at [./src/hotspot/share/interpreter/linkResolver.cpp, line 773]
Event: 2.662 Thread 0x000001fe061ed000 Exception <a 'java/lang/NoSuchMethodError'{0x000000008660f4c8}: 'java.lang.Object java.lang.invoke.DirectMethodHandle$Holder.invokeSpecial(java.lang.Object, java.lang.Object, java.lang.Object, java.lang.Object, int)'> (0x000000008660f4c8) thrown at [./src/hotspot/share/interpreter/linkResolver.cpp, line 773]
Event: 2.662 Thread 0x000001fe061ed000 Exception <a 'java/lang/NoSuchMethodError'{0x0000000086613158}: 'java.lang.Object java.lang.invoke.Invokers$Holder.linkToTargetMethod(java.lang.Object, java.lang.Object, int, java.lang.Object)'> (0x0000000086613158) thrown at [./src/hotspot/share/interpreter/linkResolver.cpp, line 773]
Event: 2.763 Thread 0x000001fe061ed000 Exception <a 'java/lang/NoSuchMethodError'{0x000000008967e3c0}: 'int java.lang.invoke.DirectMethodHandle$Holder.invokeSpecialIFC(java.lang.Object, java.lang.Object, java.lang.Object, java.lang.Object)'> (0x000000008967e3c0) thrown at [./src/hotspot/share/interpreter/linkResolver.cpp, line 773]
Event: 2.765 Thread 0x000001fe061ed000 Exception <a 'java/lang/NoSuchMethodError'{0x000000008968c378}: 'java.lang.Object java.lang.invoke.DirectMethodHandle$Holder.invokeInterface(java.lang.Object, java.lang.Object, java.lang.Object)'> (0x000000008968c378) thrown at [./src/hotspot/share/interpreter/linkResolver.cpp, line 773]
Event: 2.765 Thread 0x000001fe061ed000 Exception <a 'java/lang/IncompatibleClassChangeError'{0x000000008968f850}: Found class java.lang.Object, but interface was expected> (0x000000008968f850) thrown at [./src/hotspot/share/interpreter/linkResolver.cpp, line 839]
Event: 2.792 Thread 0x000001fe061ed000 Exception <a 'java/lang/NoSuchMethodError'{0x0000000089495d00}: 'void java.lang.invoke.DirectMethodHandle$Holder.invokeStatic(java.lang.Object, java.lang.Object, java.lang.Object, java.lang.Object, java.lang.Object)'> (0x0000000089495d00) thrown at [./src/hotspot/share/interpreter/linkResolver.cpp, line 773]
Event: 2.882 Thread 0x000001fe061ed000 Exception <a 'java/lang/NoSuchMethodError'{0x0000000088d60ba0}: 'java.lang.Object java.lang.invoke.DirectMethodHandle$Holder.invokeSpecial(java.lang.Object, java.lang.Object, java.lang.Object, java.lang.Object, java.lang.Object, java.lang.Object, java.lang.Object, java.lang.Object, java.lang.Object)'> (0x0000000088d60ba0) thrown at [./src/hotspot/share/interpreter/linkResolver.cpp, line 773]
Event: 2.956 Thread 0x000001fe061ed000 Exception <a 'java/lang/NoSuchMethodError'{0x0000000088485be0}: 'java.lang.Object java.lang.invoke.DirectMethodHandle$Holder.invokeVirtual(java.lang.Object, java.lang.Object, java.lang.Object, java.lang.Object)'> (0x0000000088485be0) thrown at [./src/hotspot/share/interpreter/linkResolver.cpp, line 773]
Event: 3.079 Thread 0x000001fe061ed000 Exception <a 'java/lang/NoSuchMethodError'{0x0000000087d0dd08}: 'void java.lang.invoke.DirectMethodHandle$Holder.invokeSpecial(java.lang.Object, java.lang.Object, java.lang.Object, java.lang.Object, java.lang.Object, java.lang.Object)'> (0x0000000087d0dd08) thrown at [./src/hotspot/share/interpreter/linkResolver.cpp, line 773]
Event: 3.142 Thread 0x000001fe061ed000 Exception <a 'java/lang/NoSuchMethodError'{0x0000000087d7cc00}: 'void java.lang.invoke.DirectMethodHandle$Holder.invokeSpecial(java.lang.Object, java.lang.Object, java.lang.Object, java.lang.Object, java.lang.Object, java.lang.Object, java.lang.Object)'> (0x0000000087d7cc00) thrown at [./src/hotspot/share/interpreter/linkResolver.cpp, line 773]
Event: 3.142 Thread 0x000001fe061ed000 Exception <a 'java/lang/NoSuchMethodError'{0x0000000087d85330}: 'java.lang.Object java.lang.invoke.Invokers$Holder.linkToTargetMethod(java.lang.Object, java.lang.Object, java.lang.Object, java.lang.Object, java.lang.Object, java.lang.Object)'> (0x0000000087d85330) thrown at [./src/hotspot/share/interpreter/linkResolver.cpp, line 773]
Event: 3.275 Thread 0x000001fe061ed000 Exception <a 'java/lang/NoSuchMethodError'{0x000000008746ce50}: 'int java.lang.invoke.DirectMethodHandle$Holder.invokeStaticInit(java.lang.Object, java.lang.Object, java.lang.Object)'> (0x000000008746ce50) thrown at [./src/hotspot/share/interpreter/linkResolver.cpp, line 773]
Event: 3.373 Thread 0x000001fe061ed000 Exception <a 'java/lang/NoSuchMethodError'{0x0000000086f8dcd0}: 'void java.lang.invoke.DirectMethodHandle$Holder.invokeStaticInit(java.lang.Object, java.lang.Object)'> (0x0000000086f8dcd0) thrown at [./src/hotspot/share/interpreter/linkResolver.cpp, line 773]
Event: 3.490 Thread 0x000001fe061ed000 Exception <a 'java/lang/NoSuchMethodError'{0x0000000086ae9c90}: 'void java.lang.invoke.DirectMethodHandle$Holder.invokeStatic(java.lang.Object, java.lang.Object, java.lang.Object, java.lang.Object)'> (0x0000000086ae9c90) thrown at [./src/hotspot/share/interpreter/linkResolver.cpp, line 773]
Event: 3.494 Thread 0x000001fe061ed000 Exception <a 'java/lang/NoSuchMethodError'{0x0000000086afd700}: 'int java.lang.invoke.DirectMethodHandle$Holder.invokeInterface(java.lang.Object, java.lang.Object)'> (0x0000000086afd700) thrown at [./src/hotspot/share/interpreter/linkResolver.cpp, line 773]
Event: 3.535 Thread 0x000001fe06036000 Exception <a 'java/lang/NoSuchMethodError'{0x00000000899b6f48}: 'void java.lang.invoke.DirectMethodHandle$Holder.invokeSpecial(java.lang.Object, java.lang.Object)'> (0x00000000899b6f48) thrown at [./src/hotspot/share/interpreter/linkResolver.cpp, line 773]
Event: 3.570 Thread 0x000001fe061ed000 Exception <a 'java/lang/NoSuchMethodError'{0x00000000867a4518}: 'java.lang.Object java.lang.invoke.DirectMethodHandle$Holder.invokeStatic(java.lang.Object, java.lang.Object, int, java.lang.Object)'> (0x00000000867a4518) thrown at [./src/hotspot/share/interpreter/linkResolver.cpp, line 773]
Event: 3.571 Thread 0x000001fe061ed000 Exception <a 'java/lang/NoSuchMethodError'{0x00000000867ae410}: 'java.lang.Object java.lang.invoke.Invokers$Holder.linkToTargetMethod(java.lang.Object, int, java.lang.Object, java.lang.Object)'> (0x00000000867ae410) thrown at [./src/hotspot/share/interpreter/linkResolver.cpp, line 773]
Event: 3.676 Thread 0x000001fe061ed000 Exception <a 'java/lang/NoSuchMethodError'{0x0000000089942bf8}: <clinit>> (0x0000000089942bf8) thrown at [./src/hotspot/share/prims/jni.cpp, line 1362]

Events (20 events):
Event: 3.677 loading class org/gradle/tooling/internal/protocol/InternalBuildAction
Event: 3.677 loading class org/gradle/tooling/internal/protocol/InternalBuildAction done
Event: 3.678 loading class org/gradle/tooling/internal/protocol/InternalBuildAction
Event: 3.678 loading class org/gradle/tooling/internal/protocol/InternalBuildAction done
Event: 3.678 loading class org/gradle/tooling/internal/adapter/TargetTypeProvider
Event: 3.678 loading class org/gradle/tooling/internal/adapter/TargetTypeProvider done
Event: 3.679 loading class org/gradle/tooling/BuildController
Event: 3.679 loading class org/gradle/tooling/BuildController done
Event: 3.679 loading class org/gradle/tooling/BuildAction
Event: 3.679 loading class org/gradle/tooling/BuildAction done
Event: 3.680 loading class org/gradle/tooling/internal/consumer/versioning/VersionDetails
Event: 3.680 loading class org/gradle/tooling/internal/consumer/versioning/VersionDetails done
Event: 3.681 loading class org/gradle/tooling/internal/protocol/InternalBuildControllerVersion2
Event: 3.681 loading class org/gradle/tooling/internal/protocol/InternalBuildControllerVersion2 done
Event: 3.681 loading class org/gradle/tooling/internal/protocol/InternalBuildControllerVersion2
Event: 3.681 loading class org/gradle/tooling/internal/protocol/InternalBuildControllerVersion2 done
Event: 3.681 loading class org/gradle/tooling/internal/protocol/InternalBuildController
Event: 3.681 loading class org/gradle/tooling/internal/protocol/InternalBuildController done
Event: 3.681 loading class org/gradle/tooling/internal/protocol/InternalBuildController
Event: 3.681 loading class org/gradle/tooling/internal/protocol/InternalBuildController done


Dynamic libraries:
0x00007ff7b7050000 - 0x00007ff7b705a000 	C:\Program Files\Android\Android Studio\jre\bin\java.exe
0x00007ffad2b50000 - 0x00007ffad2d3d000 	C:\Windows\SYSTEM32\ntdll.dll
0x00007ffad2050000 - 0x00007ffad2103000 	C:\Windows\System32\KERNEL32.DLL
0x00007ffacf6d0000 - 0x00007ffacf965000 	C:\Windows\System32\KERNELBASE.dll
0x00007ffacf970000 - 0x00007ffacfa6a000 	C:\Windows\System32\ucrtbase.dll
0x00007ffabfe20000 - 0x00007ffabfe39000 	C:\Program Files\Android\Android Studio\jre\bin\jli.dll
0x00007ffabfe00000 - 0x00007ffabfe17000 	C:\Program Files\Android\Android Studio\jre\bin\VCRUNTIME140.dll
0x00007ffad2750000 - 0x00007ffad28e7000 	C:\Windows\System32\USER32.dll
0x00007ffabb4b0000 - 0x00007ffabb729000 	C:\Windows\WinSxS\amd64_microsoft.windows.common-controls_6595b64144ccf1df_6.0.17763.1339_none_de7015e4534c7114\COMCTL32.dll
0x00007ffacec60000 - 0x00007ffacec80000 	C:\Windows\System32\win32u.dll
0x00007ffacffb0000 - 0x00007ffad004e000 	C:\Windows\System32\msvcrt.dll
0x00007ffad23e0000 - 0x00007ffad2409000 	C:\Windows\System32\GDI32.dll
0x00007ffad2410000 - 0x00007ffad273c000 	C:\Windows\System32\combase.dll
0x00007ffacfa70000 - 0x00007ffacfc0b000 	C:\Windows\System32\gdi32full.dll
0x00007ffad21d0000 - 0x00007ffad22f2000 	C:\Windows\System32\RPCRT4.dll
0x00007ffacf630000 - 0x00007ffacf6d0000 	C:\Windows\System32\msvcp_win.dll
0x00007ffacfcc0000 - 0x00007ffacfd3e000 	C:\Windows\System32\bcryptPrimitives.dll
0x00007ffad1850000 - 0x00007ffad187e000 	C:\Windows\System32\IMM32.DLL
0x00007ffa94ba0000 - 0x00007ffa94c3d000 	C:\Program Files\Android\Android Studio\jre\bin\msvcp140.dll
0x00007ffa91f50000 - 0x00007ffa92a25000 	C:\Program Files\Android\Android Studio\jre\bin\server\jvm.dll
0x00007ffad1b20000 - 0x00007ffad1bc3000 	C:\Windows\System32\ADVAPI32.dll
0x00007ffad2900000 - 0x00007ffad299e000 	C:\Windows\System32\sechost.dll
0x00007ffacfda0000 - 0x00007ffacfda8000 	C:\Windows\System32\PSAPI.DLL
0x00007ffac3610000 - 0x00007ffac3619000 	C:\Windows\SYSTEM32\WSOCK32.dll
0x00007ffacb810000 - 0x00007ffacb834000 	C:\Windows\SYSTEM32\WINMM.dll
0x00007ffac9e30000 - 0x00007ffac9e3a000 	C:\Windows\SYSTEM32\VERSION.dll
0x00007ffad01b0000 - 0x00007ffad021d000 	C:\Windows\System32\WS2_32.dll
0x00007ffacb7e0000 - 0x00007ffacb80d000 	C:\Windows\SYSTEM32\WINMMBASE.dll
0x00007ffacec80000 - 0x00007ffacecca000 	C:\Windows\System32\cfgmgr32.dll
0x00007ffaceb80000 - 0x00007ffaceb91000 	C:\Windows\System32\kernel.appcore.dll
0x00007ffabaeb0000 - 0x00007ffabaec1000 	C:\Program Files\Android\Android Studio\jre\bin\verify.dll
0x00007ffabe7f0000 - 0x00007ffabe9dd000 	C:\Windows\SYSTEM32\DBGHELP.DLL
0x00007ffac1fe0000 - 0x00007ffac200a000 	C:\Windows\SYSTEM32\dbgcore.DLL
0x00007ffab79c0000 - 0x00007ffab79e9000 	C:\Program Files\Android\Android Studio\jre\bin\java.dll
0x00007ffac3db0000 - 0x00007ffac3dbb000 	C:\Program Files\Android\Android Studio\jre\bin\jimage.dll
0x00007ffaba3c0000 - 0x00007ffaba3d8000 	C:\Program Files\Android\Android Studio\jre\bin\zip.dll
0x00007ffad0220000 - 0x00007ffad1718000 	C:\Windows\System32\SHELL32.dll
0x00007ffad1880000 - 0x00007ffad1929000 	C:\Windows\System32\shcore.dll
0x00007ffacecd0000 - 0x00007ffacf424000 	C:\Windows\System32\windows.storage.dll
0x00007ffacec00000 - 0x00007ffacec24000 	C:\Windows\System32\profapi.dll
0x00007ffaceba0000 - 0x00007ffacebfd000 	C:\Windows\System32\powrprof.dll
0x00007ffad2380000 - 0x00007ffad23d2000 	C:\Windows\System32\shlwapi.dll
0x00007ffacf610000 - 0x00007ffacf627000 	C:\Windows\System32\cryptsp.dll
0x00007ffab5b90000 - 0x00007ffab5baa000 	C:\Program Files\Android\Android Studio\jre\bin\net.dll
0x00007ffac5c60000 - 0x00007ffac5d52000 	C:\Windows\SYSTEM32\WINHTTP.dll
0x00007fface3c0000 - 0x00007fface427000 	C:\Windows\system32\mswsock.dll
0x00007ffab5920000 - 0x00007ffab5934000 	C:\Program Files\Android\Android Studio\jre\bin\nio.dll
0x00007ffa95280000 - 0x00007ffa952a7000 	C:\Users\world-PC\.gradle\native\e1d6ef7f7dcc3fd88c89a11ec53ec762bb8ba0a96d01ffa2cd45eb1d1d8dd5c5\windows-amd64\native-platform.dll
0x00007ffa90ab0000 - 0x00007ffa90bf4000 	C:\Users\world-PC\.gradle\native\5664cfc778a61ccfe75a443a1ab52a65af34e5dc3c78e0209fed803814484fcb\windows-amd64\native-platform-file-events.dll
0x00007ffaba4f0000 - 0x00007ffaba4fa000 	C:\Program Files\Android\Android Studio\jre\bin\management.dll
0x00007ffab9aa0000 - 0x00007ffab9aad000 	C:\Program Files\Android\Android Studio\jre\bin\management_ext.dll
0x00007ffacdf40000 - 0x00007ffacdf73000 	C:\Windows\system32\rsaenh.dll
0x00007ffacec30000 - 0x00007ffacec56000 	C:\Windows\System32\bcrypt.dll
0x00007ffacea90000 - 0x00007ffaceab8000 	C:\Windows\SYSTEM32\USERENV.dll
0x00007fface590000 - 0x00007fface59c000 	C:\Windows\SYSTEM32\CRYPTBASE.dll
0x00007fface0e0000 - 0x00007fface11d000 	C:\Windows\SYSTEM32\IPHLPAPI.DLL
0x00007ffad28f0000 - 0x00007ffad28f8000 	C:\Windows\System32\NSI.dll
0x00007ffac9200000 - 0x00007ffac9216000 	C:\Windows\SYSTEM32\dhcpcsvc6.DLL
0x00007ffac91c0000 - 0x00007ffac91dc000 	C:\Windows\SYSTEM32\dhcpcsvc.DLL
0x00007fface120000 - 0x00007fface1e7000 	C:\Windows\SYSTEM32\DNSAPI.dll

dbghelp: loaded successfully - version: 4.0.5 - missing functions: none
symbol engine: initialized successfully - sym options: 0x614 - pdb path: .;C:\Program Files\Android\Android Studio\jre\bin;C:\Windows\SYSTEM32;C:\Windows\WinSxS\amd64_microsoft.windows.common-controls_6595b64144ccf1df_6.0.17763.1339_none_de7015e4534c7114;C:\Program Files\Android\Android Studio\jre\bin\server;C:\Users\world-PC\.gradle\native\e1d6ef7f7dcc3fd88c89a11ec53ec762bb8ba0a96d01ffa2cd45eb1d1d8dd5c5\windows-amd64;C:\Users\world-PC\.gradle\native\5664cfc778a61ccfe75a443a1ab52a65af34e5dc3c78e0209fed803814484fcb\windows-amd64

VM Arguments:
jvm_args: --add-opens=java.base/java.util=ALL-UNNAMED --add-opens=java.base/java.lang=ALL-UNNAMED --add-opens=java.base/java.lang.invoke=ALL-UNNAMED --add-opens=java.base/java.util=ALL-UNNAMED --add-opens=java.prefs/java.util.prefs=ALL-UNNAMED --add-opens=java.prefs/java.util.prefs=ALL-UNNAMED --add-opens=java.base/java.nio.charset=ALL-UNNAMED --add-opens=java.base/java.net=ALL-UNNAMED --add-opens=java.base/java.util.concurrent.atomic=ALL-UNNAMED -Xmx2048m -Dfile.encoding=UTF-8 -Duser.country=RU -Duser.language=ru -Duser.variant 
java_command: org.gradle.launcher.daemon.bootstrap.GradleDaemon 7.2
java_class_path (initial): C:\Users\world-PC\.gradle\wrapper\dists\gradle-7.2-bin\2dnblmf4td7x66yl1d74lt32g\gradle-7.2\lib\gradle-launcher-7.2.jar
Launcher Type: SUN_STANDARD

[Global flags]
     intx CICompilerCount                          = 3                                         {product} {ergonomic}
     uint ConcGCThreads                            = 1                                         {product} {ergonomic}
     uint G1ConcRefinementThreads                  = 4                                         {product} {ergonomic}
   size_t G1HeapRegionSize                         = 1048576                                   {product} {ergonomic}
    uintx GCDrainStackTargetSize                   = 64                                        {product} {ergonomic}
   size_t InitialHeapSize                          = 134217728                                 {product} {ergonomic}
   size_t MarkStackSize                            = 4194304                                   {product} {ergonomic}
   size_t MaxHeapSize                              = 2147483648                                {product} {command line}
   size_t MaxNewSize                               = 1287651328                                {product} {ergonomic}
   size_t MinHeapDeltaBytes                        = 1048576                                   {product} {ergonomic}
    uintx NonNMethodCodeHeapSize                   = 5830732                                {pd product} {ergonomic}
    uintx NonProfiledCodeHeapSize                  = 122913754                              {pd product} {ergonomic}
    uintx ProfiledCodeHeapSize                     = 122913754                              {pd product} {ergonomic}
    uintx ReservedCodeCacheSize                    = 251658240                              {pd product} {ergonomic}
     bool SegmentedCodeCache                       = true                                      {product} {ergonomic}
     bool UseCompressedClassPointers               = true                                 {lp64_product} {ergonomic}
     bool UseCompressedOops                        = true                                 {lp64_product} {ergonomic}
     bool UseG1GC                                  = true                                      {product} {ergonomic}
     bool UseLargePagesIndividualAllocation        = false                                  {pd product} {ergonomic}

Logging:
Log output configuration:
 #0: stdout all=warning uptime,level,tags
 #1: stderr all=off uptime,level,tags

Environment Variables:
PATH=C:\Program Files (x86)\Common Files\Oracle\Java\javapath;C:\ProgramData\Oracle\Java\javapath;C:\Program Files (x86)\Intel\iCLS Client\;C:\Program Files\Intel\iCLS Client\;C:\Windows\system32;C:\Windows;C:\Windows\System32\Wbem;C:\Windows\System32\WindowsPowerShell\v1.0\;C:\Program Files (x86)\Intel\Intel(R) Management Engine Components\DAL;C:\Program Files\Intel\Intel(R) Management Engine Components\DAL;C:\Program Files (x86)\Intel\Intel(R) Management Engine Components\IPT;C:\Program Files\Intel\Intel(R) Management Engine Components\IPT;C:\Program Files\nodejs\;C:\Program Files\7-Zip;C:\Program Files (x86)\NVIDIA Corporation\PhysX\Common;C:\Program Files\Git\cmd;C:\Users\world-PC\AppData\Local\Microsoft\WindowsApps;;C:\Users\world-PC\AppData\Local\Programs\Microsoft VS Code\bin;C:\Users\world-PC\AppData\Roaming\npm
USERNAME=world-PC
OS=Windows_NT
PROCESSOR_IDENTIFIER=Intel64 Family 6 Model 60 Stepping 3, GenuineIntel



---------------  S Y S T E M  ---------------

OS: Windows 10 , 64 bit Build 17763 (10.0.17763.1339)
OS uptime: 0 days 9:21 hours

CPU:total 4 (initial active 4) (2 cores per cpu, 2 threads per core) family 6 model 60 stepping 3 microcode 0x24, cmov, cx8, fxsr, mmx, sse, sse2, sse3, ssse3, sse4.1, sse4.2, popcnt, avx, avx2, aes, clmul, erms, lzcnt, ht, tsc, tscinvbit, bmi1, bmi2, fma

Memory: 4k page, system-wide physical 8129M (478M free)
TotalPageFile size 10177M (AvailPageFile size 5M)
current process WorkingSet (physical memory assigned to process): 226M, peak: 226M
current process commit charge ("private bytes"): 321M, peak: 322M

vm_info: OpenJDK 64-Bit Server VM (11.0.11+9-b60-7590822) for windows-amd64 JRE (11.0.11+9-b60-7590822), built on Jul 29 2021 21:43:44 by "builder" with MS VC++ 14.0 (VS2015)

END.
