#
# There is insufficient memory for the Java Runtime Environment to continue.
# Native memory allocation (malloc) failed to allocate 1826256 bytes for Chunk::new
# Possible reasons:
#   The system is out of physical RAM or swap space
#   The process is running with CompressedOops enabled, and the Java Heap may be blocking the growth of the native heap
# Possible solutions:
#   Reduce memory load on the system
#   Increase physical memory or swap space
#   Check if swap backing store is full
#   Decrease Java heap size (-Xmx/-Xms)
#   Decrease number of Java threads
#   Decrease Java thread stack sizes (-Xss)
#   Set larger code cache with -XX:ReservedCodeCacheSize=
#   JVM is running with Unscaled Compressed Oops mode in which the Java heap is
#     placed in the first 4GB address space. The Java Heap base address is the
#     maximum limit for the native heap growth. Please use -XX:HeapBaseMinAddress
#     to set the Java Heap base and to place the Java Heap above 4GB virtual address.
# This output file may be truncated or incomplete.
#
#  Out of Memory Error (./src/hotspot/share/memory/arena.cpp:197), pid=2668, tid=3172
#
# JRE version: OpenJDK Runtime Environment (11.0.11+9) (build 11.0.11+9-b60-7590822)
# Java VM: OpenJDK 64-Bit Server VM (11.0.11+9-b60-7590822, mixed mode, tiered, compressed oops, g1 gc, windows-amd64)
# No core dump will be written. Minidumps are not enabled by default on client versions of Windows
#

---------------  S U M M A R Y ------------

Command Line: --add-opens=java.base/java.util=ALL-UNNAMED --add-opens=java.base/java.lang=ALL-UNNAMED --add-opens=java.base/java.lang.invoke=ALL-UNNAMED --add-opens=java.base/java.util=ALL-UNNAMED --add-opens=java.prefs/java.util.prefs=ALL-UNNAMED --add-opens=java.prefs/java.util.prefs=ALL-UNNAMED --add-opens=java.base/java.nio.charset=ALL-UNNAMED --add-opens=java.base/java.net=ALL-UNNAMED --add-opens=java.base/java.util.concurrent.atomic=ALL-UNNAMED -Xmx2048m -Dfile.encoding=UTF-8 -Duser.country=RU -Duser.language=ru -Duser.variant org.gradle.launcher.daemon.bootstrap.GradleDaemon 7.2

Host: Intel(R) Core(TM) i3-4330 CPU @ 3.50GHz, 4 cores, 7G,  Windows 10 , 64 bit Build 17763 (10.0.17763.1339)
Time: Thu Feb 10 20:22:01 2022 Aaiaeaaao (ceia) elapsed time: 4.223421 seconds (0d 0h 0m 4s)

---------------  T H R E A D  ---------------

Current thread (0x0000010a9da30000):  JavaThread "C2 CompilerThread0" daemon [_thread_in_native, id=3172, stack(0x00000005aab00000,0x00000005aac00000)]


Current CompileTask:
C2:   4223 2245       4       java.net.URLClassLoader$1::run (5 bytes)

Stack: [0x00000005aab00000,0x00000005aac00000]
Native frames: (J=compiled Java code, j=interpreted, Vv=VM code, C=native code)
V  [jvm.dll+0x5f214a]
V  [jvm.dll+0x726fb5]
V  [jvm.dll+0x7285cd]
V  [jvm.dll+0x728c83]
V  [jvm.dll+0x243278]
V  [jvm.dll+0xbc53c]
V  [jvm.dll+0xbca3c]
V  [jvm.dll+0x353e7d]
V  [jvm.dll+0x321893]
V  [jvm.dll+0x320d8a]
V  [jvm.dll+0x1fc1e2]
V  [jvm.dll+0x1fb3d4]
V  [jvm.dll+0x183d6c]
V  [jvm.dll+0x209a57]
V  [jvm.dll+0x2082a1]
V  [jvm.dll+0x6ef58f]
V  [jvm.dll+0x6e80b5]
V  [jvm.dll+0x5f1036]
C  [ucrtbase.dll+0x21ffa]
C  [KERNEL32.DLL+0x17974]
C  [ntdll.dll+0x6a271]


---------------  P R O C E S S  ---------------

Threads class SMR info:
_java_thread_list=0x0000010aa1a43940, length=27, elements={
0x0000010a83e20800, 0x0000010a9da1b000, 0x0000010a9da1c000, 0x0000010a9e39c000,
0x0000010a9e39d000, 0x0000010a9e39f000, 0x0000010a9da30000, 0x0000010a9da3b000,
0x0000010a9da44800, 0x0000010a9e520800, 0x0000010aa0ada000, 0x0000010aa0af5000,
0x0000010aa09cf800, 0x0000010aa0703800, 0x0000010aa12e1800, 0x0000010a9fb02800,
0x0000010aa0944800, 0x0000010a9fb03000, 0x0000010a9fb2c000, 0x0000010aa0646000,
0x0000010aa0647000, 0x0000010aa0649800, 0x0000010aa0645800, 0x0000010aa064c000,
0x0000010aa064b000, 0x0000010aa0648800, 0x0000010aa0648000
}

Java Threads: ( => current thread )
  0x0000010a83e20800 JavaThread "main" [_thread_blocked, id=7496, stack(0x00000005a9f00000,0x00000005aa000000)]
  0x0000010a9da1b000 JavaThread "Reference Handler" daemon [_thread_blocked, id=7340, stack(0x00000005aa600000,0x00000005aa700000)]
  0x0000010a9da1c000 JavaThread "Finalizer" daemon [_thread_blocked, id=7512, stack(0x00000005aa700000,0x00000005aa800000)]
  0x0000010a9e39c000 JavaThread "Signal Dispatcher" daemon [_thread_blocked, id=7368, stack(0x00000005aa800000,0x00000005aa900000)]
  0x0000010a9e39d000 JavaThread "Attach Listener" daemon [_thread_blocked, id=4740, stack(0x00000005aa900000,0x00000005aaa00000)]
  0x0000010a9e39f000 JavaThread "Service Thread" daemon [_thread_blocked, id=6752, stack(0x00000005aaa00000,0x00000005aab00000)]
=>0x0000010a9da30000 JavaThread "C2 CompilerThread0" daemon [_thread_in_native, id=3172, stack(0x00000005aab00000,0x00000005aac00000)]
  0x0000010a9da3b000 JavaThread "C1 CompilerThread0" daemon [_thread_in_native, id=2752, stack(0x00000005aac00000,0x00000005aad00000)]
  0x0000010a9da44800 JavaThread "Sweeper thread" daemon [_thread_blocked, id=3924, stack(0x00000005aad00000,0x00000005aae00000)]
  0x0000010a9e520800 JavaThread "Common-Cleaner" daemon [_thread_blocked, id=3920, stack(0x00000005aae00000,0x00000005aaf00000)]
  0x0000010aa0ada000 JavaThread "Daemon health stats" [_thread_blocked, id=1972, stack(0x00000005ab300000,0x00000005ab400000)]
  0x0000010aa0af5000 JavaThread "Incoming local TCP Connector on port 55130" [_thread_in_native, id=1800, stack(0x00000005ab400000,0x00000005ab500000)]
  0x0000010aa09cf800 JavaThread "Daemon periodic checks" [_thread_blocked, id=5808, stack(0x00000005ab500000,0x00000005ab600000)]
  0x0000010aa0703800 JavaThread "Daemon" [_thread_blocked, id=7324, stack(0x00000005ab600000,0x00000005ab700000)]
  0x0000010aa12e1800 JavaThread "Handler for socket connection from /127.0.0.1:55130 to /127.0.0.1:55131" [_thread_in_native, id=3932, stack(0x00000005ab700000,0x00000005ab800000)]
  0x0000010a9fb02800 JavaThread "Cancel handler" [_thread_blocked, id=4828, stack(0x00000005ab800000,0x00000005ab900000)]
  0x0000010aa0944800 JavaThread "Daemon worker" [_thread_blocked, id=7232, stack(0x00000005ab900000,0x00000005aba00000)]
  0x0000010a9fb03000 JavaThread "Asynchronous log dispatcher for DefaultDaemonConnection: socket connection from /127.0.0.1:55130 to /127.0.0.1:55131" [_thread_blocked, id=4152, stack(0x00000005aba00000,0x00000005abb00000)]
  0x0000010a9fb2c000 JavaThread "Stdin handler" [_thread_blocked, id=7752, stack(0x00000005abb00000,0x00000005abc00000)]
  0x0000010aa0646000 JavaThread "Daemon client event forwarder" [_thread_blocked, id=7776, stack(0x00000005abc00000,0x00000005abd00000)]
  0x0000010aa0647000 JavaThread "Cache worker for journal cache (C:\Users\world-PC\.gradle\caches\journal-1)" [_thread_blocked, id=6488, stack(0x00000005ab000000,0x00000005ab100000)]
  0x0000010aa0649800 JavaThread "File lock request listener" [_thread_in_native, id=5416, stack(0x00000005abd00000,0x00000005abe00000)]
  0x0000010aa0645800 JavaThread "Cache worker for file hash cache (C:\Users\world-PC\.gradle\caches\7.2\fileHashes)" [_thread_blocked, id=7932, stack(0x00000005abf00000,0x00000005ac000000)]
  0x0000010aa064c000 JavaThread "Cache worker for file hash cache (C:\Users\world-PC\AndroidStudioProjects\ProjectMVP\.gradle\7.2\fileHashes)" [_thread_blocked, id=2696, stack(0x00000005ac000000,0x00000005ac100000)]
  0x0000010aa064b000 JavaThread "C2 CompilerThread1" daemon [_thread_in_native, id=6876, stack(0x00000005ac100000,0x00000005ac200000)]
  0x0000010aa0648800 JavaThread "File watcher server" daemon [_thread_in_native, id=4304, stack(0x00000005ac200000,0x00000005ac300000)]
  0x0000010aa0648000 JavaThread "File watcher consumer" daemon [_thread_blocked, id=6524, stack(0x00000005ac300000,0x00000005ac400000)]

Other Threads:
  0x0000010a9da16800 VMThread "VM Thread" [stack: 0x00000005aa500000,0x00000005aa600000] [id=7800]
  0x0000010a9e547000 WatcherThread [stack: 0x00000005aaf00000,0x00000005ab000000] [id=6980]
  0x0000010a83e39000 GCTaskThread "GC Thread#0" [stack: 0x00000005aa000000,0x00000005aa100000] [id=7484]
  0x0000010a9e835000 GCTaskThread "GC Thread#1" [stack: 0x00000005ab100000,0x00000005ab200000] [id=6620]
  0x0000010a9e9c1000 GCTaskThread "GC Thread#2" [stack: 0x00000005ab200000,0x00000005ab300000] [id=6040]
  0x0000010aa12e2800 GCTaskThread "GC Thread#3" [stack: 0x00000005abe00000,0x00000005abf00000] [id=7388]
  0x0000010a83e6a000 ConcurrentGCThread "G1 Main Marker" [stack: 0x00000005aa100000,0x00000005aa200000] [id=7444]
  0x0000010a83e6c800 ConcurrentGCThread "G1 Conc#0" [stack: 0x00000005aa200000,0x00000005aa300000] [id=7488]
  0x0000010a9d864800 ConcurrentGCThread "G1 Refine#0" [stack: 0x00000005aa300000,0x00000005aa400000] [id=7480]
  0x0000010a83eee800 ConcurrentGCThread "G1 Young RemSet Sampling" [stack: 0x00000005aa400000,0x00000005aa500000] [id=7476]

Threads with active compile tasks:
C2 CompilerThread0   4234 2245       4       java.net.URLClassLoader$1::run (5 bytes)
C1 CompilerThread0   4234 2335       3       java.net.URI::decode (380 bytes)
C2 CompilerThread1   4234 2246   !   4       java.net.URLClassLoader$1::run (63 bytes)

VM state:not at safepoint (normal execution)

VM Mutex/Monitor currently owned by a thread: None

Heap address: 0x0000000080000000, size: 2048 MB, Compressed Oops mode: 32-bit
Narrow klass base: 0x0000000000000000, Narrow klass shift: 3
Compressed class space size: 1073741824 Address: 0x0000000100000000

Heap:
 garbage-first heap   total 131072K, used 71582K [0x0000000080000000, 0x0000000100000000)
  region size 1024K, 57 young (58368K), 3 survivors (3072K)
 Metaspace       used 26599K, capacity 27258K, committed 27516K, reserved 1073152K
  class space    used 3477K, capacity 3705K, committed 3788K, reserved 1048576K
Heap Regions: E=young(eden), S=young(survivor), O=old, HS=humongous(starts), HC=humongous(continues), CS=collection set, F=free, A=archive, TAMS=top-at-mark-start (previous, next)
|   0|0x0000000080000000, 0x0000000080100000, 0x0000000080100000|100%| O|  |TAMS 0x0000000080100000, 0x0000000080000000| Untracked 
|   1|0x0000000080100000, 0x0000000080200000, 0x0000000080200000|100%| O|  |TAMS 0x0000000080200000, 0x0000000080100000| Untracked 
|   2|0x0000000080200000, 0x0000000080300000, 0x0000000080300000|100%| O|  |TAMS 0x0000000080300000, 0x0000000080200000| Untracked 
|   3|0x0000000080300000, 0x0000000080400000, 0x0000000080400000|100%|HS|  |TAMS 0x0000000080400000, 0x0000000080300000| Complete 
|   4|0x0000000080400000, 0x0000000080500000, 0x0000000080500000|100%|HC|  |TAMS 0x0000000080500000, 0x0000000080400000| Complete 
|   5|0x0000000080500000, 0x0000000080600000, 0x0000000080600000|100%|HC|  |TAMS 0x0000000080600000, 0x0000000080500000| Complete 
|   6|0x0000000080600000, 0x0000000080700000, 0x0000000080700000|100%| O|  |TAMS 0x0000000080700000, 0x0000000080600000| Untracked 
|   7|0x0000000080700000, 0x0000000080800000, 0x0000000080800000|100%| O|  |TAMS 0x0000000080800000, 0x0000000080700000| Untracked 
|   8|0x0000000080800000, 0x0000000080900000, 0x0000000080900000|100%| O|  |TAMS 0x0000000080900000, 0x0000000080800000| Untracked 
|   9|0x0000000080900000, 0x0000000080a00000, 0x0000000080a00000|100%| O|  |TAMS 0x0000000080a00000, 0x0000000080900000| Untracked 
|  10|0x0000000080a00000, 0x0000000080b00000, 0x0000000080b00000|100%| O|  |TAMS 0x0000000080b00000, 0x0000000080a00000| Untracked 
|  11|0x0000000080b00000, 0x0000000080c00000, 0x0000000080c00000|100%| O|  |TAMS 0x0000000080c00000, 0x0000000080b00000| Untracked 
|  12|0x0000000080c00000, 0x0000000080d00000, 0x0000000080d00000|100%| O|  |TAMS 0x0000000080d00000, 0x0000000080c00000| Untracked 
|  13|0x0000000080d00000, 0x0000000080e00000, 0x0000000080e00000|100%| O|  |TAMS 0x0000000080e00000, 0x0000000080d00000| Untracked 
|  14|0x0000000080e00000, 0x0000000080e0a208, 0x0000000080f00000|  3%| O|  |TAMS 0x0000000080e0a208, 0x0000000080e00000| Untracked 
|  15|0x0000000080f00000, 0x0000000080f00000, 0x0000000081000000|  0%| F|  |TAMS 0x0000000080f00000, 0x0000000080f00000| Untracked 
|  16|0x0000000081000000, 0x0000000081000000, 0x0000000081100000|  0%| F|  |TAMS 0x0000000081000000, 0x0000000081000000| Untracked 
|  17|0x0000000081100000, 0x0000000081100000, 0x0000000081200000|  0%| F|  |TAMS 0x0000000081100000, 0x0000000081100000| Untracked 
|  18|0x0000000081200000, 0x0000000081200000, 0x0000000081300000|  0%| F|  |TAMS 0x0000000081200000, 0x0000000081200000| Untracked 
|  19|0x0000000081300000, 0x0000000081300000, 0x0000000081400000|  0%| F|  |TAMS 0x0000000081300000, 0x0000000081300000| Untracked 
|  20|0x0000000081400000, 0x0000000081400000, 0x0000000081500000|  0%| F|  |TAMS 0x0000000081400000, 0x0000000081400000| Untracked 
|  21|0x0000000081500000, 0x0000000081500000, 0x0000000081600000|  0%| F|  |TAMS 0x0000000081500000, 0x0000000081500000| Untracked 
|  22|0x0000000081600000, 0x0000000081600000, 0x0000000081700000|  0%| F|  |TAMS 0x0000000081600000, 0x0000000081600000| Untracked 
|  23|0x0000000081700000, 0x0000000081700000, 0x0000000081800000|  0%| F|  |TAMS 0x0000000081700000, 0x0000000081700000| Untracked 
|  24|0x0000000081800000, 0x0000000081800000, 0x0000000081900000|  0%| F|  |TAMS 0x0000000081800000, 0x0000000081800000| Untracked 
|  25|0x0000000081900000, 0x0000000081900000, 0x0000000081a00000|  0%| F|  |TAMS 0x0000000081900000, 0x0000000081900000| Untracked 
|  26|0x0000000081a00000, 0x0000000081a00000, 0x0000000081b00000|  0%| F|  |TAMS 0x0000000081a00000, 0x0000000081a00000| Untracked 
|  27|0x0000000081b00000, 0x0000000081b00000, 0x0000000081c00000|  0%| F|  |TAMS 0x0000000081b00000, 0x0000000081b00000| Untracked 
|  28|0x0000000081c00000, 0x0000000081c00000, 0x0000000081d00000|  0%| F|  |TAMS 0x0000000081c00000, 0x0000000081c00000| Untracked 
|  29|0x0000000081d00000, 0x0000000081d00000, 0x0000000081e00000|  0%| F|  |TAMS 0x0000000081d00000, 0x0000000081d00000| Untracked 
|  30|0x0000000081e00000, 0x0000000081e00000, 0x0000000081f00000|  0%| F|  |TAMS 0x0000000081e00000, 0x0000000081e00000| Untracked 
|  31|0x0000000081f00000, 0x0000000081f00000, 0x0000000082000000|  0%| F|  |TAMS 0x0000000081f00000, 0x0000000081f00000| Untracked 
|  32|0x0000000082000000, 0x0000000082000000, 0x0000000082100000|  0%| F|  |TAMS 0x0000000082000000, 0x0000000082000000| Untracked 
|  33|0x0000000082100000, 0x0000000082100000, 0x0000000082200000|  0%| F|  |TAMS 0x0000000082100000, 0x0000000082100000| Untracked 
|  34|0x0000000082200000, 0x0000000082200000, 0x0000000082300000|  0%| F|  |TAMS 0x0000000082200000, 0x0000000082200000| Untracked 
|  35|0x0000000082300000, 0x0000000082300000, 0x0000000082400000|  0%| F|  |TAMS 0x0000000082300000, 0x0000000082300000| Untracked 
|  36|0x0000000082400000, 0x0000000082400000, 0x0000000082500000|  0%| F|  |TAMS 0x0000000082400000, 0x0000000082400000| Untracked 
|  37|0x0000000082500000, 0x0000000082500000, 0x0000000082600000|  0%| F|  |TAMS 0x0000000082500000, 0x0000000082500000| Untracked 
|  38|0x0000000082600000, 0x0000000082600000, 0x0000000082700000|  0%| F|  |TAMS 0x0000000082600000, 0x0000000082600000| Untracked 
|  39|0x0000000082700000, 0x0000000082700000, 0x0000000082800000|  0%| F|  |TAMS 0x0000000082700000, 0x0000000082700000| Untracked 
|  40|0x0000000082800000, 0x0000000082800000, 0x0000000082900000|  0%| F|  |TAMS 0x0000000082800000, 0x0000000082800000| Untracked 
|  41|0x0000000082900000, 0x0000000082900000, 0x0000000082a00000|  0%| F|  |TAMS 0x0000000082900000, 0x0000000082900000| Untracked 
|  42|0x0000000082a00000, 0x0000000082a00000, 0x0000000082b00000|  0%| F|  |TAMS 0x0000000082a00000, 0x0000000082a00000| Untracked 
|  43|0x0000000082b00000, 0x0000000082b00000, 0x0000000082c00000|  0%| F|  |TAMS 0x0000000082b00000, 0x0000000082b00000| Untracked 
|  44|0x0000000082c00000, 0x0000000082c00000, 0x0000000082d00000|  0%| F|  |TAMS 0x0000000082c00000, 0x0000000082c00000| Untracked 
|  45|0x0000000082d00000, 0x0000000082d00000, 0x0000000082e00000|  0%| F|  |TAMS 0x0000000082d00000, 0x0000000082d00000| Untracked 
|  46|0x0000000082e00000, 0x0000000082e00000, 0x0000000082f00000|  0%| F|  |TAMS 0x0000000082e00000, 0x0000000082e00000| Untracked 
|  47|0x0000000082f00000, 0x0000000082f00000, 0x0000000083000000|  0%| F|  |TAMS 0x0000000082f00000, 0x0000000082f00000| Untracked 
|  48|0x0000000083000000, 0x0000000083000000, 0x0000000083100000|  0%| F|  |TAMS 0x0000000083000000, 0x0000000083000000| Untracked 
|  49|0x0000000083100000, 0x0000000083100000, 0x0000000083200000|  0%| F|  |TAMS 0x0000000083100000, 0x0000000083100000| Untracked 
|  50|0x0000000083200000, 0x0000000083200000, 0x0000000083300000|  0%| F|  |TAMS 0x0000000083200000, 0x0000000083200000| Untracked 
|  51|0x0000000083300000, 0x0000000083300000, 0x0000000083400000|  0%| F|  |TAMS 0x0000000083300000, 0x0000000083300000| Untracked 
|  52|0x0000000083400000, 0x0000000083400000, 0x0000000083500000|  0%| F|  |TAMS 0x0000000083400000, 0x0000000083400000| Untracked 
|  53|0x0000000083500000, 0x0000000083500000, 0x0000000083600000|  0%| F|  |TAMS 0x0000000083500000, 0x0000000083500000| Untracked 
|  54|0x0000000083600000, 0x0000000083600000, 0x0000000083700000|  0%| F|  |TAMS 0x0000000083600000, 0x0000000083600000| Untracked 
|  55|0x0000000083700000, 0x0000000083700000, 0x0000000083800000|  0%| F|  |TAMS 0x0000000083700000, 0x0000000083700000| Untracked 
|  56|0x0000000083800000, 0x0000000083800000, 0x0000000083900000|  0%| F|  |TAMS 0x0000000083800000, 0x0000000083800000| Untracked 
|  57|0x0000000083900000, 0x0000000083900000, 0x0000000083a00000|  0%| F|  |TAMS 0x0000000083900000, 0x0000000083900000| Untracked 
|  58|0x0000000083a00000, 0x0000000083a00000, 0x0000000083b00000|  0%| F|  |TAMS 0x0000000083a00000, 0x0000000083a00000| Untracked 
|  59|0x0000000083b00000, 0x0000000083b00000, 0x0000000083c00000|  0%| F|  |TAMS 0x0000000083b00000, 0x0000000083b00000| Untracked 
|  60|0x0000000083c00000, 0x0000000083c00000, 0x0000000083d00000|  0%| F|  |TAMS 0x0000000083c00000, 0x0000000083c00000| Untracked 
|  61|0x0000000083d00000, 0x0000000083d00000, 0x0000000083e00000|  0%| F|  |TAMS 0x0000000083d00000, 0x0000000083d00000| Untracked 
|  62|0x0000000083e00000, 0x0000000083e00000, 0x0000000083f00000|  0%| F|  |TAMS 0x0000000083e00000, 0x0000000083e00000| Untracked 
|  63|0x0000000083f00000, 0x0000000083f00000, 0x0000000084000000|  0%| F|  |TAMS 0x0000000083f00000, 0x0000000083f00000| Untracked 
|  64|0x0000000084000000, 0x0000000084000000, 0x0000000084100000|  0%| F|  |TAMS 0x0000000084000000, 0x0000000084000000| Untracked 
|  65|0x0000000084100000, 0x0000000084100000, 0x0000000084200000|  0%| F|  |TAMS 0x0000000084100000, 0x0000000084100000| Untracked 
|  66|0x0000000084200000, 0x0000000084200000, 0x0000000084300000|  0%| F|  |TAMS 0x0000000084200000, 0x0000000084200000| Untracked 
|  67|0x0000000084300000, 0x0000000084300000, 0x0000000084400000|  0%| F|  |TAMS 0x0000000084300000, 0x0000000084300000| Untracked 
|  68|0x0000000084400000, 0x0000000084400000, 0x0000000084500000|  0%| F|  |TAMS 0x0000000084400000, 0x0000000084400000| Untracked 
|  69|0x0000000084500000, 0x0000000084500000, 0x0000000084600000|  0%| F|  |TAMS 0x0000000084500000, 0x0000000084500000| Untracked 
|  70|0x0000000084600000, 0x0000000084600000, 0x0000000084700000|  0%| F|  |TAMS 0x0000000084600000, 0x0000000084600000| Untracked 
|  71|0x0000000084700000, 0x000000008475dab0, 0x0000000084800000| 36%| E|  |TAMS 0x0000000084700000, 0x0000000084700000| Complete 
|  72|0x0000000084800000, 0x0000000084900000, 0x0000000084900000|100%| E|CS|TAMS 0x0000000084800000, 0x0000000084800000| Complete 
|  73|0x0000000084900000, 0x0000000084a00000, 0x0000000084a00000|100%| E|CS|TAMS 0x0000000084900000, 0x0000000084900000| Complete 
|  74|0x0000000084a00000, 0x0000000084add930, 0x0000000084b00000| 86%| S|CS|TAMS 0x0000000084a00000, 0x0000000084a00000| Complete 
|  75|0x0000000084b00000, 0x0000000084c00000, 0x0000000084c00000|100%| S|CS|TAMS 0x0000000084b00000, 0x0000000084b00000| Complete 
|  76|0x0000000084c00000, 0x0000000084d00000, 0x0000000084d00000|100%| S|CS|TAMS 0x0000000084c00000, 0x0000000084c00000| Complete 
|  77|0x0000000084d00000, 0x0000000084e00000, 0x0000000084e00000|100%| E|CS|TAMS 0x0000000084d00000, 0x0000000084d00000| Complete 
|  78|0x0000000084e00000, 0x0000000084f00000, 0x0000000084f00000|100%| E|CS|TAMS 0x0000000084e00000, 0x0000000084e00000| Complete 
|  79|0x0000000084f00000, 0x0000000085000000, 0x0000000085000000|100%| E|CS|TAMS 0x0000000084f00000, 0x0000000084f00000| Complete 
|  80|0x0000000085000000, 0x0000000085100000, 0x0000000085100000|100%| E|CS|TAMS 0x0000000085000000, 0x0000000085000000| Complete 
|  81|0x0000000085100000, 0x0000000085200000, 0x0000000085200000|100%| E|CS|TAMS 0x0000000085100000, 0x0000000085100000| Complete 
|  82|0x0000000085200000, 0x0000000085300000, 0x0000000085300000|100%| E|CS|TAMS 0x0000000085200000, 0x0000000085200000| Complete 
|  83|0x0000000085300000, 0x0000000085400000, 0x0000000085400000|100%| E|CS|TAMS 0x0000000085300000, 0x0000000085300000| Complete 
|  84|0x0000000085400000, 0x0000000085500000, 0x0000000085500000|100%| E|CS|TAMS 0x0000000085400000, 0x0000000085400000| Complete 
|  85|0x0000000085500000, 0x0000000085600000, 0x0000000085600000|100%| E|CS|TAMS 0x0000000085500000, 0x0000000085500000| Complete 
|  86|0x0000000085600000, 0x0000000085700000, 0x0000000085700000|100%| E|CS|TAMS 0x0000000085600000, 0x0000000085600000| Complete 
|  87|0x0000000085700000, 0x0000000085800000, 0x0000000085800000|100%| E|CS|TAMS 0x0000000085700000, 0x0000000085700000| Complete 
|  88|0x0000000085800000, 0x0000000085900000, 0x0000000085900000|100%| E|CS|TAMS 0x0000000085800000, 0x0000000085800000| Complete 
|  89|0x0000000085900000, 0x0000000085a00000, 0x0000000085a00000|100%| E|CS|TAMS 0x0000000085900000, 0x0000000085900000| Complete 
|  90|0x0000000085a00000, 0x0000000085b00000, 0x0000000085b00000|100%| E|CS|TAMS 0x0000000085a00000, 0x0000000085a00000| Complete 
|  91|0x0000000085b00000, 0x0000000085c00000, 0x0000000085c00000|100%| E|CS|TAMS 0x0000000085b00000, 0x0000000085b00000| Complete 
|  92|0x0000000085c00000, 0x0000000085d00000, 0x0000000085d00000|100%| E|CS|TAMS 0x0000000085c00000, 0x0000000085c00000| Complete 
|  93|0x0000000085d00000, 0x0000000085e00000, 0x0000000085e00000|100%| E|CS|TAMS 0x0000000085d00000, 0x0000000085d00000| Complete 
|  94|0x0000000085e00000, 0x0000000085f00000, 0x0000000085f00000|100%| E|CS|TAMS 0x0000000085e00000, 0x0000000085e00000| Complete 
|  95|0x0000000085f00000, 0x0000000086000000, 0x0000000086000000|100%| E|CS|TAMS 0x0000000085f00000, 0x0000000085f00000| Complete 
|  96|0x0000000086000000, 0x0000000086100000, 0x0000000086100000|100%| E|CS|TAMS 0x0000000086000000, 0x0000000086000000| Complete 
|  97|0x0000000086100000, 0x0000000086200000, 0x0000000086200000|100%| E|CS|TAMS 0x0000000086100000, 0x0000000086100000| Complete 
|  98|0x0000000086200000, 0x0000000086300000, 0x0000000086300000|100%| E|CS|TAMS 0x0000000086200000, 0x0000000086200000| Complete 
|  99|0x0000000086300000, 0x0000000086400000, 0x0000000086400000|100%| E|CS|TAMS 0x0000000086300000, 0x0000000086300000| Complete 
| 100|0x0000000086400000, 0x0000000086500000, 0x0000000086500000|100%| E|CS|TAMS 0x0000000086400000, 0x0000000086400000| Complete 
| 101|0x0000000086500000, 0x0000000086600000, 0x0000000086600000|100%| E|CS|TAMS 0x0000000086500000, 0x0000000086500000| Complete 
| 102|0x0000000086600000, 0x0000000086700000, 0x0000000086700000|100%| E|CS|TAMS 0x0000000086600000, 0x0000000086600000| Complete 
| 103|0x0000000086700000, 0x0000000086800000, 0x0000000086800000|100%| E|CS|TAMS 0x0000000086700000, 0x0000000086700000| Complete 
| 104|0x0000000086800000, 0x0000000086900000, 0x0000000086900000|100%| E|CS|TAMS 0x0000000086800000, 0x0000000086800000| Complete 
| 105|0x0000000086900000, 0x0000000086a00000, 0x0000000086a00000|100%| E|CS|TAMS 0x0000000086900000, 0x0000000086900000| Complete 
| 106|0x0000000086a00000, 0x0000000086b00000, 0x0000000086b00000|100%| E|CS|TAMS 0x0000000086a00000, 0x0000000086a00000| Complete 
| 107|0x0000000086b00000, 0x0000000086c00000, 0x0000000086c00000|100%| E|CS|TAMS 0x0000000086b00000, 0x0000000086b00000| Complete 
| 108|0x0000000086c00000, 0x0000000086d00000, 0x0000000086d00000|100%| E|CS|TAMS 0x0000000086c00000, 0x0000000086c00000| Complete 
| 109|0x0000000086d00000, 0x0000000086e00000, 0x0000000086e00000|100%| E|CS|TAMS 0x0000000086d00000, 0x0000000086d00000| Complete 
| 110|0x0000000086e00000, 0x0000000086f00000, 0x0000000086f00000|100%| E|CS|TAMS 0x0000000086e00000, 0x0000000086e00000| Complete 
| 111|0x0000000086f00000, 0x0000000087000000, 0x0000000087000000|100%| E|CS|TAMS 0x0000000086f00000, 0x0000000086f00000| Complete 
| 112|0x0000000087000000, 0x0000000087100000, 0x0000000087100000|100%| E|CS|TAMS 0x0000000087000000, 0x0000000087000000| Complete 
| 113|0x0000000087100000, 0x0000000087200000, 0x0000000087200000|100%| E|CS|TAMS 0x0000000087100000, 0x0000000087100000| Complete 
| 114|0x0000000087200000, 0x0000000087300000, 0x0000000087300000|100%| E|CS|TAMS 0x0000000087200000, 0x0000000087200000| Complete 
| 115|0x0000000087300000, 0x0000000087400000, 0x0000000087400000|100%| E|CS|TAMS 0x0000000087300000, 0x0000000087300000| Complete 
| 116|0x0000000087400000, 0x0000000087500000, 0x0000000087500000|100%| E|CS|TAMS 0x0000000087400000, 0x0000000087400000| Complete 
| 117|0x0000000087500000, 0x0000000087600000, 0x0000000087600000|100%| E|CS|TAMS 0x0000000087500000, 0x0000000087500000| Complete 
| 118|0x0000000087600000, 0x0000000087700000, 0x0000000087700000|100%| E|CS|TAMS 0x0000000087600000, 0x0000000087600000| Complete 
| 119|0x0000000087700000, 0x0000000087800000, 0x0000000087800000|100%| E|CS|TAMS 0x0000000087700000, 0x0000000087700000| Complete 
| 120|0x0000000087800000, 0x0000000087900000, 0x0000000087900000|100%| E|CS|TAMS 0x0000000087800000, 0x0000000087800000| Complete 
| 121|0x0000000087900000, 0x0000000087a00000, 0x0000000087a00000|100%| E|CS|TAMS 0x0000000087900000, 0x0000000087900000| Complete 
| 122|0x0000000087a00000, 0x0000000087b00000, 0x0000000087b00000|100%| E|CS|TAMS 0x0000000087a00000, 0x0000000087a00000| Complete 
| 123|0x0000000087b00000, 0x0000000087c00000, 0x0000000087c00000|100%| E|CS|TAMS 0x0000000087b00000, 0x0000000087b00000| Complete 
| 124|0x0000000087c00000, 0x0000000087d00000, 0x0000000087d00000|100%| E|CS|TAMS 0x0000000087c00000, 0x0000000087c00000| Complete 
| 125|0x0000000087d00000, 0x0000000087e00000, 0x0000000087e00000|100%| E|CS|TAMS 0x0000000087d00000, 0x0000000087d00000| Complete 
| 126|0x0000000087e00000, 0x0000000087f00000, 0x0000000087f00000|100%| E|CS|TAMS 0x0000000087e00000, 0x0000000087e00000| Complete 
| 127|0x0000000087f00000, 0x0000000088000000, 0x0000000088000000|100%| E|CS|TAMS 0x0000000087f00000, 0x0000000087f00000| Complete 

Card table byte_map: [0x0000010a96d10000,0x0000010a97110000] _byte_map_base: 0x0000010a96910000

Marking Bits (Prev, Next): (CMBitMap*) 0x0000010a83e61430, (CMBitMap*) 0x0000010a83e613f8
 Prev Bits: [0x0000010a99510000, 0x0000010a9b510000)
 Next Bits: [0x0000010a97510000, 0x0000010a99510000)

Polling page: 0x0000010a81cf0000

Metaspace:

Usage:
  Non-class:     23.00 MB capacity,    22.58 MB ( 98%) used,   375.52 KB (  2%) free+waste,    55.69 KB ( <1%) overhead. 
      Class:      3.62 MB capacity,     3.40 MB ( 94%) used,   199.36 KB (  5%) free+waste,    28.00 KB ( <1%) overhead. 
       Both:     26.62 MB capacity,    25.98 MB ( 98%) used,   574.88 KB (  2%) free+waste,    83.69 KB ( <1%) overhead. 

Virtual space:
  Non-class space:       24.00 MB reserved,      23.17 MB ( 97%) committed 
      Class space:        1.00 GB reserved,       3.70 MB ( <1%) committed 
             Both:        1.02 GB reserved,      26.87 MB (  3%) committed 

Chunk freelists:
   Non-Class:  0 bytes
       Class:  0 bytes
        Both:  0 bytes

MaxMetaspaceSize: 17179869184.00 GB
CompressedClassSpaceSize: 1.00 GB

CodeHeap 'non-profiled nmethods': size=120064Kb used=1041Kb max_used=1041Kb free=119022Kb
 bounds [0x0000010a8f3d0000, 0x0000010a8f640000, 0x0000010a96910000]
CodeHeap 'profiled nmethods': size=120000Kb used=5075Kb max_used=5075Kb free=114924Kb
 bounds [0x0000010a87ea0000, 0x0000010a883a0000, 0x0000010a8f3d0000]
CodeHeap 'non-nmethods': size=5696Kb used=1154Kb max_used=1182Kb free=4541Kb
 bounds [0x0000010a87910000, 0x0000010a87b80000, 0x0000010a87ea0000]
 total_blobs=2826 nmethods=2324 adapters=413
 compilation: enabled
              stopped_count=0, restarted_count=0
 full_count=0

Compilation events (20 events):
Event: 4.180 Thread 0x0000010a9da3b000 2309       3       java.lang.invoke.ConstantCallSite::getTarget (20 bytes)
Event: 4.181 Thread 0x0000010a9da3b000 nmethod 2309 0x0000010a8837a490 code [0x0000010a8837a660, 0x0000010a8837a868]
Event: 4.200 Thread 0x0000010a9da3b000 2314       3       org.gradle.cache.internal.btree.BTreePersistentIndexedCache$IndexEntry::<init> (5 bytes)
Event: 4.200 Thread 0x0000010a9da3b000 nmethod 2314 0x0000010a8837a990 code [0x0000010a8837ab40, 0x0000010a8837acf8]
Event: 4.200 Thread 0x0000010a9da3b000 2315       3       org.gradle.cache.internal.btree.BTreePersistentIndexedCache$IndexEntry::<init> (5 bytes)
Event: 4.200 Thread 0x0000010a9da3b000 nmethod 2315 0x0000010a8837ae10 code [0x0000010a8837afc0, 0x0000010a8837b118]
Event: 4.206 Thread 0x0000010a9da3b000 2316       3       jdk.internal.misc.Unsafe::ensureClassInitialized (18 bytes)
Event: 4.206 Thread 0x0000010a9da3b000 nmethod 2316 0x0000010a8837b210 code [0x0000010a8837b3e0, 0x0000010a8837b5f8]
Event: 4.207 Thread 0x0000010a9da3b000 2317       3       java.lang.invoke.TypeConvertingMethodAdapter::convertType (299 bytes)
Event: 4.213 Thread 0x0000010a9da3b000 nmethod 2317 0x0000010a8837b710 code [0x0000010a8837c020, 0x0000010a88380d08]
Event: 4.214 Thread 0x0000010a9da3b000 2318   !   3       java.nio.charset.CharsetDecoder::decode (287 bytes)
Event: 4.216 Thread 0x0000010a9da3b000 nmethod 2318 0x0000010a88382910 code [0x0000010a88382c40, 0x0000010a88384158]
Event: 4.216 Thread 0x0000010a9da3b000 2319       3       org.gradle.internal.snapshot.PathUtil::equalChars (60 bytes)
Event: 4.216 Thread 0x0000010a9da3b000 nmethod 2319 0x0000010a88384810 code [0x0000010a88384aa0, 0x0000010a88385618]
Event: 4.216 Thread 0x0000010a9da3b000 2320       3       java.util.concurrent.locks.AbstractQueuedSynchronizer::compareAndSetState (10 bytes)
Event: 4.217 Thread 0x0000010a9da3b000 nmethod 2320 0x0000010a88385990 code [0x0000010a88385ba0, 0x0000010a88386118]
Event: 4.218 Thread 0x0000010a9da3b000 2321       3       org.gradle.internal.snapshot.PathUtil::isFileSeparator (20 bytes)
Event: 4.218 Thread 0x0000010a9da3b000 nmethod 2321 0x0000010a88386390 code [0x0000010a88386540, 0x0000010a883866b8]
Event: 4.219 Thread 0x0000010a9da3b000 2322       3       java.util.concurrent.locks.AbstractQueuedSynchronizer::acquire (27 bytes)
Event: 4.220 Thread 0x0000010a9da3b000 nmethod 2322 0x0000010a88386790 code [0x0000010a88386980, 0x0000010a88386d58]

GC Heap History (10 events):
Event: 0.614 GC heap before
{Heap before GC invocations=0 (full 0):
 garbage-first heap   total 131072K, used 19456K [0x0000000080000000, 0x0000000100000000)
  region size 1024K, 14 young (14336K), 0 survivors (0K)
 Metaspace       used 6755K, capacity 6937K, committed 7168K, reserved 1056768K
  class space    used 584K, capacity 650K, committed 768K, reserved 1048576K
}
Event: 0.622 GC heap after
{Heap after GC invocations=1 (full 0):
 garbage-first heap   total 131072K, used 7814K [0x0000000080000000, 0x0000000100000000)
  region size 1024K, 2 young (2048K), 2 survivors (2048K)
 Metaspace       used 6755K, capacity 6937K, committed 7168K, reserved 1056768K
  class space    used 584K, capacity 650K, committed 768K, reserved 1048576K
}
Event: 0.726 GC heap before
{Heap before GC invocations=1 (full 0):
 garbage-first heap   total 131072K, used 11910K [0x0000000080000000, 0x0000000100000000)
  region size 1024K, 6 young (6144K), 2 survivors (2048K)
 Metaspace       used 7685K, capacity 7871K, committed 7936K, reserved 1056768K
  class space    used 711K, capacity 748K, committed 768K, reserved 1048576K
}
Event: 0.728 GC heap after
{Heap after GC invocations=2 (full 0):
 garbage-first heap   total 131072K, used 8577K [0x0000000080000000, 0x0000000100000000)
  region size 1024K, 1 young (1024K), 1 survivors (1024K)
 Metaspace       used 7685K, capacity 7871K, committed 7936K, reserved 1056768K
  class space    used 711K, capacity 748K, committed 768K, reserved 1048576K
}
Event: 1.342 GC heap before
{Heap before GC invocations=2 (full 0):
 garbage-first heap   total 131072K, used 32129K [0x0000000080000000, 0x0000000100000000)
  region size 1024K, 24 young (24576K), 1 survivors (1024K)
 Metaspace       used 11201K, capacity 11456K, committed 11520K, reserved 1058816K
  class space    used 1174K, capacity 1244K, committed 1280K, reserved 1048576K
}
Event: 1.345 GC heap after
{Heap after GC invocations=3 (full 0):
 garbage-first heap   total 131072K, used 9734K [0x0000000080000000, 0x0000000100000000)
  region size 1024K, 2 young (2048K), 2 survivors (2048K)
 Metaspace       used 11201K, capacity 11456K, committed 11520K, reserved 1058816K
  class space    used 1174K, capacity 1244K, committed 1280K, reserved 1048576K
}
Event: 2.075 GC heap before
{Heap before GC invocations=3 (full 0):
 garbage-first heap   total 131072K, used 43526K [0x0000000080000000, 0x0000000100000000)
  region size 1024K, 35 young (35840K), 2 survivors (2048K)
 Metaspace       used 11917K, capacity 12219K, committed 12544K, reserved 1060864K
  class space    used 1309K, capacity 1413K, committed 1536K, reserved 1048576K
}
Event: 2.081 GC heap after
{Heap after GC invocations=4 (full 0):
 garbage-first heap   total 131072K, used 14664K [0x0000000080000000, 0x0000000100000000)
  region size 1024K, 5 young (5120K), 5 survivors (5120K)
 Metaspace       used 11917K, capacity 12219K, committed 12544K, reserved 1060864K
  class space    used 1309K, capacity 1413K, committed 1536K, reserved 1048576K
}
Event: 3.272 GC heap before
{Heap before GC invocations=4 (full 0):
 garbage-first heap   total 131072K, used 60744K [0x0000000080000000, 0x0000000100000000)
  region size 1024K, 51 young (52224K), 5 survivors (5120K)
 Metaspace       used 20738K, capacity 21194K, committed 21296K, reserved 1069056K
  class space    used 2529K, capacity 2676K, committed 2688K, reserved 1048576K
}
Event: 3.282 GC heap after
{Heap after GC invocations=5 (full 0):
 garbage-first heap   total 131072K, used 17310K [0x0000000080000000, 0x0000000100000000)
  region size 1024K, 3 young (3072K), 3 survivors (3072K)
 Metaspace       used 20738K, capacity 21194K, committed 21296K, reserved 1069056K
  class space    used 2529K, capacity 2676K, committed 2688K, reserved 1048576K
}

Deoptimization events (20 events):
Event: 4.084 Thread 0x0000010aa0944800 Uncommon trap: trap_request=0xffffff7e fr.pc=0x0000010a8f4cb610 relative=0x0000000000000150
Event: 4.084 Thread 0x0000010aa0944800 Uncommon trap: reason=predicate action=maybe_recompile pc=0x0000010a8f4cb610 method=com.google.common.base.CharMatcher.indexIn(Ljava/lang/CharSequence;I)I @ 19 c2
Event: 4.084 Thread 0x0000010aa0944800 DEOPT PACKING pc=0x0000010a8f4cb610 sp=0x00000005ab9fb6f0
Event: 4.084 Thread 0x0000010aa0944800 DEOPT UNPACKING pc=0x0000010a8793662f sp=0x00000005ab9fb680 mode 2
Event: 4.118 Thread 0x0000010aa0944800 Uncommon trap: trap_request=0xffffffde fr.pc=0x0000010a8f4ab828 relative=0x00000000000002e8
Event: 4.118 Thread 0x0000010aa0944800 Uncommon trap: reason=class_check action=maybe_recompile pc=0x0000010a8f4ab828 method=java.util.Collections$SetFromMap.remove(Ljava/lang/Object;)Z @ 5 c2
Event: 4.118 Thread 0x0000010aa0944800 DEOPT PACKING pc=0x0000010a8f4ab828 sp=0x00000005ab9fc7a0
Event: 4.118 Thread 0x0000010aa0944800 DEOPT UNPACKING pc=0x0000010a8793662f sp=0x00000005ab9fc798 mode 2
Event: 4.118 Thread 0x0000010aa0944800 Uncommon trap: trap_request=0xffffffde fr.pc=0x0000010a8f4ab828 relative=0x00000000000002e8
Event: 4.118 Thread 0x0000010aa0944800 Uncommon trap: reason=class_check action=maybe_recompile pc=0x0000010a8f4ab828 method=java.util.Collections$SetFromMap.remove(Ljava/lang/Object;)Z @ 5 c2
Event: 4.118 Thread 0x0000010aa0944800 DEOPT PACKING pc=0x0000010a8f4ab828 sp=0x00000005ab9fc730
Event: 4.118 Thread 0x0000010aa0944800 DEOPT UNPACKING pc=0x0000010a8793662f sp=0x00000005ab9fc728 mode 2
Event: 4.141 Thread 0x0000010aa0944800 Uncommon trap: trap_request=0xffffff4d fr.pc=0x0000010a8f422264 relative=0x00000000000001a4
Event: 4.141 Thread 0x0000010aa0944800 Uncommon trap: reason=unstable_if action=reinterpret pc=0x0000010a8f422264 method=java.net.URI.match(CJJ)Z @ 19 c2
Event: 4.141 Thread 0x0000010aa0944800 DEOPT PACKING pc=0x0000010a8f422264 sp=0x00000005ab9fbb10
Event: 4.141 Thread 0x0000010aa0944800 DEOPT UNPACKING pc=0x0000010a8793662f sp=0x00000005ab9fba10 mode 2
Event: 4.141 Thread 0x0000010aa0944800 Uncommon trap: trap_request=0xffffff4d fr.pc=0x0000010a8f3ebf68 relative=0x0000000000000048
Event: 4.141 Thread 0x0000010aa0944800 Uncommon trap: reason=unstable_if action=reinterpret pc=0x0000010a8f3ebf68 method=java.net.URI.match(CJJ)Z @ 19 c2
Event: 4.141 Thread 0x0000010aa0944800 DEOPT PACKING pc=0x0000010a8f3ebf68 sp=0x00000005ab9fba50
Event: 4.141 Thread 0x0000010aa0944800 DEOPT UNPACKING pc=0x0000010a8793662f sp=0x00000005ab9fba00 mode 2

Classes redefined (0 events):
No events

Internal exceptions (20 events):
Event: 3.191 Thread 0x0000010aa0944800 Exception <a 'java/lang/NoSuchMethodError'{0x000000008517e510}: 'void java.lang.invoke.DirectMethodHandle$Holder.invokeStaticInit(java.lang.Object)'> (0x000000008517e510) thrown at [./src/hotspot/share/interpreter/linkResolver.cpp, line 773]
Event: 3.241 Thread 0x0000010aa0944800 Exception <a 'java/lang/NoSuchMethodError'{0x0000000084f9fc68}: 'java.lang.Object java.lang.invoke.DirectMethodHandle$Holder.invokeStatic(java.lang.Object, java.lang.Object, java.lang.Object, int)'> (0x0000000084f9fc68) thrown at [./src/hotspot/share/interpreter/linkResolver.cpp, line 773]
Event: 3.241 Thread 0x0000010aa0944800 Exception <a 'java/lang/NoSuchMethodError'{0x0000000084fa40d8}: 'java.lang.Object java.lang.invoke.DirectMethodHandle$Holder.invokeSpecial(java.lang.Object, java.lang.Object, java.lang.Object, java.lang.Object, int)'> (0x0000000084fa40d8) thrown at [./src/hotspot/share/interpreter/linkResolver.cpp, line 773]
Event: 3.242 Thread 0x0000010aa0944800 Exception <a 'java/lang/NoSuchMethodError'{0x0000000084fa7d68}: 'java.lang.Object java.lang.invoke.Invokers$Holder.linkToTargetMethod(java.lang.Object, java.lang.Object, int, java.lang.Object)'> (0x0000000084fa7d68) thrown at [./src/hotspot/share/interpreter/linkResolver.cpp, line 773]
Event: 3.393 Thread 0x0000010aa0944800 Exception <a 'java/lang/NoSuchMethodError'{0x0000000087c76a48}: 'int java.lang.invoke.DirectMethodHandle$Holder.invokeSpecialIFC(java.lang.Object, java.lang.Object, java.lang.Object, java.lang.Object)'> (0x0000000087c76a48) thrown at [./src/hotspot/share/interpreter/linkResolver.cpp, line 773]
Event: 3.395 Thread 0x0000010aa0944800 Exception <a 'java/lang/NoSuchMethodError'{0x0000000087c9d790}: 'java.lang.Object java.lang.invoke.DirectMethodHandle$Holder.invokeInterface(java.lang.Object, java.lang.Object, java.lang.Object)'> (0x0000000087c9d790) thrown at [./src/hotspot/share/interpreter/linkResolver.cpp, line 773]
Event: 3.396 Thread 0x0000010aa0944800 Exception <a 'java/lang/IncompatibleClassChangeError'{0x0000000087ca0c68}: Found class java.lang.Object, but interface was expected> (0x0000000087ca0c68) thrown at [./src/hotspot/share/interpreter/linkResolver.cpp, line 839]
Event: 3.427 Thread 0x0000010aa0944800 Exception <a 'java/lang/NoSuchMethodError'{0x0000000087a929c8}: 'void java.lang.invoke.DirectMethodHandle$Holder.invokeStatic(java.lang.Object, java.lang.Object, java.lang.Object, java.lang.Object, java.lang.Object)'> (0x0000000087a929c8) thrown at [./src/hotspot/share/interpreter/linkResolver.cpp, line 773]
Event: 3.556 Thread 0x0000010aa0944800 Exception <a 'java/lang/NoSuchMethodError'{0x000000008736c670}: 'java.lang.Object java.lang.invoke.DirectMethodHandle$Holder.invokeSpecial(java.lang.Object, java.lang.Object, java.lang.Object, java.lang.Object, java.lang.Object, java.lang.Object, java.lang.Object, java.lang.Object, java.lang.Object)'> (0x000000008736c670) thrown at [./src/hotspot/share/interpreter/linkResolver.cpp, line 773]
Event: 3.663 Thread 0x0000010aa0944800 Exception <a 'java/lang/NoSuchMethodError'{0x0000000086afb648}: 'java.lang.Object java.lang.invoke.DirectMethodHandle$Holder.invokeVirtual(java.lang.Object, java.lang.Object, java.lang.Object, java.lang.Object)'> (0x0000000086afb648) thrown at [./src/hotspot/share/interpreter/linkResolver.cpp, line 773]
Event: 3.780 Thread 0x0000010aa0944800 Exception <a 'java/lang/NoSuchMethodError'{0x00000000863a43b8}: 'void java.lang.invoke.DirectMethodHandle$Holder.invokeSpecial(java.lang.Object, java.lang.Object, java.lang.Object, java.lang.Object, java.lang.Object, java.lang.Object)'> (0x00000000863a43b8) thrown at [./src/hotspot/share/interpreter/linkResolver.cpp, line 773]
Event: 3.794 Thread 0x0000010aa0944800 Exception <a 'java/lang/NoSuchMethodError'{0x0000000086213770}: 'void java.lang.invoke.DirectMethodHandle$Holder.invokeSpecial(java.lang.Object, java.lang.Object, java.lang.Object, java.lang.Object, java.lang.Object, java.lang.Object, java.lang.Object)'> (0x0000000086213770) thrown at [./src/hotspot/share/interpreter/linkResolver.cpp, line 773]
Event: 3.795 Thread 0x0000010aa0944800 Exception <a 'java/lang/NoSuchMethodError'{0x000000008621bc60}: 'java.lang.Object java.lang.invoke.Invokers$Holder.linkToTargetMethod(java.lang.Object, java.lang.Object, java.lang.Object, java.lang.Object, java.lang.Object, java.lang.Object)'> (0x000000008621bc60) thrown at [./src/hotspot/share/interpreter/linkResolver.cpp, line 773]
Event: 3.900 Thread 0x0000010aa0944800 Exception <a 'java/lang/NoSuchMethodError'{0x0000000085975890}: 'int java.lang.invoke.DirectMethodHandle$Holder.invokeStaticInit(java.lang.Object, java.lang.Object, java.lang.Object)'> (0x0000000085975890) thrown at [./src/hotspot/share/interpreter/linkResolver.cpp, line 773]
Event: 3.999 Thread 0x0000010aa0944800 Exception <a 'java/lang/NoSuchMethodError'{0x00000000854a6b28}: 'void java.lang.invoke.DirectMethodHandle$Holder.invokeStaticInit(java.lang.Object, java.lang.Object)'> (0x00000000854a6b28) thrown at [./src/hotspot/share/interpreter/linkResolver.cpp, line 773]
Event: 4.110 Thread 0x0000010aa0944800 Exception <a 'java/lang/NoSuchMethodError'{0x0000000084e054a0}: 'void java.lang.invoke.DirectMethodHandle$Holder.invokeStatic(java.lang.Object, java.lang.Object, java.lang.Object, java.lang.Object)'> (0x0000000084e054a0) thrown at [./src/hotspot/share/interpreter/linkResolver.cpp, line 773]
Event: 4.112 Thread 0x0000010aa0944800 Exception <a 'java/lang/NoSuchMethodError'{0x0000000084e18f10}: 'int java.lang.invoke.DirectMethodHandle$Holder.invokeInterface(java.lang.Object, java.lang.Object)'> (0x0000000084e18f10) thrown at [./src/hotspot/share/interpreter/linkResolver.cpp, line 773]
Event: 4.155 Thread 0x0000010aa0645800 Exception <a 'java/lang/NoSuchMethodError'{0x0000000087fcf250}: 'void java.lang.invoke.DirectMethodHandle$Holder.invokeSpecial(java.lang.Object, java.lang.Object)'> (0x0000000087fcf250) thrown at [./src/hotspot/share/interpreter/linkResolver.cpp, line 773]
Event: 4.197 Thread 0x0000010aa0944800 Exception <a 'java/lang/NoSuchMethodError'{0x00000000849fe078}: 'java.lang.Object java.lang.invoke.DirectMethodHandle$Holder.invokeStatic(java.lang.Object, java.lang.Object, int, java.lang.Object)'> (0x00000000849fe078) thrown at [./src/hotspot/share/interpreter/linkResolver.cpp, line 773]
Event: 4.198 Thread 0x0000010aa0944800 Exception <a 'java/lang/NoSuchMethodError'{0x0000000084808428}: 'java.lang.Object java.lang.invoke.Invokers$Holder.linkToTargetMethod(java.lang.Object, int, java.lang.Object, java.lang.Object)'> (0x0000000084808428) thrown at [./src/hotspot/share/interpreter/linkResolver.cpp, line 773]

Events (20 events):
Event: 4.206 loading class org/gradle/internal/snapshot/AbstractIncompleteFileSystemNode$2
Event: 4.206 loading class org/gradle/internal/snapshot/AbstractIncompleteFileSystemNode$2 done
Event: 4.207 loading class org/gradle/internal/snapshot/ChildMap$Entry
Event: 4.207 loading class org/gradle/internal/snapshot/ChildMap$Entry done
Event: 4.207 loading class org/gradle/internal/snapshot/MetadataSnapshot
Event: 4.207 loading class org/gradle/internal/snapshot/MetadataSnapshot done
Event: 4.207 loading class org/gradle/internal/snapshot/MetadataSnapshot
Event: 4.207 loading class org/gradle/internal/snapshot/MetadataSnapshot done
Event: 4.207 loading class org/gradle/internal/snapshot/AbstractIncompleteFileSystemNode$2
Event: 4.207 loading class org/gradle/internal/snapshot/AbstractIncompleteFileSystemNode$2 done
Event: 4.212 loading class org/gradle/internal/snapshot/VfsRelativePath
Event: 4.212 loading class org/gradle/internal/snapshot/VfsRelativePath done
Event: 4.212 loading class org/gradle/internal/snapshot/ChildMap$Entry
Event: 4.212 loading class org/gradle/internal/snapshot/ChildMap$Entry done
Event: 4.213 loading class org/gradle/internal/snapshot/VfsRelativePath
Event: 4.213 loading class org/gradle/internal/snapshot/VfsRelativePath done
Event: 4.213 loading class org/gradle/internal/snapshot/SearchUtil
Event: 4.213 loading class org/gradle/internal/snapshot/SearchUtil done
Event: 4.216 loading class org/gradle/internal/snapshot/AbstractListChildMap$2
Event: 4.216 loading class org/gradle/internal/snapshot/AbstractListChildMap$2 done


Dynamic libraries:
0x00007ff7b7050000 - 0x00007ff7b705a000 	C:\Program Files\Android\Android Studio\jre\bin\java.exe
0x00007ffad2b50000 - 0x00007ffad2d3d000 	C:\Windows\SYSTEM32\ntdll.dll
0x00007ffad2050000 - 0x00007ffad2103000 	C:\Windows\System32\KERNEL32.DLL
0x00007ffacf6d0000 - 0x00007ffacf965000 	C:\Windows\System32\KERNELBASE.dll
0x00007ffac3d50000 - 0x00007ffac3d69000 	C:\Program Files\Android\Android Studio\jre\bin\jli.dll
0x00007ffacf970000 - 0x00007ffacfa6a000 	C:\Windows\System32\ucrtbase.dll
0x00007ffad2750000 - 0x00007ffad28e7000 	C:\Windows\System32\USER32.dll
0x00007ffabfe20000 - 0x00007ffabfe37000 	C:\Program Files\Android\Android Studio\jre\bin\VCRUNTIME140.dll
0x00007ffabb4b0000 - 0x00007ffabb729000 	C:\Windows\WinSxS\amd64_microsoft.windows.common-controls_6595b64144ccf1df_6.0.17763.1339_none_de7015e4534c7114\COMCTL32.dll
0x00007ffacffb0000 - 0x00007ffad004e000 	C:\Windows\System32\msvcrt.dll
0x00007ffad2410000 - 0x00007ffad273c000 	C:\Windows\System32\combase.dll
0x00007ffad21d0000 - 0x00007ffad22f2000 	C:\Windows\System32\RPCRT4.dll
0x00007ffacfcc0000 - 0x00007ffacfd3e000 	C:\Windows\System32\bcryptPrimitives.dll
0x00007ffacec60000 - 0x00007ffacec80000 	C:\Windows\System32\win32u.dll
0x00007ffad23e0000 - 0x00007ffad2409000 	C:\Windows\System32\GDI32.dll
0x00007ffacfa70000 - 0x00007ffacfc0b000 	C:\Windows\System32\gdi32full.dll
0x00007ffacf630000 - 0x00007ffacf6d0000 	C:\Windows\System32\msvcp_win.dll
0x00007ffad1850000 - 0x00007ffad187e000 	C:\Windows\System32\IMM32.DLL
0x00007ffabce30000 - 0x00007ffabcecd000 	C:\Program Files\Android\Android Studio\jre\bin\msvcp140.dll
0x00007ffa91f50000 - 0x00007ffa92a25000 	C:\Program Files\Android\Android Studio\jre\bin\server\jvm.dll
0x00007ffad1b20000 - 0x00007ffad1bc3000 	C:\Windows\System32\ADVAPI32.dll
0x00007ffad2900000 - 0x00007ffad299e000 	C:\Windows\System32\sechost.dll
0x00007ffacfda0000 - 0x00007ffacfda8000 	C:\Windows\System32\PSAPI.DLL
0x00007ffacb810000 - 0x00007ffacb834000 	C:\Windows\SYSTEM32\WINMM.dll
0x00007ffac3610000 - 0x00007ffac3619000 	C:\Windows\SYSTEM32\WSOCK32.dll
0x00007ffac9e30000 - 0x00007ffac9e3a000 	C:\Windows\SYSTEM32\VERSION.dll
0x00007ffad01b0000 - 0x00007ffad021d000 	C:\Windows\System32\WS2_32.dll
0x00007ffacb7e0000 - 0x00007ffacb80d000 	C:\Windows\SYSTEM32\WINMMBASE.dll
0x00007ffacec80000 - 0x00007ffacecca000 	C:\Windows\System32\cfgmgr32.dll
0x00007ffaceb80000 - 0x00007ffaceb91000 	C:\Windows\System32\kernel.appcore.dll
0x00007ffabaeb0000 - 0x00007ffabaec1000 	C:\Program Files\Android\Android Studio\jre\bin\verify.dll
0x00007ffabe7f0000 - 0x00007ffabe9dd000 	C:\Windows\SYSTEM32\DBGHELP.DLL
0x00007ffac1fe0000 - 0x00007ffac200a000 	C:\Windows\SYSTEM32\dbgcore.DLL
0x00007ffab79c0000 - 0x00007ffab79e9000 	C:\Program Files\Android\Android Studio\jre\bin\java.dll
0x00007ffac3db0000 - 0x00007ffac3dbb000 	C:\Program Files\Android\Android Studio\jre\bin\jimage.dll
0x00007ffaba3c0000 - 0x00007ffaba3d8000 	C:\Program Files\Android\Android Studio\jre\bin\zip.dll
0x00007ffad0220000 - 0x00007ffad1718000 	C:\Windows\System32\SHELL32.dll
0x00007ffad1880000 - 0x00007ffad1929000 	C:\Windows\System32\shcore.dll
0x00007ffacecd0000 - 0x00007ffacf424000 	C:\Windows\System32\windows.storage.dll
0x00007ffacec00000 - 0x00007ffacec24000 	C:\Windows\System32\profapi.dll
0x00007ffaceba0000 - 0x00007ffacebfd000 	C:\Windows\System32\powrprof.dll
0x00007ffad2380000 - 0x00007ffad23d2000 	C:\Windows\System32\shlwapi.dll
0x00007ffacf610000 - 0x00007ffacf627000 	C:\Windows\System32\cryptsp.dll
0x00007ffab5b90000 - 0x00007ffab5baa000 	C:\Program Files\Android\Android Studio\jre\bin\net.dll
0x00007ffac5c60000 - 0x00007ffac5d52000 	C:\Windows\SYSTEM32\WINHTTP.dll
0x00007fface3c0000 - 0x00007fface427000 	C:\Windows\system32\mswsock.dll
0x00007ffab5920000 - 0x00007ffab5934000 	C:\Program Files\Android\Android Studio\jre\bin\nio.dll
0x00007ffa95280000 - 0x00007ffa952a7000 	C:\Users\world-PC\.gradle\native\e1d6ef7f7dcc3fd88c89a11ec53ec762bb8ba0a96d01ffa2cd45eb1d1d8dd5c5\windows-amd64\native-platform.dll
0x00007ffa8faf0000 - 0x00007ffa8fc34000 	C:\Users\world-PC\.gradle\native\5664cfc778a61ccfe75a443a1ab52a65af34e5dc3c78e0209fed803814484fcb\windows-amd64\native-platform-file-events.dll
0x00007ffaba4f0000 - 0x00007ffaba4fa000 	C:\Program Files\Android\Android Studio\jre\bin\management.dll
0x00007ffab9aa0000 - 0x00007ffab9aad000 	C:\Program Files\Android\Android Studio\jre\bin\management_ext.dll
0x00007ffacdf40000 - 0x00007ffacdf73000 	C:\Windows\system32\rsaenh.dll
0x00007ffacec30000 - 0x00007ffacec56000 	C:\Windows\System32\bcrypt.dll
0x00007ffacea90000 - 0x00007ffaceab8000 	C:\Windows\SYSTEM32\USERENV.dll
0x00007fface590000 - 0x00007fface59c000 	C:\Windows\SYSTEM32\CRYPTBASE.dll
0x00007fface0e0000 - 0x00007fface11d000 	C:\Windows\SYSTEM32\IPHLPAPI.DLL
0x00007ffad28f0000 - 0x00007ffad28f8000 	C:\Windows\System32\NSI.dll
0x00007ffac9200000 - 0x00007ffac9216000 	C:\Windows\SYSTEM32\dhcpcsvc6.DLL
0x00007ffac91c0000 - 0x00007ffac91dc000 	C:\Windows\SYSTEM32\dhcpcsvc.DLL
0x00007fface120000 - 0x00007fface1e7000 	C:\Windows\SYSTEM32\DNSAPI.dll

dbghelp: loaded successfully - version: 4.0.5 - missing functions: none
symbol engine: initialized successfully - sym options: 0x614 - pdb path: .;C:\Program Files\Android\Android Studio\jre\bin;C:\Windows\SYSTEM32;C:\Windows\WinSxS\amd64_microsoft.windows.common-controls_6595b64144ccf1df_6.0.17763.1339_none_de7015e4534c7114;C:\Program Files\Android\Android Studio\jre\bin\server;C:\Users\world-PC\.gradle\native\e1d6ef7f7dcc3fd88c89a11ec53ec762bb8ba0a96d01ffa2cd45eb1d1d8dd5c5\windows-amd64;C:\Users\world-PC\.gradle\native\5664cfc778a61ccfe75a443a1ab52a65af34e5dc3c78e0209fed803814484fcb\windows-amd64

VM Arguments:
jvm_args: --add-opens=java.base/java.util=ALL-UNNAMED --add-opens=java.base/java.lang=ALL-UNNAMED --add-opens=java.base/java.lang.invoke=ALL-UNNAMED --add-opens=java.base/java.util=ALL-UNNAMED --add-opens=java.prefs/java.util.prefs=ALL-UNNAMED --add-opens=java.prefs/java.util.prefs=ALL-UNNAMED --add-opens=java.base/java.nio.charset=ALL-UNNAMED --add-opens=java.base/java.net=ALL-UNNAMED --add-opens=java.base/java.util.concurrent.atomic=ALL-UNNAMED -Xmx2048m -Dfile.encoding=UTF-8 -Duser.country=RU -Duser.language=ru -Duser.variant 
java_command: org.gradle.launcher.daemon.bootstrap.GradleDaemon 7.2
java_class_path (initial): C:\Users\world-PC\.gradle\wrapper\dists\gradle-7.2-bin\2dnblmf4td7x66yl1d74lt32g\gradle-7.2\lib\gradle-launcher-7.2.jar
Launcher Type: SUN_STANDARD

[Global flags]
     intx CICompilerCount                          = 3                                         {product} {ergonomic}
     uint ConcGCThreads                            = 1                                         {product} {ergonomic}
     uint G1ConcRefinementThreads                  = 4                                         {product} {ergonomic}
   size_t G1HeapRegionSize                         = 1048576                                   {product} {ergonomic}
    uintx GCDrainStackTargetSize                   = 64                                        {product} {ergonomic}
   size_t InitialHeapSize                          = 134217728                                 {product} {ergonomic}
   size_t MarkStackSize                            = 4194304                                   {product} {ergonomic}
   size_t MaxHeapSize                              = 2147483648                                {product} {command line}
   size_t MaxNewSize                               = 1287651328                                {product} {ergonomic}
   size_t MinHeapDeltaBytes                        = 1048576                                   {product} {ergonomic}
    uintx NonNMethodCodeHeapSize                   = 5830732                                {pd product} {ergonomic}
    uintx NonProfiledCodeHeapSize                  = 122913754                              {pd product} {ergonomic}
    uintx ProfiledCodeHeapSize                     = 122913754                              {pd product} {ergonomic}
    uintx ReservedCodeCacheSize                    = 251658240                              {pd product} {ergonomic}
     bool SegmentedCodeCache                       = true                                      {product} {ergonomic}
     bool UseCompressedClassPointers               = true                                 {lp64_product} {ergonomic}
     bool UseCompressedOops                        = true                                 {lp64_product} {ergonomic}
     bool UseG1GC                                  = true                                      {product} {ergonomic}
     bool UseLargePagesIndividualAllocation        = false                                  {pd product} {ergonomic}

Logging:
Log output configuration:
 #0: stdout all=warning uptime,level,tags
 #1: stderr all=off uptime,level,tags

Environment Variables:
PATH=C:\Program Files (x86)\Common Files\Oracle\Java\javapath;C:\ProgramData\Oracle\Java\javapath;C:\Program Files (x86)\Intel\iCLS Client\;C:\Program Files\Intel\iCLS Client\;C:\Windows\system32;C:\Windows;C:\Windows\System32\Wbem;C:\Windows\System32\WindowsPowerShell\v1.0\;C:\Program Files (x86)\Intel\Intel(R) Management Engine Components\DAL;C:\Program Files\Intel\Intel(R) Management Engine Components\DAL;C:\Program Files (x86)\Intel\Intel(R) Management Engine Components\IPT;C:\Program Files\Intel\Intel(R) Management Engine Components\IPT;C:\Program Files\nodejs\;C:\Program Files\7-Zip;C:\Program Files (x86)\NVIDIA Corporation\PhysX\Common;C:\Program Files\Git\cmd;C:\Users\world-PC\AppData\Local\Microsoft\WindowsApps;;C:\Users\world-PC\AppData\Local\Programs\Microsoft VS Code\bin;C:\Users\world-PC\AppData\Roaming\npm
USERNAME=world-PC
OS=Windows_NT
PROCESSOR_IDENTIFIER=Intel64 Family 6 Model 60 Stepping 3, GenuineIntel



---------------  S Y S T E M  ---------------

OS: Windows 10 , 64 bit Build 17763 (10.0.17763.1339)
OS uptime: 0 days 9:30 hours

CPU:total 4 (initial active 4) (2 cores per cpu, 2 threads per core) family 6 model 60 stepping 3 microcode 0x24, cmov, cx8, fxsr, mmx, sse, sse2, sse3, ssse3, sse4.1, sse4.2, popcnt, avx, avx2, aes, clmul, erms, lzcnt, ht, tsc, tscinvbit, bmi1, bmi2, fma

Memory: 4k page, system-wide physical 8129M (418M free)
TotalPageFile size 10177M (AvailPageFile size 5M)
current process WorkingSet (physical memory assigned to process): 191M, peak: 191M
current process commit charge ("private bytes"): 281M, peak: 283M

vm_info: OpenJDK 64-Bit Server VM (11.0.11+9-b60-7590822) for windows-amd64 JRE (11.0.11+9-b60-7590822), built on Jul 29 2021 21:43:44 by "builder" with MS VC++ 14.0 (VS2015)

END.
