#
# There is insufficient memory for the Java Runtime Environment to continue.
# Native memory allocation (malloc) failed to allocate 1527536 bytes for Chunk::new
# Possible reasons:
#   The system is out of physical RAM or swap space
#   The process is running with CompressedOops enabled, and the Java Heap may be blocking the growth of the native heap
# Possible solutions:
#   Reduce memory load on the system
#   Increase physical memory or swap space
#   Check if swap backing store is full
#   Decrease Java heap size (-Xmx/-Xms)
#   Decrease number of Java threads
#   Decrease Java thread stack sizes (-Xss)
#   Set larger code cache with -XX:ReservedCodeCacheSize=
#   JVM is running with Unscaled Compressed Oops mode in which the Java heap is
#     placed in the first 4GB address space. The Java Heap base address is the
#     maximum limit for the native heap growth. Please use -XX:HeapBaseMinAddress
#     to set the Java Heap base and to place the Java Heap above 4GB virtual address.
# This output file may be truncated or incomplete.
#
#  Out of Memory Error (./src/hotspot/share/memory/arena.cpp:197), pid=3112, tid=2180
#
# JRE version: OpenJDK Runtime Environment (11.0.11+9) (build 11.0.11+9-b60-7590822)
# Java VM: OpenJDK 64-Bit Server VM (11.0.11+9-b60-7590822, mixed mode, tiered, compressed oops, g1 gc, windows-amd64)
# No core dump will be written. Minidumps are not enabled by default on client versions of Windows
#

---------------  S U M M A R Y ------------

Command Line: --add-opens=java.base/java.util=ALL-UNNAMED --add-opens=java.base/java.lang=ALL-UNNAMED --add-opens=java.base/java.lang.invoke=ALL-UNNAMED --add-opens=java.base/java.util=ALL-UNNAMED --add-opens=java.prefs/java.util.prefs=ALL-UNNAMED --add-opens=java.prefs/java.util.prefs=ALL-UNNAMED --add-opens=java.base/java.nio.charset=ALL-UNNAMED --add-opens=java.base/java.net=ALL-UNNAMED --add-opens=java.base/java.util.concurrent.atomic=ALL-UNNAMED -Xmx2048m -Dfile.encoding=UTF-8 -Duser.country=RU -Duser.language=ru -Duser.variant org.gradle.launcher.daemon.bootstrap.GradleDaemon 7.2

Host: Intel(R) Core(TM) i3-4330 CPU @ 3.50GHz, 4 cores, 7G,  Windows 10 , 64 bit Build 17763 (10.0.17763.1339)
Time: Thu Feb 10 20:21:20 2022 Aaiaeaaao (ceia) elapsed time: 5.117689 seconds (0d 0h 0m 5s)

---------------  T H R E A D  ---------------

Current thread (0x00000209656b7800):  JavaThread "C2 CompilerThread0" daemon [_thread_in_native, id=2180, stack(0x0000001f2f800000,0x0000001f2f900000)]


Current CompileTask:
C2:   5117 2984       4       java.util.AbstractCollection::addAll (42 bytes)

Stack: [0x0000001f2f800000,0x0000001f2f900000]
Native frames: (J=compiled Java code, j=interpreted, Vv=VM code, C=native code)
V  [jvm.dll+0x5f214a]
V  [jvm.dll+0x726fb5]
V  [jvm.dll+0x7285cd]
V  [jvm.dll+0x728c83]
V  [jvm.dll+0x243278]
V  [jvm.dll+0xbc53c]
V  [jvm.dll+0xbca3c]
V  [jvm.dll+0x353e3b]
V  [jvm.dll+0x321893]
V  [jvm.dll+0x320d8a]
V  [jvm.dll+0x1fc1e2]
V  [jvm.dll+0x1fb3d4]
V  [jvm.dll+0x183d6c]
V  [jvm.dll+0x209a57]
V  [jvm.dll+0x2082a1]
V  [jvm.dll+0x6ef58f]
V  [jvm.dll+0x6e80b5]
V  [jvm.dll+0x5f1036]
C  [ucrtbase.dll+0x21ffa]
C  [KERNEL32.DLL+0x17974]
C  [ntdll.dll+0x6a271]


---------------  P R O C E S S  ---------------

Threads class SMR info:
_java_thread_list=0x0000020968d25890, length=35, elements={
0x000002094baab800, 0x0000020965691800, 0x0000020965693000, 0x00000209656b1800,
0x00000209656b3800, 0x00000209656b4800, 0x00000209656b7800, 0x00000209656bb800,
0x000002096606f000, 0x0000020966160000, 0x00000209676c3800, 0x0000020967add800,
0x0000020966486000, 0x0000020966fcb000, 0x0000020968235000, 0x00000209685e5000,
0x00000209683a2000, 0x00000209681aa000, 0x00000209681ab000, 0x00000209681ae000,
0x00000209681ac800, 0x00000209681a8800, 0x00000209681a9000, 0x00000209681af000,
0x0000020968803000, 0x00000209681ad000, 0x00000209681ab800, 0x00000209686f1800,
0x00000209686f0800, 0x00000209686ef000, 0x00000209686ec800, 0x00000209686f2800,
0x00000209686ed800, 0x00000209686f3000, 0x00000209686f4000
}

Java Threads: ( => current thread )
  0x000002094baab800 JavaThread "main" [_thread_blocked, id=1012, stack(0x0000001f2ec00000,0x0000001f2ed00000)]
  0x0000020965691800 JavaThread "Reference Handler" daemon [_thread_blocked, id=2108, stack(0x0000001f2f300000,0x0000001f2f400000)]
  0x0000020965693000 JavaThread "Finalizer" daemon [_thread_blocked, id=8140, stack(0x0000001f2f400000,0x0000001f2f500000)]
  0x00000209656b1800 JavaThread "Signal Dispatcher" daemon [_thread_blocked, id=4780, stack(0x0000001f2f500000,0x0000001f2f600000)]
  0x00000209656b3800 JavaThread "Attach Listener" daemon [_thread_blocked, id=6952, stack(0x0000001f2f600000,0x0000001f2f700000)]
  0x00000209656b4800 JavaThread "Service Thread" daemon [_thread_blocked, id=616, stack(0x0000001f2f700000,0x0000001f2f800000)]
=>0x00000209656b7800 JavaThread "C2 CompilerThread0" daemon [_thread_in_native, id=2180, stack(0x0000001f2f800000,0x0000001f2f900000)]
  0x00000209656bb800 JavaThread "C1 CompilerThread0" daemon [_thread_blocked, id=768, stack(0x0000001f2f900000,0x0000001f2fa00000)]
  0x000002096606f000 JavaThread "Sweeper thread" daemon [_thread_blocked, id=6964, stack(0x0000001f2fa00000,0x0000001f2fb00000)]
  0x0000020966160000 JavaThread "Common-Cleaner" daemon [_thread_blocked, id=364, stack(0x0000001f2fb00000,0x0000001f2fc00000)]
  0x00000209676c3800 JavaThread "Daemon health stats" [_thread_blocked, id=4976, stack(0x0000001f30000000,0x0000001f30100000)]
  0x0000020967add800 JavaThread "Incoming local TCP Connector on port 55113" [_thread_in_native, id=2372, stack(0x0000001f30200000,0x0000001f30300000)]
  0x0000020966486000 JavaThread "Daemon periodic checks" [_thread_blocked, id=5072, stack(0x0000001f30300000,0x0000001f30400000)]
  0x0000020966fcb000 JavaThread "Daemon" [_thread_blocked, id=2656, stack(0x0000001f30400000,0x0000001f30500000)]
  0x0000020968235000 JavaThread "Handler for socket connection from /127.0.0.1:55113 to /127.0.0.1:55114" [_thread_in_native, id=3792, stack(0x0000001f30500000,0x0000001f30600000)]
  0x00000209685e5000 JavaThread "Cancel handler" [_thread_blocked, id=2788, stack(0x0000001f30600000,0x0000001f30700000)]
  0x00000209683a2000 JavaThread "Daemon worker" [_thread_in_Java, id=848, stack(0x0000001f30700000,0x0000001f30800000)]
  0x00000209681aa000 JavaThread "Asynchronous log dispatcher for DefaultDaemonConnection: socket connection from /127.0.0.1:55113 to /127.0.0.1:55114" [_thread_blocked, id=5552, stack(0x0000001f30800000,0x0000001f30900000)]
  0x00000209681ab000 JavaThread "Stdin handler" [_thread_blocked, id=5548, stack(0x0000001f30900000,0x0000001f30a00000)]
  0x00000209681ae000 JavaThread "Daemon client event forwarder" [_thread_blocked, id=2028, stack(0x0000001f30a00000,0x0000001f30b00000)]
  0x00000209681ac800 JavaThread "Cache worker for journal cache (C:\Users\world-PC\.gradle\caches\journal-1)" [_thread_blocked, id=2840, stack(0x0000001f2fd00000,0x0000001f2fe00000)]
  0x00000209681a8800 JavaThread "File lock request listener" [_thread_in_native, id=6436, stack(0x0000001f30b00000,0x0000001f30c00000)]
  0x00000209681a9000 JavaThread "Cache worker for file hash cache (C:\Users\world-PC\.gradle\caches\7.2\fileHashes)" [_thread_blocked, id=7092, stack(0x0000001f30c00000,0x0000001f30d00000)]
  0x00000209681af000 JavaThread "Cache worker for file hash cache (C:\Users\world-PC\AndroidStudioProjects\ProjectMVP\.gradle\7.2\fileHashes)" [_thread_blocked, id=6672, stack(0x0000001f30d00000,0x0000001f30e00000)]
  0x0000020968803000 JavaThread "C2 CompilerThread1" daemon [_thread_in_native, id=6692, stack(0x0000001f30e00000,0x0000001f30f00000)]
  0x00000209681ad000 JavaThread "File watcher server" daemon [_thread_in_native, id=4484, stack(0x0000001f30f00000,0x0000001f31000000)]
  0x00000209681ab800 JavaThread "File watcher consumer" daemon [_thread_blocked, id=3656, stack(0x0000001f31000000,0x0000001f31100000)]
  0x00000209686f1800 JavaThread "jar transforms" [_thread_blocked, id=6988, stack(0x0000001f31100000,0x0000001f31200000)]
  0x00000209686f0800 JavaThread "jar transforms Thread 2" [_thread_blocked, id=6948, stack(0x0000001f31200000,0x0000001f31300000)]
  0x00000209686ef000 JavaThread "jar transforms Thread 3" [_thread_blocked, id=5140, stack(0x0000001f31300000,0x0000001f31400000)]
  0x00000209686ec800 JavaThread "jar transforms Thread 4" [_thread_blocked, id=6608, stack(0x0000001f31400000,0x0000001f31500000)]
  0x00000209686f2800 JavaThread "Cache worker for checksums cache (C:\Users\world-PC\AndroidStudioProjects\ProjectMVP\.gradle\checksums)" [_thread_blocked, id=5880, stack(0x0000001f31500000,0x0000001f31600000)]
  0x00000209686ed800 JavaThread "Cache worker for cache directory md-supplier (C:\Users\world-PC\.gradle\caches\7.2\md-supplier)" [_thread_blocked, id=6320, stack(0x0000001f31600000,0x0000001f31700000)]
  0x00000209686f3000 JavaThread "Cache worker for cache directory md-rule (C:\Users\world-PC\.gradle\caches\7.2\md-rule)" [_thread_blocked, id=2860, stack(0x0000001f31700000,0x0000001f31800000)]
  0x00000209686f4000 JavaThread "Cache worker for execution history cache (C:\Users\world-PC\.gradle\caches\7.2\executionHistory)" [_thread_blocked, id=208, stack(0x0000001f31800000,0x0000001f31900000)]

Other Threads:
  0x000002096568d000 VMThread "VM Thread" [stack: 0x0000001f2f200000,0x0000001f2f300000] [id=3808]
  0x0000020966185800 WatcherThread [stack: 0x0000001f2fc00000,0x0000001f2fd00000] [id=6468]
  0x000002094bac5000 GCTaskThread "GC Thread#0" [stack: 0x0000001f2ed00000,0x0000001f2ee00000] [id=3660]
  0x000002096655f800 GCTaskThread "GC Thread#1" [stack: 0x0000001f2fe00000,0x0000001f2ff00000] [id=6688]
  0x00000209668da000 GCTaskThread "GC Thread#2" [stack: 0x0000001f2ff00000,0x0000001f30000000] [id=2436]
  0x0000020968f6e800 GCTaskThread "GC Thread#3" [stack: 0x0000001f30100000,0x0000001f30200000] [id=1268]
  0x000002094baf8000 ConcurrentGCThread "G1 Main Marker" [stack: 0x0000001f2ee00000,0x0000001f2ef00000] [id=3484]
  0x000002094bafb800 ConcurrentGCThread "G1 Conc#0" [stack: 0x0000001f2ef00000,0x0000001f2f000000] [id=3676]
  0x000002094bb7d800 ConcurrentGCThread "G1 Refine#0" [stack: 0x0000001f2f000000,0x0000001f2f100000] [id=680]
  0x000002094bb7e800 ConcurrentGCThread "G1 Young RemSet Sampling" [stack: 0x0000001f2f100000,0x0000001f2f200000] [id=3244]

Threads with active compile tasks:
C2 CompilerThread0   5140 2984       4       java.util.AbstractCollection::addAll (42 bytes)
C2 CompilerThread1   5140 2798       4       jdk.internal.loader.URLClassPath::getResource (74 bytes)

VM state:not at safepoint (normal execution)

VM Mutex/Monitor currently owned by a thread: None

Heap address: 0x0000000080000000, size: 2048 MB, Compressed Oops mode: 32-bit
Narrow klass base: 0x0000000000000000, Narrow klass shift: 3
Compressed class space size: 1073741824 Address: 0x0000000100000000

Heap:
 garbage-first heap   total 157696K, used 37941K [0x0000000080000000, 0x0000000100000000)
  region size 1024K, 15 young (15360K), 10 survivors (10240K)
 Metaspace       used 36386K, capacity 37463K, committed 37760K, reserved 1081344K
  class space    used 4777K, capacity 5168K, committed 5248K, reserved 1048576K
Heap Regions: E=young(eden), S=young(survivor), O=old, HS=humongous(starts), HC=humongous(continues), CS=collection set, F=free, A=archive, TAMS=top-at-mark-start (previous, next)
|   0|0x0000000080000000, 0x0000000080100000, 0x0000000080100000|100%| O|  |TAMS 0x0000000080100000, 0x0000000080000000| Untracked 
|   1|0x0000000080100000, 0x0000000080200000, 0x0000000080200000|100%| O|  |TAMS 0x0000000080200000, 0x0000000080100000| Untracked 
|   2|0x0000000080200000, 0x0000000080300000, 0x0000000080300000|100%| O|  |TAMS 0x0000000080300000, 0x0000000080200000| Untracked 
|   3|0x0000000080300000, 0x0000000080400000, 0x0000000080400000|100%|HS|  |TAMS 0x0000000080400000, 0x0000000080300000| Complete 
|   4|0x0000000080400000, 0x0000000080500000, 0x0000000080500000|100%|HC|  |TAMS 0x0000000080500000, 0x0000000080400000| Complete 
|   5|0x0000000080500000, 0x0000000080600000, 0x0000000080600000|100%|HC|  |TAMS 0x0000000080600000, 0x0000000080500000| Complete 
|   6|0x0000000080600000, 0x0000000080700000, 0x0000000080700000|100%| O|  |TAMS 0x0000000080700000, 0x0000000080600000| Untracked 
|   7|0x0000000080700000, 0x0000000080800000, 0x0000000080800000|100%| O|  |TAMS 0x0000000080800000, 0x0000000080700000| Untracked 
|   8|0x0000000080800000, 0x0000000080900000, 0x0000000080900000|100%| O|  |TAMS 0x0000000080900000, 0x0000000080800000| Untracked 
|   9|0x0000000080900000, 0x0000000080a00000, 0x0000000080a00000|100%| O|  |TAMS 0x0000000080a00000, 0x0000000080900000| Untracked 
|  10|0x0000000080a00000, 0x0000000080b00000, 0x0000000080b00000|100%| O|  |TAMS 0x0000000080b00000, 0x0000000080a00000| Untracked 
|  11|0x0000000080b00000, 0x0000000080c00000, 0x0000000080c00000|100%| O|  |TAMS 0x0000000080c00000, 0x0000000080b00000| Untracked 
|  12|0x0000000080c00000, 0x0000000080d00000, 0x0000000080d00000|100%| O|  |TAMS 0x0000000080d00000, 0x0000000080c00000| Untracked 
|  13|0x0000000080d00000, 0x0000000080e00000, 0x0000000080e00000|100%| O|  |TAMS 0x0000000080e00000, 0x0000000080d00000| Untracked 
|  14|0x0000000080e00000, 0x0000000080e63000, 0x0000000080f00000| 38%| O|  |TAMS 0x0000000080e63000, 0x0000000080e00000| Untracked 
|  15|0x0000000080f00000, 0x0000000081000000, 0x0000000081000000|100%|HS|  |TAMS 0x0000000081000000, 0x0000000080f00000| Complete 
|  16|0x0000000081000000, 0x0000000081100000, 0x0000000081100000|100%|HC|  |TAMS 0x0000000081100000, 0x0000000081000000| Complete 
|  17|0x0000000081100000, 0x0000000081200000, 0x0000000081200000|100%|HS|  |TAMS 0x0000000081200000, 0x0000000081100000| Complete 
|  18|0x0000000081200000, 0x0000000081300000, 0x0000000081300000|100%|HC|  |TAMS 0x0000000081300000, 0x0000000081200000| Complete 
|  19|0x0000000081300000, 0x0000000081400000, 0x0000000081400000|100%|HC|  |TAMS 0x0000000081400000, 0x0000000081300000| Complete 
|  20|0x0000000081400000, 0x0000000081500000, 0x0000000081500000|100%|HS|  |TAMS 0x0000000081500000, 0x0000000081400000| Complete 
|  21|0x0000000081500000, 0x0000000081600000, 0x0000000081600000|100%|HC|  |TAMS 0x0000000081600000, 0x0000000081500000| Complete 
|  22|0x0000000081600000, 0x0000000081700000, 0x0000000081700000|100%|HC|  |TAMS 0x0000000081700000, 0x0000000081600000| Complete 
|  23|0x0000000081700000, 0x0000000081800000, 0x0000000081800000|100%|HC|  |TAMS 0x0000000081800000, 0x0000000081700000| Complete 
|  24|0x0000000081800000, 0x0000000081800000, 0x0000000081900000|  0%| F|  |TAMS 0x0000000081800000, 0x0000000081800000| Untracked 
|  25|0x0000000081900000, 0x0000000081900000, 0x0000000081a00000|  0%| F|  |TAMS 0x0000000081900000, 0x0000000081900000| Untracked 
|  26|0x0000000081a00000, 0x0000000081a00000, 0x0000000081b00000|  0%| F|  |TAMS 0x0000000081a00000, 0x0000000081a00000| Untracked 
|  27|0x0000000081b00000, 0x0000000081b00000, 0x0000000081c00000|  0%| F|  |TAMS 0x0000000081b00000, 0x0000000081b00000| Untracked 
|  28|0x0000000081c00000, 0x0000000081c00000, 0x0000000081d00000|  0%| F|  |TAMS 0x0000000081c00000, 0x0000000081c00000| Untracked 
|  29|0x0000000081d00000, 0x0000000081d00000, 0x0000000081e00000|  0%| F|  |TAMS 0x0000000081d00000, 0x0000000081d00000| Untracked 
|  30|0x0000000081e00000, 0x0000000081e00000, 0x0000000081f00000|  0%| F|  |TAMS 0x0000000081e00000, 0x0000000081e00000| Untracked 
|  31|0x0000000081f00000, 0x0000000081f00000, 0x0000000082000000|  0%| F|  |TAMS 0x0000000081f00000, 0x0000000081f00000| Untracked 
|  32|0x0000000082000000, 0x0000000082000000, 0x0000000082100000|  0%| F|  |TAMS 0x0000000082000000, 0x0000000082000000| Untracked 
|  33|0x0000000082100000, 0x0000000082100000, 0x0000000082200000|  0%| F|  |TAMS 0x0000000082100000, 0x0000000082100000| Untracked 
|  34|0x0000000082200000, 0x0000000082200000, 0x0000000082300000|  0%| F|  |TAMS 0x0000000082200000, 0x0000000082200000| Untracked 
|  35|0x0000000082300000, 0x0000000082300000, 0x0000000082400000|  0%| F|  |TAMS 0x0000000082300000, 0x0000000082300000| Untracked 
|  36|0x0000000082400000, 0x0000000082400000, 0x0000000082500000|  0%| F|  |TAMS 0x0000000082400000, 0x0000000082400000| Untracked 
|  37|0x0000000082500000, 0x0000000082500000, 0x0000000082600000|  0%| F|  |TAMS 0x0000000082500000, 0x0000000082500000| Untracked 
|  38|0x0000000082600000, 0x0000000082600000, 0x0000000082700000|  0%| F|  |TAMS 0x0000000082600000, 0x0000000082600000| Untracked 
|  39|0x0000000082700000, 0x0000000082700000, 0x0000000082800000|  0%| F|  |TAMS 0x0000000082700000, 0x0000000082700000| Untracked 
|  40|0x0000000082800000, 0x0000000082800000, 0x0000000082900000|  0%| F|  |TAMS 0x0000000082800000, 0x0000000082800000| Untracked 
|  41|0x0000000082900000, 0x0000000082900000, 0x0000000082a00000|  0%| F|  |TAMS 0x0000000082900000, 0x0000000082900000| Untracked 
|  42|0x0000000082a00000, 0x0000000082a00000, 0x0000000082b00000|  0%| F|  |TAMS 0x0000000082a00000, 0x0000000082a00000| Untracked 
|  43|0x0000000082b00000, 0x0000000082b00000, 0x0000000082c00000|  0%| F|  |TAMS 0x0000000082b00000, 0x0000000082b00000| Untracked 
|  44|0x0000000082c00000, 0x0000000082c00000, 0x0000000082d00000|  0%| F|  |TAMS 0x0000000082c00000, 0x0000000082c00000| Untracked 
|  45|0x0000000082d00000, 0x0000000082d00000, 0x0000000082e00000|  0%| F|  |TAMS 0x0000000082d00000, 0x0000000082d00000| Untracked 
|  46|0x0000000082e00000, 0x0000000082e00000, 0x0000000082f00000|  0%| F|  |TAMS 0x0000000082e00000, 0x0000000082e00000| Untracked 
|  47|0x0000000082f00000, 0x0000000082f00000, 0x0000000083000000|  0%| F|  |TAMS 0x0000000082f00000, 0x0000000082f00000| Untracked 
|  48|0x0000000083000000, 0x0000000083000000, 0x0000000083100000|  0%| F|  |TAMS 0x0000000083000000, 0x0000000083000000| Untracked 
|  49|0x0000000083100000, 0x0000000083100000, 0x0000000083200000|  0%| F|  |TAMS 0x0000000083100000, 0x0000000083100000| Untracked 
|  50|0x0000000083200000, 0x0000000083200000, 0x0000000083300000|  0%| F|  |TAMS 0x0000000083200000, 0x0000000083200000| Untracked 
|  51|0x0000000083300000, 0x0000000083300000, 0x0000000083400000|  0%| F|  |TAMS 0x0000000083300000, 0x0000000083300000| Untracked 
|  52|0x0000000083400000, 0x0000000083400000, 0x0000000083500000|  0%| F|  |TAMS 0x0000000083400000, 0x0000000083400000| Untracked 
|  53|0x0000000083500000, 0x0000000083500000, 0x0000000083600000|  0%| F|  |TAMS 0x0000000083500000, 0x0000000083500000| Untracked 
|  54|0x0000000083600000, 0x0000000083600000, 0x0000000083700000|  0%| F|  |TAMS 0x0000000083600000, 0x0000000083600000| Untracked 
|  55|0x0000000083700000, 0x0000000083700000, 0x0000000083800000|  0%| F|  |TAMS 0x0000000083700000, 0x0000000083700000| Untracked 
|  56|0x0000000083800000, 0x0000000083800000, 0x0000000083900000|  0%| F|  |TAMS 0x0000000083800000, 0x0000000083800000| Untracked 
|  57|0x0000000083900000, 0x0000000083900000, 0x0000000083a00000|  0%| F|  |TAMS 0x0000000083900000, 0x0000000083900000| Untracked 
|  58|0x0000000083a00000, 0x0000000083a00000, 0x0000000083b00000|  0%| F|  |TAMS 0x0000000083a00000, 0x0000000083a00000| Untracked 
|  59|0x0000000083b00000, 0x0000000083b00000, 0x0000000083c00000|  0%| F|  |TAMS 0x0000000083b00000, 0x0000000083b00000| Untracked 
|  60|0x0000000083c00000, 0x0000000083c00000, 0x0000000083d00000|  0%| F|  |TAMS 0x0000000083c00000, 0x0000000083c00000| Untracked 
|  61|0x0000000083d00000, 0x0000000083d00000, 0x0000000083e00000|  0%| F|  |TAMS 0x0000000083d00000, 0x0000000083d00000| Untracked 
|  62|0x0000000083e00000, 0x0000000083e00000, 0x0000000083f00000|  0%| F|  |TAMS 0x0000000083e00000, 0x0000000083e00000| Untracked 
|  63|0x0000000083f00000, 0x0000000083f00000, 0x0000000084000000|  0%| F|  |TAMS 0x0000000083f00000, 0x0000000083f00000| Untracked 
|  64|0x0000000084000000, 0x0000000084000000, 0x0000000084100000|  0%| F|  |TAMS 0x0000000084000000, 0x0000000084000000| Untracked 
|  65|0x0000000084100000, 0x0000000084100000, 0x0000000084200000|  0%| F|  |TAMS 0x0000000084100000, 0x0000000084100000| Untracked 
|  66|0x0000000084200000, 0x0000000084200000, 0x0000000084300000|  0%| F|  |TAMS 0x0000000084200000, 0x0000000084200000| Untracked 
|  67|0x0000000084300000, 0x0000000084300000, 0x0000000084400000|  0%| F|  |TAMS 0x0000000084300000, 0x0000000084300000| Untracked 
|  68|0x0000000084400000, 0x0000000084400000, 0x0000000084500000|  0%| F|  |TAMS 0x0000000084400000, 0x0000000084400000| Untracked 
|  69|0x0000000084500000, 0x0000000084500000, 0x0000000084600000|  0%| F|  |TAMS 0x0000000084500000, 0x0000000084500000| Untracked 
|  70|0x0000000084600000, 0x0000000084600000, 0x0000000084700000|  0%| F|  |TAMS 0x0000000084600000, 0x0000000084600000| Untracked 
|  71|0x0000000084700000, 0x0000000084700000, 0x0000000084800000|  0%| F|  |TAMS 0x0000000084700000, 0x0000000084700000| Untracked 
|  72|0x0000000084800000, 0x0000000084800000, 0x0000000084900000|  0%| F|  |TAMS 0x0000000084800000, 0x0000000084800000| Untracked 
|  73|0x0000000084900000, 0x0000000084900000, 0x0000000084a00000|  0%| F|  |TAMS 0x0000000084900000, 0x0000000084900000| Untracked 
|  74|0x0000000084a00000, 0x0000000084aaa5a0, 0x0000000084b00000| 66%| S|CS|TAMS 0x0000000084a00000, 0x0000000084a00000| Complete 
|  75|0x0000000084b00000, 0x0000000084c00000, 0x0000000084c00000|100%| S|CS|TAMS 0x0000000084b00000, 0x0000000084b00000| Complete 
|  76|0x0000000084c00000, 0x0000000084d00000, 0x0000000084d00000|100%| S|CS|TAMS 0x0000000084c00000, 0x0000000084c00000| Complete 
|  77|0x0000000084d00000, 0x0000000084e00000, 0x0000000084e00000|100%| S|CS|TAMS 0x0000000084d00000, 0x0000000084d00000| Complete 
|  78|0x0000000084e00000, 0x0000000084f00000, 0x0000000084f00000|100%| S|CS|TAMS 0x0000000084e00000, 0x0000000084e00000| Complete 
|  79|0x0000000084f00000, 0x0000000085000000, 0x0000000085000000|100%| S|CS|TAMS 0x0000000084f00000, 0x0000000084f00000| Complete 
|  80|0x0000000085000000, 0x0000000085100000, 0x0000000085100000|100%| S|CS|TAMS 0x0000000085000000, 0x0000000085000000| Complete 
|  81|0x0000000085100000, 0x0000000085200000, 0x0000000085200000|100%| S|CS|TAMS 0x0000000085100000, 0x0000000085100000| Complete 
|  82|0x0000000085200000, 0x0000000085300000, 0x0000000085300000|100%| S|CS|TAMS 0x0000000085200000, 0x0000000085200000| Complete 
|  83|0x0000000085300000, 0x0000000085400000, 0x0000000085400000|100%| S|CS|TAMS 0x0000000085300000, 0x0000000085300000| Complete 
|  84|0x0000000085400000, 0x0000000085400000, 0x0000000085500000|  0%| F|  |TAMS 0x0000000085400000, 0x0000000085400000| Untracked 
|  85|0x0000000085500000, 0x0000000085500000, 0x0000000085600000|  0%| F|  |TAMS 0x0000000085500000, 0x0000000085500000| Untracked 
|  86|0x0000000085600000, 0x0000000085600000, 0x0000000085700000|  0%| F|  |TAMS 0x0000000085600000, 0x0000000085600000| Untracked 
|  87|0x0000000085700000, 0x0000000085700000, 0x0000000085800000|  0%| F|  |TAMS 0x0000000085700000, 0x0000000085700000| Untracked 
|  88|0x0000000085800000, 0x0000000085800000, 0x0000000085900000|  0%| F|  |TAMS 0x0000000085800000, 0x0000000085800000| Untracked 
|  89|0x0000000085900000, 0x0000000085900000, 0x0000000085a00000|  0%| F|  |TAMS 0x0000000085900000, 0x0000000085900000| Untracked 
|  90|0x0000000085a00000, 0x0000000085a00000, 0x0000000085b00000|  0%| F|  |TAMS 0x0000000085a00000, 0x0000000085a00000| Untracked 
|  91|0x0000000085b00000, 0x0000000085b00000, 0x0000000085c00000|  0%| F|  |TAMS 0x0000000085b00000, 0x0000000085b00000| Untracked 
|  92|0x0000000085c00000, 0x0000000085c00000, 0x0000000085d00000|  0%| F|  |TAMS 0x0000000085c00000, 0x0000000085c00000| Untracked 
|  93|0x0000000085d00000, 0x0000000085d00000, 0x0000000085e00000|  0%| F|  |TAMS 0x0000000085d00000, 0x0000000085d00000| Untracked 
|  94|0x0000000085e00000, 0x0000000085e00000, 0x0000000085f00000|  0%| F|  |TAMS 0x0000000085e00000, 0x0000000085e00000| Untracked 
|  95|0x0000000085f00000, 0x0000000085f00000, 0x0000000086000000|  0%| F|  |TAMS 0x0000000085f00000, 0x0000000085f00000| Untracked 
|  96|0x0000000086000000, 0x0000000086000000, 0x0000000086100000|  0%| F|  |TAMS 0x0000000086000000, 0x0000000086000000| Untracked 
|  97|0x0000000086100000, 0x0000000086100000, 0x0000000086200000|  0%| F|  |TAMS 0x0000000086100000, 0x0000000086100000| Untracked 
|  98|0x0000000086200000, 0x0000000086200000, 0x0000000086300000|  0%| F|  |TAMS 0x0000000086200000, 0x0000000086200000| Untracked 
|  99|0x0000000086300000, 0x0000000086300000, 0x0000000086400000|  0%| F|  |TAMS 0x0000000086300000, 0x0000000086300000| Untracked 
| 100|0x0000000086400000, 0x0000000086400000, 0x0000000086500000|  0%| F|  |TAMS 0x0000000086400000, 0x0000000086400000| Untracked 
| 101|0x0000000086500000, 0x0000000086500000, 0x0000000086600000|  0%| F|  |TAMS 0x0000000086500000, 0x0000000086500000| Untracked 
| 102|0x0000000086600000, 0x0000000086600000, 0x0000000086700000|  0%| F|  |TAMS 0x0000000086600000, 0x0000000086600000| Untracked 
| 103|0x0000000086700000, 0x0000000086700000, 0x0000000086800000|  0%| F|  |TAMS 0x0000000086700000, 0x0000000086700000| Untracked 
| 104|0x0000000086800000, 0x0000000086800000, 0x0000000086900000|  0%| F|  |TAMS 0x0000000086800000, 0x0000000086800000| Untracked 
| 105|0x0000000086900000, 0x0000000086900000, 0x0000000086a00000|  0%| F|  |TAMS 0x0000000086900000, 0x0000000086900000| Untracked 
| 106|0x0000000086a00000, 0x0000000086a00000, 0x0000000086b00000|  0%| F|  |TAMS 0x0000000086a00000, 0x0000000086a00000| Untracked 
| 107|0x0000000086b00000, 0x0000000086b00000, 0x0000000086c00000|  0%| F|  |TAMS 0x0000000086b00000, 0x0000000086b00000| Untracked 
| 108|0x0000000086c00000, 0x0000000086c00000, 0x0000000086d00000|  0%| F|  |TAMS 0x0000000086c00000, 0x0000000086c00000| Untracked 
| 109|0x0000000086d00000, 0x0000000086d00000, 0x0000000086e00000|  0%| F|  |TAMS 0x0000000086d00000, 0x0000000086d00000| Untracked 
| 110|0x0000000086e00000, 0x0000000086e00000, 0x0000000086f00000|  0%| F|  |TAMS 0x0000000086e00000, 0x0000000086e00000| Untracked 
| 111|0x0000000086f00000, 0x0000000086f00000, 0x0000000087000000|  0%| F|  |TAMS 0x0000000086f00000, 0x0000000086f00000| Untracked 
| 112|0x0000000087000000, 0x0000000087000000, 0x0000000087100000|  0%| F|  |TAMS 0x0000000087000000, 0x0000000087000000| Untracked 
| 113|0x0000000087100000, 0x0000000087100000, 0x0000000087200000|  0%| F|  |TAMS 0x0000000087100000, 0x0000000087100000| Untracked 
| 114|0x0000000087200000, 0x0000000087200000, 0x0000000087300000|  0%| F|  |TAMS 0x0000000087200000, 0x0000000087200000| Untracked 
| 115|0x0000000087300000, 0x0000000087300000, 0x0000000087400000|  0%| F|  |TAMS 0x0000000087300000, 0x0000000087300000| Untracked 
| 116|0x0000000087400000, 0x0000000087400000, 0x0000000087500000|  0%| F|  |TAMS 0x0000000087400000, 0x0000000087400000| Untracked 
| 117|0x0000000087500000, 0x0000000087500000, 0x0000000087600000|  0%| F|  |TAMS 0x0000000087500000, 0x0000000087500000| Untracked 
| 118|0x0000000087600000, 0x0000000087600000, 0x0000000087700000|  0%| F|  |TAMS 0x0000000087600000, 0x0000000087600000| Untracked 
| 119|0x0000000087700000, 0x0000000087700000, 0x0000000087800000|  0%| F|  |TAMS 0x0000000087700000, 0x0000000087700000| Untracked 
| 120|0x0000000087800000, 0x0000000087800000, 0x0000000087900000|  0%| F|  |TAMS 0x0000000087800000, 0x0000000087800000| Untracked 
| 121|0x0000000087900000, 0x0000000087900000, 0x0000000087a00000|  0%| F|  |TAMS 0x0000000087900000, 0x0000000087900000| Untracked 
| 122|0x0000000087a00000, 0x0000000087a00000, 0x0000000087b00000|  0%| F|  |TAMS 0x0000000087a00000, 0x0000000087a00000| Untracked 
| 123|0x0000000087b00000, 0x0000000087b00000, 0x0000000087c00000|  0%| F|  |TAMS 0x0000000087b00000, 0x0000000087b00000| Untracked 
| 124|0x0000000087c00000, 0x0000000087c00000, 0x0000000087d00000|  0%| F|  |TAMS 0x0000000087c00000, 0x0000000087c00000| Untracked 
| 125|0x0000000087d00000, 0x0000000087d00000, 0x0000000087e00000|  0%| F|  |TAMS 0x0000000087d00000, 0x0000000087d00000| Untracked 
| 126|0x0000000087e00000, 0x0000000087e00000, 0x0000000087f00000|  0%| F|  |TAMS 0x0000000087e00000, 0x0000000087e00000| Untracked 
| 127|0x0000000087f00000, 0x0000000087f00000, 0x0000000088000000|  0%| F|  |TAMS 0x0000000087f00000, 0x0000000087f00000| Untracked 
| 128|0x0000000088000000, 0x0000000088000000, 0x0000000088100000|  0%| F|  |TAMS 0x0000000088000000, 0x0000000088000000| Untracked 
| 129|0x0000000088100000, 0x0000000088100000, 0x0000000088200000|  0%| F|  |TAMS 0x0000000088100000, 0x0000000088100000| Untracked 
| 130|0x0000000088200000, 0x0000000088200000, 0x0000000088300000|  0%| F|  |TAMS 0x0000000088200000, 0x0000000088200000| Untracked 
| 131|0x0000000088300000, 0x0000000088300000, 0x0000000088400000|  0%| F|  |TAMS 0x0000000088300000, 0x0000000088300000| Untracked 
| 132|0x0000000088400000, 0x0000000088400000, 0x0000000088500000|  0%| F|  |TAMS 0x0000000088400000, 0x0000000088400000| Untracked 
| 133|0x0000000088500000, 0x0000000088500000, 0x0000000088600000|  0%| F|  |TAMS 0x0000000088500000, 0x0000000088500000| Untracked 
| 134|0x0000000088600000, 0x0000000088600000, 0x0000000088700000|  0%| F|  |TAMS 0x0000000088600000, 0x0000000088600000| Untracked 
| 135|0x0000000088700000, 0x0000000088700000, 0x0000000088800000|  0%| F|  |TAMS 0x0000000088700000, 0x0000000088700000| Untracked 
| 136|0x0000000088800000, 0x0000000088800000, 0x0000000088900000|  0%| F|  |TAMS 0x0000000088800000, 0x0000000088800000| Untracked 
| 137|0x0000000088900000, 0x0000000088900000, 0x0000000088a00000|  0%| F|  |TAMS 0x0000000088900000, 0x0000000088900000| Untracked 
| 138|0x0000000088a00000, 0x0000000088a00000, 0x0000000088b00000|  0%| F|  |TAMS 0x0000000088a00000, 0x0000000088a00000| Untracked 
| 139|0x0000000088b00000, 0x0000000088b00000, 0x0000000088c00000|  0%| F|  |TAMS 0x0000000088b00000, 0x0000000088b00000| Untracked 
| 140|0x0000000088c00000, 0x0000000088c00000, 0x0000000088d00000|  0%| F|  |TAMS 0x0000000088c00000, 0x0000000088c00000| Untracked 
| 141|0x0000000088d00000, 0x0000000088d00000, 0x0000000088e00000|  0%| F|  |TAMS 0x0000000088d00000, 0x0000000088d00000| Untracked 
| 142|0x0000000088e00000, 0x0000000088e00000, 0x0000000088f00000|  0%| F|  |TAMS 0x0000000088e00000, 0x0000000088e00000| Untracked 
| 143|0x0000000088f00000, 0x0000000088f00000, 0x0000000089000000|  0%| F|  |TAMS 0x0000000088f00000, 0x0000000088f00000| Untracked 
| 144|0x0000000089000000, 0x0000000089000000, 0x0000000089100000|  0%| F|  |TAMS 0x0000000089000000, 0x0000000089000000| Untracked 
| 145|0x0000000089100000, 0x0000000089100000, 0x0000000089200000|  0%| F|  |TAMS 0x0000000089100000, 0x0000000089100000| Untracked 
| 146|0x0000000089200000, 0x0000000089200000, 0x0000000089300000|  0%| F|  |TAMS 0x0000000089200000, 0x0000000089200000| Untracked 
| 147|0x0000000089300000, 0x0000000089300000, 0x0000000089400000|  0%| F|  |TAMS 0x0000000089300000, 0x0000000089300000| Untracked 
| 148|0x0000000089400000, 0x0000000089400000, 0x0000000089500000|  0%| F|  |TAMS 0x0000000089400000, 0x0000000089400000| Untracked 
| 149|0x0000000089500000, 0x0000000089580800, 0x0000000089600000| 50%| E|  |TAMS 0x0000000089500000, 0x0000000089500000| Complete 
| 150|0x0000000089600000, 0x0000000089700000, 0x0000000089700000|100%| E|CS|TAMS 0x0000000089600000, 0x0000000089600000| Complete 
| 151|0x0000000089700000, 0x0000000089800000, 0x0000000089800000|100%| E|CS|TAMS 0x0000000089700000, 0x0000000089700000| Complete 
| 152|0x0000000089800000, 0x0000000089900000, 0x0000000089900000|100%| E|CS|TAMS 0x0000000089800000, 0x0000000089800000| Complete 
| 153|0x0000000089900000, 0x0000000089a00000, 0x0000000089a00000|100%| E|CS|TAMS 0x0000000089900000, 0x0000000089900000| Complete 

Card table byte_map: [0x000002095e9a0000,0x000002095eda0000] _byte_map_base: 0x000002095e5a0000

Marking Bits (Prev, Next): (CMBitMap*) 0x000002094baef6d8, (CMBitMap*) 0x000002094baef710
 Prev Bits: [0x000002095f1a0000, 0x00000209611a0000)
 Next Bits: [0x00000209611a0000, 0x00000209631a0000)

Polling page: 0x0000020949c50000

Metaspace:

Usage:
  Non-class:     31.54 MB capacity,    30.87 MB ( 98%) used,   593.38 KB (  2%) free+waste,    87.63 KB ( <1%) overhead. 
      Class:      5.05 MB capacity,     4.67 MB ( 92%) used,   346.78 KB (  7%) free+waste,    43.50 KB ( <1%) overhead. 
       Both:     36.59 MB capacity,    35.54 MB ( 97%) used,   940.16 KB (  3%) free+waste,   131.13 KB ( <1%) overhead. 

Virtual space:
  Non-class space:       32.00 MB reserved,      31.75 MB (>99%) committed 
      Class space:        1.00 GB reserved,       5.13 MB ( <1%) committed 
             Both:        1.03 GB reserved,      36.88 MB (  3%) committed 

Chunk freelists:
   Non-Class:  24.00 KB
       Class:  15.00 KB
        Both:  39.00 KB

MaxMetaspaceSize: 17179869184.00 GB
CompressedClassSpaceSize: 1.00 GB

CodeHeap 'non-profiled nmethods': size=120064Kb used=1505Kb max_used=1505Kb free=118558Kb
 bounds [0x0000020957060000, 0x00000209572d0000, 0x000002095e5a0000]
CodeHeap 'profiled nmethods': size=120000Kb used=6468Kb max_used=6468Kb free=113531Kb
 bounds [0x000002094fb30000, 0x0000020950190000, 0x0000020957060000]
CodeHeap 'non-nmethods': size=5696Kb used=1174Kb max_used=1235Kb free=4521Kb
 bounds [0x000002094f5a0000, 0x000002094f810000, 0x000002094fb30000]
 total_blobs=3557 nmethods=3035 adapters=433
 compilation: enabled
              stopped_count=0, restarted_count=0
 full_count=0

Compilation events (20 events):
Event: 5.102 Thread 0x00000209656bb800 3011       3       org.codehaus.groovy.runtime.metaclass.MetaMethodIndex::getOrPutMethods (184 bytes)
Event: 5.103 Thread 0x00000209656bb800 nmethod 3011 0x0000020950173910 code [0x0000020950173b60, 0x0000020950174678]
Event: 5.103 Thread 0x00000209656bb800 3012       3       org.codehaus.groovy.util.ReferenceManager$CallBackedManager::removeStallEntries0 (51 bytes)
Event: 5.104 Thread 0x00000209656bb800 nmethod 3012 0x0000020950174a90 code [0x0000020950174cc0, 0x0000020950175598]
Event: 5.104 Thread 0x00000209656bb800 3013       1       org.codehaus.groovy.reflection.CachedMethod::getDeclaringClass (5 bytes)
Event: 5.104 Thread 0x00000209656bb800 nmethod 3013 0x00000209571d6d10 code [0x00000209571d6ec0, 0x00000209571d6f78]
Event: 5.105 Thread 0x00000209656bb800 3014       1       org.codehaus.groovy.util.FastArray::size (5 bytes)
Event: 5.105 Thread 0x00000209656bb800 nmethod 3014 0x00000209571d7010 code [0x00000209571d71c0, 0x00000209571d7278]
Event: 5.105 Thread 0x00000209656bb800 3015       1       org.codehaus.groovy.util.FastArray::getArray (5 bytes)
Event: 5.105 Thread 0x00000209656bb800 nmethod 3015 0x00000209571d7310 code [0x00000209571d74c0, 0x00000209571d7578]
Event: 5.105 Thread 0x00000209656bb800 3016       3       org.codehaus.groovy.runtime.metaclass.MetaMethodIndex::isMatchingMethod (61 bytes)
Event: 5.106 Thread 0x00000209656bb800 nmethod 3016 0x0000020950175810 code [0x0000020950175a00, 0x0000020950175f78]
Event: 5.108 Thread 0x00000209656bb800 3017       3       java.util.Arrays::binarySearch (10 bytes)
Event: 5.108 Thread 0x00000209656bb800 nmethod 3017 0x0000020950176190 code [0x0000020950176340, 0x0000020950176468]
Event: 5.108 Thread 0x00000209656bb800 3020       3       groovy.lang.MetaClassImpl$1MOPIter::methodNameAction (325 bytes)
Event: 5.110 Thread 0x00000209656bb800 nmethod 3020 0x0000020950176510 code [0x0000020950176900, 0x0000020950178758]
Event: 5.110 Thread 0x00000209656bb800 3018       3       java.util.Arrays::binarySearch0 (95 bytes)
Event: 5.110 Thread 0x00000209656bb800 nmethod 3018 0x0000020950179110 code [0x0000020950179300, 0x00000209501796d8]
Event: 5.110 Thread 0x00000209656bb800 3021       3       groovy.lang.MetaMethod::getMopName (105 bytes)
Event: 5.111 Thread 0x00000209656bb800 nmethod 3021 0x0000020950179890 code [0x0000020950179c40, 0x000002095017b228]

GC Heap History (14 events):
Event: 0.597 GC heap before
{Heap before GC invocations=0 (full 0):
 garbage-first heap   total 131072K, used 19456K [0x0000000080000000, 0x0000000100000000)
  region size 1024K, 14 young (14336K), 0 survivors (0K)
 Metaspace       used 6748K, capacity 6937K, committed 7168K, reserved 1056768K
  class space    used 584K, capacity 650K, committed 768K, reserved 1048576K
}
Event: 0.603 GC heap after
{Heap after GC invocations=1 (full 0):
 garbage-first heap   total 131072K, used 7823K [0x0000000080000000, 0x0000000100000000)
  region size 1024K, 2 young (2048K), 2 survivors (2048K)
 Metaspace       used 6748K, capacity 6937K, committed 7168K, reserved 1056768K
  class space    used 584K, capacity 650K, committed 768K, reserved 1048576K
}
Event: 0.722 GC heap before
{Heap before GC invocations=1 (full 0):
 garbage-first heap   total 131072K, used 12943K [0x0000000080000000, 0x0000000100000000)
  region size 1024K, 7 young (7168K), 2 survivors (2048K)
 Metaspace       used 7988K, capacity 8215K, committed 8320K, reserved 1056768K
  class space    used 760K, capacity 823K, committed 896K, reserved 1048576K
}
Event: 0.725 GC heap after
{Heap after GC invocations=2 (full 0):
 garbage-first heap   total 131072K, used 8631K [0x0000000080000000, 0x0000000100000000)
  region size 1024K, 1 young (1024K), 1 survivors (1024K)
 Metaspace       used 7988K, capacity 8215K, committed 8320K, reserved 1056768K
  class space    used 760K, capacity 823K, committed 896K, reserved 1048576K
}
Event: 1.316 GC heap before
{Heap before GC invocations=2 (full 0):
 garbage-first heap   total 131072K, used 32183K [0x0000000080000000, 0x0000000100000000)
  region size 1024K, 25 young (25600K), 1 survivors (1024K)
 Metaspace       used 11193K, capacity 11456K, committed 11520K, reserved 1058816K
  class space    used 1174K, capacity 1244K, committed 1280K, reserved 1048576K
}
Event: 1.319 GC heap after
{Heap after GC invocations=3 (full 0):
 garbage-first heap   total 131072K, used 9749K [0x0000000080000000, 0x0000000100000000)
  region size 1024K, 2 young (2048K), 2 survivors (2048K)
 Metaspace       used 11193K, capacity 11456K, committed 11520K, reserved 1058816K
  class space    used 1174K, capacity 1244K, committed 1280K, reserved 1048576K
}
Event: 1.874 GC heap before
{Heap before GC invocations=3 (full 0):
 garbage-first heap   total 131072K, used 45589K [0x0000000080000000, 0x0000000100000000)
  region size 1024K, 37 young (37888K), 2 survivors (2048K)
 Metaspace       used 13846K, capacity 14217K, committed 14464K, reserved 1062912K
  class space    used 1537K, capacity 1654K, committed 1664K, reserved 1048576K
}
Event: 1.890 GC heap after
{Heap after GC invocations=4 (full 0):
 garbage-first heap   total 131072K, used 15026K [0x0000000080000000, 0x0000000100000000)
  region size 1024K, 5 young (5120K), 5 survivors (5120K)
 Metaspace       used 13846K, capacity 14217K, committed 14464K, reserved 1062912K
  class space    used 1537K, capacity 1654K, committed 1664K, reserved 1048576K
}
Event: 2.703 GC heap before
{Heap before GC invocations=4 (full 0):
 garbage-first heap   total 131072K, used 57010K [0x0000000080000000, 0x0000000100000000)
  region size 1024K, 47 young (48128K), 5 survivors (5120K)
 Metaspace       used 20683K, capacity 21130K, committed 21296K, reserved 1069056K
  class space    used 2531K, capacity 2676K, committed 2688K, reserved 1048576K
}
Event: 2.711 GC heap after
{Heap after GC invocations=5 (full 0):
 garbage-first heap   total 131072K, used 16856K [0x0000000080000000, 0x0000000100000000)
  region size 1024K, 3 young (3072K), 3 survivors (3072K)
 Metaspace       used 20683K, capacity 21130K, committed 21296K, reserved 1069056K
  class space    used 2531K, capacity 2676K, committed 2688K, reserved 1048576K
}
Event: 3.415 GC heap before
{Heap before GC invocations=6 (full 0):
 garbage-first heap   total 131072K, used 69080K [0x0000000080000000, 0x0000000100000000)
  region size 1024K, 54 young (55296K), 3 survivors (3072K)
 Metaspace       used 26191K, capacity 26883K, committed 27008K, reserved 1073152K
  class space    used 3423K, capacity 3643K, committed 3712K, reserved 1048576K
}
Event: 3.424 GC heap after
{Heap after GC invocations=7 (full 0):
 garbage-first heap   total 157696K, used 18789K [0x0000000080000000, 0x0000000100000000)
  region size 1024K, 4 young (4096K), 4 survivors (4096K)
 Metaspace       used 26191K, capacity 26883K, committed 27008K, reserved 1073152K
  class space    used 3423K, capacity 3643K, committed 3712K, reserved 1048576K
}
Event: 4.968 GC heap before
{Heap before GC invocations=7 (full 0):
 garbage-first heap   total 157696K, used 98661K [0x0000000080000000, 0x0000000100000000)
  region size 1024K, 74 young (75776K), 4 survivors (4096K)
 Metaspace       used 34932K, capacity 35896K, committed 35968K, reserved 1081344K
  class space    used 4555K, capacity 4921K, committed 4992K, reserved 1048576K
}
Event: 4.986 GC heap after
{Heap after GC invocations=8 (full 0):
 garbage-first heap   total 157696K, used 33845K [0x0000000080000000, 0x0000000100000000)
  region size 1024K, 10 young (10240K), 10 survivors (10240K)
 Metaspace       used 34932K, capacity 35896K, committed 35968K, reserved 1081344K
  class space    used 4555K, capacity 4921K, committed 4992K, reserved 1048576K
}

Deoptimization events (20 events):
Event: 4.542 Thread 0x00000209683a2000 Uncommon trap: trap_request=0xffffffc6 fr.pc=0x000002095716f924 relative=0x0000000000000224
Event: 4.543 Thread 0x00000209683a2000 Uncommon trap: reason=bimorphic_or_optimized_type_check action=maybe_recompile pc=0x000002095716f924 method=java.io.BufferedInputStream.read([BII)I @ 101 c2
Event: 4.543 Thread 0x00000209683a2000 DEOPT PACKING pc=0x000002095716f924 sp=0x0000001f307f8670
Event: 4.543 Thread 0x00000209683a2000 DEOPT UNPACKING pc=0x000002094f5c662f sp=0x0000001f307f8628 mode 2
Event: 4.543 Thread 0x00000209683a2000 Uncommon trap: trap_request=0xffffffc6 fr.pc=0x000002095716f924 relative=0x0000000000000224
Event: 4.543 Thread 0x00000209683a2000 Uncommon trap: reason=bimorphic_or_optimized_type_check action=maybe_recompile pc=0x000002095716f924 method=java.io.BufferedInputStream.read([BII)I @ 101 c2
Event: 4.543 Thread 0x00000209683a2000 DEOPT PACKING pc=0x000002095716f924 sp=0x0000001f307f8670
Event: 4.543 Thread 0x00000209683a2000 DEOPT UNPACKING pc=0x000002094f5c662f sp=0x0000001f307f8628 mode 2
Event: 4.544 Thread 0x00000209683a2000 Uncommon trap: trap_request=0xffffffc6 fr.pc=0x000002095716f924 relative=0x0000000000000224
Event: 4.544 Thread 0x00000209683a2000 Uncommon trap: reason=bimorphic_or_optimized_type_check action=maybe_recompile pc=0x000002095716f924 method=java.io.BufferedInputStream.read([BII)I @ 101 c2
Event: 4.544 Thread 0x00000209683a2000 DEOPT PACKING pc=0x000002095716f924 sp=0x0000001f307f8670
Event: 4.544 Thread 0x00000209683a2000 DEOPT UNPACKING pc=0x000002094f5c662f sp=0x0000001f307f8628 mode 2
Event: 4.545 Thread 0x00000209683a2000 Uncommon trap: trap_request=0xffffffc6 fr.pc=0x000002095716f924 relative=0x0000000000000224
Event: 4.545 Thread 0x00000209683a2000 Uncommon trap: reason=bimorphic_or_optimized_type_check action=maybe_recompile pc=0x000002095716f924 method=java.io.BufferedInputStream.read([BII)I @ 101 c2
Event: 4.545 Thread 0x00000209683a2000 DEOPT PACKING pc=0x000002095716f924 sp=0x0000001f307f8670
Event: 4.545 Thread 0x00000209683a2000 DEOPT UNPACKING pc=0x000002094f5c662f sp=0x0000001f307f8628 mode 2
Event: 4.903 Thread 0x00000209683a2000 Uncommon trap: trap_request=0xffffffcc fr.pc=0x00000209571af424 relative=0x0000000000001104
Event: 4.904 Thread 0x00000209683a2000 Uncommon trap: reason=intrinsic_or_type_checked_inlining action=make_not_entrant pc=0x00000209571af424 method=java.util.ArrayList.toArray([Ljava/lang/Object;)[Ljava/lang/Object; @ 36 c2
Event: 4.904 Thread 0x00000209683a2000 DEOPT PACKING pc=0x00000209571af424 sp=0x0000001f307f6380
Event: 4.904 Thread 0x00000209683a2000 DEOPT UNPACKING pc=0x000002094f5c662f sp=0x0000001f307f62d8 mode 2

Classes redefined (0 events):
No events

Internal exceptions (20 events):
Event: 3.657 Thread 0x00000209683a2000 Exception <a 'java/lang/NoSuchMethodError'{0x0000000088e1d408}: <clinit>> (0x0000000088e1d408) thrown at [./src/hotspot/share/prims/jni.cpp, line 1362]
Event: 3.817 Thread 0x00000209683a2000 Exception <a 'java/lang/NoSuchMethodError'{0x00000000885e9620}: 'java.lang.Object java.lang.invoke.DirectMethodHandle$Holder.invokeSpecialIFC(java.lang.Object, java.lang.Object, java.lang.Object, java.lang.Object)'> (0x00000000885e9620) thrown at [./src/hotspot/share/interpreter/linkResolver.cpp, line 773]
Event: 3.829 Thread 0x00000209683a2000 Exception <a 'java/lang/NoSuchMethodError'{0x00000000884c4d30}: 'java.lang.Object java.lang.invoke.DirectMethodHandle$Holder.invokeSpecial(java.lang.Object, java.lang.Object, java.lang.Object, java.lang.Object, java.lang.Object, java.lang.Object, java.lang.Object, java.lang.Object, java.lang.Object, java.lang.Object, java.lang.Object, java.lang.Object, java.lang.Object)'> (0x00000000884c4d30) thrown at [./src/hotspot/share/interpreter/linkResolver.cpp, line 773]
Event: 3.832 Thread 0x00000209683a2000 Exception <a 'java/lang/NoSuchMethodError'{0x00000000884d5b90}: 'java.lang.Object java.lang.invoke.DirectMethodHandle$Holder.invokeSpecial(java.lang.Object, java.lang.Object, java.lang.Object, java.lang.Object, java.lang.Object, java.lang.Object, java.lang.Object, java.lang.Object, java.lang.Object, java.lang.Object, java.lang.Object, java.lang.Object)'> (0x00000000884d5b90) thrown at [./src/hotspot/share/interpreter/linkResolver.cpp, line 773]
Event: 3.833 Thread 0x00000209683a2000 Exception <a 'java/lang/NoSuchMethodError'{0x00000000884dacb8}: 'java.lang.Object java.lang.invoke.Invokers$Holder.linkToTargetMethod(java.lang.Object, java.lang.Object, java.lang.Object, java.lang.Object, java.lang.Object, java.lang.Object, java.lang.Object, java.lang.Object, java.lang.Object, java.lang.Object, java.lang.Object)'> (0x00000000884dacb8) thrown at [./src/hotspot/share/interpreter/linkResolver.cpp, line 773]
Event: 3.850 Thread 0x00000209683a2000 Exception <a 'java/lang/NoSuchMethodError'{0x0000000088265378}: 'java.lang.Object java.lang.invoke.DirectMethodHandle$Holder.invokeSpecial(java.lang.Object, java.lang.Object, java.lang.Object, java.lang.Object, java.lang.Object, java.lang.Object, java.lang.Object, java.lang.Object, java.lang.Object, java.lang.Object, java.lang.Object, java.lang.Object, java.lang.Object, java.lang.Object)'> (0x0000000088265378) thrown at [./src/hotspot/share/interpreter/linkResolver.cpp, line 773]
Event: 3.850 Thread 0x00000209683a2000 Exception <a 'java/lang/NoSuchMethodError'{0x00000000882769f0}: 'java.lang.Object java.lang.invoke.Invokers$Holder.linkToTargetMethod(java.lang.Object, java.lang.Object, java.lang.Object, java.lang.Object, java.lang.Object, java.lang.Object, java.lang.Object, java.lang.Object, java.lang.Object, java.lang.Object, java.lang.Object, java.lang.Object)'> (0x00000000882769f0) thrown at [./src/hotspot/share/interpreter/linkResolver.cpp, line 773]
Event: 3.857 Thread 0x00000209683a2000 Exception <a 'java/lang/NoSuchMethodError'{0x0000000088108bf8}: 'java.lang.Object java.lang.invoke.DirectMethodHandle$Holder.invokeStaticInit(java.lang.Object, java.lang.Object, java.lang.Object, java.lang.Object)'> (0x0000000088108bf8) thrown at [./src/hotspot/share/interpreter/linkResolver.cpp, line 773]
Event: 3.975 Thread 0x00000209683a2000 Implicit null exception at 0x0000020957136ff5 to 0x00000209571371bc
Event: 3.975 Thread 0x00000209683a2000 Implicit null exception at 0x0000020957102c2f to 0x0000020957102c9d
Event: 4.163 Thread 0x00000209683a2000 Exception <a 'java/lang/NoSuchMethodError'{0x00000000870623d0}: 'java.lang.Object java.lang.invoke.Invokers$Holder.linkToTargetMethod(java.lang.Object, java.lang.Object, java.lang.Object, java.lang.Object, java.lang.Object, java.lang.Object, java.lang.Object, java.lang.Object)'> (0x00000000870623d0) thrown at [./src/hotspot/share/interpreter/linkResolver.cpp, line 773]
Event: 4.167 Thread 0x00000209683a2000 Exception <a 'java/lang/NoSuchMethodError'{0x0000000087096fa8}: 'java.lang.Object java.lang.invoke.DirectMethodHandle$Holder.invokeVirtual(java.lang.Object, java.lang.Object, java.lang.Object)'> (0x0000000087096fa8) thrown at [./src/hotspot/share/interpreter/linkResolver.cpp, line 773]
Event: 4.186 Thread 0x00000209683a2000 Exception <a 'java/lang/NoSuchMethodError'{0x0000000086f6f240}: 'java.lang.Object java.lang.invoke.Invokers$Holder.linkToTargetMethod(java.lang.Object, java.lang.Object, java.lang.Object, java.lang.Object, java.lang.Object, java.lang.Object, java.lang.Object)'> (0x0000000086f6f240) thrown at [./src/hotspot/share/interpreter/linkResolver.cpp, line 773]
Event: 4.189 Thread 0x00000209683a2000 Exception <a 'java/lang/IncompatibleClassChangeError'{0x0000000086fb00a0}: Found class java.lang.Object, but interface was expected> (0x0000000086fb00a0) thrown at [./src/hotspot/share/interpreter/linkResolver.cpp, line 839]
Event: 4.236 Thread 0x00000209683a2000 Exception <a 'java/lang/NoSuchMethodError'{0x0000000086b57508}: 'int java.lang.invoke.DirectMethodHandle$Holder.invokeVirtual(java.lang.Object, java.lang.Object)'> (0x0000000086b57508) thrown at [./src/hotspot/share/interpreter/linkResolver.cpp, line 773]
Event: 4.414 Thread 0x00000209683a2000 Exception <a 'java/lang/NoSuchMethodError'{0x00000000860888c0}: 'int java.lang.invoke.DirectMethodHandle$Holder.invokeStatic(java.lang.Object, java.lang.Object, java.lang.Object, java.lang.Object, java.lang.Object)'> (0x00000000860888c0) thrown at [./src/hotspot/share/interpreter/linkResolver.cpp, line 773]
Event: 4.502 Thread 0x00000209683a2000 Exception <a 'java/lang/NoSuchMethodError'{0x0000000085e75e18}: 'void java.lang.invoke.DirectMethodHandle$Holder.invokeStaticInit(java.lang.Object, java.lang.Object, java.lang.Object, java.lang.Object)'> (0x0000000085e75e18) thrown at [./src/hotspot/share/interpreter/linkResolver.cpp, line 773]
Event: 4.640 Thread 0x00000209683a2000 Exception <a 'java/lang/NoSuchMethodError'{0x0000000085ab48b0}: 'void java.lang.invoke.DirectMethodHandle$Holder.invokeStaticInit(java.lang.Object, java.lang.Object, java.lang.Object)'> (0x0000000085ab48b0) thrown at [./src/hotspot/share/interpreter/linkResolver.cpp, line 773]
Event: 4.650 Thread 0x00000209683a2000 Exception <a 'java/lang/NoSuchMethodError'{0x0000000085ada0e0}: 'void java.lang.invoke.DirectMethodHandle$Holder.invokeStaticInit(java.lang.Object, java.lang.Object, java.lang.Object, java.lang.Object, java.lang.Object)'> (0x0000000085ada0e0) thrown at [./src/hotspot/share/interpreter/linkResolver.cpp, line 773]
Event: 4.740 Thread 0x00000209683a2000 Exception <a 'java/lang/NoSuchMethodError'{0x0000000085951468}: 'int java.lang.invoke.DirectMethodHandle$Holder.invokeStaticInit(java.lang.Object, java.lang.Object, java.lang.Object, java.lang.Object)'> (0x0000000085951468) thrown at [./src/hotspot/share/interpreter/linkResolver.cpp, line 773]

Events (20 events):
Event: 5.094 loading class org/codehaus/groovy/runtime/metaclass/ClosureMetaMethod$AnonymousMetaMethod
Event: 5.094 loading class org/codehaus/groovy/runtime/metaclass/ClosureMetaMethod$AnonymousMetaMethod done
Event: 5.095 loading class java/lang/reflect/AnnotatedType
Event: 5.096 loading class java/lang/reflect/AnnotatedType done
Event: 5.099 loading class org/codehaus/groovy/reflection/MixinInMetaClass
Event: 5.099 loading class org/codehaus/groovy/reflection/MixinInMetaClass done
Event: 5.100 loading class org/codehaus/groovy/util/ManagedConcurrentMap
Event: 5.100 loading class org/codehaus/groovy/util/ManagedConcurrentMap done
Event: 5.100 loading class org/codehaus/groovy/util/AbstractConcurrentMap
Event: 5.100 loading class org/codehaus/groovy/util/AbstractConcurrentMap done
Event: 5.101 loading class org/codehaus/groovy/util/AbstractConcurrentMapBase
Event: 5.101 loading class org/codehaus/groovy/util/AbstractConcurrentMapBase done
Event: 5.106 loading class groovy/lang/MetaClassImpl$1MOPIter
Event: 5.106 loading class groovy/lang/MetaClassImpl$1MOPIter done
Event: 5.107 loading class org/codehaus/groovy/reflection/CachedClass$CachedMethodComparatorWithString
Event: 5.107 loading class org/codehaus/groovy/reflection/CachedClass$CachedMethodComparatorWithString done
Event: 5.115 loading class java/beans/BeanInfo
Event: 5.116 loading class java/beans/BeanInfo done
Event: 5.116 loading class groovy/lang/MetaClassImpl
Event: 5.116 loading class groovy/lang/MetaClassImpl done


Dynamic libraries:
0x00007ff7b7050000 - 0x00007ff7b705a000 	C:\Program Files\Android\Android Studio\jre\bin\java.exe
0x00007ffad2b50000 - 0x00007ffad2d3d000 	C:\Windows\SYSTEM32\ntdll.dll
0x00007ffad2050000 - 0x00007ffad2103000 	C:\Windows\System32\KERNEL32.DLL
0x00007ffacf6d0000 - 0x00007ffacf965000 	C:\Windows\System32\KERNELBASE.dll
0x00007ffacf970000 - 0x00007ffacfa6a000 	C:\Windows\System32\ucrtbase.dll
0x00007ffabcdd0000 - 0x00007ffabcde7000 	C:\Program Files\Android\Android Studio\jre\bin\VCRUNTIME140.dll
0x00007ffabfe20000 - 0x00007ffabfe39000 	C:\Program Files\Android\Android Studio\jre\bin\jli.dll
0x00007ffad2750000 - 0x00007ffad28e7000 	C:\Windows\System32\USER32.dll
0x00007ffacec60000 - 0x00007ffacec80000 	C:\Windows\System32\win32u.dll
0x00007ffabb4b0000 - 0x00007ffabb729000 	C:\Windows\WinSxS\amd64_microsoft.windows.common-controls_6595b64144ccf1df_6.0.17763.1339_none_de7015e4534c7114\COMCTL32.dll
0x00007ffad23e0000 - 0x00007ffad2409000 	C:\Windows\System32\GDI32.dll
0x00007ffacfa70000 - 0x00007ffacfc0b000 	C:\Windows\System32\gdi32full.dll
0x00007ffacf630000 - 0x00007ffacf6d0000 	C:\Windows\System32\msvcp_win.dll
0x00007ffacffb0000 - 0x00007ffad004e000 	C:\Windows\System32\msvcrt.dll
0x00007ffad2410000 - 0x00007ffad273c000 	C:\Windows\System32\combase.dll
0x00007ffad21d0000 - 0x00007ffad22f2000 	C:\Windows\System32\RPCRT4.dll
0x00007ffacfcc0000 - 0x00007ffacfd3e000 	C:\Windows\System32\bcryptPrimitives.dll
0x00007ffad1850000 - 0x00007ffad187e000 	C:\Windows\System32\IMM32.DLL
0x00007ffa94ba0000 - 0x00007ffa94c3d000 	C:\Program Files\Android\Android Studio\jre\bin\msvcp140.dll
0x00007ffa91f50000 - 0x00007ffa92a25000 	C:\Program Files\Android\Android Studio\jre\bin\server\jvm.dll
0x00007ffad1b20000 - 0x00007ffad1bc3000 	C:\Windows\System32\ADVAPI32.dll
0x00007ffad2900000 - 0x00007ffad299e000 	C:\Windows\System32\sechost.dll
0x00007ffacfda0000 - 0x00007ffacfda8000 	C:\Windows\System32\PSAPI.DLL
0x00007ffacb810000 - 0x00007ffacb834000 	C:\Windows\SYSTEM32\WINMM.dll
0x00007ffac9e30000 - 0x00007ffac9e3a000 	C:\Windows\SYSTEM32\VERSION.dll
0x00007ffacb7e0000 - 0x00007ffacb80d000 	C:\Windows\SYSTEM32\WINMMBASE.dll
0x00007ffacec80000 - 0x00007ffacecca000 	C:\Windows\System32\cfgmgr32.dll
0x00007ffac3610000 - 0x00007ffac3619000 	C:\Windows\SYSTEM32\WSOCK32.dll
0x00007ffad01b0000 - 0x00007ffad021d000 	C:\Windows\System32\WS2_32.dll
0x00007ffaceb80000 - 0x00007ffaceb91000 	C:\Windows\System32\kernel.appcore.dll
0x00007ffabaeb0000 - 0x00007ffabaec1000 	C:\Program Files\Android\Android Studio\jre\bin\verify.dll
0x00007ffabe7f0000 - 0x00007ffabe9dd000 	C:\Windows\SYSTEM32\DBGHELP.DLL
0x00007ffac1fe0000 - 0x00007ffac200a000 	C:\Windows\SYSTEM32\dbgcore.DLL
0x00007ffab79c0000 - 0x00007ffab79e9000 	C:\Program Files\Android\Android Studio\jre\bin\java.dll
0x00007ffac3db0000 - 0x00007ffac3dbb000 	C:\Program Files\Android\Android Studio\jre\bin\jimage.dll
0x00007ffaba3c0000 - 0x00007ffaba3d8000 	C:\Program Files\Android\Android Studio\jre\bin\zip.dll
0x00007ffad0220000 - 0x00007ffad1718000 	C:\Windows\System32\SHELL32.dll
0x00007ffad1880000 - 0x00007ffad1929000 	C:\Windows\System32\shcore.dll
0x00007ffacecd0000 - 0x00007ffacf424000 	C:\Windows\System32\windows.storage.dll
0x00007ffacec00000 - 0x00007ffacec24000 	C:\Windows\System32\profapi.dll
0x00007ffaceba0000 - 0x00007ffacebfd000 	C:\Windows\System32\powrprof.dll
0x00007ffad2380000 - 0x00007ffad23d2000 	C:\Windows\System32\shlwapi.dll
0x00007ffacf610000 - 0x00007ffacf627000 	C:\Windows\System32\cryptsp.dll
0x00007ffab5b90000 - 0x00007ffab5baa000 	C:\Program Files\Android\Android Studio\jre\bin\net.dll
0x00007ffac5c60000 - 0x00007ffac5d52000 	C:\Windows\SYSTEM32\WINHTTP.dll
0x00007fface3c0000 - 0x00007fface427000 	C:\Windows\system32\mswsock.dll
0x00007ffab5920000 - 0x00007ffab5934000 	C:\Program Files\Android\Android Studio\jre\bin\nio.dll
0x00007ffa95280000 - 0x00007ffa952a7000 	C:\Users\world-PC\.gradle\native\e1d6ef7f7dcc3fd88c89a11ec53ec762bb8ba0a96d01ffa2cd45eb1d1d8dd5c5\windows-amd64\native-platform.dll
0x00007ffa8faf0000 - 0x00007ffa8fc34000 	C:\Users\world-PC\.gradle\native\5664cfc778a61ccfe75a443a1ab52a65af34e5dc3c78e0209fed803814484fcb\windows-amd64\native-platform-file-events.dll
0x00007ffaba4f0000 - 0x00007ffaba4fa000 	C:\Program Files\Android\Android Studio\jre\bin\management.dll
0x00007ffab9aa0000 - 0x00007ffab9aad000 	C:\Program Files\Android\Android Studio\jre\bin\management_ext.dll
0x00007ffacdf40000 - 0x00007ffacdf73000 	C:\Windows\system32\rsaenh.dll
0x00007ffacec30000 - 0x00007ffacec56000 	C:\Windows\System32\bcrypt.dll
0x00007ffacea90000 - 0x00007ffaceab8000 	C:\Windows\SYSTEM32\USERENV.dll
0x00007fface590000 - 0x00007fface59c000 	C:\Windows\SYSTEM32\CRYPTBASE.dll
0x00007fface0e0000 - 0x00007fface11d000 	C:\Windows\SYSTEM32\IPHLPAPI.DLL
0x00007ffad28f0000 - 0x00007ffad28f8000 	C:\Windows\System32\NSI.dll
0x00007ffac9200000 - 0x00007ffac9216000 	C:\Windows\SYSTEM32\dhcpcsvc6.DLL
0x00007ffac91c0000 - 0x00007ffac91dc000 	C:\Windows\SYSTEM32\dhcpcsvc.DLL
0x00007fface120000 - 0x00007fface1e7000 	C:\Windows\SYSTEM32\DNSAPI.dll

dbghelp: loaded successfully - version: 4.0.5 - missing functions: none
symbol engine: initialized successfully - sym options: 0x614 - pdb path: .;C:\Program Files\Android\Android Studio\jre\bin;C:\Windows\SYSTEM32;C:\Windows\WinSxS\amd64_microsoft.windows.common-controls_6595b64144ccf1df_6.0.17763.1339_none_de7015e4534c7114;C:\Program Files\Android\Android Studio\jre\bin\server;C:\Users\world-PC\.gradle\native\e1d6ef7f7dcc3fd88c89a11ec53ec762bb8ba0a96d01ffa2cd45eb1d1d8dd5c5\windows-amd64;C:\Users\world-PC\.gradle\native\5664cfc778a61ccfe75a443a1ab52a65af34e5dc3c78e0209fed803814484fcb\windows-amd64

VM Arguments:
jvm_args: --add-opens=java.base/java.util=ALL-UNNAMED --add-opens=java.base/java.lang=ALL-UNNAMED --add-opens=java.base/java.lang.invoke=ALL-UNNAMED --add-opens=java.base/java.util=ALL-UNNAMED --add-opens=java.prefs/java.util.prefs=ALL-UNNAMED --add-opens=java.prefs/java.util.prefs=ALL-UNNAMED --add-opens=java.base/java.nio.charset=ALL-UNNAMED --add-opens=java.base/java.net=ALL-UNNAMED --add-opens=java.base/java.util.concurrent.atomic=ALL-UNNAMED -Xmx2048m -Dfile.encoding=UTF-8 -Duser.country=RU -Duser.language=ru -Duser.variant 
java_command: org.gradle.launcher.daemon.bootstrap.GradleDaemon 7.2
java_class_path (initial): C:\Users\world-PC\.gradle\wrapper\dists\gradle-7.2-bin\2dnblmf4td7x66yl1d74lt32g\gradle-7.2\lib\gradle-launcher-7.2.jar
Launcher Type: SUN_STANDARD

[Global flags]
     intx CICompilerCount                          = 3                                         {product} {ergonomic}
     uint ConcGCThreads                            = 1                                         {product} {ergonomic}
     uint G1ConcRefinementThreads                  = 4                                         {product} {ergonomic}
   size_t G1HeapRegionSize                         = 1048576                                   {product} {ergonomic}
    uintx GCDrainStackTargetSize                   = 64                                        {product} {ergonomic}
   size_t InitialHeapSize                          = 134217728                                 {product} {ergonomic}
   size_t MarkStackSize                            = 4194304                                   {product} {ergonomic}
   size_t MaxHeapSize                              = 2147483648                                {product} {command line}
   size_t MaxNewSize                               = 1287651328                                {product} {ergonomic}
   size_t MinHeapDeltaBytes                        = 1048576                                   {product} {ergonomic}
    uintx NonNMethodCodeHeapSize                   = 5830732                                {pd product} {ergonomic}
    uintx NonProfiledCodeHeapSize                  = 122913754                              {pd product} {ergonomic}
    uintx ProfiledCodeHeapSize                     = 122913754                              {pd product} {ergonomic}
    uintx ReservedCodeCacheSize                    = 251658240                              {pd product} {ergonomic}
     bool SegmentedCodeCache                       = true                                      {product} {ergonomic}
     bool UseCompressedClassPointers               = true                                 {lp64_product} {ergonomic}
     bool UseCompressedOops                        = true                                 {lp64_product} {ergonomic}
     bool UseG1GC                                  = true                                      {product} {ergonomic}
     bool UseLargePagesIndividualAllocation        = false                                  {pd product} {ergonomic}

Logging:
Log output configuration:
 #0: stdout all=warning uptime,level,tags
 #1: stderr all=off uptime,level,tags

Environment Variables:
PATH=C:\Program Files (x86)\Common Files\Oracle\Java\javapath;C:\ProgramData\Oracle\Java\javapath;C:\Program Files (x86)\Intel\iCLS Client\;C:\Program Files\Intel\iCLS Client\;C:\Windows\system32;C:\Windows;C:\Windows\System32\Wbem;C:\Windows\System32\WindowsPowerShell\v1.0\;C:\Program Files (x86)\Intel\Intel(R) Management Engine Components\DAL;C:\Program Files\Intel\Intel(R) Management Engine Components\DAL;C:\Program Files (x86)\Intel\Intel(R) Management Engine Components\IPT;C:\Program Files\Intel\Intel(R) Management Engine Components\IPT;C:\Program Files\nodejs\;C:\Program Files\7-Zip;C:\Program Files (x86)\NVIDIA Corporation\PhysX\Common;C:\Program Files\Git\cmd;C:\Users\world-PC\AppData\Local\Microsoft\WindowsApps;;C:\Users\world-PC\AppData\Local\Programs\Microsoft VS Code\bin;C:\Users\world-PC\AppData\Roaming\npm
USERNAME=world-PC
OS=Windows_NT
PROCESSOR_IDENTIFIER=Intel64 Family 6 Model 60 Stepping 3, GenuineIntel



---------------  S Y S T E M  ---------------

OS: Windows 10 , 64 bit Build 17763 (10.0.17763.1339)
OS uptime: 0 days 9:29 hours

CPU:total 4 (initial active 4) (2 cores per cpu, 2 threads per core) family 6 model 60 stepping 3 microcode 0x24, cmov, cx8, fxsr, mmx, sse, sse2, sse3, ssse3, sse4.1, sse4.2, popcnt, avx, avx2, aes, clmul, erms, lzcnt, ht, tsc, tscinvbit, bmi1, bmi2, fma

Memory: 4k page, system-wide physical 8129M (413M free)
TotalPageFile size 10177M (AvailPageFile size 5M)
current process WorkingSet (physical memory assigned to process): 263M, peak: 263M
current process commit charge ("private bytes"): 341M, peak: 343M

vm_info: OpenJDK 64-Bit Server VM (11.0.11+9-b60-7590822) for windows-amd64 JRE (11.0.11+9-b60-7590822), built on Jul 29 2021 21:43:44 by "builder" with MS VC++ 14.0 (VS2015)

END.
