#
# There is insufficient memory for the Java Runtime Environment to continue.
# Native memory allocation (mmap) failed to map 38797312 bytes for Failed to commit area from 0x000000008b900000 to 0x000000008de00000 of length 38797312.
# Possible reasons:
#   The system is out of physical RAM or swap space
#   The process is running with CompressedOops enabled, and the Java Heap may be blocking the growth of the native heap
# Possible solutions:
#   Reduce memory load on the system
#   Increase physical memory or swap space
#   Check if swap backing store is full
#   Decrease Java heap size (-Xmx/-Xms)
#   Decrease number of Java threads
#   Decrease Java thread stack sizes (-Xss)
#   Set larger code cache with -XX:ReservedCodeCacheSize=
#   JVM is running with Unscaled Compressed Oops mode in which the Java heap is
#     placed in the first 4GB address space. The Java Heap base address is the
#     maximum limit for the native heap growth. Please use -XX:HeapBaseMinAddress
#     to set the Java Heap base and to place the Java Heap above 4GB virtual address.
# This output file may be truncated or incomplete.
#
#  Out of Memory Error (./src/hotspot/os/windows/os_windows.cpp:3301), pid=5544, tid=2580
#
# JRE version: OpenJDK Runtime Environment (11.0.11+9) (build 11.0.11+9-b60-7590822)
# Java VM: OpenJDK 64-Bit Server VM (11.0.11+9-b60-7590822, mixed mode, tiered, compressed oops, g1 gc, windows-amd64)
# No core dump will be written. Minidumps are not enabled by default on client versions of Windows
#

---------------  S U M M A R Y ------------

Command Line: --add-opens=java.base/java.util=ALL-UNNAMED --add-opens=java.base/java.lang=ALL-UNNAMED --add-opens=java.base/java.lang.invoke=ALL-UNNAMED --add-opens=java.base/java.util=ALL-UNNAMED --add-opens=java.prefs/java.util.prefs=ALL-UNNAMED --add-opens=java.prefs/java.util.prefs=ALL-UNNAMED --add-opens=java.base/java.nio.charset=ALL-UNNAMED --add-opens=java.base/java.net=ALL-UNNAMED --add-opens=java.base/java.util.concurrent.atomic=ALL-UNNAMED -Xmx2048m -Dfile.encoding=UTF-8 -Duser.country=RU -Duser.language=ru -Duser.variant org.gradle.launcher.daemon.bootstrap.GradleDaemon 7.2

Host: Intel(R) Core(TM) i3-4330 CPU @ 3.50GHz, 4 cores, 7G,  Windows 10 , 64 bit Build 17763 (10.0.17763.1339)
Time: Thu Feb 10 20:11:54 2022 Aaiaeaaao (ceia) elapsed time: 3558.528108 seconds (0d 0h 59m 18s)

---------------  T H R E A D  ---------------

Current thread (0x00000246ac630000):  VMThread "VM Thread" [stack: 0x000000827b100000,0x000000827b200000] [id=2580]

Stack: [0x000000827b100000,0x000000827b200000]
[error occurred during error reporting (printing stack bounds), id 0xc0000005, EXCEPTION_ACCESS_VIOLATION (0xc0000005) at pc=0x0000024696540f2d]

Native frames: (J=compiled Java code, j=interpreted, Vv=VM code, C=native code)
V  [jvm.dll+0x5f214a]
V  [jvm.dll+0x726fb5]
V  [jvm.dll+0x7285cd]
V  [jvm.dll+0x728be5]
V  [jvm.dll+0x728b9b]
V  [jvm.dll+0x5f14e8]
V  [jvm.dll+0x5f1c78]
C  [ntdll.dll+0xa479f]
C  [ntdll.dll+0x4bef]
C  [ntdll.dll+0xa350e]
C  0x0000024696540f2d

VM_Operation (0x0000008203cf9740): G1CollectForAllocation, mode: safepoint, requested by thread 0x00000246b29da800


---------------  P R O C E S S  ---------------

Threads class SMR info:
_java_thread_list=0x00000246b46b4210, length=92, elements={
0x0000024692a4d800, 0x00000246ac634800, 0x00000246ac636000, 0x00000246ac654000,
0x00000246ac655800, 0x00000246ac657000, 0x00000246ac65a000, 0x00000246ac65d800,
0x00000246ad018800, 0x00000246ad10c000, 0x00000246aff0e800, 0x00000246af517000,
0x00000246aeb33000, 0x00000246b0766800, 0x00000246b0765000, 0x00000246b0767800,
0x00000246b0764000, 0x00000246b0769000, 0x00000246b0763800, 0x00000246b076a000,
0x00000246afc7a800, 0x00000246afc7c000, 0x00000246afc7d000, 0x00000246afc79800,
0x00000246b08ba800, 0x00000246b08bb000, 0x00000246b68fe000, 0x00000246b68fd000,
0x00000246b68fa800, 0x00000246b68f7000, 0x00000246b68f8000, 0x00000246b68f9800,
0x00000246b68fc000, 0x00000246b68fe800, 0x00000246b68f9000, 0x00000246b0d43000,
0x00000246b68ff800, 0x00000246b6900000, 0x00000246b68fb800, 0x00000246b6901000,
0x00000246b6902000, 0x00000246b6904800, 0x00000246b6902800, 0x00000246b6905000,
0x00000246b6906000, 0x00000246b6903800, 0x00000246b08b3000, 0x00000246b08b4000,
0x00000246b08af000, 0x00000246b08b2000, 0x00000246b08ae000, 0x00000246b08b4800,
0x00000246b08b5800, 0x00000246b08b0800, 0x00000246b08b1800, 0x00000246b08b0000,
0x00000246b08b9800, 0x00000246b08b6800, 0x00000246b08bd000, 0x00000246b08b7000,
0x00000246afc7e000, 0x00000246afc7b800, 0x00000246afc85000, 0x00000246afc82800,
0x00000246afc83800, 0x00000246afc84800, 0x00000246afc7f800, 0x00000246afc86000,
0x00000246afc80800, 0x00000246afc87000, 0x00000246afc81000, 0x00000246afc87800,
0x00000246afc88800, 0x00000246b0766000, 0x00000246b0768800, 0x00000246b29d6800,
0x00000246b29d4800, 0x00000246b29d5800, 0x00000246b29d2800, 0x00000246b29d4000,
0x00000246b29d7000, 0x00000246b29d3000, 0x00000246b29dd800, 0x00000246b29d9800,
0x00000246b29da800, 0x00000246b29db000, 0x00000246b29dc000, 0x00000246b29dd000,
0x00000246b29de800, 0x00000246b29d9000, 0x00000246b29e0000, 0x00000246b29df800
}

Java Threads: ( => current thread )
  0x0000024692a4d800 JavaThread "main" [_thread_blocked, id=1468, stack(0x000000827ab00000,0x000000827ac00000)]
  0x00000246ac634800 JavaThread "Reference Handler" daemon [_thread_blocked, id=5568, stack(0x000000827b200000,0x000000827b300000)]
  0x00000246ac636000 JavaThread "Finalizer" daemon [_thread_blocked, id=5240, stack(0x000000827b300000,0x000000827b400000)]
  0x00000246ac654000 JavaThread "Signal Dispatcher" daemon [_thread_blocked, id=5220, stack(0x000000827b400000,0x000000827b500000)]
  0x00000246ac655800 JavaThread "Attach Listener" daemon [_thread_blocked, id=3888, stack(0x000000827b500000,0x000000827b600000)]
  0x00000246ac657000 JavaThread "Service Thread" daemon [_thread_blocked, id=5576, stack(0x000000827b600000,0x000000827b700000)]
  0x00000246ac65a000 JavaThread "C2 CompilerThread0" daemon [_thread_in_native, id=2884, stack(0x000000827b700000,0x000000827b800000)]
  0x00000246ac65d800 JavaThread "C1 CompilerThread0" daemon [_thread_blocked, id=6356, stack(0x000000827b800000,0x000000827b900000)]
  0x00000246ad018800 JavaThread "Sweeper thread" daemon [_thread_blocked, id=5468, stack(0x000000827b900000,0x000000827ba00000)]
  0x00000246ad10c000 JavaThread "Common-Cleaner" daemon [_thread_blocked, id=5520, stack(0x000000827ba00000,0x000000827bb00000)]
  0x00000246aff0e800 JavaThread "Daemon health stats" [_thread_blocked, id=2416, stack(0x000000827bf00000,0x000000827c000000)]
  0x00000246af517000 JavaThread "Incoming local TCP Connector on port 54086" [_thread_in_native, id=3624, stack(0x000000827c000000,0x000000827c100000)]
  0x00000246aeb33000 JavaThread "Daemon periodic checks" [_thread_blocked, id=3196, stack(0x000000827c100000,0x000000827c200000)]
  0x00000246b0766800 JavaThread "Cache worker for journal cache (C:\Users\world-PC\.gradle\caches\journal-1)" [_thread_blocked, id=5296, stack(0x000000827ca00000,0x000000827cb00000)]
  0x00000246b0765000 JavaThread "File lock request listener" [_thread_in_native, id=6828, stack(0x000000827cb00000,0x000000827cc00000)]
  0x00000246b0767800 JavaThread "Cache worker for file hash cache (C:\Users\world-PC\.gradle\caches\7.2\fileHashes)" [_thread_blocked, id=2672, stack(0x000000827cc00000,0x000000827cd00000)]
  0x00000246b0764000 JavaThread "File watcher server" daemon [_thread_blocked, id=6360, stack(0x000000827ce00000,0x000000827cf00000)]
  0x00000246b0769000 JavaThread "File watcher consumer" daemon [_thread_blocked, id=4500, stack(0x000000827cf00000,0x000000827d000000)]
  0x00000246b0763800 JavaThread "jar transforms" [_thread_blocked, id=4636, stack(0x000000827d000000,0x000000827d100000)]
  0x00000246b076a000 JavaThread "jar transforms Thread 2" [_thread_blocked, id=2608, stack(0x000000827d100000,0x000000827d200000)]
  0x00000246afc7a800 JavaThread "jar transforms Thread 3" [_thread_blocked, id=2012, stack(0x000000827d200000,0x000000827d300000)]
  0x00000246afc7c000 JavaThread "jar transforms Thread 4" [_thread_blocked, id=5964, stack(0x000000827d300000,0x000000827d400000)]
  0x00000246afc7d000 JavaThread "Cache worker for execution history cache (C:\Users\world-PC\.gradle\caches\7.2\executionHistory)" [_thread_blocked, id=5744, stack(0x000000827d700000,0x000000827d800000)]
  0x00000246afc79800 JavaThread "Cache worker for file content cache (C:\Users\world-PC\.gradle\caches\7.2\fileContent)" [_thread_blocked, id=5848, stack(0x000000827d800000,0x000000827d900000)]
  0x00000246b08ba800 JavaThread "Memory manager" [_thread_blocked, id=4936, stack(0x0000008200600000,0x0000008200700000)]
  0x00000246b08bb000 JavaThread "pool-3-thread-1" [_thread_blocked, id=6216, stack(0x0000008200700000,0x0000008200800000)]
  0x00000246b68fe000 JavaThread "pool-6-thread-1" [_thread_blocked, id=1368, stack(0x0000008203700000,0x0000008203800000)]
  0x00000246b68fd000 JavaThread "Daemon Thread 3" [_thread_blocked, id=5392, stack(0x0000008200000000,0x0000008200100000)]
  0x00000246b68fa800 JavaThread "Handler for socket connection from /127.0.0.1:54086 to /127.0.0.1:54634" [_thread_in_native, id=6700, stack(0x0000008200100000,0x0000008200200000)]
  0x00000246b68f7000 JavaThread "Cancel handler" [_thread_blocked, id=6044, stack(0x0000008200200000,0x0000008200300000)]
  0x00000246b68f8000 JavaThread "Daemon worker Thread 3" [_thread_blocked, id=1680, stack(0x0000008200300000,0x0000008200400000)]
  0x00000246b68f9800 JavaThread "Asynchronous log dispatcher for DefaultDaemonConnection: socket connection from /127.0.0.1:54086 to /127.0.0.1:54634" [_thread_blocked, id=5436, stack(0x0000008200400000,0x0000008200500000)]
  0x00000246b68fc000 JavaThread "Stdin handler" [_thread_blocked, id=2448, stack(0x0000008200500000,0x0000008200600000)]
  0x00000246b68fe800 JavaThread "Daemon client event forwarder" [_thread_blocked, id=6064, stack(0x0000008200800000,0x0000008200900000)]
  0x00000246b68f9000 JavaThread "Cache worker for file hash cache (C:\Users\world-PC\AndroidStudioProjects\ProjectMVP\.gradle\7.2\fileHashes)" [_thread_blocked, id=7164, stack(0x0000008200900000,0x0000008200a00000)]
  0x00000246b0d43000 JavaThread "C2 CompilerThread1" daemon [_thread_blocked, id=5448, stack(0x0000008200a00000,0x0000008200b00000)]
  0x00000246b68ff800 JavaThread "Cache worker for checksums cache (C:\Users\world-PC\AndroidStudioProjects\ProjectMVP\.gradle\checksums)" [_thread_blocked, id=1472, stack(0x0000008200b00000,0x0000008200c00000)]
  0x00000246b6900000 JavaThread "Cache worker for cache directory md-supplier (C:\Users\world-PC\.gradle\caches\7.2\md-supplier)" [_thread_blocked, id=7132, stack(0x0000008200c00000,0x0000008200d00000)]
  0x00000246b68fb800 JavaThread "Cache worker for cache directory md-rule (C:\Users\world-PC\.gradle\caches\7.2\md-rule)" [_thread_blocked, id=1808, stack(0x0000008200d00000,0x0000008200e00000)]
  0x00000246b6901000 JavaThread "Cache worker for dependencies-accessors (C:\Users\world-PC\AndroidStudioProjects\ProjectMVP\.gradle\7.2\dependencies-accessors)" [_thread_blocked, id=6928, stack(0x0000008200e00000,0x0000008200f00000)]
  0x00000246b6902000 JavaThread "Cache worker for Build Output Cleanup Cache (C:\Users\world-PC\AndroidStudioProjects\ProjectMVP\.gradle\buildOutputCleanup)" [_thread_blocked, id=1020, stack(0x0000008200f00000,0x0000008201000000)]
  0x00000246b6904800 JavaThread "Unconstrained build operations" [_thread_blocked, id=6600, stack(0x0000008201000000,0x0000008201100000)]
  0x00000246b6902800 JavaThread "Unconstrained build operations Thread 2" [_thread_blocked, id=3068, stack(0x0000008201100000,0x0000008201200000)]
  0x00000246b6905000 JavaThread "Unconstrained build operations Thread 3" [_thread_blocked, id=4764, stack(0x0000008201200000,0x0000008201300000)]
  0x00000246b6906000 JavaThread "Unconstrained build operations Thread 4" [_thread_blocked, id=6804, stack(0x0000008201300000,0x0000008201400000)]
  0x00000246b6903800 JavaThread "Unconstrained build operations Thread 5" [_thread_blocked, id=5260, stack(0x0000008201400000,0x0000008201500000)]
  0x00000246b08b3000 JavaThread "Unconstrained build operations Thread 6" [_thread_blocked, id=6544, stack(0x0000008201500000,0x0000008201600000)]
  0x00000246b08b4000 JavaThread "Unconstrained build operations Thread 7" [_thread_blocked, id=4036, stack(0x0000008201600000,0x0000008201700000)]
  0x00000246b08af000 JavaThread "Unconstrained build operations Thread 8" [_thread_blocked, id=3588, stack(0x0000008201700000,0x0000008201800000)]
  0x00000246b08b2000 JavaThread "Unconstrained build operations Thread 9" [_thread_blocked, id=6112, stack(0x0000008201800000,0x0000008201900000)]
  0x00000246b08ae000 JavaThread "Unconstrained build operations Thread 10" [_thread_blocked, id=2924, stack(0x0000008201900000,0x0000008201a00000)]
  0x00000246b08b4800 JavaThread "Unconstrained build operations Thread 11" [_thread_blocked, id=2520, stack(0x0000008201a00000,0x0000008201b00000)]
  0x00000246b08b5800 JavaThread "Unconstrained build operations Thread 12" [_thread_blocked, id=6512, stack(0x0000008201b00000,0x0000008201c00000)]
  0x00000246b08b0800 JavaThread "Unconstrained build operations Thread 13" [_thread_blocked, id=3856, stack(0x0000008201c00000,0x0000008201d00000)]
  0x00000246b08b1800 JavaThread "Unconstrained build operations Thread 14" [_thread_blocked, id=1748, stack(0x0000008201d00000,0x0000008201e00000)]
  0x00000246b08b0000 JavaThread "Unconstrained build operations Thread 15" [_thread_blocked, id=216, stack(0x0000008201e00000,0x0000008201f00000)]
  0x00000246b08b9800 JavaThread "Unconstrained build operations Thread 16" [_thread_blocked, id=4536, stack(0x0000008201f00000,0x0000008202000000)]
  0x00000246b08b6800 JavaThread "Unconstrained build operations Thread 17" [_thread_blocked, id=6340, stack(0x0000008202000000,0x0000008202100000)]
  0x00000246b08bd000 JavaThread "Unconstrained build operations Thread 18" [_thread_blocked, id=6840, stack(0x0000008202100000,0x0000008202200000)]
  0x00000246b08b7000 JavaThread "Unconstrained build operations Thread 19" [_thread_blocked, id=5420, stack(0x0000008202200000,0x0000008202300000)]
  0x00000246afc7e000 JavaThread "Unconstrained build operations Thread 20" [_thread_blocked, id=652, stack(0x0000008202300000,0x0000008202400000)]
  0x00000246afc7b800 JavaThread "Unconstrained build operations Thread 21" [_thread_blocked, id=4836, stack(0x0000008202400000,0x0000008202500000)]
  0x00000246afc85000 JavaThread "Unconstrained build operations Thread 22" [_thread_blocked, id=1344, stack(0x0000008202500000,0x0000008202600000)]
  0x00000246afc82800 JavaThread "Unconstrained build operations Thread 23" [_thread_blocked, id=5408, stack(0x0000008202600000,0x0000008202700000)]
  0x00000246afc83800 JavaThread "Unconstrained build operations Thread 24" [_thread_blocked, id=6148, stack(0x0000008202700000,0x0000008202800000)]
  0x00000246afc84800 JavaThread "Unconstrained build operations Thread 25" [_thread_blocked, id=5648, stack(0x0000008202800000,0x0000008202900000)]
  0x00000246afc7f800 JavaThread "Unconstrained build operations Thread 26" [_thread_blocked, id=1156, stack(0x0000008202900000,0x0000008202a00000)]
  0x00000246afc86000 JavaThread "Unconstrained build operations Thread 27" [_thread_blocked, id=5560, stack(0x0000008202a00000,0x0000008202b00000)]
  0x00000246afc80800 JavaThread "Unconstrained build operations Thread 28" [_thread_blocked, id=1896, stack(0x0000008202b00000,0x0000008202c00000)]
  0x00000246afc87000 JavaThread "Unconstrained build operations Thread 29" [_thread_blocked, id=636, stack(0x0000008202c00000,0x0000008202d00000)]
  0x00000246afc81000 JavaThread "Unconstrained build operations Thread 30" [_thread_blocked, id=1720, stack(0x0000008202d00000,0x0000008202e00000)]
  0x00000246afc87800 JavaThread "Unconstrained build operations Thread 31" [_thread_blocked, id=5352, stack(0x0000008202e00000,0x0000008202f00000)]
  0x00000246afc88800 JavaThread "Unconstrained build operations Thread 32" [_thread_blocked, id=1736, stack(0x0000008202f00000,0x0000008203000000)]
  0x00000246b0766000 JavaThread "Unconstrained build operations Thread 33" [_thread_blocked, id=6516, stack(0x0000008203000000,0x0000008203100000)]
  0x00000246b0768800 JavaThread "Unconstrained build operations Thread 34" [_thread_blocked, id=5992, stack(0x0000008203100000,0x0000008203200000)]
  0x00000246b29d6800 JavaThread "Unconstrained build operations Thread 35" [_thread_blocked, id=6124, stack(0x0000008203200000,0x0000008203300000)]
  0x00000246b29d4800 JavaThread "Unconstrained build operations Thread 36" [_thread_blocked, id=3276, stack(0x0000008203300000,0x0000008203400000)]
  0x00000246b29d5800 JavaThread "Unconstrained build operations Thread 37" [_thread_blocked, id=1040, stack(0x0000008203400000,0x0000008203500000)]
  0x00000246b29d2800 JavaThread "Unconstrained build operations Thread 38" [_thread_blocked, id=1740, stack(0x0000008203500000,0x0000008203600000)]
  0x00000246b29d4000 JavaThread "Unconstrained build operations Thread 39" [_thread_blocked, id=1352, stack(0x0000008203600000,0x0000008203700000)]
  0x00000246b29d7000 JavaThread "Unconstrained build operations Thread 40" [_thread_blocked, id=6596, stack(0x0000008203800000,0x0000008203900000)]
  0x00000246b29d3000 JavaThread "build event listener" [_thread_blocked, id=1556, stack(0x0000008203900000,0x0000008203a00000)]
  0x00000246b29dd800 JavaThread "pool-9-thread-1" [_thread_blocked, id=2056, stack(0x0000008203a00000,0x0000008203b00000)]
  0x00000246b29d9800 JavaThread "build event listener" [_thread_blocked, id=6088, stack(0x0000008203b00000,0x0000008203c00000)]
  0x00000246b29da800 JavaThread "Execution worker for ':'" [_thread_blocked, id=1164, stack(0x0000008203c00000,0x0000008203d00000)]
  0x00000246b29db000 JavaThread "Execution worker for ':' Thread 2" [_thread_blocked, id=2200, stack(0x0000008203d00000,0x0000008203e00000)]
  0x00000246b29dc000 JavaThread "Execution worker for ':' Thread 3" [_thread_blocked, id=6916, stack(0x0000008203e00000,0x0000008203f00000)]
  0x00000246b29dd000 JavaThread "Cache worker for execution history cache (C:\Users\world-PC\AndroidStudioProjects\ProjectMVP\.gradle\7.2\executionHistory)" [_thread_blocked, id=2120, stack(0x0000008203f00000,0x0000008204000000)]
  0x00000246b29de800 JavaThread "WorkerExecutor Queue" [_thread_blocked, id=1524, stack(0x0000008204000000,0x0000008204100000)]
  0x00000246b29d9000 JavaThread "WorkerExecutor Queue Thread 2" [_thread_blocked, id=5708, stack(0x0000008204100000,0x0000008204200000)]
  0x00000246b29e0000 JavaThread "WorkerExecutor Queue Thread 3" [_thread_blocked, id=972, stack(0x0000008204200000,0x0000008204300000)]
  0x00000246b29df800 JavaThread "WorkerExecutor Queue Thread 4" [_thread_blocked, id=5212, stack(0x0000008204300000,0x0000008204400000)]

Other Threads:
=>0x00000246ac630000 VMThread "VM Thread" [stack: 0x000000827b100000,0x000000827b200000] [id=2580]
  0x00000246ad119800 WatcherThread [stack: 0x000000827bb00000,0x000000827bc00000] [id=3556]
  0x0000024692a67000 GCTaskThread "GC Thread#0" [stack: 0x000000827ac00000,0x000000827ad00000] [id=4908]
  0x00000246ad75e000 GCTaskThread "GC Thread#1" [stack: 0x000000827bc00000,0x000000827bd00000] [id=6032]
  0x00000246adb39000 GCTaskThread "GC Thread#2" [stack: 0x000000827bd00000,0x000000827be00000] [id=1520]
  0x00000246af470000 GCTaskThread "GC Thread#3" [stack: 0x000000827c900000,0x000000827ca00000] [id=5508]
  0x0000024692a98000 ConcurrentGCThread "G1 Main Marker" [stack: 0x000000827ad00000,0x000000827ae00000] [id=1660]
  0x0000024692a9a800 ConcurrentGCThread "G1 Conc#0" [stack: 0x000000827ae00000,0x000000827af00000] [id=2712]
  0x00000246ac482800 ConcurrentGCThread "G1 Refine#0" [stack: 0x000000827af00000,0x000000827b000000] [id=4040]
  0x00000246ac483000 ConcurrentGCThread "G1 Young RemSet Sampling" [stack: 0x000000827b000000,0x000000827b100000] [id=4404]

Threads with active compile tasks:
C2 CompilerThread03558544 19766       4       com.android.utils.XmlUtils::append (647 bytes)
C1 CompilerThread03558544 19810       2       java.io.ObjectStreamClass$FieldReflector::setObjFieldValues (259 bytes)
C2 CompilerThread13558544 19828       4       org.gradle.internal.snapshot.impl.DefaultValueSnapshotter::processValue (675 bytes)

VM state:at safepoint (normal execution)

VM Mutex/Monitor currently owned by a thread:  ([mutex/lock_event])
[0x0000024692a4b4c0] Threads_lock - owner thread: 0x00000246ac630000
[0x0000024692a4afb0] Heap_lock - owner thread: 0x00000246b29da800

Heap address: 0x0000000080000000, size: 2048 MB, Compressed Oops mode: 32-bit
Narrow klass base: 0x0000000000000000, Narrow klass shift: 3
Compressed class space size: 1073741824 Address: 0x0000000100000000

Heap:
 garbage-first heap   total 227328K, used 152877K [0x0000000080000000, 0x0000000100000000)
  region size 1024K, 2 young (2048K), 2 survivors (2048K)
 Metaspace       used 124948K, capacity 127819K, committed 128220K, reserved 1161216K
  class space    used 15241K, capacity 16384K, committed 16524K, reserved 1048576K
Heap Regions: E=young(eden), S=young(survivor), O=old, HS=humongous(starts), HC=humongous(continues), CS=collection set, F=free, A=archive, TAMS=top-at-mark-start (previous, next)
|   0|0x0000000080000000, 0x0000000080100000, 0x0000000080100000|100%| O|  |TAMS 0x0000000080100000, 0x0000000080000000| Updating 
|   1|0x0000000080100000, 0x0000000080200000, 0x0000000080200000|100%| O|  |TAMS 0x0000000080200000, 0x0000000080100000| Updating 
|   2|0x0000000080200000, 0x0000000080300000, 0x0000000080300000|100%| O|  |TAMS 0x0000000080300000, 0x0000000080200000| Updating 
|   3|0x0000000080300000, 0x0000000080400000, 0x0000000080400000|100%|HS|  |TAMS 0x0000000080400000, 0x0000000080300000| Complete 
|   4|0x0000000080400000, 0x0000000080500000, 0x0000000080500000|100%|HC|  |TAMS 0x0000000080500000, 0x0000000080400000| Complete 
|   5|0x0000000080500000, 0x0000000080600000, 0x0000000080600000|100%|HC|  |TAMS 0x0000000080600000, 0x0000000080500000| Complete 
|   6|0x0000000080600000, 0x0000000080700000, 0x0000000080700000|100%| O|  |TAMS 0x0000000080700000, 0x0000000080600000| Updating 
|   7|0x0000000080700000, 0x0000000080800000, 0x0000000080800000|100%| O|  |TAMS 0x0000000080800000, 0x0000000080700000| Updating 
|   8|0x0000000080800000, 0x0000000080900000, 0x0000000080900000|100%| O|  |TAMS 0x0000000080900000, 0x0000000080800000| Updating 
|   9|0x0000000080900000, 0x0000000080a00000, 0x0000000080a00000|100%| O|  |TAMS 0x0000000080a00000, 0x0000000080900000| Updating 
|  10|0x0000000080a00000, 0x0000000080b00000, 0x0000000080b00000|100%| O|  |TAMS 0x0000000080b00000, 0x0000000080a00000| Updating 
|  11|0x0000000080b00000, 0x0000000080c00000, 0x0000000080c00000|100%| O|  |TAMS 0x0000000080c00000, 0x0000000080b00000| Updating 
|  12|0x0000000080c00000, 0x0000000080d00000, 0x0000000080d00000|100%| O|  |TAMS 0x0000000080d00000, 0x0000000080c00000| Updating 
|  13|0x0000000080d00000, 0x0000000080e00000, 0x0000000080e00000|100%| O|  |TAMS 0x0000000080e00000, 0x0000000080d00000| Updating 
|  14|0x0000000080e00000, 0x0000000080f00000, 0x0000000080f00000|100%| O|  |TAMS 0x0000000080f00000, 0x0000000080e00000| Updating 
|  15|0x0000000080f00000, 0x0000000081000000, 0x0000000081000000|100%| O|  |TAMS 0x0000000081000000, 0x0000000080f00000| Updating 
|  16|0x0000000081000000, 0x0000000081100000, 0x0000000081100000|100%|HS|  |TAMS 0x0000000081100000, 0x0000000081000000| Complete 
|  17|0x0000000081100000, 0x0000000081200000, 0x0000000081200000|100%|HC|  |TAMS 0x0000000081200000, 0x0000000081100000| Complete 
|  18|0x0000000081200000, 0x0000000081300000, 0x0000000081300000|100%|HS|  |TAMS 0x0000000081300000, 0x0000000081200000| Complete 
|  19|0x0000000081300000, 0x0000000081400000, 0x0000000081400000|100%|HC|  |TAMS 0x0000000081400000, 0x0000000081300000| Complete 
|  20|0x0000000081400000, 0x0000000081500000, 0x0000000081500000|100%|HC|  |TAMS 0x0000000081500000, 0x0000000081400000| Complete 
|  21|0x0000000081500000, 0x0000000081600000, 0x0000000081600000|100%|HS|  |TAMS 0x0000000081600000, 0x0000000081500000| Complete 
|  22|0x0000000081600000, 0x0000000081700000, 0x0000000081700000|100%|HC|  |TAMS 0x0000000081700000, 0x0000000081600000| Complete 
|  23|0x0000000081700000, 0x0000000081800000, 0x0000000081800000|100%|HC|  |TAMS 0x0000000081800000, 0x0000000081700000| Complete 
|  24|0x0000000081800000, 0x0000000081900000, 0x0000000081900000|100%|HC|  |TAMS 0x0000000081900000, 0x0000000081800000| Complete 
|  25|0x0000000081900000, 0x0000000081a00000, 0x0000000081a00000|100%| O|  |TAMS 0x0000000081a00000, 0x0000000081900000| Updating 
|  26|0x0000000081a00000, 0x0000000081b00000, 0x0000000081b00000|100%| O|  |TAMS 0x0000000081b00000, 0x0000000081a00000| Updating 
|  27|0x0000000081b00000, 0x0000000081c00000, 0x0000000081c00000|100%| O|  |TAMS 0x0000000081c00000, 0x0000000081b00000| Updating 
|  28|0x0000000081c00000, 0x0000000081d00000, 0x0000000081d00000|100%| O|  |TAMS 0x0000000081d00000, 0x0000000081c00000| Updating 
|  29|0x0000000081d00000, 0x0000000081e00000, 0x0000000081e00000|100%| O|  |TAMS 0x0000000081e00000, 0x0000000081d00000| Updating 
|  30|0x0000000081e00000, 0x0000000081f00000, 0x0000000081f00000|100%| O|  |TAMS 0x0000000081f00000, 0x0000000081e00000| Updating 
|  31|0x0000000081f00000, 0x0000000082000000, 0x0000000082000000|100%| O|  |TAMS 0x0000000082000000, 0x0000000081f00000| Updating 
|  32|0x0000000082000000, 0x0000000082100000, 0x0000000082100000|100%| O|  |TAMS 0x0000000082100000, 0x0000000082000000| Updating 
|  33|0x0000000082100000, 0x0000000082200000, 0x0000000082200000|100%| O|  |TAMS 0x0000000082200000, 0x0000000082100000| Updating 
|  34|0x0000000082200000, 0x0000000082300000, 0x0000000082300000|100%| O|  |TAMS 0x0000000082300000, 0x0000000082200000| Updating 
|  35|0x0000000082300000, 0x0000000082400000, 0x0000000082400000|100%| O|  |TAMS 0x0000000082400000, 0x0000000082300000| Updating 
|  36|0x0000000082400000, 0x0000000082500000, 0x0000000082500000|100%| O|  |TAMS 0x0000000082500000, 0x0000000082400000| Updating 
|  37|0x0000000082500000, 0x0000000082600000, 0x0000000082600000|100%| O|  |TAMS 0x0000000082600000, 0x0000000082500000| Updating 
|  38|0x0000000082600000, 0x0000000082700000, 0x0000000082700000|100%| O|  |TAMS 0x0000000082700000, 0x0000000082600000| Updating 
|  39|0x0000000082700000, 0x0000000082800000, 0x0000000082800000|100%|HS|  |TAMS 0x0000000082800000, 0x0000000082700000| Complete 
|  40|0x0000000082800000, 0x0000000082900000, 0x0000000082900000|100%|HC|  |TAMS 0x0000000082900000, 0x0000000082800000| Complete 
|  41|0x0000000082900000, 0x0000000082a00000, 0x0000000082a00000|100%|HC|  |TAMS 0x0000000082a00000, 0x0000000082900000| Complete 
|  42|0x0000000082a00000, 0x0000000082b00000, 0x0000000082b00000|100%| O|  |TAMS 0x0000000082b00000, 0x0000000082a00000| Updating 
|  43|0x0000000082b00000, 0x0000000082c00000, 0x0000000082c00000|100%|HS|  |TAMS 0x0000000082c00000, 0x0000000082b00000| Complete 
|  44|0x0000000082c00000, 0x0000000082d00000, 0x0000000082d00000|100%|HC|  |TAMS 0x0000000082d00000, 0x0000000082c00000| Complete 
|  45|0x0000000082d00000, 0x0000000082e00000, 0x0000000082e00000|100%|HC|  |TAMS 0x0000000082e00000, 0x0000000082d00000| Complete 
|  46|0x0000000082e00000, 0x0000000082f00000, 0x0000000082f00000|100%|HC|  |TAMS 0x0000000082f00000, 0x0000000082e00000| Complete 
|  47|0x0000000082f00000, 0x0000000083000000, 0x0000000083000000|100%| O|  |TAMS 0x0000000083000000, 0x0000000082f00000| Updating 
|  48|0x0000000083000000, 0x0000000083100000, 0x0000000083100000|100%| O|  |TAMS 0x0000000083100000, 0x0000000083000000| Updating 
|  49|0x0000000083100000, 0x0000000083200000, 0x0000000083200000|100%| O|  |TAMS 0x0000000083200000, 0x0000000083100000| Updating 
|  50|0x0000000083200000, 0x0000000083300000, 0x0000000083300000|100%| O|  |TAMS 0x0000000083300000, 0x0000000083200000| Updating 
|  51|0x0000000083300000, 0x0000000083400000, 0x0000000083400000|100%| O|  |TAMS 0x0000000083400000, 0x0000000083300000| Updating 
|  52|0x0000000083400000, 0x0000000083500000, 0x0000000083500000|100%| O|  |TAMS 0x0000000083500000, 0x0000000083400000| Updating 
|  53|0x0000000083500000, 0x0000000083500000, 0x0000000083600000|  0%| F|  |TAMS 0x0000000083500000, 0x0000000083500000| Untracked 
|  54|0x0000000083600000, 0x0000000083700000, 0x0000000083700000|100%| O|  |TAMS 0x0000000083700000, 0x0000000083600000| Updating 
|  55|0x0000000083700000, 0x0000000083800000, 0x0000000083800000|100%| O|  |TAMS 0x0000000083800000, 0x0000000083700000| Updating 
|  56|0x0000000083800000, 0x0000000083900000, 0x0000000083900000|100%| O|  |TAMS 0x0000000083900000, 0x0000000083800000| Updating 
|  57|0x0000000083900000, 0x0000000083a00000, 0x0000000083a00000|100%| O|  |TAMS 0x000000008399a400, 0x0000000083900000| Updating 
|  58|0x0000000083a00000, 0x0000000083b00000, 0x0000000083b00000|100%| O|  |TAMS 0x0000000083b00000, 0x0000000083a00000| Updating 
|  59|0x0000000083b00000, 0x0000000083c00000, 0x0000000083c00000|100%| O|  |TAMS 0x0000000083c00000, 0x0000000083b00000| Updating 
|  60|0x0000000083c00000, 0x0000000083d00000, 0x0000000083d00000|100%| O|  |TAMS 0x0000000083d00000, 0x0000000083c00000| Updating 
|  61|0x0000000083d00000, 0x0000000083e00000, 0x0000000083e00000|100%| O|  |TAMS 0x0000000083e00000, 0x0000000083d00000| Updating 
|  62|0x0000000083e00000, 0x0000000083f00000, 0x0000000083f00000|100%|HS|  |TAMS 0x0000000083f00000, 0x0000000083e00000| Complete 
|  63|0x0000000083f00000, 0x0000000084000000, 0x0000000084000000|100%|HS|  |TAMS 0x0000000084000000, 0x0000000083f00000| Complete 
|  64|0x0000000084000000, 0x0000000084100000, 0x0000000084100000|100%|HS|  |TAMS 0x0000000084100000, 0x0000000084000000| Complete 
|  65|0x0000000084100000, 0x0000000084200000, 0x0000000084200000|100%|HS|  |TAMS 0x0000000084200000, 0x0000000084100000| Complete 
|  66|0x0000000084200000, 0x0000000084300000, 0x0000000084300000|100%|HC|  |TAMS 0x0000000084300000, 0x0000000084200000| Complete 
|  67|0x0000000084300000, 0x0000000084400000, 0x0000000084400000|100%| O|  |TAMS 0x0000000084400000, 0x0000000084300000| Updating 
|  68|0x0000000084400000, 0x0000000084500000, 0x0000000084500000|100%| O|  |TAMS 0x0000000084500000, 0x0000000084400000| Updating 
|  69|0x0000000084500000, 0x0000000084600000, 0x0000000084600000|100%| O|  |TAMS 0x0000000084600000, 0x0000000084500000| Updating 
|  70|0x0000000084600000, 0x0000000084700000, 0x0000000084700000|100%| O|  |TAMS 0x0000000084700000, 0x0000000084600000| Updating 
|  71|0x0000000084700000, 0x0000000084800000, 0x0000000084800000|100%| O|  |TAMS 0x0000000084800000, 0x0000000084700000| Updating 
|  72|0x0000000084800000, 0x0000000084900000, 0x0000000084900000|100%| O|  |TAMS 0x0000000084900000, 0x0000000084800000| Updating 
|  73|0x0000000084900000, 0x0000000084a00000, 0x0000000084a00000|100%| O|  |TAMS 0x0000000084a00000, 0x0000000084900000| Updating 
|  74|0x0000000084a00000, 0x0000000084b00000, 0x0000000084b00000|100%| O|  |TAMS 0x0000000084b00000, 0x0000000084a00000| Updating 
|  75|0x0000000084b00000, 0x0000000084c00000, 0x0000000084c00000|100%| O|  |TAMS 0x0000000084c00000, 0x0000000084b00000| Updating 
|  76|0x0000000084c00000, 0x0000000084d00000, 0x0000000084d00000|100%| O|  |TAMS 0x0000000084d00000, 0x0000000084c00000| Updating 
|  77|0x0000000084d00000, 0x0000000084e00000, 0x0000000084e00000|100%| O|  |TAMS 0x0000000084e00000, 0x0000000084d00000| Updating 
|  78|0x0000000084e00000, 0x0000000084f00000, 0x0000000084f00000|100%| O|  |TAMS 0x0000000084f00000, 0x0000000084e00000| Updating 
|  79|0x0000000084f00000, 0x0000000085000000, 0x0000000085000000|100%| O|  |TAMS 0x0000000085000000, 0x0000000084f00000| Updating 
|  80|0x0000000085000000, 0x0000000085100000, 0x0000000085100000|100%| O|  |TAMS 0x0000000085100000, 0x0000000085000000| Updating 
|  81|0x0000000085100000, 0x0000000085200000, 0x0000000085200000|100%|HS|  |TAMS 0x0000000085200000, 0x0000000085100000| Complete 
|  82|0x0000000085200000, 0x0000000085300000, 0x0000000085300000|100%|HC|  |TAMS 0x0000000085300000, 0x0000000085200000| Complete 
|  83|0x0000000085300000, 0x0000000085400000, 0x0000000085400000|100%| O|  |TAMS 0x0000000085400000, 0x0000000085300000| Updating 
|  84|0x0000000085400000, 0x0000000085500000, 0x0000000085500000|100%| O|  |TAMS 0x0000000085500000, 0x0000000085400000| Updating 
|  85|0x0000000085500000, 0x0000000085600000, 0x0000000085600000|100%| O|  |TAMS 0x0000000085600000, 0x0000000085500000| Updating 
|  86|0x0000000085600000, 0x0000000085700000, 0x0000000085700000|100%| O|  |TAMS 0x0000000085700000, 0x0000000085600000| Updating 
|  87|0x0000000085700000, 0x0000000085800000, 0x0000000085800000|100%| O|  |TAMS 0x0000000085800000, 0x0000000085700000| Updating 
|  88|0x0000000085800000, 0x0000000085900000, 0x0000000085900000|100%|HS|  |TAMS 0x0000000085900000, 0x0000000085800000| Complete 
|  89|0x0000000085900000, 0x0000000085a00000, 0x0000000085a00000|100%|HC|  |TAMS 0x0000000085a00000, 0x0000000085900000| Complete 
|  90|0x0000000085a00000, 0x0000000085b00000, 0x0000000085b00000|100%|HC|  |TAMS 0x0000000085b00000, 0x0000000085a00000| Complete 
|  91|0x0000000085b00000, 0x0000000085c00000, 0x0000000085c00000|100%|HS|  |TAMS 0x0000000085c00000, 0x0000000085b00000| Complete 
|  92|0x0000000085c00000, 0x0000000085d00000, 0x0000000085d00000|100%|HC|  |TAMS 0x0000000085d00000, 0x0000000085c00000| Complete 
|  93|0x0000000085d00000, 0x0000000085e00000, 0x0000000085e00000|100%|HC|  |TAMS 0x0000000085e00000, 0x0000000085d00000| Complete 
|  94|0x0000000085e00000, 0x0000000085f00000, 0x0000000085f00000|100%|HC|  |TAMS 0x0000000085f00000, 0x0000000085e00000| Complete 
|  95|0x0000000085f00000, 0x0000000086000000, 0x0000000086000000|100%| O|  |TAMS 0x0000000086000000, 0x0000000085f00000| Updating 
|  96|0x0000000086000000, 0x0000000086100000, 0x0000000086100000|100%| O|  |TAMS 0x0000000086100000, 0x0000000086000000| Updating 
|  97|0x0000000086100000, 0x0000000086200000, 0x0000000086200000|100%| O|  |TAMS 0x0000000086200000, 0x0000000086100000| Updating 
|  98|0x0000000086200000, 0x0000000086300000, 0x0000000086300000|100%| O|  |TAMS 0x0000000086300000, 0x0000000086200000| Updating 
|  99|0x0000000086300000, 0x0000000086400000, 0x0000000086400000|100%| O|  |TAMS 0x0000000086400000, 0x0000000086300000| Updating 
| 100|0x0000000086400000, 0x0000000086500000, 0x0000000086500000|100%| O|  |TAMS 0x0000000086500000, 0x0000000086400000| Updating 
| 101|0x0000000086500000, 0x0000000086600000, 0x0000000086600000|100%| O|  |TAMS 0x0000000086600000, 0x0000000086500000| Updating 
| 102|0x0000000086600000, 0x0000000086700000, 0x0000000086700000|100%| O|  |TAMS 0x0000000086700000, 0x0000000086600000| Updating 
| 103|0x0000000086700000, 0x0000000086800000, 0x0000000086800000|100%| O|  |TAMS 0x0000000086800000, 0x0000000086700000| Updating 
| 104|0x0000000086800000, 0x0000000086900000, 0x0000000086900000|100%| O|  |TAMS 0x0000000086900000, 0x0000000086800000| Updating 
| 105|0x0000000086900000, 0x0000000086a00000, 0x0000000086a00000|100%| O|  |TAMS 0x0000000086a00000, 0x0000000086900000| Updating 
| 106|0x0000000086a00000, 0x0000000086b00000, 0x0000000086b00000|100%| O|  |TAMS 0x0000000086b00000, 0x0000000086a00000| Updating 
| 107|0x0000000086b00000, 0x0000000086c00000, 0x0000000086c00000|100%| O|  |TAMS 0x0000000086c00000, 0x0000000086b00000| Updating 
| 108|0x0000000086c00000, 0x0000000086d00000, 0x0000000086d00000|100%| O|  |TAMS 0x0000000086d00000, 0x0000000086c00000| Updating 
| 109|0x0000000086d00000, 0x0000000086e00000, 0x0000000086e00000|100%| O|  |TAMS 0x0000000086e00000, 0x0000000086d00000| Updating 
| 110|0x0000000086e00000, 0x0000000086f00000, 0x0000000086f00000|100%| O|  |TAMS 0x0000000086f00000, 0x0000000086e00000| Updating 
| 111|0x0000000086f00000, 0x0000000087000000, 0x0000000087000000|100%|HS|  |TAMS 0x0000000087000000, 0x0000000086f00000| Complete 
| 112|0x0000000087000000, 0x0000000087100000, 0x0000000087100000|100%| O|  |TAMS 0x0000000087100000, 0x0000000087000000| Updating 
| 113|0x0000000087100000, 0x0000000087200000, 0x0000000087200000|100%| O|  |TAMS 0x0000000087200000, 0x0000000087100000| Updating 
| 114|0x0000000087200000, 0x0000000087300000, 0x0000000087300000|100%| O|  |TAMS 0x0000000087300000, 0x0000000087200000| Updating 
| 115|0x0000000087300000, 0x0000000087400000, 0x0000000087400000|100%| O|  |TAMS 0x0000000087400000, 0x0000000087300000| Updating 
| 116|0x0000000087400000, 0x0000000087500000, 0x0000000087500000|100%| O|  |TAMS 0x0000000087500000, 0x0000000087400000| Updating 
| 117|0x0000000087500000, 0x0000000087600000, 0x0000000087600000|100%| O|  |TAMS 0x0000000087600000, 0x0000000087500000| Updating 
| 118|0x0000000087600000, 0x0000000087700000, 0x0000000087700000|100%| O|  |TAMS 0x0000000087700000, 0x0000000087600000| Updating 
| 119|0x0000000087700000, 0x0000000087800000, 0x0000000087800000|100%| O|  |TAMS 0x0000000087800000, 0x0000000087700000| Updating 
| 120|0x0000000087800000, 0x0000000087900000, 0x0000000087900000|100%| O|  |TAMS 0x0000000087900000, 0x0000000087800000| Updating 
| 121|0x0000000087900000, 0x0000000087a00000, 0x0000000087a00000|100%| O|  |TAMS 0x0000000087a00000, 0x0000000087900000| Updating 
| 122|0x0000000087a00000, 0x0000000087b00000, 0x0000000087b00000|100%| O|  |TAMS 0x0000000087b00000, 0x0000000087a00000| Updating 
| 123|0x0000000087b00000, 0x0000000087c00000, 0x0000000087c00000|100%| O|  |TAMS 0x0000000087c00000, 0x0000000087b00000| Updating 
| 124|0x0000000087c00000, 0x0000000087d00000, 0x0000000087d00000|100%| O|  |TAMS 0x0000000087d00000, 0x0000000087c00000| Updating 
| 125|0x0000000087d00000, 0x0000000087e00000, 0x0000000087e00000|100%| O|  |TAMS 0x0000000087e00000, 0x0000000087d00000| Updating 
| 126|0x0000000087e00000, 0x0000000087f00000, 0x0000000087f00000|100%| O|  |TAMS 0x0000000087f00000, 0x0000000087e00000| Updating 
| 127|0x0000000087f00000, 0x0000000088000000, 0x0000000088000000|100%| O|  |TAMS 0x0000000088000000, 0x0000000087f00000| Updating 
| 128|0x0000000088000000, 0x0000000088100000, 0x0000000088100000|100%| O|  |TAMS 0x0000000088100000, 0x0000000088000000| Updating 
| 129|0x0000000088100000, 0x0000000088200000, 0x0000000088200000|100%| O|  |TAMS 0x0000000088200000, 0x0000000088100000| Updating 
| 130|0x0000000088200000, 0x0000000088300000, 0x0000000088300000|100%| O|  |TAMS 0x0000000088300000, 0x0000000088200000| Updating 
| 131|0x0000000088300000, 0x0000000088400000, 0x0000000088400000|100%| O|  |TAMS 0x0000000088400000, 0x0000000088300000| Updating 
| 132|0x0000000088400000, 0x0000000088500000, 0x0000000088500000|100%| O|  |TAMS 0x0000000088500000, 0x0000000088400000| Updating 
| 133|0x0000000088500000, 0x0000000088600000, 0x0000000088600000|100%| O|  |TAMS 0x0000000088600000, 0x0000000088500000| Updating 
| 134|0x0000000088600000, 0x0000000088700000, 0x0000000088700000|100%| O|  |TAMS 0x0000000088700000, 0x0000000088600000| Updating 
| 135|0x0000000088700000, 0x0000000088800000, 0x0000000088800000|100%| O|  |TAMS 0x0000000088800000, 0x0000000088700000| Updating 
| 136|0x0000000088800000, 0x0000000088900000, 0x0000000088900000|100%| O|  |TAMS 0x0000000088900000, 0x0000000088800000| Updating 
| 137|0x0000000088900000, 0x0000000088a00000, 0x0000000088a00000|100%| O|  |TAMS 0x0000000088a00000, 0x0000000088900000| Updating 
| 138|0x0000000088a00000, 0x0000000088b00000, 0x0000000088b00000|100%| O|  |TAMS 0x0000000088b00000, 0x0000000088a00000| Updating 
| 139|0x0000000088b00000, 0x0000000088c00000, 0x0000000088c00000|100%| O|  |TAMS 0x0000000088c00000, 0x0000000088b00000| Updating 
| 140|0x0000000088c00000, 0x0000000088d00000, 0x0000000088d00000|100%| O|  |TAMS 0x0000000088d00000, 0x0000000088c00000| Updating 
| 141|0x0000000088d00000, 0x0000000088e00000, 0x0000000088e00000|100%| O|  |TAMS 0x0000000088e00000, 0x0000000088d00000| Updating 
| 142|0x0000000088e00000, 0x0000000088f00000, 0x0000000088f00000|100%| O|  |TAMS 0x0000000088f00000, 0x0000000088e00000| Updating 
| 143|0x0000000088f00000, 0x0000000089000000, 0x0000000089000000|100%| O|  |TAMS 0x0000000089000000, 0x0000000088f00000| Updating 
| 144|0x0000000089000000, 0x0000000089100000, 0x0000000089100000|100%| O|  |TAMS 0x0000000089100000, 0x0000000089000000| Updating 
| 145|0x0000000089100000, 0x0000000089200000, 0x0000000089200000|100%| O|  |TAMS 0x0000000089200000, 0x0000000089100000| Updating 
| 146|0x0000000089200000, 0x0000000089200000, 0x0000000089300000|  0%| F|  |TAMS 0x0000000089200000, 0x0000000089200000| Untracked 
| 147|0x0000000089300000, 0x0000000089300000, 0x0000000089400000|  0%| F|  |TAMS 0x0000000089300000, 0x0000000089300000| Untracked 
| 148|0x0000000089400000, 0x0000000089400000, 0x0000000089500000|  0%| F|  |TAMS 0x0000000089400000, 0x0000000089400000| Untracked 
| 149|0x0000000089500000, 0x0000000089500000, 0x0000000089600000|  0%| F|  |TAMS 0x0000000089500000, 0x0000000089500000| Untracked 
| 150|0x0000000089600000, 0x0000000089600000, 0x0000000089700000|  0%| F|  |TAMS 0x0000000089600000, 0x0000000089600000| Untracked 
| 151|0x0000000089700000, 0x0000000089700000, 0x0000000089800000|  0%| F|  |TAMS 0x0000000089700000, 0x0000000089700000| Untracked 
| 152|0x0000000089800000, 0x0000000089800000, 0x0000000089900000|  0%| F|  |TAMS 0x0000000089800000, 0x0000000089800000| Untracked 
| 153|0x0000000089900000, 0x0000000089900000, 0x0000000089a00000|  0%| F|  |TAMS 0x0000000089900000, 0x0000000089900000| Untracked 
| 154|0x0000000089a00000, 0x0000000089a00000, 0x0000000089b00000|  0%| F|  |TAMS 0x0000000089a00000, 0x0000000089a00000| Untracked 
| 155|0x0000000089b00000, 0x0000000089b00000, 0x0000000089c00000|  0%| F|  |TAMS 0x0000000089b00000, 0x0000000089b00000| Untracked 
| 156|0x0000000089c00000, 0x0000000089c00000, 0x0000000089d00000|  0%| F|  |TAMS 0x0000000089c00000, 0x0000000089c00000| Untracked 
| 157|0x0000000089d00000, 0x0000000089d00000, 0x0000000089e00000|  0%| F|  |TAMS 0x0000000089d00000, 0x0000000089d00000| Untracked 
| 158|0x0000000089e00000, 0x0000000089e00000, 0x0000000089f00000|  0%| F|  |TAMS 0x0000000089e00000, 0x0000000089e00000| Untracked 
| 159|0x0000000089f00000, 0x0000000089f00000, 0x000000008a000000|  0%| F|  |TAMS 0x0000000089f00000, 0x0000000089f00000| Untracked 
| 160|0x000000008a000000, 0x000000008a100000, 0x000000008a100000|100%| O|  |TAMS 0x000000008a000000, 0x000000008a000000| Untracked 
| 161|0x000000008a100000, 0x000000008a200000, 0x000000008a200000|100%| O|  |TAMS 0x000000008a100000, 0x000000008a100000| Untracked 
| 162|0x000000008a200000, 0x000000008a2ba600, 0x000000008a300000| 72%| O|  |TAMS 0x000000008a200000, 0x000000008a200000| Untracked 
| 163|0x000000008a300000, 0x000000008a300000, 0x000000008a400000|  0%| F|  |TAMS 0x000000008a300000, 0x000000008a300000| Untracked 
| 164|0x000000008a400000, 0x000000008a400000, 0x000000008a500000|  0%| F|  |TAMS 0x000000008a400000, 0x000000008a400000| Untracked 
| 165|0x000000008a500000, 0x000000008a500000, 0x000000008a600000|  0%| F|  |TAMS 0x000000008a500000, 0x000000008a500000| Untracked 
| 166|0x000000008a600000, 0x000000008a600000, 0x000000008a700000|  0%| F|  |TAMS 0x000000008a600000, 0x000000008a600000| Untracked 
| 167|0x000000008a700000, 0x000000008a700000, 0x000000008a800000|  0%| F|  |TAMS 0x000000008a700000, 0x000000008a700000| Untracked 
| 168|0x000000008a800000, 0x000000008a800000, 0x000000008a900000|  0%| F|  |TAMS 0x000000008a800000, 0x000000008a800000| Untracked 
| 169|0x000000008a900000, 0x000000008a900000, 0x000000008aa00000|  0%| F|  |TAMS 0x000000008a900000, 0x000000008a900000| Untracked 
| 170|0x000000008aa00000, 0x000000008aa00000, 0x000000008ab00000|  0%| F|  |TAMS 0x000000008aa00000, 0x000000008aa00000| Untracked 
| 171|0x000000008ab00000, 0x000000008ab00000, 0x000000008ac00000|  0%| F|  |TAMS 0x000000008ab00000, 0x000000008ab00000| Untracked 
| 172|0x000000008ac00000, 0x000000008ac90f90, 0x000000008ad00000| 56%| S|CS|TAMS 0x000000008ac00000, 0x000000008ac00000| Complete 
| 173|0x000000008ad00000, 0x000000008ae00000, 0x000000008ae00000|100%| S|CS|TAMS 0x000000008ad00000, 0x000000008ad00000| Complete 
| 174|0x000000008ae00000, 0x000000008ae00000, 0x000000008af00000|  0%| F|  |TAMS 0x000000008ae00000, 0x000000008ae00000| Untracked 
| 175|0x000000008af00000, 0x000000008af00000, 0x000000008b000000|  0%| F|  |TAMS 0x000000008af00000, 0x000000008af00000| Untracked 
| 176|0x000000008b000000, 0x000000008b000000, 0x000000008b100000|  0%| F|  |TAMS 0x000000008b000000, 0x000000008b000000| Untracked 
| 177|0x000000008b100000, 0x000000008b100000, 0x000000008b200000|  0%| F|  |TAMS 0x000000008b100000, 0x000000008b100000| Untracked 
| 178|0x000000008b200000, 0x000000008b200000, 0x000000008b300000|  0%| F|  |TAMS 0x000000008b200000, 0x000000008b200000| Untracked 
| 179|0x000000008b300000, 0x000000008b300000, 0x000000008b400000|  0%| F|  |TAMS 0x000000008b300000, 0x000000008b300000| Untracked 
| 180|0x000000008b400000, 0x000000008b400000, 0x000000008b500000|  0%| F|  |TAMS 0x000000008b400000, 0x000000008b400000| Untracked 
| 181|0x000000008b500000, 0x000000008b500000, 0x000000008b600000|  0%| F|  |TAMS 0x000000008b500000, 0x000000008b500000| Untracked 
| 182|0x000000008b600000, 0x000000008b600000, 0x000000008b700000|  0%| F|  |TAMS 0x000000008b600000, 0x000000008b600000| Untracked 
| 183|0x000000008b700000, 0x000000008b700000, 0x000000008b800000|  0%| F|  |TAMS 0x000000008b700000, 0x000000008b700000| Untracked 
| 184|0x000000008b800000, 0x000000008b800000, 0x000000008b900000|  0%| F|  |TAMS 0x000000008b800000, 0x000000008b800000| Untracked 

Card table byte_map: [0x00000246a5940000,0x00000246a5d40000] _byte_map_base: 0x00000246a5540000

Marking Bits (Prev, Next): (CMBitMap*) 0x0000024692a8f680, (CMBitMap*) 0x0000024692a8f648
 Prev Bits: [0x00000246a8140000, 0x00000246aa140000)
 Next Bits: [0x00000246a6140000, 0x00000246a8140000)

Polling page: 0x0000024690a40000

Metaspace:

Usage:
  Non-class:    108.82 MB capacity,   107.14 MB ( 98%) used,     1.35 MB (  1%) free+waste,   348.38 KB ( <1%) overhead. 
      Class:     16.00 MB capacity,    14.88 MB ( 93%) used,   989.99 KB (  6%) free+waste,   152.63 KB ( <1%) overhead. 
       Both:    124.82 MB capacity,   122.02 MB ( 98%) used,     2.31 MB (  2%) free+waste,   501.00 KB ( <1%) overhead. 

Virtual space:
  Non-class space:      110.00 MB reserved,     109.08 MB (>99%) committed 
      Class space:        1.00 GB reserved,      16.14 MB (  2%) committed 
             Both:        1.11 GB reserved,     125.21 MB ( 11%) committed 

Chunk freelists:
   Non-Class:  261.00 KB
       Class:  96.00 KB
        Both:  357.00 KB

MaxMetaspaceSize: 17179869184.00 GB
CompressedClassSpaceSize: 1.00 GB

CodeHeap 'non-profiled nmethods': size=120064Kb used=12463Kb max_used=13037Kb free=107600Kb
 bounds [0x000002469e000000, 0x000002469ecc0000, 0x00000246a5540000]
CodeHeap 'profiled nmethods': size=120000Kb used=40744Kb max_used=43080Kb free=79255Kb
 bounds [0x0000024696ad0000, 0x00000246994f0000, 0x000002469e000000]
CodeHeap 'non-nmethods': size=5696Kb used=2362Kb max_used=2418Kb free=3333Kb
 bounds [0x0000024696540000, 0x00000246967b0000, 0x0000024696ad0000]
 total_blobs=19102 nmethods=18118 adapters=894
 compilation: enabled
              stopped_count=0, restarted_count=0
 full_count=0

Compilation events (20 events):
Event: 3558.424 Thread 0x00000246ac65d800 nmethod 19803 0x0000024696b32c90 code [0x0000024696b32e60, 0x0000024696b330f8]
Event: 3558.424 Thread 0x00000246ac65d800 19804   !   3       java.io.ObjectInputStream$BlockDataInputStream::readBlockHeader (249 bytes)
Event: 3558.426 Thread 0x00000246ac65d800 nmethod 19804 0x0000024696c1cd90 code [0x0000024696c1d1e0, 0x0000024696c1ef48]
Event: 3558.426 Thread 0x00000246ac65d800 19805       3       java.io.ObjectStreamClass::checkDeserialize (20 bytes)
Event: 3558.427 Thread 0x00000246ac65d800 nmethod 19805 0x0000024696b32490 code [0x0000024696b32680, 0x0000024696b32a98]
Event: 3558.427 Thread 0x00000246ac65d800 19806       3       java.io.ObjectStreamClass::isInstantiable (17 bytes)
Event: 3558.427 Thread 0x00000246ac65d800 nmethod 19806 0x0000024696b44e90 code [0x0000024696b45060, 0x0000024696b45328]
Event: 3558.427 Thread 0x00000246ac65d800 19807   !   3       java.io.ObjectStreamClass::newInstance (157 bytes)
Event: 3558.429 Thread 0x00000246ac65d800 nmethod 19807 0x0000024696c19b90 code [0x0000024696c19fa0, 0x0000024696c1bb78]
Event: 3558.429 Thread 0x00000246b0d43000 nmethod 19782 0x000002469e171c90 code [0x000002469e172020, 0x000002469e1749e0]
Event: 3558.429 Thread 0x00000246b0d43000 19788       4       java.lang.ref.SoftReference::get (29 bytes)
Event: 3558.430 Thread 0x00000246b0d43000 nmethod 19788 0x000002469e006390 code [0x000002469e006520, 0x000002469e0065f8]
Event: 3558.430 Thread 0x00000246b0d43000 19792       4       java.io.ObjectStreamClass$FieldReflector::getPrimFieldValues (317 bytes)
Event: 3558.435 Thread 0x00000246b0d43000 nmethod 19792 0x000002469e034b90 code [0x000002469e034d40, 0x000002469e035088]
Event: 3558.435 Thread 0x00000246b0d43000 19794   !   4       java.io.ObjectOutputStream::defaultWriteFields (284 bytes)
Event: 3558.441 Thread 0x00000246ac65d800 19808       3       java.io.ObjectStreamClass::hasReadResolveMethod (17 bytes)
Event: 3558.441 Thread 0x00000246ac65d800 nmethod 19808 0x0000024696b56810 code [0x0000024696b569e0, 0x0000024696b56ca8]
Event: 3558.505 Thread 0x00000246b0d43000 nmethod 19794 0x000002469e16e890 code [0x000002469e16eb00, 0x000002469e1709e8]
Event: 3558.505 Thread 0x00000246b0d43000 19828       4       org.gradle.internal.snapshot.impl.DefaultValueSnapshotter::processValue (675 bytes)
Event: 3558.514 Thread 0x00000246ac65d800 19810       2       java.io.ObjectStreamClass$FieldReflector::setObjFieldValues (259 bytes)

GC Heap History (20 events):
Event: 3555.268 GC heap after
{Heap after GC invocations=74 (full 0):
 garbage-first heap   total 189440K, used 143777K [0x0000000080000000, 0x0000000100000000)
  region size 1024K, 1 young (1024K), 1 survivors (1024K)
 Metaspace       used 121232K, capacity 123986K, committed 124764K, reserved 1159168K
  class space    used 14808K, capacity 15900K, committed 16140K, reserved 1048576K
}
Event: 3555.635 GC heap before
{Heap before GC invocations=74 (full 0):
 garbage-first heap   total 189440K, used 160161K [0x0000000080000000, 0x0000000100000000)
  region size 1024K, 17 young (17408K), 1 survivors (1024K)
 Metaspace       used 122126K, capacity 124865K, committed 125660K, reserved 1159168K
  class space    used 14900K, capacity 15999K, committed 16268K, reserved 1048576K
}
Event: 3555.642 GC heap after
{Heap after GC invocations=75 (full 0):
 garbage-first heap   total 189440K, used 144007K [0x0000000080000000, 0x0000000100000000)
  region size 1024K, 2 young (2048K), 2 survivors (2048K)
 Metaspace       used 122126K, capacity 124865K, committed 125660K, reserved 1159168K
  class space    used 14900K, capacity 15999K, committed 16268K, reserved 1048576K
}
Event: 3556.467 GC heap before
{Heap before GC invocations=76 (full 0):
 garbage-first heap   total 189440K, used 167559K [0x0000000080000000, 0x0000000100000000)
  region size 1024K, 18 young (18432K), 2 survivors (2048K)
 Metaspace       used 122454K, capacity 125229K, committed 125916K, reserved 1159168K
  class space    used 14926K, capacity 16017K, committed 16268K, reserved 1048576K
}
Event: 3556.482 GC heap after
{Heap after GC invocations=77 (full 0):
 garbage-first heap   total 189440K, used 145521K [0x0000000080000000, 0x0000000100000000)
  region size 1024K, 3 young (3072K), 3 survivors (3072K)
 Metaspace       used 122454K, capacity 125229K, committed 125916K, reserved 1159168K
  class space    used 14926K, capacity 16017K, committed 16268K, reserved 1048576K
}
Event: 3556.633 GC heap before
{Heap before GC invocations=77 (full 0):
 garbage-first heap   total 189440K, used 151665K [0x0000000080000000, 0x0000000100000000)
  region size 1024K, 9 young (9216K), 3 survivors (3072K)
 Metaspace       used 122460K, capacity 125229K, committed 125916K, reserved 1159168K
  class space    used 14926K, capacity 16017K, committed 16268K, reserved 1048576K
}
Event: 3556.651 GC heap after
{Heap after GC invocations=78 (full 0):
 garbage-first heap   total 189440K, used 145458K [0x0000000080000000, 0x0000000100000000)
  region size 1024K, 1 young (1024K), 1 survivors (1024K)
 Metaspace       used 122460K, capacity 125229K, committed 125916K, reserved 1159168K
  class space    used 14926K, capacity 16017K, committed 16268K, reserved 1048576K
}
Event: 3556.960 GC heap before
{Heap before GC invocations=78 (full 0):
 garbage-first heap   total 189440K, used 160818K [0x0000000080000000, 0x0000000100000000)
  region size 1024K, 16 young (16384K), 1 survivors (1024K)
 Metaspace       used 124223K, capacity 127039K, committed 127708K, reserved 1161216K
  class space    used 15179K, capacity 16305K, committed 16524K, reserved 1048576K
}
Event: 3556.969 GC heap after
{Heap after GC invocations=79 (full 0):
 garbage-first heap   total 189440K, used 147052K [0x0000000080000000, 0x0000000100000000)
  region size 1024K, 2 young (2048K), 2 survivors (2048K)
 Metaspace       used 124223K, capacity 127039K, committed 127708K, reserved 1161216K
  class space    used 15179K, capacity 16305K, committed 16524K, reserved 1048576K
}
Event: 3557.183 GC heap before
{Heap before GC invocations=79 (full 0):
 garbage-first heap   total 189440K, used 162412K [0x0000000080000000, 0x0000000100000000)
  region size 1024K, 17 young (17408K), 2 survivors (2048K)
 Metaspace       used 124596K, capacity 127398K, committed 127964K, reserved 1161216K
  class space    used 15213K, capacity 16339K, committed 16524K, reserved 1048576K
}
Event: 3557.190 GC heap after
{Heap after GC invocations=80 (full 0):
 garbage-first heap   total 189440K, used 147414K [0x0000000080000000, 0x0000000100000000)
  region size 1024K, 2 young (2048K), 2 survivors (2048K)
 Metaspace       used 124596K, capacity 127398K, committed 127964K, reserved 1161216K
  class space    used 15213K, capacity 16339K, committed 16524K, reserved 1048576K
}
Event: 3557.460 GC heap before
{Heap before GC invocations=81 (full 0):
 garbage-first heap   total 189440K, used 161750K [0x0000000080000000, 0x0000000100000000)
  region size 1024K, 16 young (16384K), 2 survivors (2048K)
 Metaspace       used 124602K, capacity 127462K, committed 127964K, reserved 1161216K
  class space    used 15213K, capacity 16339K, committed 16524K, reserved 1048576K
}
Event: 3557.464 GC heap after
{Heap after GC invocations=82 (full 0):
 garbage-first heap   total 189440K, used 147560K [0x0000000080000000, 0x0000000100000000)
  region size 1024K, 1 young (1024K), 1 survivors (1024K)
 Metaspace       used 124602K, capacity 127462K, committed 127964K, reserved 1161216K
  class space    used 15213K, capacity 16339K, committed 16524K, reserved 1048576K
}
Event: 3557.488 GC heap before
{Heap before GC invocations=82 (full 0):
 garbage-first heap   total 189440K, used 155752K [0x0000000080000000, 0x0000000100000000)
  region size 1024K, 9 young (9216K), 1 survivors (1024K)
 Metaspace       used 124603K, capacity 127462K, committed 127964K, reserved 1161216K
  class space    used 15213K, capacity 16339K, committed 16524K, reserved 1048576K
}
Event: 3557.495 GC heap after
{Heap after GC invocations=83 (full 0):
 garbage-first heap   total 189440K, used 146725K [0x0000000080000000, 0x0000000100000000)
  region size 1024K, 1 young (1024K), 1 survivors (1024K)
 Metaspace       used 124603K, capacity 127462K, committed 127964K, reserved 1161216K
  class space    used 15213K, capacity 16339K, committed 16524K, reserved 1048576K
}
Event: 3557.587 GC heap before
{Heap before GC invocations=83 (full 0):
 garbage-first heap   total 189440K, used 162085K [0x0000000080000000, 0x0000000100000000)
  region size 1024K, 16 young (16384K), 1 survivors (1024K)
 Metaspace       used 124604K, capacity 127462K, committed 127964K, reserved 1161216K
  class space    used 15213K, capacity 16339K, committed 16524K, reserved 1048576K
}
Event: 3557.590 GC heap after
{Heap after GC invocations=84 (full 0):
 garbage-first heap   total 189440K, used 146715K [0x0000000080000000, 0x0000000100000000)
  region size 1024K, 1 young (1024K), 1 survivors (1024K)
 Metaspace       used 124604K, capacity 127462K, committed 127964K, reserved 1161216K
  class space    used 15213K, capacity 16339K, committed 16524K, reserved 1048576K
}
Event: 3558.117 GC heap before
{Heap before GC invocations=85 (full 0):
 garbage-first heap   total 189440K, used 162075K [0x0000000080000000, 0x0000000100000000)
  region size 1024K, 17 young (17408K), 1 survivors (1024K)
 Metaspace       used 124684K, capacity 127468K, committed 127964K, reserved 1161216K
  class space    used 15222K, capacity 16341K, committed 16524K, reserved 1048576K
}
Event: 3558.127 GC heap after
{Heap after GC invocations=86 (full 0):
 garbage-first heap   total 189440K, used 152169K [0x0000000080000000, 0x0000000100000000)
  region size 1024K, 3 young (3072K), 3 survivors (3072K)
 Metaspace       used 124684K, capacity 127468K, committed 127964K, reserved 1161216K
  class space    used 15222K, capacity 16341K, committed 16524K, reserved 1048576K
}
Event: 3558.517 GC heap before
{Heap before GC invocations=86 (full 0):
 garbage-first heap   total 189440K, used 177769K [0x0000000080000000, 0x0000000100000000)
  region size 1024K, 14 young (14336K), 3 survivors (3072K)
 Metaspace       used 124948K, capacity 127819K, committed 128220K, reserved 1161216K
  class space    used 15241K, capacity 16384K, committed 16524K, reserved 1048576K
}

Deoptimization events (20 events):
Event: 3557.900 Thread 0x00000246b29da800 Uncommon trap: trap_request=0xffffff4d fr.pc=0x000002469ec6cfd4 relative=0x0000000000005f74
Event: 3557.900 Thread 0x00000246b29da800 Uncommon trap: reason=unstable_if action=reinterpret pc=0x000002469ec6cfd4 method=com.android.utils.XmlUtils.append(Lcom/android/utils/XmlUtils$PositionAwareStringBuilder;Lorg/w3c/dom/Node;Ljava/util/Map;Ljava/util/Set;)V @ 546 c2
Event: 3557.900 Thread 0x00000246b29da800 DEOPT PACKING pc=0x000002469ec6cfd4 sp=0x0000008203cfa460
Event: 3557.900 Thread 0x00000246b29da800 DEOPT UNPACKING pc=0x000002469656662f sp=0x0000008203cfa428 mode 2
Event: 3557.900 Thread 0x00000246b29da800 Uncommon trap: trap_request=0xffffff4d fr.pc=0x000002469ec6cfd4 relative=0x0000000000005f74
Event: 3557.900 Thread 0x00000246b29da800 Uncommon trap: reason=unstable_if action=reinterpret pc=0x000002469ec6cfd4 method=com.android.utils.XmlUtils.append(Lcom/android/utils/XmlUtils$PositionAwareStringBuilder;Lorg/w3c/dom/Node;Ljava/util/Map;Ljava/util/Set;)V @ 546 c2
Event: 3557.900 Thread 0x00000246b29da800 DEOPT PACKING pc=0x000002469ec6cfd4 sp=0x0000008203cfa530
Event: 3557.900 Thread 0x00000246b29da800 DEOPT UNPACKING pc=0x000002469656662f sp=0x0000008203cfa4f8 mode 2
Event: 3558.259 Thread 0x00000246b29da800 Uncommon trap: trap_request=0xffffff4d fr.pc=0x000002469ec6cfd4 relative=0x0000000000005f74
Event: 3558.259 Thread 0x00000246b29da800 Uncommon trap: reason=unstable_if action=reinterpret pc=0x000002469ec6cfd4 method=com.android.utils.XmlUtils.append(Lcom/android/utils/XmlUtils$PositionAwareStringBuilder;Lorg/w3c/dom/Node;Ljava/util/Map;Ljava/util/Set;)V @ 546 c2
Event: 3558.259 Thread 0x00000246b29da800 DEOPT PACKING pc=0x000002469ec6cfd4 sp=0x0000008203cfa600
Event: 3558.259 Thread 0x00000246b29da800 DEOPT UNPACKING pc=0x000002469656662f sp=0x0000008203cfa5c8 mode 2
Event: 3558.312 Thread 0x00000246b29da800 Uncommon trap: trap_request=0xffffffde fr.pc=0x000002469eb019f0 relative=0x0000000000005710
Event: 3558.312 Thread 0x00000246b29da800 Uncommon trap: reason=class_check action=maybe_recompile pc=0x000002469eb019f0 method=org.gradle.internal.snapshot.impl.DefaultValueSnapshotter.processValue(Ljava/lang/Object;Lorg/gradle/internal/snapshot/impl/DefaultValueSnapshotter$ValueVisitor;)Ljava/l
Event: 3558.312 Thread 0x00000246b29da800 DEOPT PACKING pc=0x000002469eb019f0 sp=0x0000008203cfa3d0
Event: 3558.313 Thread 0x00000246b29da800 DEOPT UNPACKING pc=0x000002469656662f sp=0x0000008203cfa3d8 mode 2
Event: 3558.415 Thread 0x00000246b29da800 Uncommon trap: trap_request=0xffffffde fr.pc=0x000002469eb019f0 relative=0x0000000000005710
Event: 3558.415 Thread 0x00000246b29da800 Uncommon trap: reason=class_check action=maybe_recompile pc=0x000002469eb019f0 method=org.gradle.internal.snapshot.impl.DefaultValueSnapshotter.processValue(Ljava/lang/Object;Lorg/gradle/internal/snapshot/impl/DefaultValueSnapshotter$ValueVisitor;)Ljava/l
Event: 3558.415 Thread 0x00000246b29da800 DEOPT PACKING pc=0x000002469eb019f0 sp=0x0000008203cfa3d0
Event: 3558.415 Thread 0x00000246b29da800 DEOPT UNPACKING pc=0x000002469656662f sp=0x0000008203cfa3d8 mode 2

Classes redefined (0 events):
No events

Internal exceptions (20 events):
Event: 3555.634 Thread 0x00000246b29da800 Exception <a 'java/lang/NoSuchMethodError'{0x000000008a8f5058}: <clinit>> (0x000000008a8f5058) thrown at [./src/hotspot/share/prims/jni.cpp, line 1362]
Event: 3555.656 Thread 0x00000246b29da800 Exception <a 'java/lang/NoSuchMethodError'{0x000000008b865188}: <clinit>> (0x000000008b865188) thrown at [./src/hotspot/share/prims/jni.cpp, line 1362]
Event: 3555.656 Thread 0x00000246b29da800 Exception <a 'java/lang/NoSuchMethodError'{0x000000008b867d50}: <clinit>> (0x000000008b867d50) thrown at [./src/hotspot/share/prims/jni.cpp, line 1362]
Event: 3555.656 Thread 0x00000246b29da800 Exception <a 'java/lang/NoSuchMethodError'{0x000000008b86c730}: <clinit>> (0x000000008b86c730) thrown at [./src/hotspot/share/prims/jni.cpp, line 1362]
Event: 3555.657 Thread 0x00000246b29da800 Exception <a 'java/lang/NoSuchMethodError'{0x000000008b877ed0}: <clinit>> (0x000000008b877ed0) thrown at [./src/hotspot/share/prims/jni.cpp, line 1362]
Event: 3555.667 Thread 0x00000246b29da800 Exception <a 'java/lang/NoSuchMethodError'{0x000000008b8cf648}: <clinit>> (0x000000008b8cf648) thrown at [./src/hotspot/share/prims/jni.cpp, line 1362]
Event: 3555.688 Thread 0x00000246b29da800 Exception <a 'java/lang/NoSuchMethodError'{0x000000008b7019c0}: <clinit>> (0x000000008b7019c0) thrown at [./src/hotspot/share/prims/jni.cpp, line 1362]
Event: 3555.688 Thread 0x00000246b29da800 Exception <a 'java/lang/NoSuchMethodError'{0x000000008b704e28}: <clinit>> (0x000000008b704e28) thrown at [./src/hotspot/share/prims/jni.cpp, line 1362]
Event: 3555.688 Thread 0x00000246b29da800 Exception <a 'java/lang/NoSuchMethodError'{0x000000008b707a98}: <clinit>> (0x000000008b707a98) thrown at [./src/hotspot/share/prims/jni.cpp, line 1362]
Event: 3555.692 Thread 0x00000246b29da800 Exception <a 'java/lang/NoSuchMethodError'{0x000000008b71faa8}: <clinit>> (0x000000008b71faa8) thrown at [./src/hotspot/share/prims/jni.cpp, line 1362]
Event: 3555.693 Thread 0x00000246b29da800 Exception <a 'java/lang/NoSuchMethodError'{0x000000008b736dc8}: <clinit>> (0x000000008b736dc8) thrown at [./src/hotspot/share/prims/jni.cpp, line 1362]
Event: 3555.694 Thread 0x00000246b29da800 Exception <a 'java/lang/NoSuchMethodError'{0x000000008b74bb30}: <clinit>> (0x000000008b74bb30) thrown at [./src/hotspot/share/prims/jni.cpp, line 1362]
Event: 3555.695 Thread 0x00000246b29da800 Exception <a 'java/lang/NoSuchMethodError'{0x000000008b76e548}: <clinit>> (0x000000008b76e548) thrown at [./src/hotspot/share/prims/jni.cpp, line 1362]
Event: 3555.697 Thread 0x00000246b29da800 Exception <a 'java/lang/NoSuchMethodError'{0x000000008b793b98}: <clinit>> (0x000000008b793b98) thrown at [./src/hotspot/share/prims/jni.cpp, line 1362]
Event: 3555.699 Thread 0x00000246b29da800 Exception <a 'java/lang/NoSuchMethodError'{0x000000008b7a8188}: <clinit>> (0x000000008b7a8188) thrown at [./src/hotspot/share/prims/jni.cpp, line 1362]
Event: 3556.830 Thread 0x00000246b29da800 Exception <a 'java/lang/NoSuchMethodError'{0x000000008aed3380}: 'java.lang.Object java.lang.invoke.DelegatingMethodHandle$Holder.reinvoke_L(java.lang.Object, int, int, java.lang.Object, java.lang.Object, java.lang.Object)'> (0x000000008aed3380) thrown at [./src/hotspot/share/interpreter/linkResolver.cpp, line 773]
Event: 3557.900 Thread 0x00000246b29da800 Implicit null exception at 0x000002469ec68bd9 to 0x000002469ec6cfb8
Event: 3557.900 Thread 0x00000246b29da800 Implicit null exception at 0x000002469ec68bd9 to 0x000002469ec6cfb8
Event: 3558.259 Thread 0x00000246b29da800 Implicit null exception at 0x000002469ec68bd9 to 0x000002469ec6cfb8
Event: 3558.387 Thread 0x00000246b29da800 Exception <a 'java/lang/NoSuchMethodError'{0x000000008b5aa3d8}: <clinit>> (0x000000008b5aa3d8) thrown at [./src/hotspot/share/prims/jni.cpp, line 1362]

Events (20 events):
Event: 3558.350 Thread 0x00000246ad018800 flushing nmethod 0x0000024697bb8e90
Event: 3558.350 Thread 0x00000246ad018800 flushing nmethod 0x0000024697bd8f10
Event: 3558.350 Thread 0x00000246ad018800 flushing nmethod 0x0000024697be4110
Event: 3558.350 Thread 0x00000246ad018800 flushing nmethod 0x0000024697bebe90
Event: 3558.351 Thread 0x00000246ad018800 flushing nmethod 0x0000024697d65190
Event: 3558.351 Thread 0x00000246ad018800 flushing nmethod 0x0000024697d68990
Event: 3558.351 Thread 0x00000246ad018800 flushing nmethod 0x0000024697d6a890
Event: 3558.354 Thread 0x00000246ad018800 flushing nmethod 0x00000246981c9a90
Event: 3558.354 Thread 0x00000246ad018800 flushing nmethod 0x000002469822f910
Event: 3558.384 loading class kotlin/InitializedLazyImpl
Event: 3558.384 loading class kotlin/InitializedLazyImpl done
Event: 3558.399 loading class com/google/common/collect/ImmutableSetMultimap
Event: 3558.399 loading class com/google/common/collect/ImmutableSetMultimap done
Event: 3558.409 loading class com/google/common/collect/ImmutableMap$SerializedForm
Event: 3558.409 loading class com/google/common/collect/ImmutableMap$SerializedForm done
Event: 3558.412 Thread 0x00000246b29e0000 Thread added: 0x00000246b29e0000
Event: 3558.464 Executing VM operation: CGC_Operation
Event: 3558.483 Executing VM operation: CGC_Operation done
Event: 3558.498 Thread 0x00000246b29df800 Thread added: 0x00000246b29df800
Event: 3558.514 Executing VM operation: G1CollectForAllocation


Dynamic libraries:
0x00007ff7b7050000 - 0x00007ff7b705a000 	C:\Program Files\Android\Android Studio\jre\bin\java.exe
0x00007ffad2b50000 - 0x00007ffad2d3d000 	C:\Windows\SYSTEM32\ntdll.dll
0x00007ffad2050000 - 0x00007ffad2103000 	C:\Windows\System32\KERNEL32.DLL
0x00007ffacf6d0000 - 0x00007ffacf965000 	C:\Windows\System32\KERNELBASE.dll
0x00007ffacf970000 - 0x00007ffacfa6a000 	C:\Windows\System32\ucrtbase.dll
0x00007ffab34b0000 - 0x00007ffab34c9000 	C:\Program Files\Android\Android Studio\jre\bin\jli.dll
0x00007ffad2750000 - 0x00007ffad28e7000 	C:\Windows\System32\USER32.dll
0x00007ffacec60000 - 0x00007ffacec80000 	C:\Windows\System32\win32u.dll
0x00007ffab2e10000 - 0x00007ffab2e27000 	C:\Program Files\Android\Android Studio\jre\bin\VCRUNTIME140.dll
0x00007ffad23e0000 - 0x00007ffad2409000 	C:\Windows\System32\GDI32.dll
0x00007ffacfa70000 - 0x00007ffacfc0b000 	C:\Windows\System32\gdi32full.dll
0x00007ffabb4b0000 - 0x00007ffabb729000 	C:\Windows\WinSxS\amd64_microsoft.windows.common-controls_6595b64144ccf1df_6.0.17763.1339_none_de7015e4534c7114\COMCTL32.dll
0x00007ffacf630000 - 0x00007ffacf6d0000 	C:\Windows\System32\msvcp_win.dll
0x00007ffacffb0000 - 0x00007ffad004e000 	C:\Windows\System32\msvcrt.dll
0x00007ffad2410000 - 0x00007ffad273c000 	C:\Windows\System32\combase.dll
0x00007ffad21d0000 - 0x00007ffad22f2000 	C:\Windows\System32\RPCRT4.dll
0x00007ffacfcc0000 - 0x00007ffacfd3e000 	C:\Windows\System32\bcryptPrimitives.dll
0x00007ffad1850000 - 0x00007ffad187e000 	C:\Windows\System32\IMM32.DLL
0x00007ffa94e70000 - 0x00007ffa94f0d000 	C:\Program Files\Android\Android Studio\jre\bin\msvcp140.dll
0x00007ffa91f50000 - 0x00007ffa92a25000 	C:\Program Files\Android\Android Studio\jre\bin\server\jvm.dll
0x00007ffad1b20000 - 0x00007ffad1bc3000 	C:\Windows\System32\ADVAPI32.dll
0x00007ffad2900000 - 0x00007ffad299e000 	C:\Windows\System32\sechost.dll
0x00007ffacfda0000 - 0x00007ffacfda8000 	C:\Windows\System32\PSAPI.DLL
0x00007ffac3610000 - 0x00007ffac3619000 	C:\Windows\SYSTEM32\WSOCK32.dll
0x00007ffacb810000 - 0x00007ffacb834000 	C:\Windows\SYSTEM32\WINMM.dll
0x00007ffac9e30000 - 0x00007ffac9e3a000 	C:\Windows\SYSTEM32\VERSION.dll
0x00007ffacb7e0000 - 0x00007ffacb80d000 	C:\Windows\SYSTEM32\WINMMBASE.dll
0x00007ffacec80000 - 0x00007ffacecca000 	C:\Windows\System32\cfgmgr32.dll
0x00007ffad01b0000 - 0x00007ffad021d000 	C:\Windows\System32\WS2_32.dll
0x00007ffaceb80000 - 0x00007ffaceb91000 	C:\Windows\System32\kernel.appcore.dll
0x00007ffabaeb0000 - 0x00007ffabaec1000 	C:\Program Files\Android\Android Studio\jre\bin\verify.dll
0x00007ffabe7f0000 - 0x00007ffabe9dd000 	C:\Windows\SYSTEM32\DBGHELP.DLL
0x00007ffac1fe0000 - 0x00007ffac200a000 	C:\Windows\SYSTEM32\dbgcore.DLL
0x00007ffab79c0000 - 0x00007ffab79e9000 	C:\Program Files\Android\Android Studio\jre\bin\java.dll
0x00007ffac3db0000 - 0x00007ffac3dbb000 	C:\Program Files\Android\Android Studio\jre\bin\jimage.dll
0x00007ffaba3c0000 - 0x00007ffaba3d8000 	C:\Program Files\Android\Android Studio\jre\bin\zip.dll
0x00007ffad0220000 - 0x00007ffad1718000 	C:\Windows\System32\SHELL32.dll
0x00007ffad1880000 - 0x00007ffad1929000 	C:\Windows\System32\shcore.dll
0x00007ffacecd0000 - 0x00007ffacf424000 	C:\Windows\System32\windows.storage.dll
0x00007ffacec00000 - 0x00007ffacec24000 	C:\Windows\System32\profapi.dll
0x00007ffaceba0000 - 0x00007ffacebfd000 	C:\Windows\System32\powrprof.dll
0x00007ffad2380000 - 0x00007ffad23d2000 	C:\Windows\System32\shlwapi.dll
0x00007ffacf610000 - 0x00007ffacf627000 	C:\Windows\System32\cryptsp.dll
0x00007ffab5b90000 - 0x00007ffab5baa000 	C:\Program Files\Android\Android Studio\jre\bin\net.dll
0x00007ffac5c60000 - 0x00007ffac5d52000 	C:\Windows\SYSTEM32\WINHTTP.dll
0x00007fface3c0000 - 0x00007fface427000 	C:\Windows\system32\mswsock.dll
0x00007ffab5920000 - 0x00007ffab5934000 	C:\Program Files\Android\Android Studio\jre\bin\nio.dll
0x00007ffa95280000 - 0x00007ffa952a7000 	C:\Users\world-PC\.gradle\native\e1d6ef7f7dcc3fd88c89a11ec53ec762bb8ba0a96d01ffa2cd45eb1d1d8dd5c5\windows-amd64\native-platform.dll
0x00007ffa94b60000 - 0x00007ffa94ca4000 	C:\Users\world-PC\.gradle\native\5664cfc778a61ccfe75a443a1ab52a65af34e5dc3c78e0209fed803814484fcb\windows-amd64\native-platform-file-events.dll
0x00007ffaba4f0000 - 0x00007ffaba4fa000 	C:\Program Files\Android\Android Studio\jre\bin\management.dll
0x00007ffab9aa0000 - 0x00007ffab9aad000 	C:\Program Files\Android\Android Studio\jre\bin\management_ext.dll
0x00007ffacdf40000 - 0x00007ffacdf73000 	C:\Windows\system32\rsaenh.dll
0x00007ffacec30000 - 0x00007ffacec56000 	C:\Windows\System32\bcrypt.dll
0x00007ffacea90000 - 0x00007ffaceab8000 	C:\Windows\SYSTEM32\USERENV.dll
0x00007fface590000 - 0x00007fface59c000 	C:\Windows\SYSTEM32\CRYPTBASE.dll
0x00007fface0e0000 - 0x00007fface11d000 	C:\Windows\SYSTEM32\IPHLPAPI.DLL
0x00007ffad28f0000 - 0x00007ffad28f8000 	C:\Windows\System32\NSI.dll
0x00007ffac9200000 - 0x00007ffac9216000 	C:\Windows\SYSTEM32\dhcpcsvc6.DLL
0x00007ffac91c0000 - 0x00007ffac91dc000 	C:\Windows\SYSTEM32\dhcpcsvc.DLL
0x00007fface120000 - 0x00007fface1e7000 	C:\Windows\SYSTEM32\DNSAPI.dll
0x00007ffa952f0000 - 0x00007ffa95317000 	C:\Program Files\Android\Android Studio\jre\bin\sunec.dll
0x0000000058200000 - 0x0000000058226000 	C:\Program Files\Bonjour\mdnsNSP.dll
0x00007ffac8ce0000 - 0x00007ffac8cea000 	C:\Windows\System32\rasadhlp.dll
0x00007ffac5d60000 - 0x00007ffac5dd9000 	C:\Windows\System32\fwpuclnt.dll

dbghelp: loaded successfully - version: 4.0.5 - missing functions: none
symbol engine: initialized successfully - sym options: 0x614 - pdb path: .;C:\Program Files\Android\Android Studio\jre\bin;C:\Windows\SYSTEM32;C:\Windows\WinSxS\amd64_microsoft.windows.common-controls_6595b64144ccf1df_6.0.17763.1339_none_de7015e4534c7114;C:\Program Files\Android\Android Studio\jre\bin\server;C:\Users\world-PC\.gradle\native\e1d6ef7f7dcc3fd88c89a11ec53ec762bb8ba0a96d01ffa2cd45eb1d1d8dd5c5\windows-amd64;C:\Users\world-PC\.gradle\native\5664cfc778a61ccfe75a443a1ab52a65af34e5dc3c78e0209fed803814484fcb\windows-amd64;C:\Program Files\Bonjour

VM Arguments:
jvm_args: --add-opens=java.base/java.util=ALL-UNNAMED --add-opens=java.base/java.lang=ALL-UNNAMED --add-opens=java.base/java.lang.invoke=ALL-UNNAMED --add-opens=java.base/java.util=ALL-UNNAMED --add-opens=java.prefs/java.util.prefs=ALL-UNNAMED --add-opens=java.prefs/java.util.prefs=ALL-UNNAMED --add-opens=java.base/java.nio.charset=ALL-UNNAMED --add-opens=java.base/java.net=ALL-UNNAMED --add-opens=java.base/java.util.concurrent.atomic=ALL-UNNAMED -Xmx2048m -Dfile.encoding=UTF-8 -Duser.country=RU -Duser.language=ru -Duser.variant 
java_command: org.gradle.launcher.daemon.bootstrap.GradleDaemon 7.2
java_class_path (initial): C:\Users\world-PC\.gradle\wrapper\dists\gradle-7.2-bin\2dnblmf4td7x66yl1d74lt32g\gradle-7.2\lib\gradle-launcher-7.2.jar
Launcher Type: SUN_STANDARD

[Global flags]
     intx CICompilerCount                          = 3                                         {product} {ergonomic}
     uint ConcGCThreads                            = 1                                         {product} {ergonomic}
     uint G1ConcRefinementThreads                  = 4                                         {product} {ergonomic}
   size_t G1HeapRegionSize                         = 1048576                                   {product} {ergonomic}
    uintx GCDrainStackTargetSize                   = 64                                        {product} {ergonomic}
   size_t InitialHeapSize                          = 134217728                                 {product} {ergonomic}
   size_t MarkStackSize                            = 4194304                                   {product} {ergonomic}
   size_t MaxHeapSize                              = 2147483648                                {product} {command line}
   size_t MaxNewSize                               = 1287651328                                {product} {ergonomic}
   size_t MinHeapDeltaBytes                        = 1048576                                   {product} {ergonomic}
    uintx NonNMethodCodeHeapSize                   = 5830732                                {pd product} {ergonomic}
    uintx NonProfiledCodeHeapSize                  = 122913754                              {pd product} {ergonomic}
    uintx ProfiledCodeHeapSize                     = 122913754                              {pd product} {ergonomic}
    uintx ReservedCodeCacheSize                    = 251658240                              {pd product} {ergonomic}
     bool SegmentedCodeCache                       = true                                      {product} {ergonomic}
     bool UseCompressedClassPointers               = true                                 {lp64_product} {ergonomic}
     bool UseCompressedOops                        = true                                 {lp64_product} {ergonomic}
     bool UseG1GC                                  = true                                      {product} {ergonomic}
     bool UseLargePagesIndividualAllocation        = false                                  {pd product} {ergonomic}

Logging:
Log output configuration:
 #0: stdout all=warning uptime,level,tags
 #1: stderr all=off uptime,level,tags

Environment Variables:
PATH=C:\Program Files (x86)\Common Files\Oracle\Java\javapath;C:\ProgramData\Oracle\Java\javapath;C:\Program Files (x86)\Intel\iCLS Client\;C:\Program Files\Intel\iCLS Client\;C:\Windows\system32;C:\Windows;C:\Windows\System32\Wbem;C:\Windows\System32\WindowsPowerShell\v1.0\;C:\Program Files (x86)\Intel\Intel(R) Management Engine Components\DAL;C:\Program Files\Intel\Intel(R) Management Engine Components\DAL;C:\Program Files (x86)\Intel\Intel(R) Management Engine Components\IPT;C:\Program Files\Intel\Intel(R) Management Engine Components\IPT;C:\Program Files\nodejs\;C:\Program Files\7-Zip;C:\Program Files (x86)\NVIDIA Corporation\PhysX\Common;C:\Program Files\Git\cmd;C:\Users\world-PC\AppData\Local\Microsoft\WindowsApps;;C:\Users\world-PC\AppData\Local\Programs\Microsoft VS Code\bin;C:\Users\world-PC\AppData\Roaming\npm
USERNAME=world-PC
OS=Windows_NT
PROCESSOR_IDENTIFIER=Intel64 Family 6 Model 60 Stepping 3, GenuineIntel



---------------  S Y S T E M  ---------------

OS: Windows 10 , 64 bit Build 17763 (10.0.17763.1339)
OS uptime: 0 days 9:20 hours

CPU:total 4 (initial active 4) (2 cores per cpu, 2 threads per core) family 6 model 60 stepping 3 microcode 0x24, cmov, cx8, fxsr, mmx, sse, sse2, sse3, ssse3, sse4.1, sse4.2, popcnt, avx, avx2, aes, clmul, erms, lzcnt, ht, tsc, tscinvbit, bmi1, bmi2, fma

Memory: 4k page, system-wide physical 8129M (357M free)
TotalPageFile size 10177M (AvailPageFile size 18M)
current process WorkingSet (physical memory assigned to process): 533M, peak: 533M
current process commit charge ("private bytes"): 559M, peak: 596M

vm_info: OpenJDK 64-Bit Server VM (11.0.11+9-b60-7590822) for windows-amd64 JRE (11.0.11+9-b60-7590822), built on Jul 29 2021 21:43:44 by "builder" with MS VC++ 14.0 (VS2015)

END.
